[2025-08-18T11:33:08.643+0000] {taskinstance.py:1103} INFO - Dependencies all met for dep_context=non-requeueable deps ti=<TaskInstance: nitro_data_pipeline.process_with_spark scheduled__2025-08-18T11:30:00+00:00 [queued]>
[2025-08-18T11:33:08.685+0000] {taskinstance.py:1103} INFO - Dependencies all met for dep_context=requeueable deps ti=<TaskInstance: nitro_data_pipeline.process_with_spark scheduled__2025-08-18T11:30:00+00:00 [queued]>
[2025-08-18T11:33:08.686+0000] {taskinstance.py:1308} INFO - Starting attempt 1 of 1
[2025-08-18T11:33:08.741+0000] {taskinstance.py:1327} INFO - Executing <Task(PythonOperator): process_with_spark> on 2025-08-18 11:30:00+00:00
[2025-08-18T11:33:08.790+0000] {standard_task_runner.py:57} INFO - Started process 11373 to run task
[2025-08-18T11:33:08.805+0000] {standard_task_runner.py:84} INFO - Running: ['airflow', 'tasks', 'run', 'nitro_data_pipeline', 'process_with_spark', 'scheduled__2025-08-18T11:30:00+00:00', '--job-id', '301', '--raw', '--subdir', 'DAGS_FOLDER/data_pipeline.py', '--cfg-path', '/tmp/tmpmd71orq5']
[2025-08-18T11:33:08.819+0000] {standard_task_runner.py:85} INFO - Job 301: Subtask process_with_spark
[2025-08-18T11:33:09.116+0000] {task_command.py:410} INFO - Running <TaskInstance: nitro_data_pipeline.process_with_spark scheduled__2025-08-18T11:30:00+00:00 [running]> on host e3730e5f69d2
[2025-08-18T11:33:09.653+0000] {taskinstance.py:1547} INFO - Exporting env vars: AIRFLOW_CTX_DAG_OWNER='airflow' AIRFLOW_CTX_DAG_ID='nitro_data_pipeline' AIRFLOW_CTX_TASK_ID='process_with_spark' AIRFLOW_CTX_EXECUTION_DATE='2025-08-18T11:30:00+00:00' AIRFLOW_CTX_TRY_NUMBER='1' AIRFLOW_CTX_DAG_RUN_ID='scheduled__2025-08-18T11:30:00+00:00'
[2025-08-18T11:33:09.662+0000] {logging_mixin.py:149} INFO - ===== INICIANDO PROCESO DE SPARK =====
[2025-08-18T11:33:46.684+0000] {logging_mixin.py:149} INFO - ===== LEYENDO JSON DESDE MINIO =====
[2025-08-18T11:37:29.841+0000] {logging_mixin.py:149} INFO - Registros leídos: 6690
[2025-08-18T11:37:29.928+0000] {logging_mixin.py:149} INFO - root
 |-- sensor_id: string (nullable = true)
 |-- timestamp: string (nullable = true)
 |-- value: double (nullable = true)
[2025-08-18T11:37:32.883+0000] {logging_mixin.py:149} INFO - +---------+--------------------+-----+
|sensor_id|           timestamp|value|
+---------+--------------------+-----+
| sensor_0|2025-08-16T21:31:...|25.44|
| sensor_3|2025-08-16T21:31:...|27.66|
| sensor_0|2025-08-16T21:31:...|24.79|
| sensor_0|2025-08-16T21:31:...|27.92|
| sensor_1|2025-08-16T21:31:...|23.75|
+---------+--------------------+-----+
only showing top 5 rows
[2025-08-18T11:37:33.109+0000] {logging_mixin.py:149} INFO - ===== CALCULANDO PROMEDIOS =====
[2025-08-18T11:38:09.624+0000] {logging_mixin.py:149} INFO - +---------+------------------+
|sensor_id|         avg_value|
+---------+------------------+
| sensor_0|25.000522620904853|
| sensor_1| 24.94366389099166|
| sensor_4|24.966537602382733|
| sensor_2|25.101254781943386|
| sensor_3|25.101565762004174|
+---------+------------------+
[2025-08-18T11:38:09.624+0000] {logging_mixin.py:149} INFO - ===== GUARDANDO RESULTADOS EN POSTGRES =====
[2025-08-18T11:38:33.226+0000] {logging_mixin.py:149} INFO - ===== PROCESO COMPLETADO CON ÉXITO =====
[2025-08-18T11:38:33.227+0000] {python.py:183} INFO - Done. Returned value was: None
[2025-08-18T11:38:33.295+0000] {taskinstance.py:1350} INFO - Marking task as SUCCESS. dag_id=nitro_data_pipeline, task_id=process_with_spark, execution_date=20250818T113000, start_date=20250818T113308, end_date=20250818T113833
[2025-08-18T11:38:33.393+0000] {local_task_job_runner.py:225} INFO - Task exited with return code 0
[2025-08-18T11:38:33.535+0000] {taskinstance.py:2651} INFO - 0 downstream tasks scheduled from follow-on schedule check
