[2025-08-18T15:57:06.786+0000] {taskinstance.py:1103} INFO - Dependencies all met for dep_context=non-requeueable deps ti=<TaskInstance: nitro_data_pipeline.process_with_spark scheduled__2025-08-18T15:54:00+00:00 [queued]>
[2025-08-18T15:57:06.879+0000] {taskinstance.py:1103} INFO - Dependencies all met for dep_context=requeueable deps ti=<TaskInstance: nitro_data_pipeline.process_with_spark scheduled__2025-08-18T15:54:00+00:00 [queued]>
[2025-08-18T15:57:06.880+0000] {taskinstance.py:1308} INFO - Starting attempt 1 of 1
[2025-08-18T15:57:07.449+0000] {taskinstance.py:1327} INFO - Executing <Task(PythonOperator): process_with_spark> on 2025-08-18 15:54:00+00:00
[2025-08-18T15:57:07.526+0000] {standard_task_runner.py:57} INFO - Started process 5787 to run task
[2025-08-18T15:57:07.858+0000] {standard_task_runner.py:84} INFO - Running: ['airflow', 'tasks', 'run', 'nitro_data_pipeline', 'process_with_spark', 'scheduled__2025-08-18T15:54:00+00:00', '--job-id', '470', '--raw', '--subdir', 'DAGS_FOLDER/data_pipeline.py', '--cfg-path', '/tmp/tmpe_tjsr_f']
[2025-08-18T15:57:08.098+0000] {standard_task_runner.py:85} INFO - Job 470: Subtask process_with_spark
[2025-08-18T15:57:10.041+0000] {task_command.py:410} INFO - Running <TaskInstance: nitro_data_pipeline.process_with_spark scheduled__2025-08-18T15:54:00+00:00 [running]> on host 82ba84950a6e
[2025-08-18T15:57:11.340+0000] {taskinstance.py:1547} INFO - Exporting env vars: AIRFLOW_CTX_DAG_OWNER='airflow' AIRFLOW_CTX_DAG_ID='nitro_data_pipeline' AIRFLOW_CTX_TASK_ID='process_with_spark' AIRFLOW_CTX_EXECUTION_DATE='2025-08-18T15:54:00+00:00' AIRFLOW_CTX_TRY_NUMBER='1' AIRFLOW_CTX_DAG_RUN_ID='scheduled__2025-08-18T15:54:00+00:00'
[2025-08-18T15:57:11.343+0000] {logging_mixin.py:149} INFO - ===== INICIANDO PROCESO DE SPARK =====
[2025-08-18T15:57:50.582+0000] {logging_mixin.py:149} INFO - ===== LEYENDO JSON DESDE MINIO =====
[2025-08-18T16:03:11.676+0000] {logging_mixin.py:149} INFO - Registros leídos: 10775
[2025-08-18T16:03:11.715+0000] {logging_mixin.py:149} INFO - root
 |-- sensor_id: string (nullable = true)
 |-- timestamp: string (nullable = true)
 |-- value: double (nullable = true)
[2025-08-18T16:03:13.497+0000] {logging_mixin.py:149} INFO - +---------+--------------------+-----+
|sensor_id|           timestamp|value|
+---------+--------------------+-----+
| sensor_0|2025-08-16T21:31:...|25.44|
| sensor_3|2025-08-16T21:31:...|27.66|
| sensor_0|2025-08-16T21:31:...|24.79|
| sensor_0|2025-08-16T21:31:...|27.92|
| sensor_1|2025-08-16T21:31:...|23.75|
+---------+--------------------+-----+
only showing top 5 rows
[2025-08-18T16:03:13.708+0000] {logging_mixin.py:149} INFO - ===== CALCULANDO PROMEDIOS =====
[2025-08-18T16:04:07.537+0000] {logging_mixin.py:149} INFO - +---------+------------------+
|sensor_id|         avg_value|
+---------+------------------+
| sensor_0| 25.05874181478017|
| sensor_1|24.909562211981576|
| sensor_4| 24.99568052930057|
| sensor_2|25.043361904761902|
| sensor_3| 25.10011106175034|
+---------+------------------+
[2025-08-18T16:04:07.538+0000] {logging_mixin.py:149} INFO - ===== GUARDANDO RESULTADOS EN POSTGRES =====
[2025-08-18T16:05:13.473+0000] {logging_mixin.py:149} INFO - ===== PROCESO COMPLETADO CON ÉXITO =====
[2025-08-18T16:05:13.479+0000] {python.py:183} INFO - Done. Returned value was: None
[2025-08-18T16:05:13.598+0000] {taskinstance.py:1350} INFO - Marking task as SUCCESS. dag_id=nitro_data_pipeline, task_id=process_with_spark, execution_date=20250818T155400, start_date=20250818T155706, end_date=20250818T160513
[2025-08-18T16:05:13.801+0000] {local_task_job_runner.py:225} INFO - Task exited with return code 0
[2025-08-18T16:05:14.178+0000] {taskinstance.py:2651} INFO - 0 downstream tasks scheduled from follow-on schedule check
