[2025-08-18T16:54:01.811+0000] {taskinstance.py:1103} INFO - Dependencies all met for dep_context=non-requeueable deps ti=<TaskInstance: nitro_data_pipeline.process_with_spark scheduled__2025-08-18T16:51:00+00:00 [queued]>
[2025-08-18T16:54:01.835+0000] {taskinstance.py:1103} INFO - Dependencies all met for dep_context=requeueable deps ti=<TaskInstance: nitro_data_pipeline.process_with_spark scheduled__2025-08-18T16:51:00+00:00 [queued]>
[2025-08-18T16:54:01.836+0000] {taskinstance.py:1308} INFO - Starting attempt 1 of 1
[2025-08-18T16:54:01.876+0000] {taskinstance.py:1327} INFO - Executing <Task(PythonOperator): process_with_spark> on 2025-08-18 16:51:00+00:00
[2025-08-18T16:54:01.893+0000] {standard_task_runner.py:57} INFO - Started process 373 to run task
[2025-08-18T16:54:01.899+0000] {standard_task_runner.py:84} INFO - Running: ['airflow', 'tasks', 'run', 'nitro_data_pipeline', 'process_with_spark', 'scheduled__2025-08-18T16:51:00+00:00', '--job-id', '4', '--raw', '--subdir', 'DAGS_FOLDER/data_pipeline.py', '--cfg-path', '/tmp/tmpwrrh7l1h']
[2025-08-18T16:54:01.905+0000] {standard_task_runner.py:85} INFO - Job 4: Subtask process_with_spark
[2025-08-18T16:54:01.999+0000] {task_command.py:410} INFO - Running <TaskInstance: nitro_data_pipeline.process_with_spark scheduled__2025-08-18T16:51:00+00:00 [running]> on host 8ed7b3a2822e
[2025-08-18T16:54:02.161+0000] {taskinstance.py:1547} INFO - Exporting env vars: AIRFLOW_CTX_DAG_OWNER='airflow' AIRFLOW_CTX_DAG_ID='nitro_data_pipeline' AIRFLOW_CTX_TASK_ID='process_with_spark' AIRFLOW_CTX_EXECUTION_DATE='2025-08-18T16:51:00+00:00' AIRFLOW_CTX_TRY_NUMBER='1' AIRFLOW_CTX_DAG_RUN_ID='scheduled__2025-08-18T16:51:00+00:00'
[2025-08-18T16:54:02.164+0000] {logging_mixin.py:149} INFO - ===== INICIANDO PROCESO DE SPARK =====
[2025-08-18T16:54:36.944+0000] {logging_mixin.py:149} INFO - ===== LEYENDO JSON DESDE MINIO =====
[2025-08-18T16:54:58.562+0000] {logging_mixin.py:149} INFO - Registros leídos: 138
[2025-08-18T16:54:58.586+0000] {logging_mixin.py:149} INFO - root
 |-- sensor_id: string (nullable = true)
 |-- timestamp: string (nullable = true)
 |-- value: double (nullable = true)
[2025-08-18T16:54:59.338+0000] {logging_mixin.py:149} INFO - +---------+--------------------+-----+
|sensor_id|           timestamp|value|
+---------+--------------------+-----+
| sensor_1|2025-08-18T18:51:...|20.56|
| sensor_4|2025-08-18T18:51:...|25.16|
| sensor_0|2025-08-18T18:51:...|28.27|
| sensor_3|2025-08-18T18:50:...|27.02|
| sensor_3|2025-08-18T18:50:...|27.84|
+---------+--------------------+-----+
only showing top 5 rows
[2025-08-18T16:54:59.442+0000] {logging_mixin.py:149} INFO - ===== CALCULANDO PROMEDIOS =====
[2025-08-18T16:55:01.982+0000] {logging_mixin.py:149} INFO - +---------+------------------+
|sensor_id|         avg_value|
+---------+------------------+
| sensor_0| 24.54275862068966|
| sensor_1|            23.637|
| sensor_4|25.564571428571426|
| sensor_2|25.461153846153845|
| sensor_3|24.696071428571425|
+---------+------------------+
[2025-08-18T16:55:01.982+0000] {logging_mixin.py:149} INFO - ===== GUARDANDO RESULTADOS EN POSTGRES =====
[2025-08-18T16:55:04.842+0000] {logging_mixin.py:149} INFO - ===== PROCESO COMPLETADO CON ÉXITO =====
[2025-08-18T16:55:04.843+0000] {python.py:183} INFO - Done. Returned value was: None
[2025-08-18T16:55:04.863+0000] {taskinstance.py:1350} INFO - Marking task as SUCCESS. dag_id=nitro_data_pipeline, task_id=process_with_spark, execution_date=20250818T165100, start_date=20250818T165401, end_date=20250818T165504
[2025-08-18T16:55:04.920+0000] {local_task_job_runner.py:225} INFO - Task exited with return code 0
[2025-08-18T16:55:04.956+0000] {taskinstance.py:2651} INFO - 0 downstream tasks scheduled from follow-on schedule check
