[2025-08-17T17:18:01.587+0000] {taskinstance.py:1103} INFO - Dependencies all met for dep_context=non-requeueable deps ti=<TaskInstance: nitro_data_pipeline.process_with_spark scheduled__2025-08-17T17:15:00+00:00 [queued]>
[2025-08-17T17:18:01.596+0000] {taskinstance.py:1103} INFO - Dependencies all met for dep_context=requeueable deps ti=<TaskInstance: nitro_data_pipeline.process_with_spark scheduled__2025-08-17T17:15:00+00:00 [queued]>
[2025-08-17T17:18:01.597+0000] {taskinstance.py:1308} INFO - Starting attempt 1 of 1
[2025-08-17T17:18:01.613+0000] {taskinstance.py:1327} INFO - Executing <Task(PythonOperator): process_with_spark> on 2025-08-17 17:15:00+00:00
[2025-08-17T17:18:01.618+0000] {standard_task_runner.py:57} INFO - Started process 27279 to run task
[2025-08-17T17:18:01.623+0000] {standard_task_runner.py:84} INFO - Running: ['airflow', 'tasks', 'run', 'nitro_data_pipeline', 'process_with_spark', 'scheduled__2025-08-17T17:15:00+00:00', '--job-id', '213', '--raw', '--subdir', 'DAGS_FOLDER/data_pipeline.py', '--cfg-path', '/tmp/tmpab957_ib']
[2025-08-17T17:18:01.626+0000] {standard_task_runner.py:85} INFO - Job 213: Subtask process_with_spark
[2025-08-17T17:18:01.687+0000] {task_command.py:410} INFO - Running <TaskInstance: nitro_data_pipeline.process_with_spark scheduled__2025-08-17T17:15:00+00:00 [running]> on host 4860d8807aa2
[2025-08-17T17:18:01.802+0000] {taskinstance.py:1547} INFO - Exporting env vars: AIRFLOW_CTX_DAG_OWNER='airflow' AIRFLOW_CTX_DAG_ID='nitro_data_pipeline' AIRFLOW_CTX_TASK_ID='process_with_spark' AIRFLOW_CTX_EXECUTION_DATE='2025-08-17T17:15:00+00:00' AIRFLOW_CTX_TRY_NUMBER='1' AIRFLOW_CTX_DAG_RUN_ID='scheduled__2025-08-17T17:15:00+00:00'
[2025-08-17T17:18:01.804+0000] {logging_mixin.py:149} INFO - ===== INICIANDO PROCESO DE SPARK =====
[2025-08-17T17:18:07.656+0000] {logging_mixin.py:149} INFO - ===== LEYENDO JSON DESDE MINIO =====
[2025-08-17T17:18:51.992+0000] {logging_mixin.py:149} INFO - Registros leídos: 4460
[2025-08-17T17:18:52.007+0000] {logging_mixin.py:149} INFO - root
 |-- sensor_id: string (nullable = true)
 |-- timestamp: string (nullable = true)
 |-- value: double (nullable = true)
[2025-08-17T17:18:52.430+0000] {logging_mixin.py:149} INFO - +---------+--------------------+-----+
|sensor_id|           timestamp|value|
+---------+--------------------+-----+
| sensor_0|2025-08-16T21:31:...|25.44|
| sensor_3|2025-08-16T21:31:...|27.66|
| sensor_0|2025-08-16T21:31:...|24.79|
| sensor_0|2025-08-16T21:31:...|27.92|
| sensor_1|2025-08-16T21:31:...|23.75|
+---------+--------------------+-----+
only showing top 5 rows
[2025-08-17T17:18:52.481+0000] {logging_mixin.py:149} INFO - ===== CALCULANDO PROMEDIOS =====
[2025-08-17T17:19:02.226+0000] {logging_mixin.py:149} INFO - +---------+------------------+
|sensor_id|         avg_value|
+---------+------------------+
| sensor_0|  25.0334762456547|
| sensor_1|25.053929824561404|
| sensor_4|24.910464362850963|
| sensor_2| 25.09165701042874|
| sensor_3| 25.05394543546694|
+---------+------------------+
[2025-08-17T17:19:02.227+0000] {logging_mixin.py:149} INFO - ===== GUARDANDO RESULTADOS EN POSTGRES =====
[2025-08-17T17:19:12.709+0000] {logging_mixin.py:149} INFO - ===== PROCESO COMPLETADO CON ÉXITO =====
[2025-08-17T17:19:12.711+0000] {python.py:183} INFO - Done. Returned value was: None
[2025-08-17T17:19:12.760+0000] {taskinstance.py:1350} INFO - Marking task as SUCCESS. dag_id=nitro_data_pipeline, task_id=process_with_spark, execution_date=20250817T171500, start_date=20250817T171801, end_date=20250817T171912
[2025-08-17T17:19:12.824+0000] {local_task_job_runner.py:225} INFO - Task exited with return code 0
[2025-08-17T17:19:12.854+0000] {taskinstance.py:2651} INFO - 0 downstream tasks scheduled from follow-on schedule check
