[2025-08-19T11:21:01.887+0000] {taskinstance.py:1103} INFO - Dependencies all met for dep_context=non-requeueable deps ti=<TaskInstance: nitro_data_pipeline.process_with_spark scheduled__2025-08-19T11:18:00+00:00 [queued]>
[2025-08-19T11:21:01.898+0000] {taskinstance.py:1103} INFO - Dependencies all met for dep_context=requeueable deps ti=<TaskInstance: nitro_data_pipeline.process_with_spark scheduled__2025-08-19T11:18:00+00:00 [queued]>
[2025-08-19T11:21:01.899+0000] {taskinstance.py:1308} INFO - Starting attempt 1 of 1
[2025-08-19T11:21:01.915+0000] {taskinstance.py:1327} INFO - Executing <Task(PythonOperator): process_with_spark> on 2025-08-19 11:18:00+00:00
[2025-08-19T11:21:01.922+0000] {standard_task_runner.py:57} INFO - Started process 16252 to run task
[2025-08-19T11:21:01.926+0000] {standard_task_runner.py:84} INFO - Running: ['airflow', 'tasks', 'run', 'nitro_data_pipeline', 'process_with_spark', 'scheduled__2025-08-19T11:18:00+00:00', '--job-id', '268', '--raw', '--subdir', 'DAGS_FOLDER/data_pipeline.py', '--cfg-path', '/tmp/tmpselsywm4']
[2025-08-19T11:21:01.928+0000] {standard_task_runner.py:85} INFO - Job 268: Subtask process_with_spark
[2025-08-19T11:21:01.991+0000] {task_command.py:410} INFO - Running <TaskInstance: nitro_data_pipeline.process_with_spark scheduled__2025-08-19T11:18:00+00:00 [running]> on host 0582fa07e867
[2025-08-19T11:21:02.124+0000] {taskinstance.py:1547} INFO - Exporting env vars: AIRFLOW_CTX_DAG_OWNER='airflow' AIRFLOW_CTX_DAG_ID='nitro_data_pipeline' AIRFLOW_CTX_TASK_ID='process_with_spark' AIRFLOW_CTX_EXECUTION_DATE='2025-08-19T11:18:00+00:00' AIRFLOW_CTX_TRY_NUMBER='1' AIRFLOW_CTX_DAG_RUN_ID='scheduled__2025-08-19T11:18:00+00:00'
[2025-08-19T11:21:02.126+0000] {logging_mixin.py:149} INFO - ===== INICIANDO PROCESO DE SPARK =====
[2025-08-19T11:21:09.678+0000] {logging_mixin.py:149} INFO - ===== LEYENDO JSON DESDE MINIO =====
[2025-08-19T11:23:21.322+0000] {logging_mixin.py:149} INFO - Registros leídos: 11287
[2025-08-19T11:23:21.333+0000] {logging_mixin.py:149} INFO - root
 |-- sensor_id: string (nullable = true)
 |-- timestamp: string (nullable = true)
 |-- value: double (nullable = true)
[2025-08-19T11:23:22.183+0000] {logging_mixin.py:149} INFO - +---------+--------------------+-----+
|sensor_id|           timestamp|value|
+---------+--------------------+-----+
| sensor_1|2025-08-18T18:51:...|20.56|
| sensor_4|2025-08-18T18:51:...|25.16|
| sensor_0|2025-08-18T18:51:...|28.27|
| sensor_3|2025-08-18T18:50:...|27.02|
| sensor_3|2025-08-18T18:50:...|27.84|
+---------+--------------------+-----+
only showing top 5 rows
[2025-08-19T11:23:22.228+0000] {logging_mixin.py:149} INFO - ===== CALCULANDO PROMEDIOS =====
[2025-08-19T11:23:42.845+0000] {logging_mixin.py:149} INFO - +---------+------------------+
|sensor_id|         avg_value|
+---------+------------------+
| sensor_0|24.947936974789922|
| sensor_1|24.987858739383103|
| sensor_4| 24.91911710887466|
| sensor_2|25.035276634659347|
| sensor_3| 25.03520243796257|
+---------+------------------+
[2025-08-19T11:23:42.846+0000] {logging_mixin.py:149} INFO - ===== GUARDANDO RESULTADOS EN POSTGRES =====
[2025-08-19T11:23:55.359+0000] {logging_mixin.py:149} INFO - ===== PROCESO COMPLETADO CON ÉXITO =====
[2025-08-19T11:23:55.359+0000] {python.py:183} INFO - Done. Returned value was: None
[2025-08-19T11:23:55.379+0000] {taskinstance.py:1350} INFO - Marking task as SUCCESS. dag_id=nitro_data_pipeline, task_id=process_with_spark, execution_date=20250819T111800, start_date=20250819T112101, end_date=20250819T112355
[2025-08-19T11:23:55.430+0000] {local_task_job_runner.py:225} INFO - Task exited with return code 0
[2025-08-19T11:23:55.462+0000] {taskinstance.py:2651} INFO - 0 downstream tasks scheduled from follow-on schedule check
