[2025-08-17T15:46:39.223+0000] {taskinstance.py:1103} INFO - Dependencies all met for dep_context=non-requeueable deps ti=<TaskInstance: nitro_data_pipeline.process_with_spark manual__2025-08-17T15:46:38+00:00 [queued]>
[2025-08-17T15:46:39.232+0000] {taskinstance.py:1103} INFO - Dependencies all met for dep_context=requeueable deps ti=<TaskInstance: nitro_data_pipeline.process_with_spark manual__2025-08-17T15:46:38+00:00 [queued]>
[2025-08-17T15:46:39.232+0000] {taskinstance.py:1308} INFO - Starting attempt 1 of 1
[2025-08-17T15:46:39.249+0000] {taskinstance.py:1327} INFO - Executing <Task(PythonOperator): process_with_spark> on 2025-08-17 15:46:38+00:00
[2025-08-17T15:46:39.253+0000] {standard_task_runner.py:57} INFO - Started process 3660 to run task
[2025-08-17T15:46:39.257+0000] {standard_task_runner.py:84} INFO - Running: ['airflow', 'tasks', 'run', 'nitro_data_pipeline', 'process_with_spark', 'manual__2025-08-17T15:46:38+00:00', '--job-id', '152', '--raw', '--subdir', 'DAGS_FOLDER/data_pipeline.py', '--cfg-path', '/tmp/tmpcnm3upob']
[2025-08-17T15:46:39.260+0000] {standard_task_runner.py:85} INFO - Job 152: Subtask process_with_spark
[2025-08-17T15:46:39.319+0000] {task_command.py:410} INFO - Running <TaskInstance: nitro_data_pipeline.process_with_spark manual__2025-08-17T15:46:38+00:00 [running]> on host 4860d8807aa2
[2025-08-17T15:46:39.438+0000] {taskinstance.py:1547} INFO - Exporting env vars: AIRFLOW_CTX_DAG_OWNER='airflow' AIRFLOW_CTX_DAG_ID='nitro_data_pipeline' AIRFLOW_CTX_TASK_ID='process_with_spark' AIRFLOW_CTX_EXECUTION_DATE='2025-08-17T15:46:38+00:00' AIRFLOW_CTX_TRY_NUMBER='1' AIRFLOW_CTX_DAG_RUN_ID='manual__2025-08-17T15:46:38+00:00'
[2025-08-17T15:46:39.440+0000] {logging_mixin.py:149} INFO - ===== INICIANDO PROCESO DE SPARK =====
[2025-08-17T15:46:45.338+0000] {logging_mixin.py:149} INFO - ===== LEYENDO JSON DESDE MINIO =====
[2025-08-17T15:47:14.164+0000] {logging_mixin.py:149} INFO - Registros leídos: 2021
[2025-08-17T15:47:14.176+0000] {logging_mixin.py:149} INFO - root
 |-- sensor_id: string (nullable = true)
 |-- timestamp: string (nullable = true)
 |-- value: double (nullable = true)
[2025-08-17T15:47:14.493+0000] {logging_mixin.py:149} INFO - +---------+--------------------+-----+
|sensor_id|           timestamp|value|
+---------+--------------------+-----+
| sensor_0|2025-08-16T21:31:...|25.44|
| sensor_3|2025-08-16T21:31:...|27.66|
| sensor_0|2025-08-16T21:31:...|24.79|
| sensor_0|2025-08-16T21:31:...|27.92|
| sensor_1|2025-08-16T21:31:...|23.75|
+---------+--------------------+-----+
only showing top 5 rows
[2025-08-17T15:47:14.543+0000] {logging_mixin.py:149} INFO - ===== CALCULANDO PROMEDIOS =====
[2025-08-17T15:47:17.959+0000] {logging_mixin.py:149} INFO - +---------+------------------+
|sensor_id|         avg_value|
+---------+------------------+
| sensor_0| 25.01834666666667|
| sensor_1|25.060154639175245|
| sensor_4|25.099539951573842|
| sensor_2| 25.22583732057416|
| sensor_3|24.927540983606562|
+---------+------------------+
[2025-08-17T15:47:17.960+0000] {logging_mixin.py:149} INFO - ===== GUARDANDO RESULTADOS EN POSTGRES =====
[2025-08-17T15:47:21.065+0000] {logging_mixin.py:149} INFO - ===== PROCESO COMPLETADO CON ÉXITO =====
[2025-08-17T15:47:21.065+0000] {python.py:183} INFO - Done. Returned value was: None
[2025-08-17T15:47:21.080+0000] {taskinstance.py:1350} INFO - Marking task as SUCCESS. dag_id=nitro_data_pipeline, task_id=process_with_spark, execution_date=20250817T154638, start_date=20250817T154639, end_date=20250817T154721
[2025-08-17T15:47:21.138+0000] {local_task_job_runner.py:225} INFO - Task exited with return code 0
[2025-08-17T15:47:21.159+0000] {taskinstance.py:2651} INFO - 0 downstream tasks scheduled from follow-on schedule check
