[2025-08-18T15:48:05.833+0000] {taskinstance.py:1103} INFO - Dependencies all met for dep_context=non-requeueable deps ti=<TaskInstance: nitro_data_pipeline.process_with_spark scheduled__2025-08-18T15:45:00+00:00 [queued]>
[2025-08-18T15:48:05.859+0000] {taskinstance.py:1103} INFO - Dependencies all met for dep_context=requeueable deps ti=<TaskInstance: nitro_data_pipeline.process_with_spark scheduled__2025-08-18T15:45:00+00:00 [queued]>
[2025-08-18T15:48:05.859+0000] {taskinstance.py:1308} INFO - Starting attempt 1 of 1
[2025-08-18T15:48:05.898+0000] {taskinstance.py:1327} INFO - Executing <Task(PythonOperator): process_with_spark> on 2025-08-18 15:45:00+00:00
[2025-08-18T15:48:05.923+0000] {standard_task_runner.py:57} INFO - Started process 4133 to run task
[2025-08-18T15:48:05.947+0000] {standard_task_runner.py:84} INFO - Running: ['airflow', 'tasks', 'run', 'nitro_data_pipeline', 'process_with_spark', 'scheduled__2025-08-18T15:45:00+00:00', '--job-id', '464', '--raw', '--subdir', 'DAGS_FOLDER/data_pipeline.py', '--cfg-path', '/tmp/tmpkihea8tr']
[2025-08-18T15:48:05.952+0000] {standard_task_runner.py:85} INFO - Job 464: Subtask process_with_spark
[2025-08-18T15:48:06.169+0000] {task_command.py:410} INFO - Running <TaskInstance: nitro_data_pipeline.process_with_spark scheduled__2025-08-18T15:45:00+00:00 [running]> on host 82ba84950a6e
[2025-08-18T15:48:06.629+0000] {taskinstance.py:1547} INFO - Exporting env vars: AIRFLOW_CTX_DAG_OWNER='airflow' AIRFLOW_CTX_DAG_ID='nitro_data_pipeline' AIRFLOW_CTX_TASK_ID='process_with_spark' AIRFLOW_CTX_EXECUTION_DATE='2025-08-18T15:45:00+00:00' AIRFLOW_CTX_TRY_NUMBER='1' AIRFLOW_CTX_DAG_RUN_ID='scheduled__2025-08-18T15:45:00+00:00'
[2025-08-18T15:48:06.632+0000] {logging_mixin.py:149} INFO - ===== INICIANDO PROCESO DE SPARK =====
[2025-08-18T15:48:33.194+0000] {logging_mixin.py:149} INFO - ===== LEYENDO JSON DESDE MINIO =====
[2025-08-18T15:53:01.364+0000] {logging_mixin.py:149} INFO - Registros leídos: 10489
[2025-08-18T15:53:01.395+0000] {logging_mixin.py:149} INFO - root
 |-- sensor_id: string (nullable = true)
 |-- timestamp: string (nullable = true)
 |-- value: double (nullable = true)
[2025-08-18T15:53:03.345+0000] {logging_mixin.py:149} INFO - +---------+--------------------+-----+
|sensor_id|           timestamp|value|
+---------+--------------------+-----+
| sensor_0|2025-08-16T21:31:...|25.44|
| sensor_3|2025-08-16T21:31:...|27.66|
| sensor_0|2025-08-16T21:31:...|24.79|
| sensor_0|2025-08-16T21:31:...|27.92|
| sensor_1|2025-08-16T21:31:...|23.75|
+---------+--------------------+-----+
only showing top 5 rows
[2025-08-18T15:53:03.604+0000] {logging_mixin.py:149} INFO - ===== CALCULANDO PROMEDIOS =====
[2025-08-18T15:53:47.405+0000] {logging_mixin.py:149} INFO - +---------+------------------+
|sensor_id|         avg_value|
+---------+------------------+
| sensor_0|25.068850241545896|
| sensor_1| 24.91938476100332|
| sensor_4|25.007684871918798|
| sensor_2| 25.04960726558664|
| sensor_3|25.111022727272726|
+---------+------------------+
[2025-08-18T15:53:47.435+0000] {logging_mixin.py:149} INFO - ===== GUARDANDO RESULTADOS EN POSTGRES =====
[2025-08-18T15:54:40.910+0000] {logging_mixin.py:149} INFO - ===== PROCESO COMPLETADO CON ÉXITO =====
[2025-08-18T15:54:40.931+0000] {python.py:183} INFO - Done. Returned value was: None
[2025-08-18T15:54:41.004+0000] {taskinstance.py:1350} INFO - Marking task as SUCCESS. dag_id=nitro_data_pipeline, task_id=process_with_spark, execution_date=20250818T154500, start_date=20250818T154805, end_date=20250818T155441
[2025-08-18T15:54:41.163+0000] {local_task_job_runner.py:225} INFO - Task exited with return code 0
[2025-08-18T15:54:41.234+0000] {taskinstance.py:2651} INFO - 0 downstream tasks scheduled from follow-on schedule check
