[2025-08-17T17:03:27.507+0000] {taskinstance.py:1103} INFO - Dependencies all met for dep_context=non-requeueable deps ti=<TaskInstance: nitro_data_pipeline.process_with_spark manual__2025-08-17T17:03:23+00:00 [queued]>
[2025-08-17T17:03:27.537+0000] {taskinstance.py:1103} INFO - Dependencies all met for dep_context=requeueable deps ti=<TaskInstance: nitro_data_pipeline.process_with_spark manual__2025-08-17T17:03:23+00:00 [queued]>
[2025-08-17T17:03:27.537+0000] {taskinstance.py:1308} INFO - Starting attempt 1 of 1
[2025-08-17T17:03:27.625+0000] {taskinstance.py:1327} INFO - Executing <Task(PythonOperator): process_with_spark> on 2025-08-17 17:03:23+00:00
[2025-08-17T17:03:27.641+0000] {standard_task_runner.py:57} INFO - Started process 23202 to run task
[2025-08-17T17:03:27.679+0000] {standard_task_runner.py:84} INFO - Running: ['airflow', 'tasks', 'run', 'nitro_data_pipeline', 'process_with_spark', 'manual__2025-08-17T17:03:23+00:00', '--job-id', '201', '--raw', '--subdir', 'DAGS_FOLDER/data_pipeline.py', '--cfg-path', '/tmp/tmpgh4xnhuv']
[2025-08-17T17:03:27.688+0000] {standard_task_runner.py:85} INFO - Job 201: Subtask process_with_spark
[2025-08-17T17:03:27.835+0000] {task_command.py:410} INFO - Running <TaskInstance: nitro_data_pipeline.process_with_spark manual__2025-08-17T17:03:23+00:00 [running]> on host 4860d8807aa2
[2025-08-17T17:03:28.151+0000] {taskinstance.py:1547} INFO - Exporting env vars: AIRFLOW_CTX_DAG_OWNER='airflow' AIRFLOW_CTX_DAG_ID='nitro_data_pipeline' AIRFLOW_CTX_TASK_ID='process_with_spark' AIRFLOW_CTX_EXECUTION_DATE='2025-08-17T17:03:23+00:00' AIRFLOW_CTX_TRY_NUMBER='1' AIRFLOW_CTX_DAG_RUN_ID='manual__2025-08-17T17:03:23+00:00'
[2025-08-17T17:03:28.162+0000] {logging_mixin.py:149} INFO - ===== INICIANDO PROCESO DE SPARK =====
[2025-08-17T17:03:50.426+0000] {logging_mixin.py:149} INFO - ===== LEYENDO JSON DESDE MINIO =====
[2025-08-17T17:05:22.826+0000] {logging_mixin.py:149} INFO - Registros leídos: 4332
[2025-08-17T17:05:22.836+0000] {logging_mixin.py:149} INFO - root
 |-- sensor_id: string (nullable = true)
 |-- timestamp: string (nullable = true)
 |-- value: double (nullable = true)
[2025-08-17T17:05:23.185+0000] {logging_mixin.py:149} INFO - +---------+--------------------+-----+
|sensor_id|           timestamp|value|
+---------+--------------------+-----+
| sensor_0|2025-08-16T21:31:...|25.44|
| sensor_3|2025-08-16T21:31:...|27.66|
| sensor_0|2025-08-16T21:31:...|24.79|
| sensor_0|2025-08-16T21:31:...|27.92|
| sensor_1|2025-08-16T21:31:...|23.75|
+---------+--------------------+-----+
only showing top 5 rows
[2025-08-17T17:05:23.230+0000] {logging_mixin.py:149} INFO - ===== CALCULANDO PROMEDIOS =====
[2025-08-17T17:05:29.099+0000] {logging_mixin.py:149} INFO - +---------+------------------+
|sensor_id|         avg_value|
+---------+------------------+
| sensor_0| 25.03283154121864|
| sensor_1| 25.07639423076923|
| sensor_4|24.917371937639196|
| sensor_2|25.113560334528085|
| sensor_3|25.051724137931036|
+---------+------------------+
[2025-08-17T17:05:29.100+0000] {logging_mixin.py:149} INFO - ===== GUARDANDO RESULTADOS EN POSTGRES =====
[2025-08-17T17:05:36.468+0000] {logging_mixin.py:149} INFO - ===== PROCESO COMPLETADO CON ÉXITO =====
[2025-08-17T17:05:36.468+0000] {python.py:183} INFO - Done. Returned value was: None
[2025-08-17T17:05:36.489+0000] {taskinstance.py:1350} INFO - Marking task as SUCCESS. dag_id=nitro_data_pipeline, task_id=process_with_spark, execution_date=20250817T170323, start_date=20250817T170327, end_date=20250817T170536
[2025-08-17T17:05:36.556+0000] {local_task_job_runner.py:225} INFO - Task exited with return code 0
[2025-08-17T17:05:36.596+0000] {taskinstance.py:2651} INFO - 0 downstream tasks scheduled from follow-on schedule check
