[2025-08-19T14:27:05.979+0000] {taskinstance.py:1103} INFO - Dependencies all met for dep_context=non-requeueable deps ti=<TaskInstance: nitro_data_pipeline.process_with_spark scheduled__2025-08-19T14:24:00+00:00 [queued]>
[2025-08-19T14:27:06.005+0000] {taskinstance.py:1103} INFO - Dependencies all met for dep_context=requeueable deps ti=<TaskInstance: nitro_data_pipeline.process_with_spark scheduled__2025-08-19T14:24:00+00:00 [queued]>
[2025-08-19T14:27:06.010+0000] {taskinstance.py:1308} INFO - Starting attempt 1 of 1
[2025-08-19T14:27:06.079+0000] {taskinstance.py:1327} INFO - Executing <Task(PythonOperator): process_with_spark> on 2025-08-19 14:24:00+00:00
[2025-08-19T14:27:06.116+0000] {standard_task_runner.py:57} INFO - Started process 2065 to run task
[2025-08-19T14:27:06.147+0000] {standard_task_runner.py:84} INFO - Running: ['airflow', 'tasks', 'run', 'nitro_data_pipeline', 'process_with_spark', 'scheduled__2025-08-19T14:24:00+00:00', '--job-id', '307', '--raw', '--subdir', 'DAGS_FOLDER/data_pipeline.py', '--cfg-path', '/tmp/tmpeq9859h9']
[2025-08-19T14:27:06.158+0000] {standard_task_runner.py:85} INFO - Job 307: Subtask process_with_spark
[2025-08-19T14:27:06.330+0000] {task_command.py:410} INFO - Running <TaskInstance: nitro_data_pipeline.process_with_spark scheduled__2025-08-19T14:24:00+00:00 [running]> on host f0de8863e727
[2025-08-19T14:27:06.779+0000] {taskinstance.py:1547} INFO - Exporting env vars: AIRFLOW_CTX_DAG_OWNER='airflow' AIRFLOW_CTX_DAG_ID='nitro_data_pipeline' AIRFLOW_CTX_TASK_ID='process_with_spark' AIRFLOW_CTX_EXECUTION_DATE='2025-08-19T14:24:00+00:00' AIRFLOW_CTX_TRY_NUMBER='1' AIRFLOW_CTX_DAG_RUN_ID='scheduled__2025-08-19T14:24:00+00:00'
[2025-08-19T14:27:06.781+0000] {logging_mixin.py:149} INFO - ===== INICIANDO PROCESO DE SPARK =====
[2025-08-19T14:27:33.874+0000] {logging_mixin.py:149} INFO - ===== LEYENDO JSON DESDE MINIO =====
[2025-08-19T14:32:15.740+0000] {logging_mixin.py:149} INFO - Registros leídos: 18423
[2025-08-19T14:32:15.756+0000] {logging_mixin.py:149} INFO - root
 |-- sensor_id: string (nullable = true)
 |-- timestamp: string (nullable = true)
 |-- value: double (nullable = true)
[2025-08-19T14:32:16.788+0000] {logging_mixin.py:149} INFO - +---------+--------------------+-----+
|sensor_id|           timestamp|value|
+---------+--------------------+-----+
| sensor_1|2025-08-18T18:51:...|20.56|
| sensor_4|2025-08-18T18:51:...|25.16|
| sensor_0|2025-08-18T18:51:...|28.27|
| sensor_3|2025-08-18T18:50:...|27.02|
| sensor_3|2025-08-18T18:50:...|27.84|
+---------+--------------------+-----+
only showing top 5 rows
[2025-08-19T14:32:16.866+0000] {logging_mixin.py:149} INFO - ===== CALCULANDO PROMEDIOS =====
[2025-08-19T14:33:02.675+0000] {logging_mixin.py:149} INFO - +---------+------------------+
|sensor_id|         avg_value|
+---------+------------------+
| sensor_0|24.920949250591637|
| sensor_1|24.993479206306073|
| sensor_4| 24.95639854260092|
| sensor_2| 25.01435093509349|
| sensor_3| 24.99581214878246|
+---------+------------------+
[2025-08-19T14:33:02.676+0000] {logging_mixin.py:149} INFO - ===== GUARDANDO RESULTADOS EN POSTGRES =====
[2025-08-19T14:33:53.569+0000] {logging_mixin.py:149} INFO - ===== PROCESO COMPLETADO CON ÉXITO =====
[2025-08-19T14:33:53.575+0000] {python.py:183} INFO - Done. Returned value was: None
[2025-08-19T14:33:53.634+0000] {taskinstance.py:1350} INFO - Marking task as SUCCESS. dag_id=nitro_data_pipeline, task_id=process_with_spark, execution_date=20250819T142400, start_date=20250819T142705, end_date=20250819T143353
[2025-08-19T14:33:53.710+0000] {local_task_job_runner.py:225} INFO - Task exited with return code 0
[2025-08-19T14:33:53.764+0000] {taskinstance.py:2651} INFO - 0 downstream tasks scheduled from follow-on schedule check
