[2025-08-18T15:45:02.800+0000] {taskinstance.py:1103} INFO - Dependencies all met for dep_context=non-requeueable deps ti=<TaskInstance: nitro_data_pipeline.process_with_spark scheduled__2025-08-18T15:42:00+00:00 [queued]>
[2025-08-18T15:45:02.825+0000] {taskinstance.py:1103} INFO - Dependencies all met for dep_context=requeueable deps ti=<TaskInstance: nitro_data_pipeline.process_with_spark scheduled__2025-08-18T15:42:00+00:00 [queued]>
[2025-08-18T15:45:02.825+0000] {taskinstance.py:1308} INFO - Starting attempt 1 of 1
[2025-08-18T15:45:02.878+0000] {taskinstance.py:1327} INFO - Executing <Task(PythonOperator): process_with_spark> on 2025-08-18 15:42:00+00:00
[2025-08-18T15:45:02.893+0000] {standard_task_runner.py:57} INFO - Started process 3583 to run task
[2025-08-18T15:45:02.901+0000] {standard_task_runner.py:84} INFO - Running: ['airflow', 'tasks', 'run', 'nitro_data_pipeline', 'process_with_spark', 'scheduled__2025-08-18T15:42:00+00:00', '--job-id', '462', '--raw', '--subdir', 'DAGS_FOLDER/data_pipeline.py', '--cfg-path', '/tmp/tmpamjvzu8m']
[2025-08-18T15:45:02.905+0000] {standard_task_runner.py:85} INFO - Job 462: Subtask process_with_spark
[2025-08-18T15:45:03.054+0000] {task_command.py:410} INFO - Running <TaskInstance: nitro_data_pipeline.process_with_spark scheduled__2025-08-18T15:42:00+00:00 [running]> on host 82ba84950a6e
[2025-08-18T15:45:03.396+0000] {taskinstance.py:1547} INFO - Exporting env vars: AIRFLOW_CTX_DAG_OWNER='airflow' AIRFLOW_CTX_DAG_ID='nitro_data_pipeline' AIRFLOW_CTX_TASK_ID='process_with_spark' AIRFLOW_CTX_EXECUTION_DATE='2025-08-18T15:42:00+00:00' AIRFLOW_CTX_TRY_NUMBER='1' AIRFLOW_CTX_DAG_RUN_ID='scheduled__2025-08-18T15:42:00+00:00'
[2025-08-18T15:45:03.397+0000] {logging_mixin.py:149} INFO - ===== INICIANDO PROCESO DE SPARK =====
[2025-08-18T15:45:24.020+0000] {logging_mixin.py:149} INFO - ===== LEYENDO JSON DESDE MINIO =====
[2025-08-18T15:50:01.197+0000] {logging_mixin.py:149} INFO - Registros leídos: 10397
[2025-08-18T15:50:01.213+0000] {logging_mixin.py:149} INFO - root
 |-- sensor_id: string (nullable = true)
 |-- timestamp: string (nullable = true)
 |-- value: double (nullable = true)
[2025-08-18T15:50:02.819+0000] {logging_mixin.py:149} INFO - +---------+--------------------+-----+
|sensor_id|           timestamp|value|
+---------+--------------------+-----+
| sensor_0|2025-08-16T21:31:...|25.44|
| sensor_3|2025-08-16T21:31:...|27.66|
| sensor_0|2025-08-16T21:31:...|24.79|
| sensor_0|2025-08-16T21:31:...|27.92|
| sensor_1|2025-08-16T21:31:...|23.75|
+---------+--------------------+-----+
only showing top 5 rows
[2025-08-18T15:50:02.958+0000] {logging_mixin.py:149} INFO - ===== CALCULANDO PROMEDIOS =====
[2025-08-18T15:50:34.447+0000] {logging_mixin.py:149} INFO - +---------+-----------------+
|sensor_id|        avg_value|
+---------+-----------------+
| sensor_0| 25.0621843003413|
| sensor_1|24.91269780743565|
| sensor_4|   25.01048828125|
| sensor_2|25.05283168316831|
| sensor_3|25.11660091743119|
+---------+-----------------+
[2025-08-18T15:50:34.448+0000] {logging_mixin.py:149} INFO - ===== GUARDANDO RESULTADOS EN POSTGRES =====
[2025-08-18T15:51:14.640+0000] {logging_mixin.py:149} INFO - ===== PROCESO COMPLETADO CON ÉXITO =====
[2025-08-18T15:51:14.641+0000] {python.py:183} INFO - Done. Returned value was: None
[2025-08-18T15:51:14.707+0000] {taskinstance.py:1350} INFO - Marking task as SUCCESS. dag_id=nitro_data_pipeline, task_id=process_with_spark, execution_date=20250818T154200, start_date=20250818T154502, end_date=20250818T155114
[2025-08-18T15:51:14.798+0000] {local_task_job_runner.py:225} INFO - Task exited with return code 0
[2025-08-18T15:51:14.855+0000] {taskinstance.py:2651} INFO - 0 downstream tasks scheduled from follow-on schedule check
