[2025-08-18T10:23:34.052+0000] {taskinstance.py:1103} INFO - Dependencies all met for dep_context=non-requeueable deps ti=<TaskInstance: nitro_data_pipeline.process_with_spark manual__2025-08-18T10:23:32+00:00 [queued]>
[2025-08-18T10:23:34.065+0000] {taskinstance.py:1103} INFO - Dependencies all met for dep_context=requeueable deps ti=<TaskInstance: nitro_data_pipeline.process_with_spark manual__2025-08-18T10:23:32+00:00 [queued]>
[2025-08-18T10:23:34.065+0000] {taskinstance.py:1308} INFO - Starting attempt 1 of 1
[2025-08-18T10:23:34.083+0000] {taskinstance.py:1327} INFO - Executing <Task(PythonOperator): process_with_spark> on 2025-08-18 10:23:32+00:00
[2025-08-18T10:23:34.089+0000] {standard_task_runner.py:57} INFO - Started process 2891 to run task
[2025-08-18T10:23:34.093+0000] {standard_task_runner.py:84} INFO - Running: ['airflow', 'tasks', 'run', 'nitro_data_pipeline', 'process_with_spark', 'manual__2025-08-18T10:23:32+00:00', '--job-id', '234', '--raw', '--subdir', 'DAGS_FOLDER/data_pipeline.py', '--cfg-path', '/tmp/tmpk0wtou_t']
[2025-08-18T10:23:34.095+0000] {standard_task_runner.py:85} INFO - Job 234: Subtask process_with_spark
[2025-08-18T10:23:34.148+0000] {task_command.py:410} INFO - Running <TaskInstance: nitro_data_pipeline.process_with_spark manual__2025-08-18T10:23:32+00:00 [running]> on host 48ba1c28ee6c
[2025-08-18T10:23:34.254+0000] {taskinstance.py:1547} INFO - Exporting env vars: AIRFLOW_CTX_DAG_OWNER='airflow' AIRFLOW_CTX_DAG_ID='nitro_data_pipeline' AIRFLOW_CTX_TASK_ID='process_with_spark' AIRFLOW_CTX_EXECUTION_DATE='2025-08-18T10:23:32+00:00' AIRFLOW_CTX_TRY_NUMBER='1' AIRFLOW_CTX_DAG_RUN_ID='manual__2025-08-18T10:23:32+00:00'
[2025-08-18T10:23:34.255+0000] {logging_mixin.py:149} INFO - ===== INICIANDO PROCESO DE SPARK =====
[2025-08-18T10:23:40.790+0000] {logging_mixin.py:149} INFO - ===== LEYENDO JSON DESDE MINIO =====
[2025-08-18T10:25:04.589+0000] {logging_mixin.py:149} INFO - Registros leídos: 4804
[2025-08-18T10:25:04.620+0000] {logging_mixin.py:149} INFO - root
 |-- sensor_id: string (nullable = true)
 |-- timestamp: string (nullable = true)
 |-- value: double (nullable = true)
[2025-08-18T10:25:05.440+0000] {logging_mixin.py:149} INFO - +---------+--------------------+-----+
|sensor_id|           timestamp|value|
+---------+--------------------+-----+
| sensor_0|2025-08-16T21:31:...|25.44|
| sensor_3|2025-08-16T21:31:...|27.66|
| sensor_0|2025-08-16T21:31:...|24.79|
| sensor_0|2025-08-16T21:31:...|27.92|
| sensor_1|2025-08-16T21:31:...|23.75|
+---------+--------------------+-----+
only showing top 5 rows
[2025-08-18T10:25:05.629+0000] {logging_mixin.py:149} INFO - ===== CALCULANDO PROMEDIOS =====
[2025-08-18T10:25:22.593+0000] {logging_mixin.py:149} INFO - +---------+------------------+
|sensor_id|         avg_value|
+---------+------------------+
| sensor_0| 24.98702380952381|
| sensor_1|25.008681917211323|
| sensor_4|24.901935483870965|
| sensor_2|25.113963868225294|
| sensor_3| 25.05917395529641|
+---------+------------------+
[2025-08-18T10:25:22.594+0000] {logging_mixin.py:149} INFO - ===== GUARDANDO RESULTADOS EN POSTGRES =====
[2025-08-18T10:25:36.179+0000] {logging_mixin.py:149} INFO - ===== PROCESO COMPLETADO CON ÉXITO =====
[2025-08-18T10:25:36.180+0000] {python.py:183} INFO - Done. Returned value was: None
[2025-08-18T10:25:36.223+0000] {taskinstance.py:1350} INFO - Marking task as SUCCESS. dag_id=nitro_data_pipeline, task_id=process_with_spark, execution_date=20250818T102332, start_date=20250818T102334, end_date=20250818T102536
[2025-08-18T10:25:36.341+0000] {local_task_job_runner.py:225} INFO - Task exited with return code 0
[2025-08-18T10:25:36.387+0000] {taskinstance.py:2651} INFO - 0 downstream tasks scheduled from follow-on schedule check
