[2025-08-18T11:48:02.684+0000] {taskinstance.py:1103} INFO - Dependencies all met for dep_context=non-requeueable deps ti=<TaskInstance: nitro_data_pipeline.process_with_spark scheduled__2025-08-18T11:45:00+00:00 [queued]>
[2025-08-18T11:48:02.706+0000] {taskinstance.py:1103} INFO - Dependencies all met for dep_context=requeueable deps ti=<TaskInstance: nitro_data_pipeline.process_with_spark scheduled__2025-08-18T11:45:00+00:00 [queued]>
[2025-08-18T11:48:02.707+0000] {taskinstance.py:1308} INFO - Starting attempt 1 of 1
[2025-08-18T11:48:02.741+0000] {taskinstance.py:1327} INFO - Executing <Task(PythonOperator): process_with_spark> on 2025-08-18 11:45:00+00:00
[2025-08-18T11:48:02.755+0000] {standard_task_runner.py:57} INFO - Started process 15729 to run task
[2025-08-18T11:48:02.769+0000] {standard_task_runner.py:84} INFO - Running: ['airflow', 'tasks', 'run', 'nitro_data_pipeline', 'process_with_spark', 'scheduled__2025-08-18T11:45:00+00:00', '--job-id', '314', '--raw', '--subdir', 'DAGS_FOLDER/data_pipeline.py', '--cfg-path', '/tmp/tmp36k09vxk']
[2025-08-18T11:48:02.783+0000] {standard_task_runner.py:85} INFO - Job 314: Subtask process_with_spark
[2025-08-18T11:48:02.965+0000] {task_command.py:410} INFO - Running <TaskInstance: nitro_data_pipeline.process_with_spark scheduled__2025-08-18T11:45:00+00:00 [running]> on host e3730e5f69d2
[2025-08-18T11:48:03.271+0000] {taskinstance.py:1547} INFO - Exporting env vars: AIRFLOW_CTX_DAG_OWNER='airflow' AIRFLOW_CTX_DAG_ID='nitro_data_pipeline' AIRFLOW_CTX_TASK_ID='process_with_spark' AIRFLOW_CTX_EXECUTION_DATE='2025-08-18T11:45:00+00:00' AIRFLOW_CTX_TRY_NUMBER='1' AIRFLOW_CTX_DAG_RUN_ID='scheduled__2025-08-18T11:45:00+00:00'
[2025-08-18T11:48:03.273+0000] {logging_mixin.py:149} INFO - ===== INICIANDO PROCESO DE SPARK =====
[2025-08-18T11:48:27.143+0000] {logging_mixin.py:149} INFO - ===== LEYENDO JSON DESDE MINIO =====
[2025-08-18T11:50:59.198+0000] {logging_mixin.py:149} INFO - Registros leídos: 7136
[2025-08-18T11:50:59.232+0000] {logging_mixin.py:149} INFO - root
 |-- sensor_id: string (nullable = true)
 |-- timestamp: string (nullable = true)
 |-- value: double (nullable = true)
[2025-08-18T11:51:00.643+0000] {logging_mixin.py:149} INFO - +---------+--------------------+-----+
|sensor_id|           timestamp|value|
+---------+--------------------+-----+
| sensor_0|2025-08-16T21:31:...|25.44|
| sensor_3|2025-08-16T21:31:...|27.66|
| sensor_0|2025-08-16T21:31:...|24.79|
| sensor_0|2025-08-16T21:31:...|27.92|
| sensor_1|2025-08-16T21:31:...|23.75|
+---------+--------------------+-----+
only showing top 5 rows
[2025-08-18T11:51:00.779+0000] {logging_mixin.py:149} INFO - ===== CALCULANDO PROMEDIOS =====
[2025-08-18T11:51:30.117+0000] {logging_mixin.py:149} INFO - +---------+------------------+
|sensor_id|         avg_value|
+---------+------------------+
| sensor_0|25.024520348837207|
| sensor_1| 24.93932094353109|
| sensor_4|24.978053035589664|
| sensor_2| 25.10541995692751|
| sensor_3|25.118280130293158|
+---------+------------------+
[2025-08-18T11:51:30.118+0000] {logging_mixin.py:149} INFO - ===== GUARDANDO RESULTADOS EN POSTGRES =====
[2025-08-18T11:51:52.620+0000] {logging_mixin.py:149} INFO - ===== PROCESO COMPLETADO CON ÉXITO =====
[2025-08-18T11:51:52.621+0000] {python.py:183} INFO - Done. Returned value was: None
[2025-08-18T11:51:52.647+0000] {taskinstance.py:1350} INFO - Marking task as SUCCESS. dag_id=nitro_data_pipeline, task_id=process_with_spark, execution_date=20250818T114500, start_date=20250818T114802, end_date=20250818T115152
[2025-08-18T11:51:52.746+0000] {local_task_job_runner.py:225} INFO - Task exited with return code 0
[2025-08-18T11:51:52.810+0000] {taskinstance.py:2651} INFO - 0 downstream tasks scheduled from follow-on schedule check
