[2025-08-17T10:00:01.323+0000] {taskinstance.py:1103} INFO - Dependencies all met for dep_context=non-requeueable deps ti=<TaskInstance: nitro_data_pipeline.process_with_spark scheduled__2025-08-17T09:57:00+00:00 [queued]>
[2025-08-17T10:00:01.333+0000] {taskinstance.py:1103} INFO - Dependencies all met for dep_context=requeueable deps ti=<TaskInstance: nitro_data_pipeline.process_with_spark scheduled__2025-08-17T09:57:00+00:00 [queued]>
[2025-08-17T10:00:01.333+0000] {taskinstance.py:1308} INFO - Starting attempt 1 of 1
[2025-08-17T10:00:01.357+0000] {taskinstance.py:1327} INFO - Executing <Task(PythonOperator): process_with_spark> on 2025-08-17 09:57:00+00:00
[2025-08-17T10:00:01.362+0000] {standard_task_runner.py:57} INFO - Started process 3317 to run task
[2025-08-17T10:00:01.367+0000] {standard_task_runner.py:84} INFO - Running: ['airflow', 'tasks', 'run', 'nitro_data_pipeline', 'process_with_spark', 'scheduled__2025-08-17T09:57:00+00:00', '--job-id', '128', '--raw', '--subdir', 'DAGS_FOLDER/data_pipeline.py', '--cfg-path', '/tmp/tmp3a7esp9e']
[2025-08-17T10:00:01.369+0000] {standard_task_runner.py:85} INFO - Job 128: Subtask process_with_spark
[2025-08-17T10:00:01.427+0000] {task_command.py:410} INFO - Running <TaskInstance: nitro_data_pipeline.process_with_spark scheduled__2025-08-17T09:57:00+00:00 [running]> on host 81dcc9af3f6d
[2025-08-17T10:00:01.543+0000] {taskinstance.py:1547} INFO - Exporting env vars: AIRFLOW_CTX_DAG_OWNER='airflow' AIRFLOW_CTX_DAG_ID='nitro_data_pipeline' AIRFLOW_CTX_TASK_ID='process_with_spark' AIRFLOW_CTX_EXECUTION_DATE='2025-08-17T09:57:00+00:00' AIRFLOW_CTX_TRY_NUMBER='1' AIRFLOW_CTX_DAG_RUN_ID='scheduled__2025-08-17T09:57:00+00:00'
[2025-08-17T10:00:01.544+0000] {logging_mixin.py:149} INFO - ===== INICIANDO PROCESO DE SPARK =====
[2025-08-17T10:00:07.507+0000] {logging_mixin.py:149} INFO - ===== LEYENDO JSON DESDE MINIO =====
[2025-08-17T10:00:34.248+0000] {logging_mixin.py:149} INFO - Registros leídos: 1490
[2025-08-17T10:00:34.256+0000] {logging_mixin.py:149} INFO - root
 |-- sensor_id: string (nullable = true)
 |-- timestamp: string (nullable = true)
 |-- value: double (nullable = true)
[2025-08-17T10:00:34.553+0000] {logging_mixin.py:149} INFO - +---------+--------------------+-----+
|sensor_id|           timestamp|value|
+---------+--------------------+-----+
| sensor_0|2025-08-16T21:31:...|25.44|
| sensor_3|2025-08-16T21:31:...|27.66|
| sensor_0|2025-08-16T21:31:...|24.79|
| sensor_0|2025-08-16T21:31:...|27.92|
| sensor_1|2025-08-16T21:31:...|23.75|
+---------+--------------------+-----+
only showing top 5 rows
[2025-08-17T10:00:34.589+0000] {logging_mixin.py:149} INFO - ===== CALCULANDO PROMEDIOS =====
[2025-08-17T10:00:37.809+0000] {logging_mixin.py:149} INFO - +---------+------------------+
|sensor_id|         avg_value|
+---------+------------------+
| sensor_0|25.118872727272734|
| sensor_1|25.005810810810804|
| sensor_4| 25.12535483870967|
| sensor_2|25.198026755852847|
| sensor_3|24.970612903225806|
+---------+------------------+
[2025-08-17T10:00:37.809+0000] {logging_mixin.py:149} INFO - ===== GUARDANDO RESULTADOS EN POSTGRES =====
[2025-08-17T10:00:40.788+0000] {logging_mixin.py:149} INFO - ===== PROCESO COMPLETADO CON ÉXITO =====
[2025-08-17T10:00:40.788+0000] {python.py:183} INFO - Done. Returned value was: None
[2025-08-17T10:00:40.801+0000] {taskinstance.py:1350} INFO - Marking task as SUCCESS. dag_id=nitro_data_pipeline, task_id=process_with_spark, execution_date=20250817T095700, start_date=20250817T100001, end_date=20250817T100040
[2025-08-17T10:00:40.848+0000] {local_task_job_runner.py:225} INFO - Task exited with return code 0
[2025-08-17T10:00:40.868+0000] {taskinstance.py:2651} INFO - 0 downstream tasks scheduled from follow-on schedule check
