[2025-08-18T11:45:04.419+0000] {taskinstance.py:1103} INFO - Dependencies all met for dep_context=non-requeueable deps ti=<TaskInstance: nitro_data_pipeline.process_with_spark scheduled__2025-08-18T11:42:00+00:00 [queued]>
[2025-08-18T11:45:04.456+0000] {taskinstance.py:1103} INFO - Dependencies all met for dep_context=requeueable deps ti=<TaskInstance: nitro_data_pipeline.process_with_spark scheduled__2025-08-18T11:42:00+00:00 [queued]>
[2025-08-18T11:45:04.462+0000] {taskinstance.py:1308} INFO - Starting attempt 1 of 1
[2025-08-18T11:45:04.528+0000] {taskinstance.py:1327} INFO - Executing <Task(PythonOperator): process_with_spark> on 2025-08-18 11:42:00+00:00
[2025-08-18T11:45:04.554+0000] {standard_task_runner.py:57} INFO - Started process 15091 to run task
[2025-08-18T11:45:04.570+0000] {standard_task_runner.py:84} INFO - Running: ['airflow', 'tasks', 'run', 'nitro_data_pipeline', 'process_with_spark', 'scheduled__2025-08-18T11:42:00+00:00', '--job-id', '312', '--raw', '--subdir', 'DAGS_FOLDER/data_pipeline.py', '--cfg-path', '/tmp/tmpt76o3s3f']
[2025-08-18T11:45:04.573+0000] {standard_task_runner.py:85} INFO - Job 312: Subtask process_with_spark
[2025-08-18T11:45:04.753+0000] {task_command.py:410} INFO - Running <TaskInstance: nitro_data_pipeline.process_with_spark scheduled__2025-08-18T11:42:00+00:00 [running]> on host e3730e5f69d2
[2025-08-18T11:45:05.237+0000] {taskinstance.py:1547} INFO - Exporting env vars: AIRFLOW_CTX_DAG_OWNER='airflow' AIRFLOW_CTX_DAG_ID='nitro_data_pipeline' AIRFLOW_CTX_TASK_ID='process_with_spark' AIRFLOW_CTX_EXECUTION_DATE='2025-08-18T11:42:00+00:00' AIRFLOW_CTX_TRY_NUMBER='1' AIRFLOW_CTX_DAG_RUN_ID='scheduled__2025-08-18T11:42:00+00:00'
[2025-08-18T11:45:05.241+0000] {logging_mixin.py:149} INFO - ===== INICIANDO PROCESO DE SPARK =====
[2025-08-18T11:45:39.751+0000] {logging_mixin.py:149} INFO - ===== LEYENDO JSON DESDE MINIO =====
[2025-08-18T11:48:40.215+0000] {logging_mixin.py:149} INFO - Registros leídos: 7055
[2025-08-18T11:48:40.277+0000] {logging_mixin.py:149} INFO - root
 |-- sensor_id: string (nullable = true)
 |-- timestamp: string (nullable = true)
 |-- value: double (nullable = true)
[2025-08-18T11:48:41.857+0000] {logging_mixin.py:149} INFO - +---------+--------------------+-----+
|sensor_id|           timestamp|value|
+---------+--------------------+-----+
| sensor_0|2025-08-16T21:31:...|25.44|
| sensor_3|2025-08-16T21:31:...|27.66|
| sensor_0|2025-08-16T21:31:...|24.79|
| sensor_0|2025-08-16T21:31:...|27.92|
| sensor_1|2025-08-16T21:31:...|23.75|
+---------+--------------------+-----+
only showing top 5 rows
[2025-08-18T11:48:41.961+0000] {logging_mixin.py:149} INFO - ===== CALCULANDO PROMEDIOS =====
[2025-08-18T11:49:03.390+0000] {logging_mixin.py:149} INFO - +---------+------------------+
|sensor_id|         avg_value|
+---------+------------------+
| sensor_0| 25.03829520295204|
| sensor_1|24.947003610108297|
| sensor_4|  24.9649610757254|
| sensor_2| 25.09717595944968|
| sensor_3|25.117258382642976|
+---------+------------------+
[2025-08-18T11:49:03.391+0000] {logging_mixin.py:149} INFO - ===== GUARDANDO RESULTADOS EN POSTGRES =====
[2025-08-18T11:49:27.667+0000] {logging_mixin.py:149} INFO - ===== PROCESO COMPLETADO CON ÉXITO =====
[2025-08-18T11:49:27.668+0000] {python.py:183} INFO - Done. Returned value was: None
[2025-08-18T11:49:27.716+0000] {taskinstance.py:1350} INFO - Marking task as SUCCESS. dag_id=nitro_data_pipeline, task_id=process_with_spark, execution_date=20250818T114200, start_date=20250818T114504, end_date=20250818T114927
[2025-08-18T11:49:27.819+0000] {local_task_job_runner.py:225} INFO - Task exited with return code 0
[2025-08-18T11:49:27.879+0000] {taskinstance.py:2651} INFO - 0 downstream tasks scheduled from follow-on schedule check
