[2025-08-18T11:51:05.236+0000] {taskinstance.py:1103} INFO - Dependencies all met for dep_context=non-requeueable deps ti=<TaskInstance: nitro_data_pipeline.process_with_spark scheduled__2025-08-18T11:48:00+00:00 [queued]>
[2025-08-18T11:51:05.279+0000] {taskinstance.py:1103} INFO - Dependencies all met for dep_context=requeueable deps ti=<TaskInstance: nitro_data_pipeline.process_with_spark scheduled__2025-08-18T11:48:00+00:00 [queued]>
[2025-08-18T11:51:05.279+0000] {taskinstance.py:1308} INFO - Starting attempt 1 of 1
[2025-08-18T11:51:05.366+0000] {taskinstance.py:1327} INFO - Executing <Task(PythonOperator): process_with_spark> on 2025-08-18 11:48:00+00:00
[2025-08-18T11:51:05.412+0000] {standard_task_runner.py:57} INFO - Started process 16754 to run task
[2025-08-18T11:51:05.450+0000] {standard_task_runner.py:84} INFO - Running: ['airflow', 'tasks', 'run', 'nitro_data_pipeline', 'process_with_spark', 'scheduled__2025-08-18T11:48:00+00:00', '--job-id', '317', '--raw', '--subdir', 'DAGS_FOLDER/data_pipeline.py', '--cfg-path', '/tmp/tmp2qvp32x8']
[2025-08-18T11:51:05.474+0000] {standard_task_runner.py:85} INFO - Job 317: Subtask process_with_spark
[2025-08-18T11:51:05.762+0000] {task_command.py:410} INFO - Running <TaskInstance: nitro_data_pipeline.process_with_spark scheduled__2025-08-18T11:48:00+00:00 [running]> on host e3730e5f69d2
[2025-08-18T11:51:06.173+0000] {taskinstance.py:1547} INFO - Exporting env vars: AIRFLOW_CTX_DAG_OWNER='airflow' AIRFLOW_CTX_DAG_ID='nitro_data_pipeline' AIRFLOW_CTX_TASK_ID='process_with_spark' AIRFLOW_CTX_EXECUTION_DATE='2025-08-18T11:48:00+00:00' AIRFLOW_CTX_TRY_NUMBER='1' AIRFLOW_CTX_DAG_RUN_ID='scheduled__2025-08-18T11:48:00+00:00'
[2025-08-18T11:51:06.175+0000] {logging_mixin.py:149} INFO - ===== INICIANDO PROCESO DE SPARK =====
[2025-08-18T11:51:37.775+0000] {logging_mixin.py:149} INFO - ===== LEYENDO JSON DESDE MINIO =====
[2025-08-18T11:53:53.505+0000] {logging_mixin.py:149} INFO - Registros leídos: 7235
[2025-08-18T11:53:53.513+0000] {logging_mixin.py:149} INFO - root
 |-- sensor_id: string (nullable = true)
 |-- timestamp: string (nullable = true)
 |-- value: double (nullable = true)
[2025-08-18T11:53:54.041+0000] {logging_mixin.py:149} INFO - +---------+--------------------+-----+
|sensor_id|           timestamp|value|
+---------+--------------------+-----+
| sensor_0|2025-08-16T21:31:...|25.44|
| sensor_3|2025-08-16T21:31:...|27.66|
| sensor_0|2025-08-16T21:31:...|24.79|
| sensor_0|2025-08-16T21:31:...|27.92|
| sensor_1|2025-08-16T21:31:...|23.75|
+---------+--------------------+-----+
only showing top 5 rows
[2025-08-18T11:53:54.098+0000] {logging_mixin.py:149} INFO - ===== CALCULANDO PROMEDIOS =====
[2025-08-18T11:54:08.672+0000] {logging_mixin.py:149} INFO - +---------+------------------+
|sensor_id|         avg_value|
+---------+------------------+
| sensor_0| 25.02267857142858|
| sensor_1|24.925288732394364|
| sensor_4| 24.98556401384083|
| sensor_2|25.082411847672788|
| sensor_3|25.115309278350516|
+---------+------------------+
[2025-08-18T11:54:08.673+0000] {logging_mixin.py:149} INFO - ===== GUARDANDO RESULTADOS EN POSTGRES =====
[2025-08-18T11:54:21.273+0000] {logging_mixin.py:149} INFO - ===== PROCESO COMPLETADO CON ÉXITO =====
[2025-08-18T11:54:21.274+0000] {python.py:183} INFO - Done. Returned value was: None
[2025-08-18T11:54:21.290+0000] {taskinstance.py:1350} INFO - Marking task as SUCCESS. dag_id=nitro_data_pipeline, task_id=process_with_spark, execution_date=20250818T114800, start_date=20250818T115105, end_date=20250818T115421
[2025-08-18T11:54:21.339+0000] {local_task_job_runner.py:225} INFO - Task exited with return code 0
[2025-08-18T11:54:21.372+0000] {taskinstance.py:2651} INFO - 0 downstream tasks scheduled from follow-on schedule check
