[2025-08-18T11:00:02.737+0000] {taskinstance.py:1103} INFO - Dependencies all met for dep_context=non-requeueable deps ti=<TaskInstance: nitro_data_pipeline.process_with_spark scheduled__2025-08-18T10:57:00+00:00 [queued]>
[2025-08-18T11:00:02.784+0000] {taskinstance.py:1103} INFO - Dependencies all met for dep_context=requeueable deps ti=<TaskInstance: nitro_data_pipeline.process_with_spark scheduled__2025-08-18T10:57:00+00:00 [queued]>
[2025-08-18T11:00:02.785+0000] {taskinstance.py:1308} INFO - Starting attempt 1 of 1
[2025-08-18T11:00:02.839+0000] {taskinstance.py:1327} INFO - Executing <Task(PythonOperator): process_with_spark> on 2025-08-18 10:57:00+00:00
[2025-08-18T11:00:02.852+0000] {standard_task_runner.py:57} INFO - Started process 2371 to run task
[2025-08-18T11:00:02.872+0000] {standard_task_runner.py:84} INFO - Running: ['airflow', 'tasks', 'run', 'nitro_data_pipeline', 'process_with_spark', 'scheduled__2025-08-18T10:57:00+00:00', '--job-id', '272', '--raw', '--subdir', 'DAGS_FOLDER/data_pipeline.py', '--cfg-path', '/tmp/tmp3ni15odv']
[2025-08-18T11:00:02.876+0000] {standard_task_runner.py:85} INFO - Job 272: Subtask process_with_spark
[2025-08-18T11:00:03.088+0000] {task_command.py:410} INFO - Running <TaskInstance: nitro_data_pipeline.process_with_spark scheduled__2025-08-18T10:57:00+00:00 [running]> on host e3730e5f69d2
[2025-08-18T11:00:03.488+0000] {taskinstance.py:1547} INFO - Exporting env vars: AIRFLOW_CTX_DAG_OWNER='airflow' AIRFLOW_CTX_DAG_ID='nitro_data_pipeline' AIRFLOW_CTX_TASK_ID='process_with_spark' AIRFLOW_CTX_EXECUTION_DATE='2025-08-18T10:57:00+00:00' AIRFLOW_CTX_TRY_NUMBER='1' AIRFLOW_CTX_DAG_RUN_ID='scheduled__2025-08-18T10:57:00+00:00'
[2025-08-18T11:00:03.493+0000] {logging_mixin.py:149} INFO - ===== INICIANDO PROCESO DE SPARK =====
[2025-08-18T11:00:19.698+0000] {logging_mixin.py:149} INFO - ===== LEYENDO JSON DESDE MINIO =====
[2025-08-18T11:02:28.267+0000] {logging_mixin.py:149} INFO - Registros leídos: 5669
[2025-08-18T11:02:28.275+0000] {logging_mixin.py:149} INFO - root
 |-- sensor_id: string (nullable = true)
 |-- timestamp: string (nullable = true)
 |-- value: double (nullable = true)
[2025-08-18T11:02:28.867+0000] {logging_mixin.py:149} INFO - +---------+--------------------+-----+
|sensor_id|           timestamp|value|
+---------+--------------------+-----+
| sensor_0|2025-08-16T21:31:...|25.44|
| sensor_3|2025-08-16T21:31:...|27.66|
| sensor_0|2025-08-16T21:31:...|24.79|
| sensor_0|2025-08-16T21:31:...|27.92|
| sensor_1|2025-08-16T21:31:...|23.75|
+---------+--------------------+-----+
only showing top 5 rows
[2025-08-18T11:02:28.937+0000] {logging_mixin.py:149} INFO - ===== CALCULANDO PROMEDIOS =====
[2025-08-18T11:02:39.267+0000] {logging_mixin.py:149} INFO - +---------+------------------+
|sensor_id|         avg_value|
+---------+------------------+
| sensor_0|24.972794520547946|
| sensor_1|  24.9870795660036|
| sensor_4| 24.92789062500001|
| sensor_2|25.088209764918624|
| sensor_3| 25.09142148760331|
+---------+------------------+
[2025-08-18T11:02:39.267+0000] {logging_mixin.py:149} INFO - ===== GUARDANDO RESULTADOS EN POSTGRES =====
[2025-08-18T11:02:47.916+0000] {logging_mixin.py:149} INFO - ===== PROCESO COMPLETADO CON ÉXITO =====
[2025-08-18T11:02:47.916+0000] {python.py:183} INFO - Done. Returned value was: None
[2025-08-18T11:02:47.936+0000] {taskinstance.py:1350} INFO - Marking task as SUCCESS. dag_id=nitro_data_pipeline, task_id=process_with_spark, execution_date=20250818T105700, start_date=20250818T110002, end_date=20250818T110247
[2025-08-18T11:02:47.986+0000] {local_task_job_runner.py:225} INFO - Task exited with return code 0
[2025-08-18T11:02:48.018+0000] {taskinstance.py:2651} INFO - 0 downstream tasks scheduled from follow-on schedule check
