[2025-08-17T17:12:02.034+0000] {taskinstance.py:1103} INFO - Dependencies all met for dep_context=non-requeueable deps ti=<TaskInstance: nitro_data_pipeline.process_with_spark scheduled__2025-08-17T17:09:00+00:00 [queued]>
[2025-08-17T17:12:02.049+0000] {taskinstance.py:1103} INFO - Dependencies all met for dep_context=requeueable deps ti=<TaskInstance: nitro_data_pipeline.process_with_spark scheduled__2025-08-17T17:09:00+00:00 [queued]>
[2025-08-17T17:12:02.049+0000] {taskinstance.py:1308} INFO - Starting attempt 1 of 1
[2025-08-17T17:12:02.075+0000] {taskinstance.py:1327} INFO - Executing <Task(PythonOperator): process_with_spark> on 2025-08-17 17:09:00+00:00
[2025-08-17T17:12:02.082+0000] {standard_task_runner.py:57} INFO - Started process 25783 to run task
[2025-08-17T17:12:02.088+0000] {standard_task_runner.py:84} INFO - Running: ['airflow', 'tasks', 'run', 'nitro_data_pipeline', 'process_with_spark', 'scheduled__2025-08-17T17:09:00+00:00', '--job-id', '208', '--raw', '--subdir', 'DAGS_FOLDER/data_pipeline.py', '--cfg-path', '/tmp/tmprzq9o0pp']
[2025-08-17T17:12:02.091+0000] {standard_task_runner.py:85} INFO - Job 208: Subtask process_with_spark
[2025-08-17T17:12:02.177+0000] {task_command.py:410} INFO - Running <TaskInstance: nitro_data_pipeline.process_with_spark scheduled__2025-08-17T17:09:00+00:00 [running]> on host 4860d8807aa2
[2025-08-17T17:12:02.323+0000] {taskinstance.py:1547} INFO - Exporting env vars: AIRFLOW_CTX_DAG_OWNER='airflow' AIRFLOW_CTX_DAG_ID='nitro_data_pipeline' AIRFLOW_CTX_TASK_ID='process_with_spark' AIRFLOW_CTX_EXECUTION_DATE='2025-08-17T17:09:00+00:00' AIRFLOW_CTX_TRY_NUMBER='1' AIRFLOW_CTX_DAG_RUN_ID='scheduled__2025-08-17T17:09:00+00:00'
[2025-08-17T17:12:02.324+0000] {logging_mixin.py:149} INFO - ===== INICIANDO PROCESO DE SPARK =====
[2025-08-17T17:12:08.267+0000] {logging_mixin.py:149} INFO - ===== LEYENDO JSON DESDE MINIO =====
[2025-08-17T17:12:48.428+0000] {logging_mixin.py:149} INFO - Registros leídos: 4460
[2025-08-17T17:12:48.435+0000] {logging_mixin.py:149} INFO - root
 |-- sensor_id: string (nullable = true)
 |-- timestamp: string (nullable = true)
 |-- value: double (nullable = true)
[2025-08-17T17:12:48.719+0000] {logging_mixin.py:149} INFO - +---------+--------------------+-----+
|sensor_id|           timestamp|value|
+---------+--------------------+-----+
| sensor_0|2025-08-16T21:31:...|25.44|
| sensor_3|2025-08-16T21:31:...|27.66|
| sensor_0|2025-08-16T21:31:...|24.79|
| sensor_0|2025-08-16T21:31:...|27.92|
| sensor_1|2025-08-16T21:31:...|23.75|
+---------+--------------------+-----+
only showing top 5 rows
[2025-08-17T17:12:48.755+0000] {logging_mixin.py:149} INFO - ===== CALCULANDO PROMEDIOS =====
[2025-08-17T17:12:53.718+0000] {logging_mixin.py:149} INFO - +---------+------------------+
|sensor_id|         avg_value|
+---------+------------------+
| sensor_0|  25.0334762456547|
| sensor_1|25.053929824561404|
| sensor_4|24.910464362850963|
| sensor_2| 25.09165701042874|
| sensor_3| 25.05394543546694|
+---------+------------------+
[2025-08-17T17:12:53.718+0000] {logging_mixin.py:149} INFO - ===== GUARDANDO RESULTADOS EN POSTGRES =====
[2025-08-17T17:12:58.508+0000] {logging_mixin.py:149} INFO - ===== PROCESO COMPLETADO CON ÉXITO =====
[2025-08-17T17:12:58.508+0000] {python.py:183} INFO - Done. Returned value was: None
[2025-08-17T17:12:58.524+0000] {taskinstance.py:1350} INFO - Marking task as SUCCESS. dag_id=nitro_data_pipeline, task_id=process_with_spark, execution_date=20250817T170900, start_date=20250817T171202, end_date=20250817T171258
[2025-08-17T17:12:58.570+0000] {local_task_job_runner.py:225} INFO - Task exited with return code 0
[2025-08-17T17:12:58.595+0000] {taskinstance.py:2651} INFO - 0 downstream tasks scheduled from follow-on schedule check
