[2025-08-17T16:39:01.115+0000] {taskinstance.py:1103} INFO - Dependencies all met for dep_context=non-requeueable deps ti=<TaskInstance: nitro_data_pipeline.process_with_spark scheduled__2025-08-17T16:36:00+00:00 [queued]>
[2025-08-17T16:39:01.125+0000] {taskinstance.py:1103} INFO - Dependencies all met for dep_context=requeueable deps ti=<TaskInstance: nitro_data_pipeline.process_with_spark scheduled__2025-08-17T16:36:00+00:00 [queued]>
[2025-08-17T16:39:01.126+0000] {taskinstance.py:1308} INFO - Starting attempt 1 of 1
[2025-08-17T16:39:01.141+0000] {taskinstance.py:1327} INFO - Executing <Task(PythonOperator): process_with_spark> on 2025-08-17 16:36:00+00:00
[2025-08-17T16:39:01.147+0000] {standard_task_runner.py:57} INFO - Started process 16863 to run task
[2025-08-17T16:39:01.152+0000] {standard_task_runner.py:84} INFO - Running: ['airflow', 'tasks', 'run', 'nitro_data_pipeline', 'process_with_spark', 'scheduled__2025-08-17T16:36:00+00:00', '--job-id', '181', '--raw', '--subdir', 'DAGS_FOLDER/data_pipeline.py', '--cfg-path', '/tmp/tmpj2rf1g7g']
[2025-08-17T16:39:01.154+0000] {standard_task_runner.py:85} INFO - Job 181: Subtask process_with_spark
[2025-08-17T16:39:01.206+0000] {task_command.py:410} INFO - Running <TaskInstance: nitro_data_pipeline.process_with_spark scheduled__2025-08-17T16:36:00+00:00 [running]> on host 4860d8807aa2
[2025-08-17T16:39:01.317+0000] {taskinstance.py:1547} INFO - Exporting env vars: AIRFLOW_CTX_DAG_OWNER='airflow' AIRFLOW_CTX_DAG_ID='nitro_data_pipeline' AIRFLOW_CTX_TASK_ID='process_with_spark' AIRFLOW_CTX_EXECUTION_DATE='2025-08-17T16:36:00+00:00' AIRFLOW_CTX_TRY_NUMBER='1' AIRFLOW_CTX_DAG_RUN_ID='scheduled__2025-08-17T16:36:00+00:00'
[2025-08-17T16:39:01.319+0000] {logging_mixin.py:149} INFO - ===== INICIANDO PROCESO DE SPARK =====
[2025-08-17T16:39:07.632+0000] {logging_mixin.py:149} INFO - ===== LEYENDO JSON DESDE MINIO =====
[2025-08-17T16:39:50.317+0000] {logging_mixin.py:149} INFO - Registros leídos: 3590
[2025-08-17T16:39:50.322+0000] {logging_mixin.py:149} INFO - root
 |-- sensor_id: string (nullable = true)
 |-- timestamp: string (nullable = true)
 |-- value: double (nullable = true)
[2025-08-17T16:39:50.650+0000] {logging_mixin.py:149} INFO - +---------+--------------------+-----+
|sensor_id|           timestamp|value|
+---------+--------------------+-----+
| sensor_0|2025-08-16T21:31:...|25.44|
| sensor_3|2025-08-16T21:31:...|27.66|
| sensor_0|2025-08-16T21:31:...|24.79|
| sensor_0|2025-08-16T21:31:...|27.92|
| sensor_1|2025-08-16T21:31:...|23.75|
+---------+--------------------+-----+
only showing top 5 rows
[2025-08-17T16:39:50.704+0000] {logging_mixin.py:149} INFO - ===== CALCULANDO PROMEDIOS =====
[2025-08-17T16:39:56.141+0000] {logging_mixin.py:149} INFO - +---------+-----------------+
|sensor_id|        avg_value|
+---------+-----------------+
| sensor_0|24.96903179190752|
| sensor_1|25.05376266280753|
| sensor_4|24.89918010752687|
| sensor_2|25.09318309859156|
| sensor_3| 24.9634395750332|
+---------+-----------------+
[2025-08-17T16:39:56.141+0000] {logging_mixin.py:149} INFO - ===== GUARDANDO RESULTADOS EN POSTGRES =====
[2025-08-17T16:40:00.580+0000] {logging_mixin.py:149} INFO - ===== PROCESO COMPLETADO CON ÉXITO =====
[2025-08-17T16:40:00.581+0000] {python.py:183} INFO - Done. Returned value was: None
[2025-08-17T16:40:00.597+0000] {taskinstance.py:1350} INFO - Marking task as SUCCESS. dag_id=nitro_data_pipeline, task_id=process_with_spark, execution_date=20250817T163600, start_date=20250817T163901, end_date=20250817T164000
[2025-08-17T16:40:00.647+0000] {local_task_job_runner.py:225} INFO - Task exited with return code 0
[2025-08-17T16:40:00.672+0000] {taskinstance.py:2651} INFO - 0 downstream tasks scheduled from follow-on schedule check
