[2025-08-18T18:00:01.029+0000] {taskinstance.py:1103} INFO - Dependencies all met for dep_context=non-requeueable deps ti=<TaskInstance: nitro_data_pipeline.process_with_spark scheduled__2025-08-18T17:57:00+00:00 [queued]>
[2025-08-18T18:00:01.040+0000] {taskinstance.py:1103} INFO - Dependencies all met for dep_context=requeueable deps ti=<TaskInstance: nitro_data_pipeline.process_with_spark scheduled__2025-08-18T17:57:00+00:00 [queued]>
[2025-08-18T18:00:01.041+0000] {taskinstance.py:1308} INFO - Starting attempt 1 of 1
[2025-08-18T18:00:01.059+0000] {taskinstance.py:1327} INFO - Executing <Task(PythonOperator): process_with_spark> on 2025-08-18 17:57:00+00:00
[2025-08-18T18:00:01.064+0000] {standard_task_runner.py:57} INFO - Started process 12509 to run task
[2025-08-18T18:00:01.069+0000] {standard_task_runner.py:84} INFO - Running: ['airflow', 'tasks', 'run', 'nitro_data_pipeline', 'process_with_spark', 'scheduled__2025-08-18T17:57:00+00:00', '--job-id', '48', '--raw', '--subdir', 'DAGS_FOLDER/data_pipeline.py', '--cfg-path', '/tmp/tmpzo42muw6']
[2025-08-18T18:00:01.072+0000] {standard_task_runner.py:85} INFO - Job 48: Subtask process_with_spark
[2025-08-18T18:00:01.141+0000] {task_command.py:410} INFO - Running <TaskInstance: nitro_data_pipeline.process_with_spark scheduled__2025-08-18T17:57:00+00:00 [running]> on host 8ed7b3a2822e
[2025-08-18T18:00:01.293+0000] {taskinstance.py:1547} INFO - Exporting env vars: AIRFLOW_CTX_DAG_OWNER='airflow' AIRFLOW_CTX_DAG_ID='nitro_data_pipeline' AIRFLOW_CTX_TASK_ID='process_with_spark' AIRFLOW_CTX_EXECUTION_DATE='2025-08-18T17:57:00+00:00' AIRFLOW_CTX_TRY_NUMBER='1' AIRFLOW_CTX_DAG_RUN_ID='scheduled__2025-08-18T17:57:00+00:00'
[2025-08-18T18:00:01.294+0000] {logging_mixin.py:149} INFO - ===== INICIANDO PROCESO DE SPARK =====
[2025-08-18T18:00:08.838+0000] {logging_mixin.py:149} INFO - ===== LEYENDO JSON DESDE MINIO =====
[2025-08-18T18:00:43.323+0000] {logging_mixin.py:149} INFO - Registros leídos: 2137
[2025-08-18T18:00:43.330+0000] {logging_mixin.py:149} INFO - root
 |-- sensor_id: string (nullable = true)
 |-- timestamp: string (nullable = true)
 |-- value: double (nullable = true)
[2025-08-18T18:00:43.618+0000] {logging_mixin.py:149} INFO - +---------+--------------------+-----+
|sensor_id|           timestamp|value|
+---------+--------------------+-----+
| sensor_1|2025-08-18T18:51:...|20.56|
| sensor_4|2025-08-18T18:51:...|25.16|
| sensor_0|2025-08-18T18:51:...|28.27|
| sensor_3|2025-08-18T18:50:...|27.02|
| sensor_3|2025-08-18T18:50:...|27.84|
+---------+--------------------+-----+
only showing top 5 rows
[2025-08-18T18:00:43.671+0000] {logging_mixin.py:149} INFO - ===== CALCULANDO PROMEDIOS =====
[2025-08-18T18:00:47.534+0000] {logging_mixin.py:149} INFO - +---------+------------------+
|sensor_id|         avg_value|
+---------+------------------+
| sensor_0| 24.95425213675213|
| sensor_1|24.752784810126577|
| sensor_4|           24.9676|
| sensor_2|25.110173267326733|
| sensor_3|25.016106382978727|
+---------+------------------+
[2025-08-18T18:00:47.535+0000] {logging_mixin.py:149} INFO - ===== GUARDANDO RESULTADOS EN POSTGRES =====
[2025-08-18T18:00:51.010+0000] {logging_mixin.py:149} INFO - ===== PROCESO COMPLETADO CON ÉXITO =====
[2025-08-18T18:00:51.010+0000] {python.py:183} INFO - Done. Returned value was: None
[2025-08-18T18:00:51.038+0000] {taskinstance.py:1350} INFO - Marking task as SUCCESS. dag_id=nitro_data_pipeline, task_id=process_with_spark, execution_date=20250818T175700, start_date=20250818T180001, end_date=20250818T180051
[2025-08-18T18:00:51.083+0000] {local_task_job_runner.py:225} INFO - Task exited with return code 0
[2025-08-18T18:00:51.119+0000] {taskinstance.py:2651} INFO - 0 downstream tasks scheduled from follow-on schedule check
