[2025-08-19T09:30:02.418+0000] {taskinstance.py:1103} INFO - Dependencies all met for dep_context=non-requeueable deps ti=<TaskInstance: nitro_data_pipeline.process_with_spark scheduled__2025-08-19T09:27:00+00:00 [queued]>
[2025-08-19T09:30:02.464+0000] {taskinstance.py:1103} INFO - Dependencies all met for dep_context=requeueable deps ti=<TaskInstance: nitro_data_pipeline.process_with_spark scheduled__2025-08-19T09:27:00+00:00 [queued]>
[2025-08-19T09:30:02.464+0000] {taskinstance.py:1308} INFO - Starting attempt 1 of 1
[2025-08-19T09:30:02.527+0000] {taskinstance.py:1327} INFO - Executing <Task(PythonOperator): process_with_spark> on 2025-08-19 09:27:00+00:00
[2025-08-19T09:30:02.540+0000] {standard_task_runner.py:57} INFO - Started process 632 to run task
[2025-08-19T09:30:02.563+0000] {standard_task_runner.py:84} INFO - Running: ['airflow', 'tasks', 'run', 'nitro_data_pipeline', 'process_with_spark', 'scheduled__2025-08-19T09:27:00+00:00', '--job-id', '200', '--raw', '--subdir', 'DAGS_FOLDER/data_pipeline.py', '--cfg-path', '/tmp/tmpiy_q22wc']
[2025-08-19T09:30:02.573+0000] {standard_task_runner.py:85} INFO - Job 200: Subtask process_with_spark
[2025-08-19T09:30:02.761+0000] {task_command.py:410} INFO - Running <TaskInstance: nitro_data_pipeline.process_with_spark scheduled__2025-08-19T09:27:00+00:00 [running]> on host 83c8e0db1ac2
[2025-08-19T09:30:03.090+0000] {taskinstance.py:1547} INFO - Exporting env vars: AIRFLOW_CTX_DAG_OWNER='airflow' AIRFLOW_CTX_DAG_ID='nitro_data_pipeline' AIRFLOW_CTX_TASK_ID='process_with_spark' AIRFLOW_CTX_EXECUTION_DATE='2025-08-19T09:27:00+00:00' AIRFLOW_CTX_TRY_NUMBER='1' AIRFLOW_CTX_DAG_RUN_ID='scheduled__2025-08-19T09:27:00+00:00'
[2025-08-19T09:30:03.091+0000] {logging_mixin.py:149} INFO - ===== INICIANDO PROCESO DE SPARK =====
[2025-08-19T09:30:20.827+0000] {logging_mixin.py:149} INFO - ===== LEYENDO JSON DESDE MINIO =====
[2025-08-19T09:33:39.100+0000] {logging_mixin.py:149} INFO - Registros leídos: 8452
[2025-08-19T09:33:39.132+0000] {logging_mixin.py:149} INFO - root
 |-- sensor_id: string (nullable = true)
 |-- timestamp: string (nullable = true)
 |-- value: double (nullable = true)
[2025-08-19T09:33:40.366+0000] {logging_mixin.py:149} INFO - +---------+--------------------+-----+
|sensor_id|           timestamp|value|
+---------+--------------------+-----+
| sensor_1|2025-08-18T18:51:...|20.56|
| sensor_4|2025-08-18T18:51:...|25.16|
| sensor_0|2025-08-18T18:51:...|28.27|
| sensor_3|2025-08-18T18:50:...|27.02|
| sensor_3|2025-08-18T18:50:...|27.84|
+---------+--------------------+-----+
only showing top 5 rows
[2025-08-19T09:33:40.454+0000] {logging_mixin.py:149} INFO - ===== CALCULANDO PROMEDIOS =====
[2025-08-19T09:34:13.929+0000] {logging_mixin.py:149} INFO - +---------+------------------+
|sensor_id|         avg_value|
+---------+------------------+
| sensor_0|24.931388261851016|
| sensor_1| 24.98090314913845|
| sensor_4|24.885862279098106|
| sensor_2|25.025463414634153|
| sensor_3|25.080081585081597|
+---------+------------------+
[2025-08-19T09:34:13.940+0000] {logging_mixin.py:149} INFO - ===== GUARDANDO RESULTADOS EN POSTGRES =====
[2025-08-19T09:34:44.898+0000] {logging_mixin.py:149} INFO - ===== PROCESO COMPLETADO CON ÉXITO =====
[2025-08-19T09:34:44.899+0000] {python.py:183} INFO - Done. Returned value was: None
[2025-08-19T09:34:44.926+0000] {taskinstance.py:1350} INFO - Marking task as SUCCESS. dag_id=nitro_data_pipeline, task_id=process_with_spark, execution_date=20250819T092700, start_date=20250819T093002, end_date=20250819T093444
[2025-08-19T09:34:44.993+0000] {local_task_job_runner.py:225} INFO - Task exited with return code 0
[2025-08-19T09:34:45.057+0000] {taskinstance.py:2651} INFO - 0 downstream tasks scheduled from follow-on schedule check
