[2025-08-18T15:36:05.352+0000] {taskinstance.py:1103} INFO - Dependencies all met for dep_context=non-requeueable deps ti=<TaskInstance: nitro_data_pipeline.process_with_spark scheduled__2025-08-18T15:33:00+00:00 [queued]>
[2025-08-18T15:36:05.384+0000] {taskinstance.py:1103} INFO - Dependencies all met for dep_context=requeueable deps ti=<TaskInstance: nitro_data_pipeline.process_with_spark scheduled__2025-08-18T15:33:00+00:00 [queued]>
[2025-08-18T15:36:05.390+0000] {taskinstance.py:1308} INFO - Starting attempt 1 of 1
[2025-08-18T15:36:05.436+0000] {taskinstance.py:1327} INFO - Executing <Task(PythonOperator): process_with_spark> on 2025-08-18 15:33:00+00:00
[2025-08-18T15:36:05.461+0000] {standard_task_runner.py:57} INFO - Started process 1752 to run task
[2025-08-18T15:36:05.475+0000] {standard_task_runner.py:84} INFO - Running: ['airflow', 'tasks', 'run', 'nitro_data_pipeline', 'process_with_spark', 'scheduled__2025-08-18T15:33:00+00:00', '--job-id', '456', '--raw', '--subdir', 'DAGS_FOLDER/data_pipeline.py', '--cfg-path', '/tmp/tmpor6sr3qc']
[2025-08-18T15:36:05.486+0000] {standard_task_runner.py:85} INFO - Job 456: Subtask process_with_spark
[2025-08-18T15:36:05.754+0000] {task_command.py:410} INFO - Running <TaskInstance: nitro_data_pipeline.process_with_spark scheduled__2025-08-18T15:33:00+00:00 [running]> on host 82ba84950a6e
[2025-08-18T15:36:06.130+0000] {taskinstance.py:1547} INFO - Exporting env vars: AIRFLOW_CTX_DAG_OWNER='airflow' AIRFLOW_CTX_DAG_ID='nitro_data_pipeline' AIRFLOW_CTX_TASK_ID='process_with_spark' AIRFLOW_CTX_EXECUTION_DATE='2025-08-18T15:33:00+00:00' AIRFLOW_CTX_TRY_NUMBER='1' AIRFLOW_CTX_DAG_RUN_ID='scheduled__2025-08-18T15:33:00+00:00'
[2025-08-18T15:36:06.132+0000] {logging_mixin.py:149} INFO - ===== INICIANDO PROCESO DE SPARK =====
[2025-08-18T15:36:31.384+0000] {logging_mixin.py:149} INFO - ===== LEYENDO JSON DESDE MINIO =====
[2025-08-18T15:40:52.117+0000] {logging_mixin.py:149} INFO - Registros leídos: 10124
[2025-08-18T15:40:52.147+0000] {logging_mixin.py:149} INFO - root
 |-- sensor_id: string (nullable = true)
 |-- timestamp: string (nullable = true)
 |-- value: double (nullable = true)
[2025-08-18T15:40:54.197+0000] {logging_mixin.py:149} INFO - +---------+--------------------+-----+
|sensor_id|           timestamp|value|
+---------+--------------------+-----+
| sensor_0|2025-08-16T21:31:...|25.44|
| sensor_3|2025-08-16T21:31:...|27.66|
| sensor_0|2025-08-16T21:31:...|24.79|
| sensor_0|2025-08-16T21:31:...|27.92|
| sensor_1|2025-08-16T21:31:...|23.75|
+---------+--------------------+-----+
only showing top 5 rows
[2025-08-18T15:40:54.369+0000] {logging_mixin.py:149} INFO - ===== CALCULANDO PROMEDIOS =====
[2025-08-18T15:41:29.348+0000] {logging_mixin.py:149} INFO - +---------+------------------+
|sensor_id|         avg_value|
+---------+------------------+
| sensor_0|25.057201005025135|
| sensor_1|24.921262848751827|
| sensor_4| 25.01422556390978|
| sensor_2|25.051622583926758|
| sensor_3|25.117328638497636|
+---------+------------------+
[2025-08-18T15:41:29.351+0000] {logging_mixin.py:149} INFO - ===== GUARDANDO RESULTADOS EN POSTGRES =====
[2025-08-18T15:41:57.104+0000] {logging_mixin.py:149} INFO - ===== PROCESO COMPLETADO CON ÉXITO =====
[2025-08-18T15:41:57.104+0000] {python.py:183} INFO - Done. Returned value was: None
[2025-08-18T15:41:57.140+0000] {taskinstance.py:1350} INFO - Marking task as SUCCESS. dag_id=nitro_data_pipeline, task_id=process_with_spark, execution_date=20250818T153300, start_date=20250818T153605, end_date=20250818T154157
[2025-08-18T15:41:57.209+0000] {local_task_job_runner.py:225} INFO - Task exited with return code 0
[2025-08-18T15:41:57.265+0000] {taskinstance.py:2651} INFO - 0 downstream tasks scheduled from follow-on schedule check
