[2025-08-17T10:06:52.332+0000] {taskinstance.py:1103} INFO - Dependencies all met for dep_context=non-requeueable deps ti=<TaskInstance: nitro_data_pipeline.process_with_spark manual__2025-08-17T10:06:50+00:00 [queued]>
[2025-08-17T10:06:52.341+0000] {taskinstance.py:1103} INFO - Dependencies all met for dep_context=requeueable deps ti=<TaskInstance: nitro_data_pipeline.process_with_spark manual__2025-08-17T10:06:50+00:00 [queued]>
[2025-08-17T10:06:52.341+0000] {taskinstance.py:1308} INFO - Starting attempt 1 of 1
[2025-08-17T10:06:52.356+0000] {taskinstance.py:1327} INFO - Executing <Task(PythonOperator): process_with_spark> on 2025-08-17 10:06:50+00:00
[2025-08-17T10:06:52.361+0000] {standard_task_runner.py:57} INFO - Started process 5011 to run task
[2025-08-17T10:06:52.365+0000] {standard_task_runner.py:84} INFO - Running: ['airflow', 'tasks', 'run', 'nitro_data_pipeline', 'process_with_spark', 'manual__2025-08-17T10:06:50+00:00', '--job-id', '132', '--raw', '--subdir', 'DAGS_FOLDER/data_pipeline.py', '--cfg-path', '/tmp/tmpvbz44shr']
[2025-08-17T10:06:52.368+0000] {standard_task_runner.py:85} INFO - Job 132: Subtask process_with_spark
[2025-08-17T10:06:52.424+0000] {task_command.py:410} INFO - Running <TaskInstance: nitro_data_pipeline.process_with_spark manual__2025-08-17T10:06:50+00:00 [running]> on host 81dcc9af3f6d
[2025-08-17T10:06:52.524+0000] {taskinstance.py:1547} INFO - Exporting env vars: AIRFLOW_CTX_DAG_OWNER='airflow' AIRFLOW_CTX_DAG_ID='nitro_data_pipeline' AIRFLOW_CTX_TASK_ID='process_with_spark' AIRFLOW_CTX_EXECUTION_DATE='2025-08-17T10:06:50+00:00' AIRFLOW_CTX_TRY_NUMBER='1' AIRFLOW_CTX_DAG_RUN_ID='manual__2025-08-17T10:06:50+00:00'
[2025-08-17T10:06:52.525+0000] {logging_mixin.py:149} INFO - ===== INICIANDO PROCESO DE SPARK =====
[2025-08-17T10:06:57.631+0000] {logging_mixin.py:149} INFO - ===== LEYENDO JSON DESDE MINIO =====
[2025-08-17T10:07:20.106+0000] {logging_mixin.py:149} INFO - Registros leídos: 1560
[2025-08-17T10:07:20.115+0000] {logging_mixin.py:149} INFO - root
 |-- sensor_id: string (nullable = true)
 |-- timestamp: string (nullable = true)
 |-- value: double (nullable = true)
[2025-08-17T10:07:20.368+0000] {logging_mixin.py:149} INFO - +---------+--------------------+-----+
|sensor_id|           timestamp|value|
+---------+--------------------+-----+
| sensor_0|2025-08-16T21:31:...|25.44|
| sensor_3|2025-08-16T21:31:...|27.66|
| sensor_0|2025-08-16T21:31:...|24.79|
| sensor_0|2025-08-16T21:31:...|27.92|
| sensor_1|2025-08-16T21:31:...|23.75|
+---------+--------------------+-----+
only showing top 5 rows
[2025-08-17T10:07:20.413+0000] {logging_mixin.py:149} INFO - ===== CALCULANDO PROMEDIOS =====
[2025-08-17T10:07:23.033+0000] {logging_mixin.py:149} INFO - +---------+------------------+
|sensor_id|         avg_value|
+---------+------------------+
| sensor_0|25.126931034482766|
| sensor_1|25.030915032679726|
| sensor_4| 25.16404320987654|
| sensor_2|25.271482649842273|
| sensor_3|24.960804953560373|
+---------+------------------+
[2025-08-17T10:07:23.033+0000] {logging_mixin.py:149} INFO - ===== GUARDANDO RESULTADOS EN POSTGRES =====
[2025-08-17T10:07:25.425+0000] {logging_mixin.py:149} INFO - ===== PROCESO COMPLETADO CON ÉXITO =====
[2025-08-17T10:07:25.426+0000] {python.py:183} INFO - Done. Returned value was: None
[2025-08-17T10:07:25.442+0000] {taskinstance.py:1350} INFO - Marking task as SUCCESS. dag_id=nitro_data_pipeline, task_id=process_with_spark, execution_date=20250817T100650, start_date=20250817T100652, end_date=20250817T100725
[2025-08-17T10:07:25.486+0000] {local_task_job_runner.py:225} INFO - Task exited with return code 0
[2025-08-17T10:07:25.511+0000] {taskinstance.py:2651} INFO - 0 downstream tasks scheduled from follow-on schedule check
