[2025-08-18T21:33:01.093+0000] {taskinstance.py:1103} INFO - Dependencies all met for dep_context=non-requeueable deps ti=<TaskInstance: nitro_data_pipeline.process_with_spark scheduled__2025-08-18T21:30:00+00:00 [queued]>
[2025-08-18T21:33:01.106+0000] {taskinstance.py:1103} INFO - Dependencies all met for dep_context=requeueable deps ti=<TaskInstance: nitro_data_pipeline.process_with_spark scheduled__2025-08-18T21:30:00+00:00 [queued]>
[2025-08-18T21:33:01.107+0000] {taskinstance.py:1308} INFO - Starting attempt 1 of 1
[2025-08-18T21:33:01.123+0000] {taskinstance.py:1327} INFO - Executing <Task(PythonOperator): process_with_spark> on 2025-08-18 21:30:00+00:00
[2025-08-18T21:33:01.128+0000] {standard_task_runner.py:57} INFO - Started process 5106 to run task
[2025-08-18T21:33:01.134+0000] {standard_task_runner.py:84} INFO - Running: ['airflow', 'tasks', 'run', 'nitro_data_pipeline', 'process_with_spark', 'scheduled__2025-08-18T21:30:00+00:00', '--job-id', '185', '--raw', '--subdir', 'DAGS_FOLDER/data_pipeline.py', '--cfg-path', '/tmp/tmpjyzp939r']
[2025-08-18T21:33:01.138+0000] {standard_task_runner.py:85} INFO - Job 185: Subtask process_with_spark
[2025-08-18T21:33:01.214+0000] {task_command.py:410} INFO - Running <TaskInstance: nitro_data_pipeline.process_with_spark scheduled__2025-08-18T21:30:00+00:00 [running]> on host bd42b234d545
[2025-08-18T21:33:01.334+0000] {taskinstance.py:1547} INFO - Exporting env vars: AIRFLOW_CTX_DAG_OWNER='airflow' AIRFLOW_CTX_DAG_ID='nitro_data_pipeline' AIRFLOW_CTX_TASK_ID='process_with_spark' AIRFLOW_CTX_EXECUTION_DATE='2025-08-18T21:30:00+00:00' AIRFLOW_CTX_TRY_NUMBER='1' AIRFLOW_CTX_DAG_RUN_ID='scheduled__2025-08-18T21:30:00+00:00'
[2025-08-18T21:33:01.335+0000] {logging_mixin.py:149} INFO - ===== INICIANDO PROCESO DE SPARK =====
[2025-08-18T21:33:07.805+0000] {logging_mixin.py:149} INFO - ===== LEYENDO JSON DESDE MINIO =====
[2025-08-18T21:34:20.288+0000] {logging_mixin.py:149} INFO - Registros leídos: 7946
[2025-08-18T21:34:20.295+0000] {logging_mixin.py:149} INFO - root
 |-- sensor_id: string (nullable = true)
 |-- timestamp: string (nullable = true)
 |-- value: double (nullable = true)
[2025-08-18T21:34:20.826+0000] {logging_mixin.py:149} INFO - +---------+--------------------+-----+
|sensor_id|           timestamp|value|
+---------+--------------------+-----+
| sensor_1|2025-08-18T18:51:...|20.56|
| sensor_4|2025-08-18T18:51:...|25.16|
| sensor_0|2025-08-18T18:51:...|28.27|
| sensor_3|2025-08-18T18:50:...|27.02|
| sensor_3|2025-08-18T18:50:...|27.84|
+---------+--------------------+-----+
only showing top 5 rows
[2025-08-18T21:34:20.869+0000] {logging_mixin.py:149} INFO - ===== CALCULANDO PROMEDIOS =====
[2025-08-18T21:34:32.126+0000] {logging_mixin.py:149} INFO - +---------+------------------+
|sensor_id|         avg_value|
+---------+------------------+
| sensor_0|24.922094554159177|
| sensor_1| 24.97964668769717|
| sensor_4|24.892582311168486|
| sensor_2|24.981683038637843|
| sensor_3| 25.04794299876085|
+---------+------------------+
[2025-08-18T21:34:32.126+0000] {logging_mixin.py:149} INFO - ===== GUARDANDO RESULTADOS EN POSTGRES =====
[2025-08-18T21:34:40.312+0000] {logging_mixin.py:149} INFO - ===== PROCESO COMPLETADO CON ÉXITO =====
[2025-08-18T21:34:40.312+0000] {python.py:183} INFO - Done. Returned value was: None
[2025-08-18T21:34:40.325+0000] {taskinstance.py:1350} INFO - Marking task as SUCCESS. dag_id=nitro_data_pipeline, task_id=process_with_spark, execution_date=20250818T213000, start_date=20250818T213301, end_date=20250818T213440
[2025-08-18T21:34:40.376+0000] {local_task_job_runner.py:225} INFO - Task exited with return code 0
[2025-08-18T21:34:40.398+0000] {taskinstance.py:2651} INFO - 0 downstream tasks scheduled from follow-on schedule check
