[2025-08-17T10:01:32.361+0000] {taskinstance.py:1103} INFO - Dependencies all met for dep_context=non-requeueable deps ti=<TaskInstance: nitro_data_pipeline.process_with_spark manual__2025-08-17T10:01:31+00:00 [queued]>
[2025-08-17T10:01:32.371+0000] {taskinstance.py:1103} INFO - Dependencies all met for dep_context=requeueable deps ti=<TaskInstance: nitro_data_pipeline.process_with_spark manual__2025-08-17T10:01:31+00:00 [queued]>
[2025-08-17T10:01:32.371+0000] {taskinstance.py:1308} INFO - Starting attempt 1 of 1
[2025-08-17T10:01:32.387+0000] {taskinstance.py:1327} INFO - Executing <Task(PythonOperator): process_with_spark> on 2025-08-17 10:01:31+00:00
[2025-08-17T10:01:32.392+0000] {standard_task_runner.py:57} INFO - Started process 3730 to run task
[2025-08-17T10:01:32.395+0000] {standard_task_runner.py:84} INFO - Running: ['airflow', 'tasks', 'run', 'nitro_data_pipeline', 'process_with_spark', 'manual__2025-08-17T10:01:31+00:00', '--job-id', '129', '--raw', '--subdir', 'DAGS_FOLDER/data_pipeline.py', '--cfg-path', '/tmp/tmp_2_5bn6t']
[2025-08-17T10:01:32.398+0000] {standard_task_runner.py:85} INFO - Job 129: Subtask process_with_spark
[2025-08-17T10:01:32.461+0000] {task_command.py:410} INFO - Running <TaskInstance: nitro_data_pipeline.process_with_spark manual__2025-08-17T10:01:31+00:00 [running]> on host 81dcc9af3f6d
[2025-08-17T10:01:32.588+0000] {taskinstance.py:1547} INFO - Exporting env vars: AIRFLOW_CTX_DAG_OWNER='airflow' AIRFLOW_CTX_DAG_ID='nitro_data_pipeline' AIRFLOW_CTX_TASK_ID='process_with_spark' AIRFLOW_CTX_EXECUTION_DATE='2025-08-17T10:01:31+00:00' AIRFLOW_CTX_TRY_NUMBER='1' AIRFLOW_CTX_DAG_RUN_ID='manual__2025-08-17T10:01:31+00:00'
[2025-08-17T10:01:32.590+0000] {logging_mixin.py:149} INFO - ===== INICIANDO PROCESO DE SPARK =====
[2025-08-17T10:01:38.942+0000] {logging_mixin.py:149} INFO - ===== LEYENDO JSON DESDE MINIO =====
[2025-08-17T10:02:03.491+0000] {logging_mixin.py:149} INFO - Registros leídos: 1533
[2025-08-17T10:02:03.497+0000] {logging_mixin.py:149} INFO - root
 |-- sensor_id: string (nullable = true)
 |-- timestamp: string (nullable = true)
 |-- value: double (nullable = true)
[2025-08-17T10:02:03.838+0000] {logging_mixin.py:149} INFO - +---------+--------------------+-----+
|sensor_id|           timestamp|value|
+---------+--------------------+-----+
| sensor_0|2025-08-16T21:31:...|25.44|
| sensor_3|2025-08-16T21:31:...|27.66|
| sensor_0|2025-08-16T21:31:...|24.79|
| sensor_0|2025-08-16T21:31:...|27.92|
| sensor_1|2025-08-16T21:31:...|23.75|
+---------+--------------------+-----+
only showing top 5 rows
[2025-08-17T10:02:03.884+0000] {logging_mixin.py:149} INFO - ===== CALCULANDO PROMEDIOS =====
[2025-08-17T10:02:06.513+0000] {logging_mixin.py:149} INFO - +---------+------------------+
|sensor_id|         avg_value|
+---------+------------------+
| sensor_0|  25.0860350877193|
| sensor_1| 25.03785478547854|
| sensor_4| 25.13278124999999|
| sensor_2|25.238032258064518|
| sensor_3|24.996412698412698|
+---------+------------------+
[2025-08-17T10:02:06.514+0000] {logging_mixin.py:149} INFO - ===== GUARDANDO RESULTADOS EN POSTGRES =====
[2025-08-17T10:02:09.278+0000] {logging_mixin.py:149} INFO - ===== PROCESO COMPLETADO CON ÉXITO =====
[2025-08-17T10:02:09.279+0000] {python.py:183} INFO - Done. Returned value was: None
[2025-08-17T10:02:09.294+0000] {taskinstance.py:1350} INFO - Marking task as SUCCESS. dag_id=nitro_data_pipeline, task_id=process_with_spark, execution_date=20250817T100131, start_date=20250817T100132, end_date=20250817T100209
[2025-08-17T10:02:09.330+0000] {local_task_job_runner.py:225} INFO - Task exited with return code 0
[2025-08-17T10:02:09.355+0000] {taskinstance.py:2651} INFO - 0 downstream tasks scheduled from follow-on schedule check
