[2025-08-17T16:06:56.453+0000] {taskinstance.py:1103} INFO - Dependencies all met for dep_context=non-requeueable deps ti=<TaskInstance: nitro_data_pipeline.process_with_spark manual__2025-08-17T16:06:55+00:00 [queued]>
[2025-08-17T16:06:56.463+0000] {taskinstance.py:1103} INFO - Dependencies all met for dep_context=requeueable deps ti=<TaskInstance: nitro_data_pipeline.process_with_spark manual__2025-08-17T16:06:55+00:00 [queued]>
[2025-08-17T16:06:56.464+0000] {taskinstance.py:1308} INFO - Starting attempt 1 of 1
[2025-08-17T16:06:56.479+0000] {taskinstance.py:1327} INFO - Executing <Task(PythonOperator): process_with_spark> on 2025-08-17 16:06:55+00:00
[2025-08-17T16:06:56.485+0000] {standard_task_runner.py:57} INFO - Started process 8508 to run task
[2025-08-17T16:06:56.489+0000] {standard_task_runner.py:84} INFO - Running: ['airflow', 'tasks', 'run', 'nitro_data_pipeline', 'process_with_spark', 'manual__2025-08-17T16:06:55+00:00', '--job-id', '163', '--raw', '--subdir', 'DAGS_FOLDER/data_pipeline.py', '--cfg-path', '/tmp/tmp1n2lme65']
[2025-08-17T16:06:56.491+0000] {standard_task_runner.py:85} INFO - Job 163: Subtask process_with_spark
[2025-08-17T16:06:56.550+0000] {task_command.py:410} INFO - Running <TaskInstance: nitro_data_pipeline.process_with_spark manual__2025-08-17T16:06:55+00:00 [running]> on host 4860d8807aa2
[2025-08-17T16:06:56.655+0000] {taskinstance.py:1547} INFO - Exporting env vars: AIRFLOW_CTX_DAG_OWNER='airflow' AIRFLOW_CTX_DAG_ID='nitro_data_pipeline' AIRFLOW_CTX_TASK_ID='process_with_spark' AIRFLOW_CTX_EXECUTION_DATE='2025-08-17T16:06:55+00:00' AIRFLOW_CTX_TRY_NUMBER='1' AIRFLOW_CTX_DAG_RUN_ID='manual__2025-08-17T16:06:55+00:00'
[2025-08-17T16:06:56.656+0000] {logging_mixin.py:149} INFO - ===== INICIANDO PROCESO DE SPARK =====
[2025-08-17T16:07:02.830+0000] {logging_mixin.py:149} INFO - ===== LEYENDO JSON DESDE MINIO =====
[2025-08-17T16:07:49.901+0000] {logging_mixin.py:149} INFO - Registros leídos: 2630
[2025-08-17T16:07:49.910+0000] {logging_mixin.py:149} INFO - root
 |-- sensor_id: string (nullable = true)
 |-- timestamp: string (nullable = true)
 |-- value: double (nullable = true)
[2025-08-17T16:07:50.237+0000] {logging_mixin.py:149} INFO - +---------+--------------------+-----+
|sensor_id|           timestamp|value|
+---------+--------------------+-----+
| sensor_0|2025-08-16T21:31:...|25.44|
| sensor_3|2025-08-16T21:31:...|27.66|
| sensor_0|2025-08-16T21:31:...|24.79|
| sensor_0|2025-08-16T21:31:...|27.92|
| sensor_1|2025-08-16T21:31:...|23.75|
+---------+--------------------+-----+
only showing top 5 rows
[2025-08-17T16:07:50.285+0000] {logging_mixin.py:149} INFO - ===== CALCULANDO PROMEDIOS =====
[2025-08-17T16:07:55.643+0000] {logging_mixin.py:149} INFO - +---------+------------------+
|sensor_id|         avg_value|
+---------+------------------+
| sensor_0|24.986565656565652|
| sensor_1| 25.04864173228346|
| sensor_4|24.953182674199617|
| sensor_2|25.132448210922792|
| sensor_3|24.953008849557524|
+---------+------------------+
[2025-08-17T16:07:55.644+0000] {logging_mixin.py:149} INFO - ===== GUARDANDO RESULTADOS EN POSTGRES =====
[2025-08-17T16:08:00.202+0000] {logging_mixin.py:149} INFO - ===== PROCESO COMPLETADO CON ÉXITO =====
[2025-08-17T16:08:00.202+0000] {python.py:183} INFO - Done. Returned value was: None
[2025-08-17T16:08:00.220+0000] {taskinstance.py:1350} INFO - Marking task as SUCCESS. dag_id=nitro_data_pipeline, task_id=process_with_spark, execution_date=20250817T160655, start_date=20250817T160656, end_date=20250817T160800
[2025-08-17T16:08:00.248+0000] {local_task_job_runner.py:225} INFO - Task exited with return code 0
[2025-08-17T16:08:00.278+0000] {taskinstance.py:2651} INFO - 0 downstream tasks scheduled from follow-on schedule check
