[2025-08-18T21:45:01.960+0000] {taskinstance.py:1103} INFO - Dependencies all met for dep_context=non-requeueable deps ti=<TaskInstance: nitro_data_pipeline.process_with_spark scheduled__2025-08-18T21:42:00+00:00 [queued]>
[2025-08-18T21:45:01.971+0000] {taskinstance.py:1103} INFO - Dependencies all met for dep_context=requeueable deps ti=<TaskInstance: nitro_data_pipeline.process_with_spark scheduled__2025-08-18T21:42:00+00:00 [queued]>
[2025-08-18T21:45:01.971+0000] {taskinstance.py:1308} INFO - Starting attempt 1 of 1
[2025-08-18T21:45:01.988+0000] {taskinstance.py:1327} INFO - Executing <Task(PythonOperator): process_with_spark> on 2025-08-18 21:42:00+00:00
[2025-08-18T21:45:01.996+0000] {standard_task_runner.py:57} INFO - Started process 7377 to run task
[2025-08-18T21:45:02.000+0000] {standard_task_runner.py:84} INFO - Running: ['airflow', 'tasks', 'run', 'nitro_data_pipeline', 'process_with_spark', 'scheduled__2025-08-18T21:42:00+00:00', '--job-id', '193', '--raw', '--subdir', 'DAGS_FOLDER/data_pipeline.py', '--cfg-path', '/tmp/tmp7iu03bcs']
[2025-08-18T21:45:02.003+0000] {standard_task_runner.py:85} INFO - Job 193: Subtask process_with_spark
[2025-08-18T21:45:02.073+0000] {task_command.py:410} INFO - Running <TaskInstance: nitro_data_pipeline.process_with_spark scheduled__2025-08-18T21:42:00+00:00 [running]> on host bd42b234d545
[2025-08-18T21:45:02.194+0000] {taskinstance.py:1547} INFO - Exporting env vars: AIRFLOW_CTX_DAG_OWNER='airflow' AIRFLOW_CTX_DAG_ID='nitro_data_pipeline' AIRFLOW_CTX_TASK_ID='process_with_spark' AIRFLOW_CTX_EXECUTION_DATE='2025-08-18T21:42:00+00:00' AIRFLOW_CTX_TRY_NUMBER='1' AIRFLOW_CTX_DAG_RUN_ID='scheduled__2025-08-18T21:42:00+00:00'
[2025-08-18T21:45:02.196+0000] {logging_mixin.py:149} INFO - ===== INICIANDO PROCESO DE SPARK =====
[2025-08-18T21:45:08.568+0000] {logging_mixin.py:149} INFO - ===== LEYENDO JSON DESDE MINIO =====
[2025-08-18T21:46:35.048+0000] {logging_mixin.py:149} INFO - Registros leídos: 8306
[2025-08-18T21:46:35.055+0000] {logging_mixin.py:149} INFO - root
 |-- sensor_id: string (nullable = true)
 |-- timestamp: string (nullable = true)
 |-- value: double (nullable = true)
[2025-08-18T21:46:35.594+0000] {logging_mixin.py:149} INFO - +---------+--------------------+-----+
|sensor_id|           timestamp|value|
+---------+--------------------+-----+
| sensor_1|2025-08-18T18:51:...|20.56|
| sensor_4|2025-08-18T18:51:...|25.16|
| sensor_0|2025-08-18T18:51:...|28.27|
| sensor_3|2025-08-18T18:50:...|27.02|
| sensor_3|2025-08-18T18:50:...|27.84|
+---------+--------------------+-----+
only showing top 5 rows
[2025-08-18T21:46:35.649+0000] {logging_mixin.py:149} INFO - ===== CALCULANDO PROMEDIOS =====
[2025-08-18T21:46:51.716+0000] {logging_mixin.py:149} INFO - +---------+------------------+
|sensor_id|         avg_value|
+---------+------------------+
| sensor_0|24.928161512027486|
| sensor_1| 24.98426071213037|
| sensor_4|24.876075401730525|
| sensor_2|25.004132334581765|
| sensor_3|25.058205585264414|
+---------+------------------+
[2025-08-18T21:46:51.716+0000] {logging_mixin.py:149} INFO - ===== GUARDANDO RESULTADOS EN POSTGRES =====
[2025-08-18T21:47:02.961+0000] {logging_mixin.py:149} INFO - ===== PROCESO COMPLETADO CON ÉXITO =====
[2025-08-18T21:47:02.962+0000] {python.py:183} INFO - Done. Returned value was: None
[2025-08-18T21:47:02.979+0000] {taskinstance.py:1350} INFO - Marking task as SUCCESS. dag_id=nitro_data_pipeline, task_id=process_with_spark, execution_date=20250818T214200, start_date=20250818T214501, end_date=20250818T214702
[2025-08-18T21:47:03.033+0000] {local_task_job_runner.py:225} INFO - Task exited with return code 0
[2025-08-18T21:47:03.086+0000] {taskinstance.py:2651} INFO - 0 downstream tasks scheduled from follow-on schedule check
