[2025-08-18T13:06:40.430+0000] {taskinstance.py:1103} INFO - Dependencies all met for dep_context=non-requeueable deps ti=<TaskInstance: nitro_data_pipeline.process_with_spark manual__2025-08-18T13:06:34+00:00 [queued]>
[2025-08-18T13:06:40.486+0000] {taskinstance.py:1103} INFO - Dependencies all met for dep_context=requeueable deps ti=<TaskInstance: nitro_data_pipeline.process_with_spark manual__2025-08-18T13:06:34+00:00 [queued]>
[2025-08-18T13:06:40.487+0000] {taskinstance.py:1308} INFO - Starting attempt 1 of 1
[2025-08-18T13:06:40.641+0000] {taskinstance.py:1327} INFO - Executing <Task(PythonOperator): process_with_spark> on 2025-08-18 13:06:34+00:00
[2025-08-18T13:06:40.678+0000] {standard_task_runner.py:57} INFO - Started process 36746 to run task
[2025-08-18T13:06:40.773+0000] {standard_task_runner.py:84} INFO - Running: ['airflow', 'tasks', 'run', 'nitro_data_pipeline', 'process_with_spark', 'manual__2025-08-18T13:06:34+00:00', '--job-id', '381', '--raw', '--subdir', 'DAGS_FOLDER/data_pipeline.py', '--cfg-path', '/tmp/tmpu1k_y7e_']
[2025-08-18T13:06:40.791+0000] {standard_task_runner.py:85} INFO - Job 381: Subtask process_with_spark
[2025-08-18T13:06:41.282+0000] {task_command.py:410} INFO - Running <TaskInstance: nitro_data_pipeline.process_with_spark manual__2025-08-18T13:06:34+00:00 [running]> on host e3730e5f69d2
[2025-08-18T13:06:41.715+0000] {taskinstance.py:1547} INFO - Exporting env vars: AIRFLOW_CTX_DAG_OWNER='airflow' AIRFLOW_CTX_DAG_ID='nitro_data_pipeline' AIRFLOW_CTX_TASK_ID='process_with_spark' AIRFLOW_CTX_EXECUTION_DATE='2025-08-18T13:06:34+00:00' AIRFLOW_CTX_TRY_NUMBER='1' AIRFLOW_CTX_DAG_RUN_ID='manual__2025-08-18T13:06:34+00:00'
[2025-08-18T13:06:41.718+0000] {logging_mixin.py:149} INFO - ===== INICIANDO PROCESO DE SPARK =====
[2025-08-18T13:07:40.198+0000] {logging_mixin.py:149} INFO - ===== LEYENDO JSON DESDE MINIO =====
[2025-08-18T13:15:34.075+0000] {logging_mixin.py:149} INFO - Registros leídos: 9538
[2025-08-18T13:15:34.426+0000] {logging_mixin.py:149} INFO - root
 |-- sensor_id: string (nullable = true)
 |-- timestamp: string (nullable = true)
 |-- value: double (nullable = true)
[2025-08-18T13:15:40.710+0000] {logging_mixin.py:149} INFO - +---------+--------------------+-----+
|sensor_id|           timestamp|value|
+---------+--------------------+-----+
| sensor_0|2025-08-16T21:31:...|25.44|
| sensor_3|2025-08-16T21:31:...|27.66|
| sensor_0|2025-08-16T21:31:...|24.79|
| sensor_0|2025-08-16T21:31:...|27.92|
| sensor_1|2025-08-16T21:31:...|23.75|
+---------+--------------------+-----+
only showing top 5 rows
[2025-08-18T13:15:41.653+0000] {logging_mixin.py:149} INFO - ===== CALCULANDO PROMEDIOS =====
[2025-08-18T13:16:58.085+0000] {logging_mixin.py:149} INFO - +---------+------------------+
|sensor_id|         avg_value|
+---------+------------------+
| sensor_0|25.058663838812297|
| sensor_1|24.913573667711596|
| sensor_4|25.014245333333335|
| sensor_2|  25.0734536637931|
| sensor_3|25.128963627304426|
+---------+------------------+
[2025-08-18T13:16:58.088+0000] {logging_mixin.py:149} INFO - ===== GUARDANDO RESULTADOS EN POSTGRES =====
[2025-08-18T13:18:03.156+0000] {logging_mixin.py:149} INFO - ===== PROCESO COMPLETADO CON ÉXITO =====
[2025-08-18T13:18:03.181+0000] {python.py:183} INFO - Done. Returned value was: None
[2025-08-18T13:18:06.415+0000] {taskinstance.py:1350} INFO - Marking task as SUCCESS. dag_id=nitro_data_pipeline, task_id=process_with_spark, execution_date=20250818T130634, start_date=20250818T130640, end_date=20250818T131806
[2025-08-18T13:18:07.445+0000] {local_task_job_runner.py:225} INFO - Task exited with return code 0
[2025-08-18T13:18:08.455+0000] {taskinstance.py:2651} INFO - 0 downstream tasks scheduled from follow-on schedule check
