[2025-08-17T17:03:01.398+0000] {taskinstance.py:1103} INFO - Dependencies all met for dep_context=non-requeueable deps ti=<TaskInstance: nitro_data_pipeline.process_with_spark scheduled__2025-08-17T17:00:00+00:00 [queued]>
[2025-08-17T17:03:01.408+0000] {taskinstance.py:1103} INFO - Dependencies all met for dep_context=requeueable deps ti=<TaskInstance: nitro_data_pipeline.process_with_spark scheduled__2025-08-17T17:00:00+00:00 [queued]>
[2025-08-17T17:03:01.408+0000] {taskinstance.py:1308} INFO - Starting attempt 1 of 1
[2025-08-17T17:03:01.424+0000] {taskinstance.py:1327} INFO - Executing <Task(PythonOperator): process_with_spark> on 2025-08-17 17:00:00+00:00
[2025-08-17T17:03:01.430+0000] {standard_task_runner.py:57} INFO - Started process 22926 to run task
[2025-08-17T17:03:01.435+0000] {standard_task_runner.py:84} INFO - Running: ['airflow', 'tasks', 'run', 'nitro_data_pipeline', 'process_with_spark', 'scheduled__2025-08-17T17:00:00+00:00', '--job-id', '199', '--raw', '--subdir', 'DAGS_FOLDER/data_pipeline.py', '--cfg-path', '/tmp/tmp8p4gys2e']
[2025-08-17T17:03:01.437+0000] {standard_task_runner.py:85} INFO - Job 199: Subtask process_with_spark
[2025-08-17T17:03:01.507+0000] {task_command.py:410} INFO - Running <TaskInstance: nitro_data_pipeline.process_with_spark scheduled__2025-08-17T17:00:00+00:00 [running]> on host 4860d8807aa2
[2025-08-17T17:03:01.637+0000] {taskinstance.py:1547} INFO - Exporting env vars: AIRFLOW_CTX_DAG_OWNER='airflow' AIRFLOW_CTX_DAG_ID='nitro_data_pipeline' AIRFLOW_CTX_TASK_ID='process_with_spark' AIRFLOW_CTX_EXECUTION_DATE='2025-08-17T17:00:00+00:00' AIRFLOW_CTX_TRY_NUMBER='1' AIRFLOW_CTX_DAG_RUN_ID='scheduled__2025-08-17T17:00:00+00:00'
[2025-08-17T17:03:01.638+0000] {logging_mixin.py:149} INFO - ===== INICIANDO PROCESO DE SPARK =====
[2025-08-17T17:03:07.936+0000] {logging_mixin.py:149} INFO - ===== LEYENDO JSON DESDE MINIO =====
[2025-08-17T17:04:35.361+0000] {logging_mixin.py:149} INFO - Registros leídos: 4309
[2025-08-17T17:04:35.373+0000] {logging_mixin.py:149} INFO - root
 |-- sensor_id: string (nullable = true)
 |-- timestamp: string (nullable = true)
 |-- value: double (nullable = true)
[2025-08-17T17:04:36.753+0000] {logging_mixin.py:149} INFO - +---------+--------------------+-----+
|sensor_id|           timestamp|value|
+---------+--------------------+-----+
| sensor_0|2025-08-16T21:31:...|25.44|
| sensor_3|2025-08-16T21:31:...|27.66|
| sensor_0|2025-08-16T21:31:...|24.79|
| sensor_0|2025-08-16T21:31:...|27.92|
| sensor_1|2025-08-16T21:31:...|23.75|
+---------+--------------------+-----+
only showing top 5 rows
[2025-08-17T17:04:36.841+0000] {logging_mixin.py:149} INFO - ===== CALCULANDO PROMEDIOS =====
[2025-08-17T17:05:03.014+0000] {logging_mixin.py:149} INFO - +---------+------------------+
|sensor_id|         avg_value|
+---------+------------------+
| sensor_0|25.032831541218638|
| sensor_1|25.076131386861316|
| sensor_4|24.911944134078208|
| sensor_2|25.103657074340532|
| sensor_3| 25.04083604777416|
+---------+------------------+
[2025-08-17T17:05:03.014+0000] {logging_mixin.py:149} INFO - ===== GUARDANDO RESULTADOS EN POSTGRES =====
[2025-08-17T17:05:10.327+0000] {logging_mixin.py:149} INFO - ===== PROCESO COMPLETADO CON ÉXITO =====
[2025-08-17T17:05:10.327+0000] {python.py:183} INFO - Done. Returned value was: None
[2025-08-17T17:05:10.341+0000] {taskinstance.py:1350} INFO - Marking task as SUCCESS. dag_id=nitro_data_pipeline, task_id=process_with_spark, execution_date=20250817T170000, start_date=20250817T170301, end_date=20250817T170510
[2025-08-17T17:05:10.397+0000] {local_task_job_runner.py:225} INFO - Task exited with return code 0
[2025-08-17T17:05:10.439+0000] {taskinstance.py:2651} INFO - 0 downstream tasks scheduled from follow-on schedule check
