[2025-08-18T19:49:38.268+0000] {taskinstance.py:1103} INFO - Dependencies all met for dep_context=non-requeueable deps ti=<TaskInstance: nitro_data_pipeline.process_with_spark scheduled__2025-08-18T19:45:00+00:00 [queued]>
[2025-08-18T19:49:38.297+0000] {taskinstance.py:1103} INFO - Dependencies all met for dep_context=requeueable deps ti=<TaskInstance: nitro_data_pipeline.process_with_spark scheduled__2025-08-18T19:45:00+00:00 [queued]>
[2025-08-18T19:49:38.303+0000] {taskinstance.py:1308} INFO - Starting attempt 1 of 1
[2025-08-18T19:49:38.379+0000] {taskinstance.py:1327} INFO - Executing <Task(PythonOperator): process_with_spark> on 2025-08-18 19:45:00+00:00
[2025-08-18T19:49:38.428+0000] {standard_task_runner.py:57} INFO - Started process 227 to run task
[2025-08-18T19:49:38.448+0000] {standard_task_runner.py:84} INFO - Running: ['airflow', 'tasks', 'run', 'nitro_data_pipeline', 'process_with_spark', 'scheduled__2025-08-18T19:45:00+00:00', '--job-id', '119', '--raw', '--subdir', 'DAGS_FOLDER/data_pipeline.py', '--cfg-path', '/tmp/tmpaxvhby5n']
[2025-08-18T19:49:38.452+0000] {standard_task_runner.py:85} INFO - Job 119: Subtask process_with_spark
[2025-08-18T19:49:38.660+0000] {task_command.py:410} INFO - Running <TaskInstance: nitro_data_pipeline.process_with_spark scheduled__2025-08-18T19:45:00+00:00 [running]> on host 26c1c319ade5
[2025-08-18T19:49:39.040+0000] {taskinstance.py:1547} INFO - Exporting env vars: AIRFLOW_CTX_DAG_OWNER='airflow' AIRFLOW_CTX_DAG_ID='nitro_data_pipeline' AIRFLOW_CTX_TASK_ID='process_with_spark' AIRFLOW_CTX_EXECUTION_DATE='2025-08-18T19:45:00+00:00' AIRFLOW_CTX_TRY_NUMBER='1' AIRFLOW_CTX_DAG_RUN_ID='scheduled__2025-08-18T19:45:00+00:00'
[2025-08-18T19:49:39.045+0000] {logging_mixin.py:149} INFO - ===== INICIANDO PROCESO DE SPARK =====
[2025-08-18T19:50:57.511+0000] {logging_mixin.py:149} INFO - ===== LEYENDO JSON DESDE MINIO =====
[2025-08-18T19:53:14.230+0000] {logging_mixin.py:149} INFO - Registros leídos: 5381
[2025-08-18T19:53:14.238+0000] {logging_mixin.py:149} INFO - root
 |-- sensor_id: string (nullable = true)
 |-- timestamp: string (nullable = true)
 |-- value: double (nullable = true)
[2025-08-18T19:53:14.773+0000] {logging_mixin.py:149} INFO - +---------+--------------------+-----+
|sensor_id|           timestamp|value|
+---------+--------------------+-----+
| sensor_1|2025-08-18T18:51:...|20.56|
| sensor_4|2025-08-18T18:51:...|25.16|
| sensor_0|2025-08-18T18:51:...|28.27|
| sensor_3|2025-08-18T18:50:...|27.02|
| sensor_3|2025-08-18T18:50:...|27.84|
+---------+--------------------+-----+
only showing top 5 rows
[2025-08-18T19:53:14.819+0000] {logging_mixin.py:149} INFO - ===== CALCULANDO PROMEDIOS =====
[2025-08-18T19:53:30.800+0000] {logging_mixin.py:149} INFO - +---------+------------------+
|sensor_id|         avg_value|
+---------+------------------+
| sensor_0|24.934166666666655|
| sensor_1| 24.85836081474296|
| sensor_4| 24.90232023010546|
| sensor_2|24.974480077745383|
| sensor_3|25.004502664298407|
+---------+------------------+
[2025-08-18T19:53:30.800+0000] {logging_mixin.py:149} INFO - ===== GUARDANDO RESULTADOS EN POSTGRES =====
[2025-08-18T19:53:47.158+0000] {logging_mixin.py:149} INFO - ===== PROCESO COMPLETADO CON ÉXITO =====
[2025-08-18T19:53:47.160+0000] {python.py:183} INFO - Done. Returned value was: None
[2025-08-18T19:53:47.249+0000] {taskinstance.py:1350} INFO - Marking task as SUCCESS. dag_id=nitro_data_pipeline, task_id=process_with_spark, execution_date=20250818T194500, start_date=20250818T194938, end_date=20250818T195347
[2025-08-18T19:53:47.422+0000] {local_task_job_runner.py:225} INFO - Task exited with return code 0
[2025-08-18T19:53:47.464+0000] {taskinstance.py:2651} INFO - 0 downstream tasks scheduled from follow-on schedule check
