[2025-08-19T11:30:01.864+0000] {taskinstance.py:1103} INFO - Dependencies all met for dep_context=non-requeueable deps ti=<TaskInstance: nitro_data_pipeline.process_with_spark scheduled__2025-08-19T11:27:00+00:00 [queued]>
[2025-08-19T11:30:01.875+0000] {taskinstance.py:1103} INFO - Dependencies all met for dep_context=requeueable deps ti=<TaskInstance: nitro_data_pipeline.process_with_spark scheduled__2025-08-19T11:27:00+00:00 [queued]>
[2025-08-19T11:30:01.875+0000] {taskinstance.py:1308} INFO - Starting attempt 1 of 1
[2025-08-19T11:30:01.892+0000] {taskinstance.py:1327} INFO - Executing <Task(PythonOperator): process_with_spark> on 2025-08-19 11:27:00+00:00
[2025-08-19T11:30:01.898+0000] {standard_task_runner.py:57} INFO - Started process 18010 to run task
[2025-08-19T11:30:01.902+0000] {standard_task_runner.py:84} INFO - Running: ['airflow', 'tasks', 'run', 'nitro_data_pipeline', 'process_with_spark', 'scheduled__2025-08-19T11:27:00+00:00', '--job-id', '274', '--raw', '--subdir', 'DAGS_FOLDER/data_pipeline.py', '--cfg-path', '/tmp/tmp5my272d3']
[2025-08-19T11:30:01.904+0000] {standard_task_runner.py:85} INFO - Job 274: Subtask process_with_spark
[2025-08-19T11:30:01.968+0000] {task_command.py:410} INFO - Running <TaskInstance: nitro_data_pipeline.process_with_spark scheduled__2025-08-19T11:27:00+00:00 [running]> on host 0582fa07e867
[2025-08-19T11:30:02.107+0000] {taskinstance.py:1547} INFO - Exporting env vars: AIRFLOW_CTX_DAG_OWNER='airflow' AIRFLOW_CTX_DAG_ID='nitro_data_pipeline' AIRFLOW_CTX_TASK_ID='process_with_spark' AIRFLOW_CTX_EXECUTION_DATE='2025-08-19T11:27:00+00:00' AIRFLOW_CTX_TRY_NUMBER='1' AIRFLOW_CTX_DAG_RUN_ID='scheduled__2025-08-19T11:27:00+00:00'
[2025-08-19T11:30:02.109+0000] {logging_mixin.py:149} INFO - ===== INICIANDO PROCESO DE SPARK =====
[2025-08-19T11:30:09.271+0000] {logging_mixin.py:149} INFO - ===== LEYENDO JSON DESDE MINIO =====
[2025-08-19T11:32:21.804+0000] {logging_mixin.py:149} INFO - Registros leídos: 11556
[2025-08-19T11:32:21.812+0000] {logging_mixin.py:149} INFO - root
 |-- sensor_id: string (nullable = true)
 |-- timestamp: string (nullable = true)
 |-- value: double (nullable = true)
[2025-08-19T11:32:22.681+0000] {logging_mixin.py:149} INFO - +---------+--------------------+-----+
|sensor_id|           timestamp|value|
+---------+--------------------+-----+
| sensor_1|2025-08-18T18:51:...|20.56|
| sensor_4|2025-08-18T18:51:...|25.16|
| sensor_0|2025-08-18T18:51:...|28.27|
| sensor_3|2025-08-18T18:50:...|27.02|
| sensor_3|2025-08-18T18:50:...|27.84|
+---------+--------------------+-----+
only showing top 5 rows
[2025-08-19T11:32:22.731+0000] {logging_mixin.py:149} INFO - ===== CALCULANDO PROMEDIOS =====
[2025-08-19T11:32:44.764+0000] {logging_mixin.py:149} INFO - +---------+------------------+
|sensor_id|         avg_value|
+---------+------------------+
| sensor_0|  24.9413155737705|
| sensor_1|24.981504347826093|
| sensor_4|  24.9183236216943|
| sensor_2|25.029422818791936|
| sensor_3|25.040148936170226|
+---------+------------------+
[2025-08-19T11:32:44.764+0000] {logging_mixin.py:149} INFO - ===== GUARDANDO RESULTADOS EN POSTGRES =====
[2025-08-19T11:33:06.132+0000] {logging_mixin.py:149} INFO - ===== PROCESO COMPLETADO CON ÉXITO =====
[2025-08-19T11:33:06.134+0000] {python.py:183} INFO - Done. Returned value was: None
[2025-08-19T11:33:06.172+0000] {taskinstance.py:1350} INFO - Marking task as SUCCESS. dag_id=nitro_data_pipeline, task_id=process_with_spark, execution_date=20250819T112700, start_date=20250819T113001, end_date=20250819T113306
[2025-08-19T11:33:06.237+0000] {local_task_job_runner.py:225} INFO - Task exited with return code 0
[2025-08-19T11:33:06.331+0000] {taskinstance.py:2651} INFO - 0 downstream tasks scheduled from follow-on schedule check
