[2025-08-18T11:59:29.098+0000] {taskinstance.py:1103} INFO - Dependencies all met for dep_context=non-requeueable deps ti=<TaskInstance: nitro_data_pipeline.process_with_spark manual__2025-08-18T11:59:26+00:00 [queued]>
[2025-08-18T11:59:29.120+0000] {taskinstance.py:1103} INFO - Dependencies all met for dep_context=requeueable deps ti=<TaskInstance: nitro_data_pipeline.process_with_spark manual__2025-08-18T11:59:26+00:00 [queued]>
[2025-08-18T11:59:29.121+0000] {taskinstance.py:1308} INFO - Starting attempt 1 of 1
[2025-08-18T11:59:29.152+0000] {taskinstance.py:1327} INFO - Executing <Task(PythonOperator): process_with_spark> on 2025-08-18 11:59:26+00:00
[2025-08-18T11:59:29.173+0000] {standard_task_runner.py:57} INFO - Started process 19107 to run task
[2025-08-18T11:59:29.182+0000] {standard_task_runner.py:84} INFO - Running: ['airflow', 'tasks', 'run', 'nitro_data_pipeline', 'process_with_spark', 'manual__2025-08-18T11:59:26+00:00', '--job-id', '324', '--raw', '--subdir', 'DAGS_FOLDER/data_pipeline.py', '--cfg-path', '/tmp/tmp_mett_y3']
[2025-08-18T11:59:29.188+0000] {standard_task_runner.py:85} INFO - Job 324: Subtask process_with_spark
[2025-08-18T11:59:29.327+0000] {task_command.py:410} INFO - Running <TaskInstance: nitro_data_pipeline.process_with_spark manual__2025-08-18T11:59:26+00:00 [running]> on host e3730e5f69d2
[2025-08-18T11:59:29.545+0000] {taskinstance.py:1547} INFO - Exporting env vars: AIRFLOW_CTX_DAG_OWNER='airflow' AIRFLOW_CTX_DAG_ID='nitro_data_pipeline' AIRFLOW_CTX_TASK_ID='process_with_spark' AIRFLOW_CTX_EXECUTION_DATE='2025-08-18T11:59:26+00:00' AIRFLOW_CTX_TRY_NUMBER='1' AIRFLOW_CTX_DAG_RUN_ID='manual__2025-08-18T11:59:26+00:00'
[2025-08-18T11:59:29.553+0000] {logging_mixin.py:149} INFO - ===== INICIANDO PROCESO DE SPARK =====
[2025-08-18T11:59:38.492+0000] {logging_mixin.py:149} INFO - ===== LEYENDO JSON DESDE MINIO =====
[2025-08-18T12:02:01.996+0000] {logging_mixin.py:149} INFO - Registros leídos: 7476
[2025-08-18T12:02:02.050+0000] {logging_mixin.py:149} INFO - root
 |-- sensor_id: string (nullable = true)
 |-- timestamp: string (nullable = true)
 |-- value: double (nullable = true)
[2025-08-18T12:02:03.633+0000] {logging_mixin.py:149} INFO - +---------+--------------------+-----+
|sensor_id|           timestamp|value|
+---------+--------------------+-----+
| sensor_0|2025-08-16T21:31:...|25.44|
| sensor_3|2025-08-16T21:31:...|27.66|
| sensor_0|2025-08-16T21:31:...|24.79|
| sensor_0|2025-08-16T21:31:...|27.92|
| sensor_1|2025-08-16T21:31:...|23.75|
+---------+--------------------+-----+
only showing top 5 rows
[2025-08-18T12:02:03.790+0000] {logging_mixin.py:149} INFO - ===== CALCULANDO PROMEDIOS =====
[2025-08-18T12:02:24.833+0000] {logging_mixin.py:149} INFO - +---------+------------------+
|sensor_id|         avg_value|
+---------+------------------+
| sensor_0|25.035990371389282|
| sensor_1|24.924095816464234|
| sensor_4|24.992153950033778|
| sensor_2|25.089295003422308|
| sensor_3| 25.11086983729661|
+---------+------------------+
[2025-08-18T12:02:24.834+0000] {logging_mixin.py:149} INFO - ===== GUARDANDO RESULTADOS EN POSTGRES =====
[2025-08-18T12:02:45.270+0000] {logging_mixin.py:149} INFO - ===== PROCESO COMPLETADO CON ÉXITO =====
[2025-08-18T12:02:45.271+0000] {python.py:183} INFO - Done. Returned value was: None
[2025-08-18T12:02:45.294+0000] {taskinstance.py:1350} INFO - Marking task as SUCCESS. dag_id=nitro_data_pipeline, task_id=process_with_spark, execution_date=20250818T115926, start_date=20250818T115929, end_date=20250818T120245
[2025-08-18T12:02:45.364+0000] {local_task_job_runner.py:225} INFO - Task exited with return code 0
[2025-08-18T12:02:45.395+0000] {taskinstance.py:2651} INFO - 0 downstream tasks scheduled from follow-on schedule check
