[2025-08-18T18:27:01.837+0000] {taskinstance.py:1103} INFO - Dependencies all met for dep_context=non-requeueable deps ti=<TaskInstance: nitro_data_pipeline.process_with_spark scheduled__2025-08-18T18:24:00+00:00 [queued]>
[2025-08-18T18:27:01.850+0000] {taskinstance.py:1103} INFO - Dependencies all met for dep_context=requeueable deps ti=<TaskInstance: nitro_data_pipeline.process_with_spark scheduled__2025-08-18T18:24:00+00:00 [queued]>
[2025-08-18T18:27:01.850+0000] {taskinstance.py:1308} INFO - Starting attempt 1 of 1
[2025-08-18T18:27:01.870+0000] {taskinstance.py:1327} INFO - Executing <Task(PythonOperator): process_with_spark> on 2025-08-18 18:24:00+00:00
[2025-08-18T18:27:01.876+0000] {standard_task_runner.py:57} INFO - Started process 17483 to run task
[2025-08-18T18:27:01.883+0000] {standard_task_runner.py:84} INFO - Running: ['airflow', 'tasks', 'run', 'nitro_data_pipeline', 'process_with_spark', 'scheduled__2025-08-18T18:24:00+00:00', '--job-id', '66', '--raw', '--subdir', 'DAGS_FOLDER/data_pipeline.py', '--cfg-path', '/tmp/tmpfm_n3meh']
[2025-08-18T18:27:01.887+0000] {standard_task_runner.py:85} INFO - Job 66: Subtask process_with_spark
[2025-08-18T18:27:01.966+0000] {task_command.py:410} INFO - Running <TaskInstance: nitro_data_pipeline.process_with_spark scheduled__2025-08-18T18:24:00+00:00 [running]> on host 8ed7b3a2822e
[2025-08-18T18:27:02.129+0000] {taskinstance.py:1547} INFO - Exporting env vars: AIRFLOW_CTX_DAG_OWNER='airflow' AIRFLOW_CTX_DAG_ID='nitro_data_pipeline' AIRFLOW_CTX_TASK_ID='process_with_spark' AIRFLOW_CTX_EXECUTION_DATE='2025-08-18T18:24:00+00:00' AIRFLOW_CTX_TRY_NUMBER='1' AIRFLOW_CTX_DAG_RUN_ID='scheduled__2025-08-18T18:24:00+00:00'
[2025-08-18T18:27:02.132+0000] {logging_mixin.py:149} INFO - ===== INICIANDO PROCESO DE SPARK =====
[2025-08-18T18:27:08.821+0000] {logging_mixin.py:149} INFO - ===== LEYENDO JSON DESDE MINIO =====
[2025-08-18T18:27:59.139+0000] {logging_mixin.py:149} INFO - Registros leídos: 2964
[2025-08-18T18:27:59.148+0000] {logging_mixin.py:149} INFO - root
 |-- sensor_id: string (nullable = true)
 |-- timestamp: string (nullable = true)
 |-- value: double (nullable = true)
[2025-08-18T18:27:59.617+0000] {logging_mixin.py:149} INFO - +---------+--------------------+-----+
|sensor_id|           timestamp|value|
+---------+--------------------+-----+
| sensor_1|2025-08-18T18:51:...|20.56|
| sensor_4|2025-08-18T18:51:...|25.16|
| sensor_0|2025-08-18T18:51:...|28.27|
| sensor_3|2025-08-18T18:50:...|27.02|
| sensor_3|2025-08-18T18:50:...|27.84|
+---------+--------------------+-----+
only showing top 5 rows
[2025-08-18T18:27:59.689+0000] {logging_mixin.py:149} INFO - ===== CALCULANDO PROMEDIOS =====
[2025-08-18T18:28:07.339+0000] {logging_mixin.py:149} INFO - +---------+------------------+
|sensor_id|         avg_value|
+---------+------------------+
| sensor_0| 24.88993817619783|
| sensor_1|24.822066420664196|
| sensor_4| 24.95318505338078|
| sensor_2|25.063197158081696|
| sensor_3| 24.99764615384616|
+---------+------------------+
[2025-08-18T18:28:07.339+0000] {logging_mixin.py:149} INFO - ===== GUARDANDO RESULTADOS EN POSTGRES =====
[2025-08-18T18:28:13.247+0000] {logging_mixin.py:149} INFO - ===== PROCESO COMPLETADO CON ÉXITO =====
[2025-08-18T18:28:13.247+0000] {python.py:183} INFO - Done. Returned value was: None
[2025-08-18T18:28:13.268+0000] {taskinstance.py:1350} INFO - Marking task as SUCCESS. dag_id=nitro_data_pipeline, task_id=process_with_spark, execution_date=20250818T182400, start_date=20250818T182701, end_date=20250818T182813
[2025-08-18T18:28:13.336+0000] {local_task_job_runner.py:225} INFO - Task exited with return code 0
[2025-08-18T18:28:13.383+0000] {taskinstance.py:2651} INFO - 0 downstream tasks scheduled from follow-on schedule check
