[2025-08-18T10:28:32.827+0000] {taskinstance.py:1103} INFO - Dependencies all met for dep_context=non-requeueable deps ti=<TaskInstance: nitro_data_pipeline.process_with_spark manual__2025-08-18T10:28:30+00:00 [queued]>
[2025-08-18T10:28:32.841+0000] {taskinstance.py:1103} INFO - Dependencies all met for dep_context=requeueable deps ti=<TaskInstance: nitro_data_pipeline.process_with_spark manual__2025-08-18T10:28:30+00:00 [queued]>
[2025-08-18T10:28:32.841+0000] {taskinstance.py:1308} INFO - Starting attempt 1 of 1
[2025-08-18T10:28:32.858+0000] {taskinstance.py:1327} INFO - Executing <Task(PythonOperator): process_with_spark> on 2025-08-18 10:28:30+00:00
[2025-08-18T10:28:32.865+0000] {standard_task_runner.py:57} INFO - Started process 4403 to run task
[2025-08-18T10:28:32.871+0000] {standard_task_runner.py:84} INFO - Running: ['airflow', 'tasks', 'run', 'nitro_data_pipeline', 'process_with_spark', 'manual__2025-08-18T10:28:30+00:00', '--job-id', '239', '--raw', '--subdir', 'DAGS_FOLDER/data_pipeline.py', '--cfg-path', '/tmp/tmp0mr1vbqx']
[2025-08-18T10:28:32.873+0000] {standard_task_runner.py:85} INFO - Job 239: Subtask process_with_spark
[2025-08-18T10:28:32.930+0000] {task_command.py:410} INFO - Running <TaskInstance: nitro_data_pipeline.process_with_spark manual__2025-08-18T10:28:30+00:00 [running]> on host 48ba1c28ee6c
[2025-08-18T10:28:33.044+0000] {taskinstance.py:1547} INFO - Exporting env vars: AIRFLOW_CTX_DAG_OWNER='airflow' AIRFLOW_CTX_DAG_ID='nitro_data_pipeline' AIRFLOW_CTX_TASK_ID='process_with_spark' AIRFLOW_CTX_EXECUTION_DATE='2025-08-18T10:28:30+00:00' AIRFLOW_CTX_TRY_NUMBER='1' AIRFLOW_CTX_DAG_RUN_ID='manual__2025-08-18T10:28:30+00:00'
[2025-08-18T10:28:33.046+0000] {logging_mixin.py:149} INFO - ===== INICIANDO PROCESO DE SPARK =====
[2025-08-18T10:28:39.685+0000] {logging_mixin.py:149} INFO - ===== LEYENDO JSON DESDE MINIO =====
[2025-08-18T10:29:44.963+0000] {logging_mixin.py:149} INFO - Registros leídos: 4956
[2025-08-18T10:29:44.968+0000] {logging_mixin.py:149} INFO - root
 |-- sensor_id: string (nullable = true)
 |-- timestamp: string (nullable = true)
 |-- value: double (nullable = true)
[2025-08-18T10:29:45.439+0000] {logging_mixin.py:149} INFO - +---------+--------------------+-----+
|sensor_id|           timestamp|value|
+---------+--------------------+-----+
| sensor_0|2025-08-16T21:31:...|25.44|
| sensor_3|2025-08-16T21:31:...|27.66|
| sensor_0|2025-08-16T21:31:...|24.79|
| sensor_0|2025-08-16T21:31:...|27.92|
| sensor_1|2025-08-16T21:31:...|23.75|
+---------+--------------------+-----+
only showing top 5 rows
[2025-08-18T10:29:45.489+0000] {logging_mixin.py:149} INFO - ===== CALCULANDO PROMEDIOS =====
[2025-08-18T10:29:53.285+0000] {logging_mixin.py:149} INFO - +---------+------------------+
|sensor_id|         avg_value|
+---------+------------------+
| sensor_0| 24.97257591623038|
| sensor_1|24.998082191780803|
| sensor_4|24.915596868884542|
| sensor_2|25.094583761562177|
| sensor_3|25.055619678334907|
+---------+------------------+
[2025-08-18T10:29:53.286+0000] {logging_mixin.py:149} INFO - ===== GUARDANDO RESULTADOS EN POSTGRES =====
[2025-08-18T10:30:01.317+0000] {logging_mixin.py:149} INFO - ===== PROCESO COMPLETADO CON ÉXITO =====
[2025-08-18T10:30:01.318+0000] {python.py:183} INFO - Done. Returned value was: None
[2025-08-18T10:30:01.340+0000] {taskinstance.py:1350} INFO - Marking task as SUCCESS. dag_id=nitro_data_pipeline, task_id=process_with_spark, execution_date=20250818T102830, start_date=20250818T102832, end_date=20250818T103001
[2025-08-18T10:30:01.400+0000] {local_task_job_runner.py:225} INFO - Task exited with return code 0
[2025-08-18T10:30:01.438+0000] {taskinstance.py:2651} INFO - 0 downstream tasks scheduled from follow-on schedule check
