[2025-08-17T09:45:01.122+0000] {taskinstance.py:1103} INFO - Dependencies all met for dep_context=non-requeueable deps ti=<TaskInstance: nitro_data_pipeline.process_with_spark scheduled__2025-08-17T09:42:00+00:00 [queued]>
[2025-08-17T09:45:01.138+0000] {taskinstance.py:1103} INFO - Dependencies all met for dep_context=requeueable deps ti=<TaskInstance: nitro_data_pipeline.process_with_spark scheduled__2025-08-17T09:42:00+00:00 [queued]>
[2025-08-17T09:45:01.138+0000] {taskinstance.py:1308} INFO - Starting attempt 1 of 1
[2025-08-17T09:45:01.161+0000] {taskinstance.py:1327} INFO - Executing <Task(PythonOperator): process_with_spark> on 2025-08-17 09:42:00+00:00
[2025-08-17T09:45:01.169+0000] {standard_task_runner.py:57} INFO - Started process 211 to run task
[2025-08-17T09:45:01.174+0000] {standard_task_runner.py:84} INFO - Running: ['airflow', 'tasks', 'run', 'nitro_data_pipeline', 'process_with_spark', 'scheduled__2025-08-17T09:42:00+00:00', '--job-id', '121', '--raw', '--subdir', 'DAGS_FOLDER/data_pipeline.py', '--cfg-path', '/tmp/tmpe7sk1f6n']
[2025-08-17T09:45:01.177+0000] {standard_task_runner.py:85} INFO - Job 121: Subtask process_with_spark
[2025-08-17T09:45:01.264+0000] {task_command.py:410} INFO - Running <TaskInstance: nitro_data_pipeline.process_with_spark scheduled__2025-08-17T09:42:00+00:00 [running]> on host 81dcc9af3f6d
[2025-08-17T09:45:01.408+0000] {taskinstance.py:1547} INFO - Exporting env vars: AIRFLOW_CTX_DAG_OWNER='airflow' AIRFLOW_CTX_DAG_ID='nitro_data_pipeline' AIRFLOW_CTX_TASK_ID='process_with_spark' AIRFLOW_CTX_EXECUTION_DATE='2025-08-17T09:42:00+00:00' AIRFLOW_CTX_TRY_NUMBER='1' AIRFLOW_CTX_DAG_RUN_ID='scheduled__2025-08-17T09:42:00+00:00'
[2025-08-17T09:45:01.410+0000] {logging_mixin.py:149} INFO - ===== INICIANDO PROCESO DE SPARK =====
[2025-08-17T09:45:16.413+0000] {logging_mixin.py:149} INFO - ===== LEYENDO JSON DESDE MINIO =====
[2025-08-17T09:45:41.254+0000] {logging_mixin.py:149} INFO - Registros leídos: 1068
[2025-08-17T09:45:41.263+0000] {logging_mixin.py:149} INFO - root
 |-- sensor_id: string (nullable = true)
 |-- timestamp: string (nullable = true)
 |-- value: double (nullable = true)
[2025-08-17T09:45:41.681+0000] {logging_mixin.py:149} INFO - +---------+--------------------+-----+
|sensor_id|           timestamp|value|
+---------+--------------------+-----+
| sensor_0|2025-08-16T21:31:...|25.44|
| sensor_3|2025-08-16T21:31:...|27.66|
| sensor_0|2025-08-16T21:31:...|24.79|
| sensor_0|2025-08-16T21:31:...|27.92|
| sensor_1|2025-08-16T21:31:...|23.75|
+---------+--------------------+-----+
only showing top 5 rows
[2025-08-17T09:45:41.740+0000] {logging_mixin.py:149} INFO - ===== CALCULANDO PROMEDIOS =====
[2025-08-17T09:45:44.964+0000] {logging_mixin.py:149} INFO - +---------+------------------+
|sensor_id|         avg_value|
+---------+------------------+
| sensor_0| 25.17605128205129|
| sensor_1| 24.97118226600984|
| sensor_4|25.107522123893798|
| sensor_2| 25.12684931506849|
| sensor_3|25.110799999999998|
+---------+------------------+
[2025-08-17T09:45:44.964+0000] {logging_mixin.py:149} INFO - ===== GUARDANDO RESULTADOS EN POSTGRES =====
[2025-08-17T09:45:47.406+0000] {logging_mixin.py:149} INFO - ===== PROCESO COMPLETADO CON ÉXITO =====
[2025-08-17T09:45:47.407+0000] {python.py:183} INFO - Done. Returned value was: None
[2025-08-17T09:45:47.425+0000] {taskinstance.py:1350} INFO - Marking task as SUCCESS. dag_id=nitro_data_pipeline, task_id=process_with_spark, execution_date=20250817T094200, start_date=20250817T094501, end_date=20250817T094547
[2025-08-17T09:45:47.454+0000] {local_task_job_runner.py:225} INFO - Task exited with return code 0
[2025-08-17T09:45:47.477+0000] {taskinstance.py:2651} INFO - 0 downstream tasks scheduled from follow-on schedule check
