[2025-08-19T14:19:13.300+0000] {taskinstance.py:1103} INFO - Dependencies all met for dep_context=non-requeueable deps ti=<TaskInstance: nitro_data_pipeline.process_with_spark scheduled__2025-08-19T11:42:00+00:00 [queued]>
[2025-08-19T14:19:13.320+0000] {taskinstance.py:1103} INFO - Dependencies all met for dep_context=requeueable deps ti=<TaskInstance: nitro_data_pipeline.process_with_spark scheduled__2025-08-19T11:42:00+00:00 [queued]>
[2025-08-19T14:19:13.321+0000] {taskinstance.py:1308} INFO - Starting attempt 2 of 1
[2025-08-19T14:19:13.354+0000] {taskinstance.py:1327} INFO - Executing <Task(PythonOperator): process_with_spark> on 2025-08-19 11:42:00+00:00
[2025-08-19T14:19:13.366+0000] {standard_task_runner.py:57} INFO - Started process 224 to run task
[2025-08-19T14:19:13.372+0000] {standard_task_runner.py:84} INFO - Running: ['airflow', 'tasks', 'run', 'nitro_data_pipeline', 'process_with_spark', 'scheduled__2025-08-19T11:42:00+00:00', '--job-id', '298', '--raw', '--subdir', 'DAGS_FOLDER/data_pipeline.py', '--cfg-path', '/tmp/tmplxsz9j5v']
[2025-08-19T14:19:13.376+0000] {standard_task_runner.py:85} INFO - Job 298: Subtask process_with_spark
[2025-08-19T14:19:13.544+0000] {task_command.py:410} INFO - Running <TaskInstance: nitro_data_pipeline.process_with_spark scheduled__2025-08-19T11:42:00+00:00 [running]> on host f0de8863e727
[2025-08-19T14:19:13.871+0000] {taskinstance.py:1547} INFO - Exporting env vars: AIRFLOW_CTX_DAG_OWNER='airflow' AIRFLOW_CTX_DAG_ID='nitro_data_pipeline' AIRFLOW_CTX_TASK_ID='process_with_spark' AIRFLOW_CTX_EXECUTION_DATE='2025-08-19T11:42:00+00:00' AIRFLOW_CTX_TRY_NUMBER='2' AIRFLOW_CTX_DAG_RUN_ID='scheduled__2025-08-19T11:42:00+00:00'
[2025-08-19T14:19:13.873+0000] {logging_mixin.py:149} INFO - ===== INICIANDO PROCESO DE SPARK =====
[2025-08-19T14:19:34.747+0000] {logging_mixin.py:149} INFO - ===== LEYENDO JSON DESDE MINIO =====
[2025-08-19T14:22:43.758+0000] {logging_mixin.py:149} INFO - Registros leídos: 18181
[2025-08-19T14:22:43.780+0000] {logging_mixin.py:149} INFO - root
 |-- sensor_id: string (nullable = true)
 |-- timestamp: string (nullable = true)
 |-- value: double (nullable = true)
[2025-08-19T14:22:45.437+0000] {logging_mixin.py:149} INFO - +---------+--------------------+-----+
|sensor_id|           timestamp|value|
+---------+--------------------+-----+
| sensor_1|2025-08-18T18:51:...|20.56|
| sensor_4|2025-08-18T18:51:...|25.16|
| sensor_0|2025-08-18T18:51:...|28.27|
| sensor_3|2025-08-18T18:50:...|27.02|
| sensor_3|2025-08-18T18:50:...|27.84|
+---------+--------------------+-----+
only showing top 5 rows
[2025-08-19T14:22:45.528+0000] {logging_mixin.py:149} INFO - ===== CALCULANDO PROMEDIOS =====
[2025-08-19T14:23:30.495+0000] {logging_mixin.py:149} INFO - +---------+------------------+
|sensor_id|         avg_value|
+---------+------------------+
| sensor_0|24.916888474846967|
| sensor_1| 24.98560935350757|
| sensor_4|24.949107395862875|
| sensor_2| 25.00830820770516|
| sensor_3|24.998626971179988|
+---------+------------------+
[2025-08-19T14:23:30.495+0000] {logging_mixin.py:149} INFO - ===== GUARDANDO RESULTADOS EN POSTGRES =====
[2025-08-19T14:24:11.699+0000] {logging_mixin.py:149} INFO - ===== PROCESO COMPLETADO CON ÉXITO =====
[2025-08-19T14:24:11.701+0000] {python.py:183} INFO - Done. Returned value was: None
[2025-08-19T14:24:11.725+0000] {taskinstance.py:1350} INFO - Marking task as SUCCESS. dag_id=nitro_data_pipeline, task_id=process_with_spark, execution_date=20250819T114200, start_date=20250819T141913, end_date=20250819T142411
[2025-08-19T14:24:11.792+0000] {local_task_job_runner.py:225} INFO - Task exited with return code 0
[2025-08-19T14:24:11.835+0000] {taskinstance.py:2651} INFO - 0 downstream tasks scheduled from follow-on schedule check
