[2025-08-18T15:28:47.575+0000] {taskinstance.py:1103} INFO - Dependencies all met for dep_context=non-requeueable deps ti=<TaskInstance: nitro_data_pipeline.process_with_spark scheduled__2025-08-18T14:48:00+00:00 [queued]>
[2025-08-18T15:28:47.601+0000] {taskinstance.py:1103} INFO - Dependencies all met for dep_context=requeueable deps ti=<TaskInstance: nitro_data_pipeline.process_with_spark scheduled__2025-08-18T14:48:00+00:00 [queued]>
[2025-08-18T15:28:47.601+0000] {taskinstance.py:1308} INFO - Starting attempt 1 of 1
[2025-08-18T15:28:47.640+0000] {taskinstance.py:1327} INFO - Executing <Task(PythonOperator): process_with_spark> on 2025-08-18 14:48:00+00:00
[2025-08-18T15:28:47.664+0000] {standard_task_runner.py:57} INFO - Started process 236 to run task
[2025-08-18T15:28:47.675+0000] {standard_task_runner.py:84} INFO - Running: ['airflow', 'tasks', 'run', 'nitro_data_pipeline', 'process_with_spark', 'scheduled__2025-08-18T14:48:00+00:00', '--job-id', '447', '--raw', '--subdir', 'DAGS_FOLDER/data_pipeline.py', '--cfg-path', '/tmp/tmpnf7f0e_n']
[2025-08-18T15:28:47.679+0000] {standard_task_runner.py:85} INFO - Job 447: Subtask process_with_spark
[2025-08-18T15:28:47.846+0000] {task_command.py:410} INFO - Running <TaskInstance: nitro_data_pipeline.process_with_spark scheduled__2025-08-18T14:48:00+00:00 [running]> on host 82ba84950a6e
[2025-08-18T15:28:48.223+0000] {taskinstance.py:1547} INFO - Exporting env vars: AIRFLOW_CTX_DAG_OWNER='airflow' AIRFLOW_CTX_DAG_ID='nitro_data_pipeline' AIRFLOW_CTX_TASK_ID='process_with_spark' AIRFLOW_CTX_EXECUTION_DATE='2025-08-18T14:48:00+00:00' AIRFLOW_CTX_TRY_NUMBER='1' AIRFLOW_CTX_DAG_RUN_ID='scheduled__2025-08-18T14:48:00+00:00'
[2025-08-18T15:28:48.225+0000] {logging_mixin.py:149} INFO - ===== INICIANDO PROCESO DE SPARK =====
[2025-08-18T15:30:00.525+0000] {logging_mixin.py:149} INFO - ===== LEYENDO JSON DESDE MINIO =====
[2025-08-18T15:33:51.030+0000] {logging_mixin.py:149} INFO - Registros leídos: 10077
[2025-08-18T15:33:51.054+0000] {logging_mixin.py:149} INFO - root
 |-- sensor_id: string (nullable = true)
 |-- timestamp: string (nullable = true)
 |-- value: double (nullable = true)
[2025-08-18T15:33:53.020+0000] {logging_mixin.py:149} INFO - +---------+--------------------+-----+
|sensor_id|           timestamp|value|
+---------+--------------------+-----+
| sensor_0|2025-08-16T21:31:...|25.44|
| sensor_3|2025-08-16T21:31:...|27.66|
| sensor_0|2025-08-16T21:31:...|24.79|
| sensor_0|2025-08-16T21:31:...|27.92|
| sensor_1|2025-08-16T21:31:...|23.75|
+---------+--------------------+-----+
only showing top 5 rows
[2025-08-18T15:33:53.221+0000] {logging_mixin.py:149} INFO - ===== CALCULANDO PROMEDIOS =====
[2025-08-18T15:34:38.864+0000] {logging_mixin.py:149} INFO - +---------+------------------+
|sensor_id|         avg_value|
+---------+------------------+
| sensor_0|25.058560644187214|
| sensor_1| 24.91382947264662|
| sensor_4|25.016848209783166|
| sensor_2|  25.0525012761613|
| sensor_3| 25.11267579046721|
+---------+------------------+
[2025-08-18T15:34:38.865+0000] {logging_mixin.py:149} INFO - ===== GUARDANDO RESULTADOS EN POSTGRES =====
[2025-08-18T15:35:26.615+0000] {logging_mixin.py:149} INFO - ===== PROCESO COMPLETADO CON ÉXITO =====
[2025-08-18T15:35:26.620+0000] {python.py:183} INFO - Done. Returned value was: None
[2025-08-18T15:35:26.854+0000] {taskinstance.py:1350} INFO - Marking task as SUCCESS. dag_id=nitro_data_pipeline, task_id=process_with_spark, execution_date=20250818T144800, start_date=20250818T152847, end_date=20250818T153526
[2025-08-18T15:35:27.032+0000] {local_task_job_runner.py:225} INFO - Task exited with return code 0
[2025-08-18T15:35:27.084+0000] {taskinstance.py:2651} INFO - 0 downstream tasks scheduled from follow-on schedule check
