[2025-08-18T11:38:56.017+0000] {taskinstance.py:1103} INFO - Dependencies all met for dep_context=non-requeueable deps ti=<TaskInstance: nitro_data_pipeline.process_with_spark manual__2025-08-18T11:38:53+00:00 [queued]>
[2025-08-18T11:38:56.041+0000] {taskinstance.py:1103} INFO - Dependencies all met for dep_context=requeueable deps ti=<TaskInstance: nitro_data_pipeline.process_with_spark manual__2025-08-18T11:38:53+00:00 [queued]>
[2025-08-18T11:38:56.042+0000] {taskinstance.py:1308} INFO - Starting attempt 1 of 1
[2025-08-18T11:38:56.084+0000] {taskinstance.py:1327} INFO - Executing <Task(PythonOperator): process_with_spark> on 2025-08-18 11:38:53+00:00
[2025-08-18T11:38:56.099+0000] {standard_task_runner.py:57} INFO - Started process 13106 to run task
[2025-08-18T11:38:56.111+0000] {standard_task_runner.py:84} INFO - Running: ['airflow', 'tasks', 'run', 'nitro_data_pipeline', 'process_with_spark', 'manual__2025-08-18T11:38:53+00:00', '--job-id', '306', '--raw', '--subdir', 'DAGS_FOLDER/data_pipeline.py', '--cfg-path', '/tmp/tmp2oqf3a6i']
[2025-08-18T11:38:56.116+0000] {standard_task_runner.py:85} INFO - Job 306: Subtask process_with_spark
[2025-08-18T11:38:56.420+0000] {task_command.py:410} INFO - Running <TaskInstance: nitro_data_pipeline.process_with_spark manual__2025-08-18T11:38:53+00:00 [running]> on host e3730e5f69d2
[2025-08-18T11:38:56.784+0000] {taskinstance.py:1547} INFO - Exporting env vars: AIRFLOW_CTX_DAG_OWNER='airflow' AIRFLOW_CTX_DAG_ID='nitro_data_pipeline' AIRFLOW_CTX_TASK_ID='process_with_spark' AIRFLOW_CTX_EXECUTION_DATE='2025-08-18T11:38:53+00:00' AIRFLOW_CTX_TRY_NUMBER='1' AIRFLOW_CTX_DAG_RUN_ID='manual__2025-08-18T11:38:53+00:00'
[2025-08-18T11:38:56.786+0000] {logging_mixin.py:149} INFO - ===== INICIANDO PROCESO DE SPARK =====
[2025-08-18T11:39:19.891+0000] {logging_mixin.py:149} INFO - ===== LEYENDO JSON DESDE MINIO =====
[2025-08-18T11:42:28.460+0000] {logging_mixin.py:149} INFO - Registros leídos: 6860
[2025-08-18T11:42:28.483+0000] {logging_mixin.py:149} INFO - root
 |-- sensor_id: string (nullable = true)
 |-- timestamp: string (nullable = true)
 |-- value: double (nullable = true)
[2025-08-18T11:42:30.856+0000] {logging_mixin.py:149} INFO - +---------+--------------------+-----+
|sensor_id|           timestamp|value|
+---------+--------------------+-----+
| sensor_0|2025-08-16T21:31:...|25.44|
| sensor_3|2025-08-16T21:31:...|27.66|
| sensor_0|2025-08-16T21:31:...|24.79|
| sensor_0|2025-08-16T21:31:...|27.92|
| sensor_1|2025-08-16T21:31:...|23.75|
+---------+--------------------+-----+
only showing top 5 rows
[2025-08-18T11:42:31.062+0000] {logging_mixin.py:149} INFO - ===== CALCULANDO PROMEDIOS =====
[2025-08-18T11:43:03.889+0000] {logging_mixin.py:149} INFO - +---------+------------------+
|sensor_id|         avg_value|
+---------+------------------+
| sensor_0|25.027803030303026|
| sensor_1|24.943316100443127|
| sensor_4|24.965407569141195|
| sensor_2|25.091221889055475|
| sensor_3|25.106508795669843|
+---------+------------------+
[2025-08-18T11:43:03.890+0000] {logging_mixin.py:149} INFO - ===== GUARDANDO RESULTADOS EN POSTGRES =====
[2025-08-18T11:43:39.852+0000] {logging_mixin.py:149} INFO - ===== PROCESO COMPLETADO CON ÉXITO =====
[2025-08-18T11:43:39.857+0000] {python.py:183} INFO - Done. Returned value was: None
[2025-08-18T11:43:39.928+0000] {taskinstance.py:1350} INFO - Marking task as SUCCESS. dag_id=nitro_data_pipeline, task_id=process_with_spark, execution_date=20250818T113853, start_date=20250818T113856, end_date=20250818T114339
[2025-08-18T11:43:39.329+0000] {local_task_job_runner.py:225} INFO - Task exited with return code 0
[2025-08-18T11:43:39.413+0000] {taskinstance.py:2651} INFO - 0 downstream tasks scheduled from follow-on schedule check
