[2025-08-18T10:58:43.715+0000] {taskinstance.py:1103} INFO - Dependencies all met for dep_context=non-requeueable deps ti=<TaskInstance: nitro_data_pipeline.process_with_spark manual__2025-08-18T10:58:41+00:00 [queued]>
[2025-08-18T10:58:43.737+0000] {taskinstance.py:1103} INFO - Dependencies all met for dep_context=requeueable deps ti=<TaskInstance: nitro_data_pipeline.process_with_spark manual__2025-08-18T10:58:41+00:00 [queued]>
[2025-08-18T10:58:43.737+0000] {taskinstance.py:1308} INFO - Starting attempt 1 of 1
[2025-08-18T10:58:43.773+0000] {taskinstance.py:1327} INFO - Executing <Task(PythonOperator): process_with_spark> on 2025-08-18 10:58:41+00:00
[2025-08-18T10:58:43.791+0000] {standard_task_runner.py:57} INFO - Started process 1913 to run task
[2025-08-18T10:58:43.801+0000] {standard_task_runner.py:84} INFO - Running: ['airflow', 'tasks', 'run', 'nitro_data_pipeline', 'process_with_spark', 'manual__2025-08-18T10:58:41+00:00', '--job-id', '271', '--raw', '--subdir', 'DAGS_FOLDER/data_pipeline.py', '--cfg-path', '/tmp/tmpu58wto76']
[2025-08-18T10:58:43.811+0000] {standard_task_runner.py:85} INFO - Job 271: Subtask process_with_spark
[2025-08-18T10:58:43.907+0000] {task_command.py:410} INFO - Running <TaskInstance: nitro_data_pipeline.process_with_spark manual__2025-08-18T10:58:41+00:00 [running]> on host e3730e5f69d2
[2025-08-18T10:58:44.216+0000] {taskinstance.py:1547} INFO - Exporting env vars: AIRFLOW_CTX_DAG_OWNER='airflow' AIRFLOW_CTX_DAG_ID='nitro_data_pipeline' AIRFLOW_CTX_TASK_ID='process_with_spark' AIRFLOW_CTX_EXECUTION_DATE='2025-08-18T10:58:41+00:00' AIRFLOW_CTX_TRY_NUMBER='1' AIRFLOW_CTX_DAG_RUN_ID='manual__2025-08-18T10:58:41+00:00'
[2025-08-18T10:58:44.221+0000] {logging_mixin.py:149} INFO - ===== INICIANDO PROCESO DE SPARK =====
[2025-08-18T10:58:56.098+0000] {logging_mixin.py:149} INFO - ===== LEYENDO JSON DESDE MINIO =====
[2025-08-18T11:01:04.392+0000] {logging_mixin.py:149} INFO - Registros leídos: 5625
[2025-08-18T11:01:04.458+0000] {logging_mixin.py:149} INFO - root
 |-- sensor_id: string (nullable = true)
 |-- timestamp: string (nullable = true)
 |-- value: double (nullable = true)
[2025-08-18T11:01:06.480+0000] {logging_mixin.py:149} INFO - +---------+--------------------+-----+
|sensor_id|           timestamp|value|
+---------+--------------------+-----+
| sensor_0|2025-08-16T21:31:...|25.44|
| sensor_3|2025-08-16T21:31:...|27.66|
| sensor_0|2025-08-16T21:31:...|24.79|
| sensor_0|2025-08-16T21:31:...|27.92|
| sensor_1|2025-08-16T21:31:...|23.75|
+---------+--------------------+-----+
only showing top 5 rows
[2025-08-18T11:01:06.713+0000] {logging_mixin.py:149} INFO - ===== CALCULANDO PROMEDIOS =====
[2025-08-18T11:01:33.721+0000] {logging_mixin.py:149} INFO - +---------+------------------+
|sensor_id|         avg_value|
+---------+------------------+
| sensor_0| 24.97503690036901|
| sensor_1|24.981315068493135|
| sensor_4|24.929448336252193|
| sensor_2|25.080254314259765|
| sensor_3| 25.09454696591854|
+---------+------------------+
[2025-08-18T11:01:33.722+0000] {logging_mixin.py:149} INFO - ===== GUARDANDO RESULTADOS EN POSTGRES =====
[2025-08-18T11:01:55.754+0000] {logging_mixin.py:149} INFO - ===== PROCESO COMPLETADO CON ÉXITO =====
[2025-08-18T11:01:55.760+0000] {python.py:183} INFO - Done. Returned value was: None
[2025-08-18T11:01:55.832+0000] {taskinstance.py:1350} INFO - Marking task as SUCCESS. dag_id=nitro_data_pipeline, task_id=process_with_spark, execution_date=20250818T105841, start_date=20250818T105843, end_date=20250818T110155
[2025-08-18T11:01:55.932+0000] {local_task_job_runner.py:225} INFO - Task exited with return code 0
[2025-08-18T11:01:55.992+0000] {taskinstance.py:2651} INFO - 0 downstream tasks scheduled from follow-on schedule check
