[2025-08-19T10:36:01.780+0000] {taskinstance.py:1103} INFO - Dependencies all met for dep_context=non-requeueable deps ti=<TaskInstance: nitro_data_pipeline.process_with_spark scheduled__2025-08-19T10:33:00+00:00 [queued]>
[2025-08-19T10:36:01.790+0000] {taskinstance.py:1103} INFO - Dependencies all met for dep_context=requeueable deps ti=<TaskInstance: nitro_data_pipeline.process_with_spark scheduled__2025-08-19T10:33:00+00:00 [queued]>
[2025-08-19T10:36:01.791+0000] {taskinstance.py:1308} INFO - Starting attempt 1 of 1
[2025-08-19T10:36:01.807+0000] {taskinstance.py:1327} INFO - Executing <Task(PythonOperator): process_with_spark> on 2025-08-19 10:33:00+00:00
[2025-08-19T10:36:01.815+0000] {standard_task_runner.py:57} INFO - Started process 7475 to run task
[2025-08-19T10:36:01.819+0000] {standard_task_runner.py:84} INFO - Running: ['airflow', 'tasks', 'run', 'nitro_data_pipeline', 'process_with_spark', 'scheduled__2025-08-19T10:33:00+00:00', '--job-id', '238', '--raw', '--subdir', 'DAGS_FOLDER/data_pipeline.py', '--cfg-path', '/tmp/tmp4eoee6vj']
[2025-08-19T10:36:01.821+0000] {standard_task_runner.py:85} INFO - Job 238: Subtask process_with_spark
[2025-08-19T10:36:01.888+0000] {task_command.py:410} INFO - Running <TaskInstance: nitro_data_pipeline.process_with_spark scheduled__2025-08-19T10:33:00+00:00 [running]> on host 0582fa07e867
[2025-08-19T10:36:02.036+0000] {taskinstance.py:1547} INFO - Exporting env vars: AIRFLOW_CTX_DAG_OWNER='airflow' AIRFLOW_CTX_DAG_ID='nitro_data_pipeline' AIRFLOW_CTX_TASK_ID='process_with_spark' AIRFLOW_CTX_EXECUTION_DATE='2025-08-19T10:33:00+00:00' AIRFLOW_CTX_TRY_NUMBER='1' AIRFLOW_CTX_DAG_RUN_ID='scheduled__2025-08-19T10:33:00+00:00'
[2025-08-19T10:36:02.037+0000] {logging_mixin.py:149} INFO - ===== INICIANDO PROCESO DE SPARK =====
[2025-08-19T10:36:08.148+0000] {logging_mixin.py:149} INFO - ===== LEYENDO JSON DESDE MINIO =====
[2025-08-19T10:37:55.923+0000] {logging_mixin.py:149} INFO - Registros leídos: 9938
[2025-08-19T10:37:55.930+0000] {logging_mixin.py:149} INFO - root
 |-- sensor_id: string (nullable = true)
 |-- timestamp: string (nullable = true)
 |-- value: double (nullable = true)
[2025-08-19T10:37:56.397+0000] {logging_mixin.py:149} INFO - +---------+--------------------+-----+
|sensor_id|           timestamp|value|
+---------+--------------------+-----+
| sensor_1|2025-08-18T18:51:...|20.56|
| sensor_4|2025-08-18T18:51:...|25.16|
| sensor_0|2025-08-18T18:51:...|28.27|
| sensor_3|2025-08-18T18:50:...|27.02|
| sensor_3|2025-08-18T18:50:...|27.84|
+---------+--------------------+-----+
only showing top 5 rows
[2025-08-19T10:37:56.446+0000] {logging_mixin.py:149} INFO - ===== CALCULANDO PROMEDIOS =====
[2025-08-19T10:38:11.304+0000] {logging_mixin.py:149} INFO - +---------+------------------+
|sensor_id|         avg_value|
+---------+------------------+
| sensor_0|24.918580335731413|
| sensor_1| 24.99509883426256|
| sensor_4|24.934380508035243|
| sensor_2|25.042980269989613|
| sensor_3|25.072879012345695|
+---------+------------------+
[2025-08-19T10:38:11.305+0000] {logging_mixin.py:149} INFO - ===== GUARDANDO RESULTADOS EN POSTGRES =====
[2025-08-19T10:38:24.160+0000] {logging_mixin.py:149} INFO - ===== PROCESO COMPLETADO CON ÉXITO =====
[2025-08-19T10:38:24.161+0000] {python.py:183} INFO - Done. Returned value was: None
[2025-08-19T10:38:24.185+0000] {taskinstance.py:1350} INFO - Marking task as SUCCESS. dag_id=nitro_data_pipeline, task_id=process_with_spark, execution_date=20250819T103300, start_date=20250819T103601, end_date=20250819T103824
[2025-08-19T10:38:24.232+0000] {local_task_job_runner.py:225} INFO - Task exited with return code 0
[2025-08-19T10:38:24.284+0000] {taskinstance.py:2651} INFO - 0 downstream tasks scheduled from follow-on schedule check
