[2025-08-19T11:06:01.929+0000] {taskinstance.py:1103} INFO - Dependencies all met for dep_context=non-requeueable deps ti=<TaskInstance: nitro_data_pipeline.process_with_spark scheduled__2025-08-19T11:03:00+00:00 [queued]>
[2025-08-19T11:06:01.940+0000] {taskinstance.py:1103} INFO - Dependencies all met for dep_context=requeueable deps ti=<TaskInstance: nitro_data_pipeline.process_with_spark scheduled__2025-08-19T11:03:00+00:00 [queued]>
[2025-08-19T11:06:01.940+0000] {taskinstance.py:1308} INFO - Starting attempt 1 of 1
[2025-08-19T11:06:01.956+0000] {taskinstance.py:1327} INFO - Executing <Task(PythonOperator): process_with_spark> on 2025-08-19 11:03:00+00:00
[2025-08-19T11:06:01.962+0000] {standard_task_runner.py:57} INFO - Started process 13334 to run task
[2025-08-19T11:06:01.966+0000] {standard_task_runner.py:84} INFO - Running: ['airflow', 'tasks', 'run', 'nitro_data_pipeline', 'process_with_spark', 'scheduled__2025-08-19T11:03:00+00:00', '--job-id', '258', '--raw', '--subdir', 'DAGS_FOLDER/data_pipeline.py', '--cfg-path', '/tmp/tmpo46ajgat']
[2025-08-19T11:06:01.969+0000] {standard_task_runner.py:85} INFO - Job 258: Subtask process_with_spark
[2025-08-19T11:06:02.040+0000] {task_command.py:410} INFO - Running <TaskInstance: nitro_data_pipeline.process_with_spark scheduled__2025-08-19T11:03:00+00:00 [running]> on host 0582fa07e867
[2025-08-19T11:06:02.175+0000] {taskinstance.py:1547} INFO - Exporting env vars: AIRFLOW_CTX_DAG_OWNER='airflow' AIRFLOW_CTX_DAG_ID='nitro_data_pipeline' AIRFLOW_CTX_TASK_ID='process_with_spark' AIRFLOW_CTX_EXECUTION_DATE='2025-08-19T11:03:00+00:00' AIRFLOW_CTX_TRY_NUMBER='1' AIRFLOW_CTX_DAG_RUN_ID='scheduled__2025-08-19T11:03:00+00:00'
[2025-08-19T11:06:02.177+0000] {logging_mixin.py:149} INFO - ===== INICIANDO PROCESO DE SPARK =====
[2025-08-19T11:06:08.828+0000] {logging_mixin.py:149} INFO - ===== LEYENDO JSON DESDE MINIO =====
[2025-08-19T11:07:58.615+0000] {logging_mixin.py:149} INFO - Registros leídos: 10837
[2025-08-19T11:07:58.626+0000] {logging_mixin.py:149} INFO - root
 |-- sensor_id: string (nullable = true)
 |-- timestamp: string (nullable = true)
 |-- value: double (nullable = true)
[2025-08-19T11:07:59.407+0000] {logging_mixin.py:149} INFO - +---------+--------------------+-----+
|sensor_id|           timestamp|value|
+---------+--------------------+-----+
| sensor_1|2025-08-18T18:51:...|20.56|
| sensor_4|2025-08-18T18:51:...|25.16|
| sensor_0|2025-08-18T18:51:...|28.27|
| sensor_3|2025-08-18T18:50:...|27.02|
| sensor_3|2025-08-18T18:50:...|27.84|
+---------+--------------------+-----+
only showing top 5 rows
[2025-08-19T11:07:59.462+0000] {logging_mixin.py:149} INFO - ===== CALCULANDO PROMEDIOS =====
[2025-08-19T11:08:16.731+0000] {logging_mixin.py:149} INFO - +---------+------------------+
|sensor_id|         avg_value|
+---------+------------------+
| sensor_0|24.926353251318105|
| sensor_1| 24.99041743970316|
| sensor_4| 24.91156413924654|
| sensor_2|25.029719314938152|
| sensor_3|25.035235720761573|
+---------+------------------+
[2025-08-19T11:08:16.732+0000] {logging_mixin.py:149} INFO - ===== GUARDANDO RESULTADOS EN POSTGRES =====
[2025-08-19T11:08:31.965+0000] {logging_mixin.py:149} INFO - ===== PROCESO COMPLETADO CON ÉXITO =====
[2025-08-19T11:08:31.966+0000] {python.py:183} INFO - Done. Returned value was: None
[2025-08-19T11:08:31.986+0000] {taskinstance.py:1350} INFO - Marking task as SUCCESS. dag_id=nitro_data_pipeline, task_id=process_with_spark, execution_date=20250819T110300, start_date=20250819T110601, end_date=20250819T110831
[2025-08-19T11:08:32.058+0000] {local_task_job_runner.py:225} INFO - Task exited with return code 0
[2025-08-19T11:08:32.095+0000] {taskinstance.py:2651} INFO - 0 downstream tasks scheduled from follow-on schedule check
