[2025-08-18T11:09:01.646+0000] {taskinstance.py:1103} INFO - Dependencies all met for dep_context=non-requeueable deps ti=<TaskInstance: nitro_data_pipeline.process_with_spark scheduled__2025-08-18T11:06:00+00:00 [queued]>
[2025-08-18T11:09:01.670+0000] {taskinstance.py:1103} INFO - Dependencies all met for dep_context=requeueable deps ti=<TaskInstance: nitro_data_pipeline.process_with_spark scheduled__2025-08-18T11:06:00+00:00 [queued]>
[2025-08-18T11:09:01.670+0000] {taskinstance.py:1308} INFO - Starting attempt 1 of 1
[2025-08-18T11:09:01.713+0000] {taskinstance.py:1327} INFO - Executing <Task(PythonOperator): process_with_spark> on 2025-08-18 11:06:00+00:00
[2025-08-18T11:09:01.723+0000] {standard_task_runner.py:57} INFO - Started process 4810 to run task
[2025-08-18T11:09:01.729+0000] {standard_task_runner.py:84} INFO - Running: ['airflow', 'tasks', 'run', 'nitro_data_pipeline', 'process_with_spark', 'scheduled__2025-08-18T11:06:00+00:00', '--job-id', '280', '--raw', '--subdir', 'DAGS_FOLDER/data_pipeline.py', '--cfg-path', '/tmp/tmpa0gdv1qy']
[2025-08-18T11:09:01.732+0000] {standard_task_runner.py:85} INFO - Job 280: Subtask process_with_spark
[2025-08-18T11:09:01.851+0000] {task_command.py:410} INFO - Running <TaskInstance: nitro_data_pipeline.process_with_spark scheduled__2025-08-18T11:06:00+00:00 [running]> on host e3730e5f69d2
[2025-08-18T11:09:02.076+0000] {taskinstance.py:1547} INFO - Exporting env vars: AIRFLOW_CTX_DAG_OWNER='airflow' AIRFLOW_CTX_DAG_ID='nitro_data_pipeline' AIRFLOW_CTX_TASK_ID='process_with_spark' AIRFLOW_CTX_EXECUTION_DATE='2025-08-18T11:06:00+00:00' AIRFLOW_CTX_TRY_NUMBER='1' AIRFLOW_CTX_DAG_RUN_ID='scheduled__2025-08-18T11:06:00+00:00'
[2025-08-18T11:09:02.084+0000] {logging_mixin.py:149} INFO - ===== INICIANDO PROCESO DE SPARK =====
[2025-08-18T11:09:23.112+0000] {logging_mixin.py:149} INFO - ===== LEYENDO JSON DESDE MINIO =====
[2025-08-18T11:11:39.797+0000] {logging_mixin.py:149} INFO - Registros leídos: 5944
[2025-08-18T11:11:39.814+0000] {logging_mixin.py:149} INFO - root
 |-- sensor_id: string (nullable = true)
 |-- timestamp: string (nullable = true)
 |-- value: double (nullable = true)
[2025-08-18T11:11:40.586+0000] {logging_mixin.py:149} INFO - +---------+--------------------+-----+
|sensor_id|           timestamp|value|
+---------+--------------------+-----+
| sensor_0|2025-08-16T21:31:...|25.44|
| sensor_3|2025-08-16T21:31:...|27.66|
| sensor_0|2025-08-16T21:31:...|24.79|
| sensor_0|2025-08-16T21:31:...|27.92|
| sensor_1|2025-08-16T21:31:...|23.75|
+---------+--------------------+-----+
only showing top 5 rows
[2025-08-18T11:11:40.668+0000] {logging_mixin.py:149} INFO - ===== CALCULANDO PROMEDIOS =====
[2025-08-18T11:11:54.217+0000] {logging_mixin.py:149} INFO - +---------+------------------+
|sensor_id|         avg_value|
+---------+------------------+
| sensor_0|25.011234782608696|
| sensor_1|24.985517241379306|
| sensor_4|24.951357615894043|
| sensor_2|25.098758620689658|
| sensor_3|25.092962085308063|
+---------+------------------+
[2025-08-18T11:11:54.217+0000] {logging_mixin.py:149} INFO - ===== GUARDANDO RESULTADOS EN POSTGRES =====
[2025-08-18T11:12:04.071+0000] {logging_mixin.py:149} INFO - ===== PROCESO COMPLETADO CON ÉXITO =====
[2025-08-18T11:12:04.071+0000] {python.py:183} INFO - Done. Returned value was: None
[2025-08-18T11:12:04.102+0000] {taskinstance.py:1350} INFO - Marking task as SUCCESS. dag_id=nitro_data_pipeline, task_id=process_with_spark, execution_date=20250818T110600, start_date=20250818T110901, end_date=20250818T111204
[2025-08-18T11:12:04.144+0000] {local_task_job_runner.py:225} INFO - Task exited with return code 0
[2025-08-18T11:12:04.295+0000] {taskinstance.py:2651} INFO - 0 downstream tasks scheduled from follow-on schedule check
