[2025-08-19T14:30:03.344+0000] {taskinstance.py:1103} INFO - Dependencies all met for dep_context=non-requeueable deps ti=<TaskInstance: nitro_data_pipeline.process_with_spark scheduled__2025-08-19T14:27:00+00:00 [queued]>
[2025-08-19T14:30:03.368+0000] {taskinstance.py:1103} INFO - Dependencies all met for dep_context=requeueable deps ti=<TaskInstance: nitro_data_pipeline.process_with_spark scheduled__2025-08-19T14:27:00+00:00 [queued]>
[2025-08-19T14:30:03.368+0000] {taskinstance.py:1308} INFO - Starting attempt 1 of 1
[2025-08-19T14:30:03.419+0000] {taskinstance.py:1327} INFO - Executing <Task(PythonOperator): process_with_spark> on 2025-08-19 14:27:00+00:00
[2025-08-19T14:30:03.444+0000] {standard_task_runner.py:57} INFO - Started process 2660 to run task
[2025-08-19T14:30:03.455+0000] {standard_task_runner.py:84} INFO - Running: ['airflow', 'tasks', 'run', 'nitro_data_pipeline', 'process_with_spark', 'scheduled__2025-08-19T14:27:00+00:00', '--job-id', '309', '--raw', '--subdir', 'DAGS_FOLDER/data_pipeline.py', '--cfg-path', '/tmp/tmpmo11ydnw']
[2025-08-19T14:30:03.460+0000] {standard_task_runner.py:85} INFO - Job 309: Subtask process_with_spark
[2025-08-19T14:30:03.604+0000] {task_command.py:410} INFO - Running <TaskInstance: nitro_data_pipeline.process_with_spark scheduled__2025-08-19T14:27:00+00:00 [running]> on host f0de8863e727
[2025-08-19T14:30:03.846+0000] {taskinstance.py:1547} INFO - Exporting env vars: AIRFLOW_CTX_DAG_OWNER='airflow' AIRFLOW_CTX_DAG_ID='nitro_data_pipeline' AIRFLOW_CTX_TASK_ID='process_with_spark' AIRFLOW_CTX_EXECUTION_DATE='2025-08-19T14:27:00+00:00' AIRFLOW_CTX_TRY_NUMBER='1' AIRFLOW_CTX_DAG_RUN_ID='scheduled__2025-08-19T14:27:00+00:00'
[2025-08-19T14:30:03.848+0000] {logging_mixin.py:149} INFO - ===== INICIANDO PROCESO DE SPARK =====
[2025-08-19T14:30:26.976+0000] {logging_mixin.py:149} INFO - ===== LEYENDO JSON DESDE MINIO =====
[2025-08-19T14:35:10.391+0000] {logging_mixin.py:149} INFO - Registros leídos: 18509
[2025-08-19T14:35:10.408+0000] {logging_mixin.py:149} INFO - root
 |-- sensor_id: string (nullable = true)
 |-- timestamp: string (nullable = true)
 |-- value: double (nullable = true)
[2025-08-19T14:35:11.553+0000] {logging_mixin.py:149} INFO - +---------+--------------------+-----+
|sensor_id|           timestamp|value|
+---------+--------------------+-----+
| sensor_1|2025-08-18T18:51:...|20.56|
| sensor_4|2025-08-18T18:51:...|25.16|
| sensor_0|2025-08-18T18:51:...|28.27|
| sensor_3|2025-08-18T18:50:...|27.02|
| sensor_3|2025-08-18T18:50:...|27.84|
+---------+--------------------+-----+
only showing top 5 rows
[2025-08-19T14:35:11.672+0000] {logging_mixin.py:149} INFO - ===== CALCULANDO PROMEDIOS =====
