[2025-08-17T15:36:01.650+0000] {taskinstance.py:1103} INFO - Dependencies all met for dep_context=non-requeueable deps ti=<TaskInstance: nitro_data_pipeline.process_with_spark scheduled__2025-08-17T15:33:00+00:00 [queued]>
[2025-08-17T15:36:01.661+0000] {taskinstance.py:1103} INFO - Dependencies all met for dep_context=requeueable deps ti=<TaskInstance: nitro_data_pipeline.process_with_spark scheduled__2025-08-17T15:33:00+00:00 [queued]>
[2025-08-17T15:36:01.661+0000] {taskinstance.py:1308} INFO - Starting attempt 1 of 1
[2025-08-17T15:36:01.677+0000] {taskinstance.py:1327} INFO - Executing <Task(PythonOperator): process_with_spark> on 2025-08-17 15:33:00+00:00
[2025-08-17T15:36:01.682+0000] {standard_task_runner.py:57} INFO - Started process 1056 to run task
[2025-08-17T15:36:01.686+0000] {standard_task_runner.py:84} INFO - Running: ['airflow', 'tasks', 'run', 'nitro_data_pipeline', 'process_with_spark', 'scheduled__2025-08-17T15:33:00+00:00', '--job-id', '146', '--raw', '--subdir', 'DAGS_FOLDER/data_pipeline.py', '--cfg-path', '/tmp/tmp5cgak18x']
[2025-08-17T15:36:01.689+0000] {standard_task_runner.py:85} INFO - Job 146: Subtask process_with_spark
[2025-08-17T15:36:01.755+0000] {task_command.py:410} INFO - Running <TaskInstance: nitro_data_pipeline.process_with_spark scheduled__2025-08-17T15:33:00+00:00 [running]> on host 4860d8807aa2
[2025-08-17T15:36:01.869+0000] {taskinstance.py:1547} INFO - Exporting env vars: AIRFLOW_CTX_DAG_OWNER='airflow' AIRFLOW_CTX_DAG_ID='nitro_data_pipeline' AIRFLOW_CTX_TASK_ID='process_with_spark' AIRFLOW_CTX_EXECUTION_DATE='2025-08-17T15:33:00+00:00' AIRFLOW_CTX_TRY_NUMBER='1' AIRFLOW_CTX_DAG_RUN_ID='scheduled__2025-08-17T15:33:00+00:00'
[2025-08-17T15:36:01.870+0000] {logging_mixin.py:149} INFO - ===== INICIANDO PROCESO DE SPARK =====
[2025-08-17T15:36:09.603+0000] {logging_mixin.py:149} INFO - ===== LEYENDO JSON DESDE MINIO =====
[2025-08-17T15:36:48.726+0000] {logging_mixin.py:149} INFO - Registros leídos: 1704
[2025-08-17T15:36:48.733+0000] {logging_mixin.py:149} INFO - root
 |-- sensor_id: string (nullable = true)
 |-- timestamp: string (nullable = true)
 |-- value: double (nullable = true)
[2025-08-17T15:36:49.134+0000] {logging_mixin.py:149} INFO - +---------+--------------------+-----+
|sensor_id|           timestamp|value|
+---------+--------------------+-----+
| sensor_0|2025-08-16T21:31:...|25.44|
| sensor_3|2025-08-16T21:31:...|27.66|
| sensor_0|2025-08-16T21:31:...|24.79|
| sensor_0|2025-08-16T21:31:...|27.92|
| sensor_1|2025-08-16T21:31:...|23.75|
+---------+--------------------+-----+
only showing top 5 rows
[2025-08-17T15:36:49.221+0000] {logging_mixin.py:149} INFO - ===== CALCULANDO PROMEDIOS =====
[2025-08-17T15:36:54.051+0000] {logging_mixin.py:149} INFO - +---------+------------------+
|sensor_id|         avg_value|
+---------+------------------+
| sensor_0| 25.09861736334406|
| sensor_1| 25.05417417417417|
| sensor_4|25.084028571428565|
| sensor_2| 25.25469914040115|
| sensor_3|24.943711911357347|
+---------+------------------+
[2025-08-17T15:36:54.051+0000] {logging_mixin.py:149} INFO - ===== GUARDANDO RESULTADOS EN POSTGRES =====
[2025-08-17T15:36:58.787+0000] {logging_mixin.py:149} INFO - ===== PROCESO COMPLETADO CON ÉXITO =====
[2025-08-17T15:36:58.788+0000] {python.py:183} INFO - Done. Returned value was: None
[2025-08-17T15:36:58.822+0000] {taskinstance.py:1350} INFO - Marking task as SUCCESS. dag_id=nitro_data_pipeline, task_id=process_with_spark, execution_date=20250817T153300, start_date=20250817T153601, end_date=20250817T153658
[2025-08-17T15:36:58.874+0000] {local_task_job_runner.py:225} INFO - Task exited with return code 0
[2025-08-17T15:36:58.919+0000] {taskinstance.py:2651} INFO - 0 downstream tasks scheduled from follow-on schedule check
