[2025-08-18T19:36:01.564+0000] {taskinstance.py:1103} INFO - Dependencies all met for dep_context=non-requeueable deps ti=<TaskInstance: nitro_data_pipeline.process_with_spark scheduled__2025-08-18T19:33:00+00:00 [queued]>
[2025-08-18T19:36:01.576+0000] {taskinstance.py:1103} INFO - Dependencies all met for dep_context=requeueable deps ti=<TaskInstance: nitro_data_pipeline.process_with_spark scheduled__2025-08-18T19:33:00+00:00 [queued]>
[2025-08-18T19:36:01.576+0000] {taskinstance.py:1308} INFO - Starting attempt 1 of 1
[2025-08-18T19:36:01.596+0000] {taskinstance.py:1327} INFO - Executing <Task(PythonOperator): process_with_spark> on 2025-08-18 19:33:00+00:00
[2025-08-18T19:36:01.602+0000] {standard_task_runner.py:57} INFO - Started process 30157 to run task
[2025-08-18T19:36:01.609+0000] {standard_task_runner.py:84} INFO - Running: ['airflow', 'tasks', 'run', 'nitro_data_pipeline', 'process_with_spark', 'scheduled__2025-08-18T19:33:00+00:00', '--job-id', '112', '--raw', '--subdir', 'DAGS_FOLDER/data_pipeline.py', '--cfg-path', '/tmp/tmp54yrcpyh']
[2025-08-18T19:36:01.612+0000] {standard_task_runner.py:85} INFO - Job 112: Subtask process_with_spark
[2025-08-18T19:36:01.685+0000] {task_command.py:410} INFO - Running <TaskInstance: nitro_data_pipeline.process_with_spark scheduled__2025-08-18T19:33:00+00:00 [running]> on host 8ed7b3a2822e
[2025-08-18T19:36:01.837+0000] {taskinstance.py:1547} INFO - Exporting env vars: AIRFLOW_CTX_DAG_OWNER='airflow' AIRFLOW_CTX_DAG_ID='nitro_data_pipeline' AIRFLOW_CTX_TASK_ID='process_with_spark' AIRFLOW_CTX_EXECUTION_DATE='2025-08-18T19:33:00+00:00' AIRFLOW_CTX_TRY_NUMBER='1' AIRFLOW_CTX_DAG_RUN_ID='scheduled__2025-08-18T19:33:00+00:00'
[2025-08-18T19:36:01.840+0000] {logging_mixin.py:149} INFO - ===== INICIANDO PROCESO DE SPARK =====
[2025-08-18T19:36:08.418+0000] {logging_mixin.py:149} INFO - ===== LEYENDO JSON DESDE MINIO =====
[2025-08-18T19:37:14.467+0000] {logging_mixin.py:149} INFO - Registros leídos: 5059
[2025-08-18T19:37:14.484+0000] {logging_mixin.py:149} INFO - root
 |-- sensor_id: string (nullable = true)
 |-- timestamp: string (nullable = true)
 |-- value: double (nullable = true)
[2025-08-18T19:37:15.172+0000] {logging_mixin.py:149} INFO - +---------+--------------------+-----+
|sensor_id|           timestamp|value|
+---------+--------------------+-----+
| sensor_1|2025-08-18T18:51:...|20.56|
| sensor_4|2025-08-18T18:51:...|25.16|
| sensor_0|2025-08-18T18:51:...|28.27|
| sensor_3|2025-08-18T18:50:...|27.02|
| sensor_3|2025-08-18T18:50:...|27.84|
+---------+--------------------+-----+
only showing top 5 rows
[2025-08-18T19:37:15.242+0000] {logging_mixin.py:149} INFO - ===== CALCULANDO PROMEDIOS =====
[2025-08-18T19:37:25.048+0000] {logging_mixin.py:149} INFO - +---------+------------------+
|sensor_id|         avg_value|
+---------+------------------+
| sensor_0| 24.91496786042239|
| sensor_1|24.826818652849735|
| sensor_4|24.903165983606552|
| sensor_2|24.996638830897705|
| sensor_3| 24.99360410830999|
+---------+------------------+
[2025-08-18T19:37:25.048+0000] {logging_mixin.py:149} INFO - ===== GUARDANDO RESULTADOS EN POSTGRES =====
[2025-08-18T19:37:33.189+0000] {logging_mixin.py:149} INFO - ===== PROCESO COMPLETADO CON ÉXITO =====
[2025-08-18T19:37:33.189+0000] {python.py:183} INFO - Done. Returned value was: None
[2025-08-18T19:37:33.209+0000] {taskinstance.py:1350} INFO - Marking task as SUCCESS. dag_id=nitro_data_pipeline, task_id=process_with_spark, execution_date=20250818T193300, start_date=20250818T193601, end_date=20250818T193733
[2025-08-18T19:37:33.250+0000] {local_task_job_runner.py:225} INFO - Task exited with return code 0
[2025-08-18T19:37:33.284+0000] {taskinstance.py:2651} INFO - 0 downstream tasks scheduled from follow-on schedule check
