[2025-08-18T13:01:35.742+0000] {taskinstance.py:1103} INFO - Dependencies all met for dep_context=non-requeueable deps ti=<TaskInstance: nitro_data_pipeline.process_with_spark manual__2025-08-18T13:01:19+00:00 [queued]>
[2025-08-18T13:01:35.825+0000] {taskinstance.py:1103} INFO - Dependencies all met for dep_context=requeueable deps ti=<TaskInstance: nitro_data_pipeline.process_with_spark manual__2025-08-18T13:01:19+00:00 [queued]>
[2025-08-18T13:01:35.826+0000] {taskinstance.py:1308} INFO - Starting attempt 1 of 1
[2025-08-18T13:01:36.266+0000] {taskinstance.py:1327} INFO - Executing <Task(PythonOperator): process_with_spark> on 2025-08-18 13:01:19+00:00
[2025-08-18T13:01:36.292+0000] {standard_task_runner.py:57} INFO - Started process 35419 to run task
[2025-08-18T13:01:36.445+0000] {standard_task_runner.py:84} INFO - Running: ['airflow', 'tasks', 'run', 'nitro_data_pipeline', 'process_with_spark', 'manual__2025-08-18T13:01:19+00:00', '--job-id', '376', '--raw', '--subdir', 'DAGS_FOLDER/data_pipeline.py', '--cfg-path', '/tmp/tmp8mvyrzni']
[2025-08-18T13:01:36.535+0000] {standard_task_runner.py:85} INFO - Job 376: Subtask process_with_spark
[2025-08-18T13:01:37.036+0000] {task_command.py:410} INFO - Running <TaskInstance: nitro_data_pipeline.process_with_spark manual__2025-08-18T13:01:19+00:00 [running]> on host e3730e5f69d2
[2025-08-18T13:01:38.107+0000] {taskinstance.py:1547} INFO - Exporting env vars: AIRFLOW_CTX_DAG_OWNER='airflow' AIRFLOW_CTX_DAG_ID='nitro_data_pipeline' AIRFLOW_CTX_TASK_ID='process_with_spark' AIRFLOW_CTX_EXECUTION_DATE='2025-08-18T13:01:19+00:00' AIRFLOW_CTX_TRY_NUMBER='1' AIRFLOW_CTX_DAG_RUN_ID='manual__2025-08-18T13:01:19+00:00'
[2025-08-18T13:01:38.123+0000] {logging_mixin.py:149} INFO - ===== INICIANDO PROCESO DE SPARK =====
[2025-08-18T13:02:22.461+0000] {logging_mixin.py:149} INFO - ===== LEYENDO JSON DESDE MINIO =====
[2025-08-18T13:08:23.540+0000] {logging_mixin.py:149} INFO - Registros leídos: 9370
[2025-08-18T13:08:23.583+0000] {logging_mixin.py:149} INFO - root
 |-- sensor_id: string (nullable = true)
 |-- timestamp: string (nullable = true)
 |-- value: double (nullable = true)
[2025-08-18T13:08:27.975+0000] {logging_mixin.py:149} INFO - +---------+--------------------+-----+
|sensor_id|           timestamp|value|
+---------+--------------------+-----+
| sensor_0|2025-08-16T21:31:...|25.44|
| sensor_3|2025-08-16T21:31:...|27.66|
| sensor_0|2025-08-16T21:31:...|24.79|
| sensor_0|2025-08-16T21:31:...|27.92|
| sensor_1|2025-08-16T21:31:...|23.75|
+---------+--------------------+-----+
only showing top 5 rows
[2025-08-18T13:08:28.358+0000] {logging_mixin.py:149} INFO - ===== CALCULANDO PROMEDIOS =====
[2025-08-18T13:09:35.719+0000] {logging_mixin.py:149} INFO - +---------+------------------+
|sensor_id|         avg_value|
+---------+------------------+
| sensor_0|25.056895619253662|
| sensor_1| 24.91257583821181|
| sensor_4| 24.99250678241997|
| sensor_2|25.081212952799127|
| sensor_3|25.122554375316135|
+---------+------------------+
[2025-08-18T13:09:35.720+0000] {logging_mixin.py:149} INFO - ===== GUARDANDO RESULTADOS EN POSTGRES =====
[2025-08-18T13:10:31.629+0000] {logging_mixin.py:149} INFO - ===== PROCESO COMPLETADO CON ÉXITO =====
[2025-08-18T13:10:31.664+0000] {python.py:183} INFO - Done. Returned value was: None
[2025-08-18T13:10:35.532+0000] {taskinstance.py:1350} INFO - Marking task as SUCCESS. dag_id=nitro_data_pipeline, task_id=process_with_spark, execution_date=20250818T130119, start_date=20250818T130135, end_date=20250818T131035
[2025-08-18T13:10:37.004+0000] {local_task_job_runner.py:225} INFO - Task exited with return code 0
[2025-08-18T13:10:38.327+0000] {taskinstance.py:2651} INFO - 0 downstream tasks scheduled from follow-on schedule check
