[2025-08-18T12:09:36.305+0000] {taskinstance.py:1103} INFO - Dependencies all met for dep_context=non-requeueable deps ti=<TaskInstance: nitro_data_pipeline.process_with_spark manual__2025-08-18T12:09:33+00:00 [queued]>
[2025-08-18T12:09:36.353+0000] {taskinstance.py:1103} INFO - Dependencies all met for dep_context=requeueable deps ti=<TaskInstance: nitro_data_pipeline.process_with_spark manual__2025-08-18T12:09:33+00:00 [queued]>
[2025-08-18T12:09:36.355+0000] {taskinstance.py:1308} INFO - Starting attempt 1 of 1
[2025-08-18T12:09:36.416+0000] {taskinstance.py:1327} INFO - Executing <Task(PythonOperator): process_with_spark> on 2025-08-18 12:09:33+00:00
[2025-08-18T12:09:36.456+0000] {standard_task_runner.py:57} INFO - Started process 22146 to run task
[2025-08-18T12:09:36.492+0000] {standard_task_runner.py:84} INFO - Running: ['airflow', 'tasks', 'run', 'nitro_data_pipeline', 'process_with_spark', 'manual__2025-08-18T12:09:33+00:00', '--job-id', '334', '--raw', '--subdir', 'DAGS_FOLDER/data_pipeline.py', '--cfg-path', '/tmp/tmpt230ngce']
[2025-08-18T12:09:36.514+0000] {standard_task_runner.py:85} INFO - Job 334: Subtask process_with_spark
[2025-08-18T12:09:36.692+0000] {task_command.py:410} INFO - Running <TaskInstance: nitro_data_pipeline.process_with_spark manual__2025-08-18T12:09:33+00:00 [running]> on host e3730e5f69d2
[2025-08-18T12:09:37.249+0000] {taskinstance.py:1547} INFO - Exporting env vars: AIRFLOW_CTX_DAG_OWNER='airflow' AIRFLOW_CTX_DAG_ID='nitro_data_pipeline' AIRFLOW_CTX_TASK_ID='process_with_spark' AIRFLOW_CTX_EXECUTION_DATE='2025-08-18T12:09:33+00:00' AIRFLOW_CTX_TRY_NUMBER='1' AIRFLOW_CTX_DAG_RUN_ID='manual__2025-08-18T12:09:33+00:00'
[2025-08-18T12:09:37.251+0000] {logging_mixin.py:149} INFO - ===== INICIANDO PROCESO DE SPARK =====
[2025-08-18T12:09:55.119+0000] {logging_mixin.py:149} INFO - ===== LEYENDO JSON DESDE MINIO =====
[2025-08-18T12:12:23.165+0000] {logging_mixin.py:149} INFO - Registros leídos: 7790
[2025-08-18T12:12:23.178+0000] {logging_mixin.py:149} INFO - root
 |-- sensor_id: string (nullable = true)
 |-- timestamp: string (nullable = true)
 |-- value: double (nullable = true)
[2025-08-18T12:12:23.777+0000] {logging_mixin.py:149} INFO - +---------+--------------------+-----+
|sensor_id|           timestamp|value|
+---------+--------------------+-----+
| sensor_0|2025-08-16T21:31:...|25.44|
| sensor_3|2025-08-16T21:31:...|27.66|
| sensor_0|2025-08-16T21:31:...|24.79|
| sensor_0|2025-08-16T21:31:...|27.92|
| sensor_1|2025-08-16T21:31:...|23.75|
+---------+--------------------+-----+
only showing top 5 rows
[2025-08-18T12:12:23.837+0000] {logging_mixin.py:149} INFO - ===== CALCULANDO PROMEDIOS =====
[2025-08-18T12:12:46.697+0000] {logging_mixin.py:149} INFO - +---------+------------------+
|sensor_id|         avg_value|
+---------+------------------+
| sensor_0| 25.04690802348337|
| sensor_1|24.931418393782383|
| sensor_4|  24.9896944083225|
| sensor_2| 25.09507610853739|
| sensor_3|25.103227163461547|
+---------+------------------+
[2025-08-18T12:12:46.704+0000] {logging_mixin.py:149} INFO - ===== GUARDANDO RESULTADOS EN POSTGRES =====
[2025-08-18T12:13:11.937+0000] {logging_mixin.py:149} INFO - ===== PROCESO COMPLETADO CON ÉXITO =====
[2025-08-18T12:13:11.938+0000] {python.py:183} INFO - Done. Returned value was: None
[2025-08-18T12:13:11.976+0000] {taskinstance.py:1350} INFO - Marking task as SUCCESS. dag_id=nitro_data_pipeline, task_id=process_with_spark, execution_date=20250818T120933, start_date=20250818T120936, end_date=20250818T121311
[2025-08-18T12:13:12.048+0000] {local_task_job_runner.py:225} INFO - Task exited with return code 0
[2025-08-18T12:13:12.093+0000] {taskinstance.py:2651} INFO - 0 downstream tasks scheduled from follow-on schedule check
