[2025-08-17T16:48:01.477+0000] {taskinstance.py:1103} INFO - Dependencies all met for dep_context=non-requeueable deps ti=<TaskInstance: nitro_data_pipeline.process_with_spark scheduled__2025-08-17T16:45:00+00:00 [queued]>
[2025-08-17T16:48:01.488+0000] {taskinstance.py:1103} INFO - Dependencies all met for dep_context=requeueable deps ti=<TaskInstance: nitro_data_pipeline.process_with_spark scheduled__2025-08-17T16:45:00+00:00 [queued]>
[2025-08-17T16:48:01.488+0000] {taskinstance.py:1308} INFO - Starting attempt 1 of 1
[2025-08-17T16:48:01.505+0000] {taskinstance.py:1327} INFO - Executing <Task(PythonOperator): process_with_spark> on 2025-08-17 16:45:00+00:00
[2025-08-17T16:48:01.510+0000] {standard_task_runner.py:57} INFO - Started process 18883 to run task
[2025-08-17T16:48:01.514+0000] {standard_task_runner.py:84} INFO - Running: ['airflow', 'tasks', 'run', 'nitro_data_pipeline', 'process_with_spark', 'scheduled__2025-08-17T16:45:00+00:00', '--job-id', '185', '--raw', '--subdir', 'DAGS_FOLDER/data_pipeline.py', '--cfg-path', '/tmp/tmpnyn_gcte']
[2025-08-17T16:48:01.516+0000] {standard_task_runner.py:85} INFO - Job 185: Subtask process_with_spark
[2025-08-17T16:48:01.581+0000] {task_command.py:410} INFO - Running <TaskInstance: nitro_data_pipeline.process_with_spark scheduled__2025-08-17T16:45:00+00:00 [running]> on host 4860d8807aa2
[2025-08-17T16:48:01.691+0000] {taskinstance.py:1547} INFO - Exporting env vars: AIRFLOW_CTX_DAG_OWNER='airflow' AIRFLOW_CTX_DAG_ID='nitro_data_pipeline' AIRFLOW_CTX_TASK_ID='process_with_spark' AIRFLOW_CTX_EXECUTION_DATE='2025-08-17T16:45:00+00:00' AIRFLOW_CTX_TRY_NUMBER='1' AIRFLOW_CTX_DAG_RUN_ID='scheduled__2025-08-17T16:45:00+00:00'
[2025-08-17T16:48:01.693+0000] {logging_mixin.py:149} INFO - ===== INICIANDO PROCESO DE SPARK =====
[2025-08-17T16:48:07.894+0000] {logging_mixin.py:149} INFO - ===== LEYENDO JSON DESDE MINIO =====
[2025-08-17T16:49:26.639+0000] {logging_mixin.py:149} INFO - Registros leídos: 3860
[2025-08-17T16:49:26.646+0000] {logging_mixin.py:149} INFO - root
 |-- sensor_id: string (nullable = true)
 |-- timestamp: string (nullable = true)
 |-- value: double (nullable = true)
[2025-08-17T16:49:27.016+0000] {logging_mixin.py:149} INFO - +---------+--------------------+-----+
|sensor_id|           timestamp|value|
+---------+--------------------+-----+
| sensor_0|2025-08-16T21:31:...|25.44|
| sensor_3|2025-08-16T21:31:...|27.66|
| sensor_0|2025-08-16T21:31:...|24.79|
| sensor_0|2025-08-16T21:31:...|27.92|
| sensor_1|2025-08-16T21:31:...|23.75|
+---------+--------------------+-----+
only showing top 5 rows
[2025-08-17T16:49:27.060+0000] {logging_mixin.py:149} INFO - ===== CALCULANDO PROMEDIOS =====
[2025-08-17T16:49:36.929+0000] {logging_mixin.py:149} INFO - +---------+------------------+
|sensor_id|         avg_value|
+---------+------------------+
| sensor_0|25.005498007968132|
| sensor_1| 25.07628032345013|
| sensor_4| 24.94143391521197|
| sensor_2|25.085407894736843|
| sensor_3|24.969688667496886|
+---------+------------------+
[2025-08-17T16:49:36.931+0000] {logging_mixin.py:149} INFO - ===== GUARDANDO RESULTADOS EN POSTGRES =====
[2025-08-17T16:49:48.729+0000] {logging_mixin.py:149} INFO - ===== PROCESO COMPLETADO CON ÉXITO =====
[2025-08-17T16:49:48.730+0000] {python.py:183} INFO - Done. Returned value was: None
[2025-08-17T16:49:48.772+0000] {taskinstance.py:1350} INFO - Marking task as SUCCESS. dag_id=nitro_data_pipeline, task_id=process_with_spark, execution_date=20250817T164500, start_date=20250817T164801, end_date=20250817T164948
[2025-08-17T16:49:48.829+0000] {local_task_job_runner.py:225} INFO - Task exited with return code 0
[2025-08-17T16:49:48.874+0000] {taskinstance.py:2651} INFO - 0 downstream tasks scheduled from follow-on schedule check
