[2025-08-19T09:36:01.440+0000] {taskinstance.py:1103} INFO - Dependencies all met for dep_context=non-requeueable deps ti=<TaskInstance: nitro_data_pipeline.process_with_spark scheduled__2025-08-19T09:33:00+00:00 [queued]>
[2025-08-19T09:36:01.458+0000] {taskinstance.py:1103} INFO - Dependencies all met for dep_context=requeueable deps ti=<TaskInstance: nitro_data_pipeline.process_with_spark scheduled__2025-08-19T09:33:00+00:00 [queued]>
[2025-08-19T09:36:01.459+0000] {taskinstance.py:1308} INFO - Starting attempt 1 of 1
[2025-08-19T09:36:01.483+0000] {taskinstance.py:1327} INFO - Executing <Task(PythonOperator): process_with_spark> on 2025-08-19 09:33:00+00:00
[2025-08-19T09:36:01.490+0000] {standard_task_runner.py:57} INFO - Started process 1869 to run task
[2025-08-19T09:36:01.496+0000] {standard_task_runner.py:84} INFO - Running: ['airflow', 'tasks', 'run', 'nitro_data_pipeline', 'process_with_spark', 'scheduled__2025-08-19T09:33:00+00:00', '--job-id', '204', '--raw', '--subdir', 'DAGS_FOLDER/data_pipeline.py', '--cfg-path', '/tmp/tmp90i1f0u8']
[2025-08-19T09:36:01.499+0000] {standard_task_runner.py:85} INFO - Job 204: Subtask process_with_spark
[2025-08-19T09:36:01.572+0000] {task_command.py:410} INFO - Running <TaskInstance: nitro_data_pipeline.process_with_spark scheduled__2025-08-19T09:33:00+00:00 [running]> on host 83c8e0db1ac2
[2025-08-19T09:36:01.751+0000] {taskinstance.py:1547} INFO - Exporting env vars: AIRFLOW_CTX_DAG_OWNER='airflow' AIRFLOW_CTX_DAG_ID='nitro_data_pipeline' AIRFLOW_CTX_TASK_ID='process_with_spark' AIRFLOW_CTX_EXECUTION_DATE='2025-08-19T09:33:00+00:00' AIRFLOW_CTX_TRY_NUMBER='1' AIRFLOW_CTX_DAG_RUN_ID='scheduled__2025-08-19T09:33:00+00:00'
[2025-08-19T09:36:01.753+0000] {logging_mixin.py:149} INFO - ===== INICIANDO PROCESO DE SPARK =====
[2025-08-19T09:36:10.742+0000] {logging_mixin.py:149} INFO - ===== LEYENDO JSON DESDE MINIO =====
[2025-08-19T09:37:39.436+0000] {logging_mixin.py:149} INFO - Registros leídos: 8626
[2025-08-19T09:37:39.442+0000] {logging_mixin.py:149} INFO - root
 |-- sensor_id: string (nullable = true)
 |-- timestamp: string (nullable = true)
 |-- value: double (nullable = true)
[2025-08-19T09:37:39.873+0000] {logging_mixin.py:149} INFO - +---------+--------------------+-----+
|sensor_id|           timestamp|value|
+---------+--------------------+-----+
| sensor_1|2025-08-18T18:51:...|20.56|
| sensor_4|2025-08-18T18:51:...|25.16|
| sensor_0|2025-08-18T18:51:...|28.27|
| sensor_3|2025-08-18T18:50:...|27.02|
| sensor_3|2025-08-18T18:50:...|27.84|
+---------+--------------------+-----+
only showing top 5 rows
[2025-08-19T09:37:39.917+0000] {logging_mixin.py:149} INFO - ===== CALCULANDO PROMEDIOS =====
[2025-08-19T09:37:51.970+0000] {logging_mixin.py:149} INFO - +---------+------------------+
|sensor_id|         avg_value|
+---------+------------------+
| sensor_0|24.922815426997236|
| sensor_1|24.972101873536303|
| sensor_4|24.889517282479133|
| sensor_2|25.035152420800955|
| sensor_3|25.058521689497727|
+---------+------------------+
[2025-08-19T09:37:51.970+0000] {logging_mixin.py:149} INFO - ===== GUARDANDO RESULTADOS EN POSTGRES =====
[2025-08-19T09:38:00.951+0000] {logging_mixin.py:149} INFO - ===== PROCESO COMPLETADO CON ÉXITO =====
[2025-08-19T09:38:00.951+0000] {python.py:183} INFO - Done. Returned value was: None
[2025-08-19T09:38:00.971+0000] {taskinstance.py:1350} INFO - Marking task as SUCCESS. dag_id=nitro_data_pipeline, task_id=process_with_spark, execution_date=20250819T093300, start_date=20250819T093601, end_date=20250819T093800
[2025-08-19T09:38:01.012+0000] {local_task_job_runner.py:225} INFO - Task exited with return code 0
[2025-08-19T09:38:01.037+0000] {taskinstance.py:2651} INFO - 0 downstream tasks scheduled from follow-on schedule check
