[2025-08-18T11:03:51.766+0000] {taskinstance.py:1103} INFO - Dependencies all met for dep_context=non-requeueable deps ti=<TaskInstance: nitro_data_pipeline.process_with_spark manual__2025-08-18T11:03:47+00:00 [queued]>
[2025-08-18T11:03:51.802+0000] {taskinstance.py:1103} INFO - Dependencies all met for dep_context=requeueable deps ti=<TaskInstance: nitro_data_pipeline.process_with_spark manual__2025-08-18T11:03:47+00:00 [queued]>
[2025-08-18T11:03:51.803+0000] {taskinstance.py:1308} INFO - Starting attempt 1 of 1
[2025-08-18T11:03:51.859+0000] {taskinstance.py:1327} INFO - Executing <Task(PythonOperator): process_with_spark> on 2025-08-18 11:03:47+00:00
[2025-08-18T11:03:51.900+0000] {standard_task_runner.py:57} INFO - Started process 3428 to run task
[2025-08-18T11:03:51.926+0000] {standard_task_runner.py:84} INFO - Running: ['airflow', 'tasks', 'run', 'nitro_data_pipeline', 'process_with_spark', 'manual__2025-08-18T11:03:47+00:00', '--job-id', '276', '--raw', '--subdir', 'DAGS_FOLDER/data_pipeline.py', '--cfg-path', '/tmp/tmpo606doiv']
[2025-08-18T11:03:51.931+0000] {standard_task_runner.py:85} INFO - Job 276: Subtask process_with_spark
[2025-08-18T11:03:52.167+0000] {task_command.py:410} INFO - Running <TaskInstance: nitro_data_pipeline.process_with_spark manual__2025-08-18T11:03:47+00:00 [running]> on host e3730e5f69d2
[2025-08-18T11:03:52.567+0000] {taskinstance.py:1547} INFO - Exporting env vars: AIRFLOW_CTX_DAG_OWNER='airflow' AIRFLOW_CTX_DAG_ID='nitro_data_pipeline' AIRFLOW_CTX_TASK_ID='process_with_spark' AIRFLOW_CTX_EXECUTION_DATE='2025-08-18T11:03:47+00:00' AIRFLOW_CTX_TRY_NUMBER='1' AIRFLOW_CTX_DAG_RUN_ID='manual__2025-08-18T11:03:47+00:00'
[2025-08-18T11:03:52.574+0000] {logging_mixin.py:149} INFO - ===== INICIANDO PROCESO DE SPARK =====
[2025-08-18T11:04:13.435+0000] {logging_mixin.py:149} INFO - ===== LEYENDO JSON DESDE MINIO =====
[2025-08-18T11:06:38.987+0000] {logging_mixin.py:149} INFO - Registros leídos: 5784
[2025-08-18T11:06:39.012+0000] {logging_mixin.py:149} INFO - root
 |-- sensor_id: string (nullable = true)
 |-- timestamp: string (nullable = true)
 |-- value: double (nullable = true)
[2025-08-18T11:06:40.054+0000] {logging_mixin.py:149} INFO - +---------+--------------------+-----+
|sensor_id|           timestamp|value|
+---------+--------------------+-----+
| sensor_0|2025-08-16T21:31:...|25.44|
| sensor_3|2025-08-16T21:31:...|27.66|
| sensor_0|2025-08-16T21:31:...|24.79|
| sensor_0|2025-08-16T21:31:...|27.92|
| sensor_1|2025-08-16T21:31:...|23.75|
+---------+--------------------+-----+
only showing top 5 rows
[2025-08-18T11:06:40.187+0000] {logging_mixin.py:149} INFO - ===== CALCULANDO PROMEDIOS =====
[2025-08-18T11:07:06.569+0000] {logging_mixin.py:149} INFO - +---------+------------------+
|sensor_id|         avg_value|
+---------+------------------+
| sensor_0| 24.99318425760287|
| sensor_1|25.007579505300345|
| sensor_4|24.927777777777784|
| sensor_2| 25.09492007104796|
| sensor_3|25.088470301057775|
+---------+------------------+
[2025-08-18T11:07:06.570+0000] {logging_mixin.py:149} INFO - ===== GUARDANDO RESULTADOS EN POSTGRES =====
[2025-08-18T11:07:23.553+0000] {logging_mixin.py:149} INFO - ===== PROCESO COMPLETADO CON ÉXITO =====
[2025-08-18T11:07:23.555+0000] {python.py:183} INFO - Done. Returned value was: None
[2025-08-18T11:07:23.581+0000] {taskinstance.py:1350} INFO - Marking task as SUCCESS. dag_id=nitro_data_pipeline, task_id=process_with_spark, execution_date=20250818T110347, start_date=20250818T110351, end_date=20250818T110723
[2025-08-18T11:07:23.632+0000] {local_task_job_runner.py:225} INFO - Task exited with return code 0
[2025-08-18T11:07:23.681+0000] {taskinstance.py:2651} INFO - 0 downstream tasks scheduled from follow-on schedule check
