[2025-08-19T10:45:02.265+0000] {taskinstance.py:1103} INFO - Dependencies all met for dep_context=non-requeueable deps ti=<TaskInstance: nitro_data_pipeline.process_with_spark scheduled__2025-08-19T10:42:00+00:00 [queued]>
[2025-08-19T10:45:02.282+0000] {taskinstance.py:1103} INFO - Dependencies all met for dep_context=requeueable deps ti=<TaskInstance: nitro_data_pipeline.process_with_spark scheduled__2025-08-19T10:42:00+00:00 [queued]>
[2025-08-19T10:45:02.283+0000] {taskinstance.py:1308} INFO - Starting attempt 1 of 1
[2025-08-19T10:45:02.311+0000] {taskinstance.py:1327} INFO - Executing <Task(PythonOperator): process_with_spark> on 2025-08-19 10:42:00+00:00
[2025-08-19T10:45:02.321+0000] {standard_task_runner.py:57} INFO - Started process 9196 to run task
[2025-08-19T10:45:02.328+0000] {standard_task_runner.py:84} INFO - Running: ['airflow', 'tasks', 'run', 'nitro_data_pipeline', 'process_with_spark', 'scheduled__2025-08-19T10:42:00+00:00', '--job-id', '244', '--raw', '--subdir', 'DAGS_FOLDER/data_pipeline.py', '--cfg-path', '/tmp/tmpy2ztluos']
[2025-08-19T10:45:02.332+0000] {standard_task_runner.py:85} INFO - Job 244: Subtask process_with_spark
[2025-08-19T10:45:02.418+0000] {task_command.py:410} INFO - Running <TaskInstance: nitro_data_pipeline.process_with_spark scheduled__2025-08-19T10:42:00+00:00 [running]> on host 0582fa07e867
[2025-08-19T10:45:02.573+0000] {taskinstance.py:1547} INFO - Exporting env vars: AIRFLOW_CTX_DAG_OWNER='airflow' AIRFLOW_CTX_DAG_ID='nitro_data_pipeline' AIRFLOW_CTX_TASK_ID='process_with_spark' AIRFLOW_CTX_EXECUTION_DATE='2025-08-19T10:42:00+00:00' AIRFLOW_CTX_TRY_NUMBER='1' AIRFLOW_CTX_DAG_RUN_ID='scheduled__2025-08-19T10:42:00+00:00'
[2025-08-19T10:45:02.574+0000] {logging_mixin.py:149} INFO - ===== INICIANDO PROCESO DE SPARK =====
[2025-08-19T10:45:09.715+0000] {logging_mixin.py:149} INFO - ===== LEYENDO JSON DESDE MINIO =====
[2025-08-19T10:46:50.416+0000] {logging_mixin.py:149} INFO - Registros leídos: 10209
[2025-08-19T10:46:50.427+0000] {logging_mixin.py:149} INFO - root
 |-- sensor_id: string (nullable = true)
 |-- timestamp: string (nullable = true)
 |-- value: double (nullable = true)
[2025-08-19T10:46:51.201+0000] {logging_mixin.py:149} INFO - +---------+--------------------+-----+
|sensor_id|           timestamp|value|
+---------+--------------------+-----+
| sensor_1|2025-08-18T18:51:...|20.56|
| sensor_4|2025-08-18T18:51:...|25.16|
| sensor_0|2025-08-18T18:51:...|28.27|
| sensor_3|2025-08-18T18:50:...|27.02|
| sensor_3|2025-08-18T18:50:...|27.84|
+---------+--------------------+-----+
only showing top 5 rows
[2025-08-19T10:46:51.271+0000] {logging_mixin.py:149} INFO - ===== CALCULANDO PROMEDIOS =====
[2025-08-19T10:47:08.665+0000] {logging_mixin.py:149} INFO - +---------+------------------+
|sensor_id|         avg_value|
+---------+------------------+
| sensor_0| 24.91741573033708|
| sensor_1|24.986609081934848|
| sensor_4|24.928370332996977|
| sensor_2| 25.04818501759677|
| sensor_3|25.053106936416196|
+---------+------------------+
[2025-08-19T10:47:08.666+0000] {logging_mixin.py:149} INFO - ===== GUARDANDO RESULTADOS EN POSTGRES =====
[2025-08-19T10:47:23.549+0000] {logging_mixin.py:149} INFO - ===== PROCESO COMPLETADO CON ÉXITO =====
[2025-08-19T10:47:23.549+0000] {python.py:183} INFO - Done. Returned value was: None
[2025-08-19T10:47:23.566+0000] {taskinstance.py:1350} INFO - Marking task as SUCCESS. dag_id=nitro_data_pipeline, task_id=process_with_spark, execution_date=20250819T104200, start_date=20250819T104502, end_date=20250819T104723
[2025-08-19T10:47:23.622+0000] {local_task_job_runner.py:225} INFO - Task exited with return code 0
[2025-08-19T10:47:23.670+0000] {taskinstance.py:2651} INFO - 0 downstream tasks scheduled from follow-on schedule check
