[2025-08-18T20:36:02.219+0000] {taskinstance.py:1103} INFO - Dependencies all met for dep_context=non-requeueable deps ti=<TaskInstance: nitro_data_pipeline.process_with_spark scheduled__2025-08-18T20:33:00+00:00 [queued]>
[2025-08-18T20:36:02.241+0000] {taskinstance.py:1103} INFO - Dependencies all met for dep_context=requeueable deps ti=<TaskInstance: nitro_data_pipeline.process_with_spark scheduled__2025-08-18T20:33:00+00:00 [queued]>
[2025-08-18T20:36:02.241+0000] {taskinstance.py:1308} INFO - Starting attempt 1 of 1
[2025-08-18T20:36:02.273+0000] {taskinstance.py:1327} INFO - Executing <Task(PythonOperator): process_with_spark> on 2025-08-18 20:33:00+00:00
[2025-08-18T20:36:02.286+0000] {standard_task_runner.py:57} INFO - Started process 9501 to run task
[2025-08-18T20:36:02.291+0000] {standard_task_runner.py:84} INFO - Running: ['airflow', 'tasks', 'run', 'nitro_data_pipeline', 'process_with_spark', 'scheduled__2025-08-18T20:33:00+00:00', '--job-id', '153', '--raw', '--subdir', 'DAGS_FOLDER/data_pipeline.py', '--cfg-path', '/tmp/tmpxpd06dwc']
[2025-08-18T20:36:02.296+0000] {standard_task_runner.py:85} INFO - Job 153: Subtask process_with_spark
[2025-08-18T20:36:02.394+0000] {task_command.py:410} INFO - Running <TaskInstance: nitro_data_pipeline.process_with_spark scheduled__2025-08-18T20:33:00+00:00 [running]> on host 26c1c319ade5
[2025-08-18T20:36:02.553+0000] {taskinstance.py:1547} INFO - Exporting env vars: AIRFLOW_CTX_DAG_OWNER='airflow' AIRFLOW_CTX_DAG_ID='nitro_data_pipeline' AIRFLOW_CTX_TASK_ID='process_with_spark' AIRFLOW_CTX_EXECUTION_DATE='2025-08-18T20:33:00+00:00' AIRFLOW_CTX_TRY_NUMBER='1' AIRFLOW_CTX_DAG_RUN_ID='scheduled__2025-08-18T20:33:00+00:00'
[2025-08-18T20:36:02.555+0000] {logging_mixin.py:149} INFO - ===== INICIANDO PROCESO DE SPARK =====
[2025-08-18T20:36:11.530+0000] {logging_mixin.py:149} INFO - ===== LEYENDO JSON DESDE MINIO =====
[2025-08-18T20:37:45.228+0000] {logging_mixin.py:149} INFO - Registros leídos: 6736
[2025-08-18T20:37:45.244+0000] {logging_mixin.py:149} INFO - root
 |-- sensor_id: string (nullable = true)
 |-- timestamp: string (nullable = true)
 |-- value: double (nullable = true)
[2025-08-18T20:37:45.957+0000] {logging_mixin.py:149} INFO - +---------+--------------------+-----+
|sensor_id|           timestamp|value|
+---------+--------------------+-----+
| sensor_1|2025-08-18T18:51:...|20.56|
| sensor_4|2025-08-18T18:51:...|25.16|
| sensor_0|2025-08-18T18:51:...|28.27|
| sensor_3|2025-08-18T18:50:...|27.02|
| sensor_3|2025-08-18T18:50:...|27.84|
+---------+--------------------+-----+
only showing top 5 rows
[2025-08-18T20:37:46.012+0000] {logging_mixin.py:149} INFO - ===== CALCULANDO PROMEDIOS =====
[2025-08-18T20:37:58.456+0000] {logging_mixin.py:149} INFO - +---------+------------------+
|sensor_id|         avg_value|
+---------+------------------+
| sensor_0|24.900084328882627|
| sensor_1|24.975550561797753|
| sensor_4| 24.89090425531915|
| sensor_2|24.985656877897984|
| sensor_3| 25.06900584795322|
+---------+------------------+
[2025-08-18T20:37:58.457+0000] {logging_mixin.py:149} INFO - ===== GUARDANDO RESULTADOS EN POSTGRES =====
[2025-08-18T20:38:10.400+0000] {logging_mixin.py:149} INFO - ===== PROCESO COMPLETADO CON ÉXITO =====
[2025-08-18T20:38:10.400+0000] {python.py:183} INFO - Done. Returned value was: None
[2025-08-18T20:38:10.430+0000] {taskinstance.py:1350} INFO - Marking task as SUCCESS. dag_id=nitro_data_pipeline, task_id=process_with_spark, execution_date=20250818T203300, start_date=20250818T203602, end_date=20250818T203810
[2025-08-18T20:38:10.488+0000] {local_task_job_runner.py:225} INFO - Task exited with return code 0
[2025-08-18T20:38:10.539+0000] {taskinstance.py:2651} INFO - 0 downstream tasks scheduled from follow-on schedule check
