[2025-08-18T12:30:07.356+0000] {taskinstance.py:1103} INFO - Dependencies all met for dep_context=non-requeueable deps ti=<TaskInstance: nitro_data_pipeline.process_with_spark scheduled__2025-08-18T12:27:00+00:00 [queued]>
[2025-08-18T12:30:07.448+0000] {taskinstance.py:1103} INFO - Dependencies all met for dep_context=requeueable deps ti=<TaskInstance: nitro_data_pipeline.process_with_spark scheduled__2025-08-18T12:27:00+00:00 [queued]>
[2025-08-18T12:30:07.458+0000] {taskinstance.py:1308} INFO - Starting attempt 1 of 1
[2025-08-18T12:30:07.571+0000] {taskinstance.py:1327} INFO - Executing <Task(PythonOperator): process_with_spark> on 2025-08-18 12:27:00+00:00
[2025-08-18T12:30:07.599+0000] {standard_task_runner.py:57} INFO - Started process 27519 to run task
[2025-08-18T12:30:07.607+0000] {standard_task_runner.py:84} INFO - Running: ['airflow', 'tasks', 'run', 'nitro_data_pipeline', 'process_with_spark', 'scheduled__2025-08-18T12:27:00+00:00', '--job-id', '351', '--raw', '--subdir', 'DAGS_FOLDER/data_pipeline.py', '--cfg-path', '/tmp/tmpl4x_5bj9']
[2025-08-18T12:30:07.620+0000] {standard_task_runner.py:85} INFO - Job 351: Subtask process_with_spark
[2025-08-18T12:30:07.987+0000] {task_command.py:410} INFO - Running <TaskInstance: nitro_data_pipeline.process_with_spark scheduled__2025-08-18T12:27:00+00:00 [running]> on host e3730e5f69d2
[2025-08-18T12:30:08.472+0000] {taskinstance.py:1547} INFO - Exporting env vars: AIRFLOW_CTX_DAG_OWNER='airflow' AIRFLOW_CTX_DAG_ID='nitro_data_pipeline' AIRFLOW_CTX_TASK_ID='process_with_spark' AIRFLOW_CTX_EXECUTION_DATE='2025-08-18T12:27:00+00:00' AIRFLOW_CTX_TRY_NUMBER='1' AIRFLOW_CTX_DAG_RUN_ID='scheduled__2025-08-18T12:27:00+00:00'
[2025-08-18T12:30:08.478+0000] {logging_mixin.py:149} INFO - ===== INICIANDO PROCESO DE SPARK =====
[2025-08-18T12:30:50.740+0000] {logging_mixin.py:149} INFO - ===== LEYENDO JSON DESDE MINIO =====
[2025-08-18T12:36:46.407+0000] {logging_mixin.py:149} INFO - Registros leídos: 8434
[2025-08-18T12:36:46.423+0000] {logging_mixin.py:149} INFO - root
 |-- sensor_id: string (nullable = true)
 |-- timestamp: string (nullable = true)
 |-- value: double (nullable = true)
[2025-08-18T12:36:50.133+0000] {logging_mixin.py:149} INFO - +---------+--------------------+-----+
|sensor_id|           timestamp|value|
+---------+--------------------+-----+
| sensor_0|2025-08-16T21:31:...|25.44|
| sensor_3|2025-08-16T21:31:...|27.66|
| sensor_0|2025-08-16T21:31:...|24.79|
| sensor_0|2025-08-16T21:31:...|27.92|
| sensor_1|2025-08-16T21:31:...|23.75|
+---------+--------------------+-----+
only showing top 5 rows
[2025-08-18T12:36:50.315+0000] {logging_mixin.py:149} INFO - ===== CALCULANDO PROMEDIOS =====
[2025-08-18T12:38:04.953+0000] {logging_mixin.py:149} INFO - +---------+------------------+
|sensor_id|         avg_value|
+---------+------------------+
| sensor_0|25.031506352087106|
| sensor_1|24.945733647613434|
| sensor_4|24.996290516206482|
| sensor_2| 25.07954795357361|
| sensor_3| 25.09155530600786|
+---------+------------------+
[2025-08-18T12:38:04.954+0000] {logging_mixin.py:149} INFO - ===== GUARDANDO RESULTADOS EN POSTGRES =====
[2025-08-18T12:39:11.528+0000] {logging_mixin.py:149} INFO - ===== PROCESO COMPLETADO CON ÉXITO =====
[2025-08-18T12:39:11.543+0000] {python.py:183} INFO - Done. Returned value was: None
[2025-08-18T12:39:11.684+0000] {taskinstance.py:1350} INFO - Marking task as SUCCESS. dag_id=nitro_data_pipeline, task_id=process_with_spark, execution_date=20250818T122700, start_date=20250818T123007, end_date=20250818T123911
[2025-08-18T12:39:11.801+0000] {local_task_job_runner.py:225} INFO - Task exited with return code 0
[2025-08-18T12:39:12.030+0000] {taskinstance.py:2651} INFO - 0 downstream tasks scheduled from follow-on schedule check
