[2025-08-18T13:06:08.096+0000] {taskinstance.py:1103} INFO - Dependencies all met for dep_context=non-requeueable deps ti=<TaskInstance: nitro_data_pipeline.process_with_spark scheduled__2025-08-18T13:03:00+00:00 [queued]>
[2025-08-18T13:06:08.129+0000] {taskinstance.py:1103} INFO - Dependencies all met for dep_context=requeueable deps ti=<TaskInstance: nitro_data_pipeline.process_with_spark scheduled__2025-08-18T13:03:00+00:00 [queued]>
[2025-08-18T13:06:08.130+0000] {taskinstance.py:1308} INFO - Starting attempt 1 of 1
[2025-08-18T13:06:08.195+0000] {taskinstance.py:1327} INFO - Executing <Task(PythonOperator): process_with_spark> on 2025-08-18 13:03:00+00:00
[2025-08-18T13:06:08.231+0000] {standard_task_runner.py:57} INFO - Started process 36528 to run task
[2025-08-18T13:06:08.256+0000] {standard_task_runner.py:84} INFO - Running: ['airflow', 'tasks', 'run', 'nitro_data_pipeline', 'process_with_spark', 'scheduled__2025-08-18T13:03:00+00:00', '--job-id', '379', '--raw', '--subdir', 'DAGS_FOLDER/data_pipeline.py', '--cfg-path', '/tmp/tmpo419fi84']
[2025-08-18T13:06:08.268+0000] {standard_task_runner.py:85} INFO - Job 379: Subtask process_with_spark
[2025-08-18T13:06:08.472+0000] {task_command.py:410} INFO - Running <TaskInstance: nitro_data_pipeline.process_with_spark scheduled__2025-08-18T13:03:00+00:00 [running]> on host e3730e5f69d2
[2025-08-18T13:06:08.924+0000] {taskinstance.py:1547} INFO - Exporting env vars: AIRFLOW_CTX_DAG_OWNER='airflow' AIRFLOW_CTX_DAG_ID='nitro_data_pipeline' AIRFLOW_CTX_TASK_ID='process_with_spark' AIRFLOW_CTX_EXECUTION_DATE='2025-08-18T13:03:00+00:00' AIRFLOW_CTX_TRY_NUMBER='1' AIRFLOW_CTX_DAG_RUN_ID='scheduled__2025-08-18T13:03:00+00:00'
[2025-08-18T13:06:08.932+0000] {logging_mixin.py:149} INFO - ===== INICIANDO PROCESO DE SPARK =====
[2025-08-18T13:06:56.381+0000] {logging_mixin.py:149} INFO - ===== LEYENDO JSON DESDE MINIO =====
[2025-08-18T13:14:27.435+0000] {logging_mixin.py:149} INFO - Registros leídos: 9514
[2025-08-18T13:14:27.679+0000] {logging_mixin.py:149} INFO - root
 |-- sensor_id: string (nullable = true)
 |-- timestamp: string (nullable = true)
 |-- value: double (nullable = true)
[2025-08-18T13:14:32.204+0000] {logging_mixin.py:149} INFO - +---------+--------------------+-----+
|sensor_id|           timestamp|value|
+---------+--------------------+-----+
| sensor_0|2025-08-16T21:31:...|25.44|
| sensor_3|2025-08-16T21:31:...|27.66|
| sensor_0|2025-08-16T21:31:...|24.79|
| sensor_0|2025-08-16T21:31:...|27.92|
| sensor_1|2025-08-16T21:31:...|23.75|
+---------+--------------------+-----+
only showing top 5 rows
[2025-08-18T13:14:32.712+0000] {logging_mixin.py:149} INFO - ===== CALCULANDO PROMEDIOS =====
[2025-08-18T13:15:52.614+0000] {logging_mixin.py:149} INFO - +---------+------------------+
|sensor_id|         avg_value|
+---------+------------------+
| sensor_0| 25.05803931987248|
| sensor_1|24.913595387840676|
| sensor_4|25.011560662747193|
| sensor_2| 25.07496756756757|
| sensor_3|25.125341987019468|
+---------+------------------+
[2025-08-18T13:15:52.667+0000] {logging_mixin.py:149} INFO - ===== GUARDANDO RESULTADOS EN POSTGRES =====
[2025-08-18T13:16:59.539+0000] {logging_mixin.py:149} INFO - ===== PROCESO COMPLETADO CON ÉXITO =====
[2025-08-18T13:16:59.590+0000] {python.py:183} INFO - Done. Returned value was: None
[2025-08-18T13:17:03.291+0000] {taskinstance.py:1350} INFO - Marking task as SUCCESS. dag_id=nitro_data_pipeline, task_id=process_with_spark, execution_date=20250818T130300, start_date=20250818T130608, end_date=20250818T131703
[2025-08-18T13:17:04.925+0000] {local_task_job_runner.py:225} INFO - Task exited with return code 0
[2025-08-18T13:17:06.623+0000] {taskinstance.py:2651} INFO - 0 downstream tasks scheduled from follow-on schedule check
