[2025-08-17T15:51:00.865+0000] {taskinstance.py:1103} INFO - Dependencies all met for dep_context=non-requeueable deps ti=<TaskInstance: nitro_data_pipeline.process_with_spark scheduled__2025-08-17T15:48:00+00:00 [queued]>
[2025-08-17T15:51:00.878+0000] {taskinstance.py:1103} INFO - Dependencies all met for dep_context=requeueable deps ti=<TaskInstance: nitro_data_pipeline.process_with_spark scheduled__2025-08-17T15:48:00+00:00 [queued]>
[2025-08-17T15:51:00.878+0000] {taskinstance.py:1308} INFO - Starting attempt 1 of 1
[2025-08-17T15:51:00.897+0000] {taskinstance.py:1327} INFO - Executing <Task(PythonOperator): process_with_spark> on 2025-08-17 15:48:00+00:00
[2025-08-17T15:51:00.904+0000] {standard_task_runner.py:57} INFO - Started process 4554 to run task
[2025-08-17T15:51:00.908+0000] {standard_task_runner.py:84} INFO - Running: ['airflow', 'tasks', 'run', 'nitro_data_pipeline', 'process_with_spark', 'scheduled__2025-08-17T15:48:00+00:00', '--job-id', '154', '--raw', '--subdir', 'DAGS_FOLDER/data_pipeline.py', '--cfg-path', '/tmp/tmpu3ogijos']
[2025-08-17T15:51:00.910+0000] {standard_task_runner.py:85} INFO - Job 154: Subtask process_with_spark
[2025-08-17T15:51:00.974+0000] {task_command.py:410} INFO - Running <TaskInstance: nitro_data_pipeline.process_with_spark scheduled__2025-08-17T15:48:00+00:00 [running]> on host 4860d8807aa2
[2025-08-17T15:51:01.109+0000] {taskinstance.py:1547} INFO - Exporting env vars: AIRFLOW_CTX_DAG_OWNER='airflow' AIRFLOW_CTX_DAG_ID='nitro_data_pipeline' AIRFLOW_CTX_TASK_ID='process_with_spark' AIRFLOW_CTX_EXECUTION_DATE='2025-08-17T15:48:00+00:00' AIRFLOW_CTX_TRY_NUMBER='1' AIRFLOW_CTX_DAG_RUN_ID='scheduled__2025-08-17T15:48:00+00:00'
[2025-08-17T15:51:01.110+0000] {logging_mixin.py:149} INFO - ===== INICIANDO PROCESO DE SPARK =====
[2025-08-17T15:51:07.511+0000] {logging_mixin.py:149} INFO - ===== LEYENDO JSON DESDE MINIO =====
[2025-08-17T15:51:41.798+0000] {logging_mixin.py:149} INFO - Registros leídos: 2153
[2025-08-17T15:51:41.818+0000] {logging_mixin.py:149} INFO - root
 |-- sensor_id: string (nullable = true)
 |-- timestamp: string (nullable = true)
 |-- value: double (nullable = true)
[2025-08-17T15:51:42.325+0000] {logging_mixin.py:149} INFO - +---------+--------------------+-----+
|sensor_id|           timestamp|value|
+---------+--------------------+-----+
| sensor_0|2025-08-16T21:31:...|25.44|
| sensor_3|2025-08-16T21:31:...|27.66|
| sensor_0|2025-08-16T21:31:...|24.79|
| sensor_0|2025-08-16T21:31:...|27.92|
| sensor_1|2025-08-16T21:31:...|23.75|
+---------+--------------------+-----+
only showing top 5 rows
[2025-08-17T15:51:42.389+0000] {logging_mixin.py:149} INFO - ===== CALCULANDO PROMEDIOS =====
[2025-08-17T15:51:47.947+0000] {logging_mixin.py:149} INFO - +---------+------------------+
|sensor_id|         avg_value|
+---------+------------------+
| sensor_0|24.978869346733664|
| sensor_1|25.066014319809057|
| sensor_4|25.049103448275854|
| sensor_2| 25.21193258426966|
| sensor_3|24.909780701754386|
+---------+------------------+
[2025-08-17T15:51:47.948+0000] {logging_mixin.py:149} INFO - ===== GUARDANDO RESULTADOS EN POSTGRES =====
[2025-08-17T15:51:52.317+0000] {logging_mixin.py:149} INFO - ===== PROCESO COMPLETADO CON ÉXITO =====
[2025-08-17T15:51:52.321+0000] {python.py:183} INFO - Done. Returned value was: None
[2025-08-17T15:51:52.344+0000] {taskinstance.py:1350} INFO - Marking task as SUCCESS. dag_id=nitro_data_pipeline, task_id=process_with_spark, execution_date=20250817T154800, start_date=20250817T155100, end_date=20250817T155152
[2025-08-17T15:51:52.412+0000] {local_task_job_runner.py:225} INFO - Task exited with return code 0
[2025-08-17T15:51:52.457+0000] {taskinstance.py:2651} INFO - 0 downstream tasks scheduled from follow-on schedule check
