[2025-08-18T11:42:05.243+0000] {taskinstance.py:1103} INFO - Dependencies all met for dep_context=non-requeueable deps ti=<TaskInstance: nitro_data_pipeline.process_with_spark scheduled__2025-08-18T11:39:00+00:00 [queued]>
[2025-08-18T11:42:05.271+0000] {taskinstance.py:1103} INFO - Dependencies all met for dep_context=requeueable deps ti=<TaskInstance: nitro_data_pipeline.process_with_spark scheduled__2025-08-18T11:39:00+00:00 [queued]>
[2025-08-18T11:42:05.272+0000] {taskinstance.py:1308} INFO - Starting attempt 1 of 1
[2025-08-18T11:42:05.340+0000] {taskinstance.py:1327} INFO - Executing <Task(PythonOperator): process_with_spark> on 2025-08-18 11:39:00+00:00
[2025-08-18T11:42:05.410+0000] {standard_task_runner.py:57} INFO - Started process 14125 to run task
[2025-08-18T11:42:05.411+0000] {standard_task_runner.py:84} INFO - Running: ['airflow', 'tasks', 'run', 'nitro_data_pipeline', 'process_with_spark', 'scheduled__2025-08-18T11:39:00+00:00', '--job-id', '309', '--raw', '--subdir', 'DAGS_FOLDER/data_pipeline.py', '--cfg-path', '/tmp/tmpk1hu18aq']
[2025-08-18T11:42:05.416+0000] {standard_task_runner.py:85} INFO - Job 309: Subtask process_with_spark
[2025-08-18T11:42:05.067+0000] {task_command.py:410} INFO - Running <TaskInstance: nitro_data_pipeline.process_with_spark scheduled__2025-08-18T11:39:00+00:00 [running]> on host e3730e5f69d2
[2025-08-18T11:42:05.398+0000] {taskinstance.py:1547} INFO - Exporting env vars: AIRFLOW_CTX_DAG_OWNER='airflow' AIRFLOW_CTX_DAG_ID='nitro_data_pipeline' AIRFLOW_CTX_TASK_ID='process_with_spark' AIRFLOW_CTX_EXECUTION_DATE='2025-08-18T11:39:00+00:00' AIRFLOW_CTX_TRY_NUMBER='1' AIRFLOW_CTX_DAG_RUN_ID='scheduled__2025-08-18T11:39:00+00:00'
[2025-08-18T11:42:05.400+0000] {logging_mixin.py:149} INFO - ===== INICIANDO PROCESO DE SPARK =====
[2025-08-18T11:42:38.162+0000] {logging_mixin.py:149} INFO - ===== LEYENDO JSON DESDE MINIO =====
[2025-08-18T11:46:08.747+0000] {logging_mixin.py:149} INFO - Registros leídos: 6963
[2025-08-18T11:46:08.785+0000] {logging_mixin.py:149} INFO - root
 |-- sensor_id: string (nullable = true)
 |-- timestamp: string (nullable = true)
 |-- value: double (nullable = true)
[2025-08-18T11:46:11.623+0000] {logging_mixin.py:149} INFO - +---------+--------------------+-----+
|sensor_id|           timestamp|value|
+---------+--------------------+-----+
| sensor_0|2025-08-16T21:31:...|25.44|
| sensor_3|2025-08-16T21:31:...|27.66|
| sensor_0|2025-08-16T21:31:...|24.79|
| sensor_0|2025-08-16T21:31:...|27.92|
| sensor_1|2025-08-16T21:31:...|23.75|
+---------+--------------------+-----+
only showing top 5 rows
[2025-08-18T11:46:11.801+0000] {logging_mixin.py:149} INFO - ===== CALCULANDO PROMEDIOS =====
[2025-08-18T11:46:45.767+0000] {logging_mixin.py:149} INFO - +---------+------------------+
|sensor_id|         avg_value|
+---------+------------------+
| sensor_0|25.032406855439636|
| sensor_1|24.938834668608884|
| sensor_4|24.971729807005012|
| sensor_2| 25.08968957871398|
| sensor_3|25.110140374331557|
+---------+------------------+
[2025-08-18T11:46:45.767+0000] {logging_mixin.py:149} INFO - ===== GUARDANDO RESULTADOS EN POSTGRES =====
[2025-08-18T11:47:13.192+0000] {logging_mixin.py:149} INFO - ===== PROCESO COMPLETADO CON ÉXITO =====
[2025-08-18T11:47:13.195+0000] {python.py:183} INFO - Done. Returned value was: None
[2025-08-18T11:47:13.240+0000] {taskinstance.py:1350} INFO - Marking task as SUCCESS. dag_id=nitro_data_pipeline, task_id=process_with_spark, execution_date=20250818T113900, start_date=20250818T114205, end_date=20250818T114713
[2025-08-18T11:47:13.333+0000] {local_task_job_runner.py:225} INFO - Task exited with return code 0
[2025-08-18T11:47:13.374+0000] {taskinstance.py:2651} INFO - 0 downstream tasks scheduled from follow-on schedule check
