[2025-08-18T10:21:01.377+0000] {taskinstance.py:1103} INFO - Dependencies all met for dep_context=non-requeueable deps ti=<TaskInstance: nitro_data_pipeline.process_with_spark scheduled__2025-08-18T10:18:00+00:00 [queued]>
[2025-08-18T10:21:01.390+0000] {taskinstance.py:1103} INFO - Dependencies all met for dep_context=requeueable deps ti=<TaskInstance: nitro_data_pipeline.process_with_spark scheduled__2025-08-18T10:18:00+00:00 [queued]>
[2025-08-18T10:21:01.390+0000] {taskinstance.py:1308} INFO - Starting attempt 1 of 1
[2025-08-18T10:21:01.412+0000] {taskinstance.py:1327} INFO - Executing <Task(PythonOperator): process_with_spark> on 2025-08-18 10:18:00+00:00
[2025-08-18T10:21:01.421+0000] {standard_task_runner.py:57} INFO - Started process 2334 to run task
[2025-08-18T10:21:01.426+0000] {standard_task_runner.py:84} INFO - Running: ['airflow', 'tasks', 'run', 'nitro_data_pipeline', 'process_with_spark', 'scheduled__2025-08-18T10:18:00+00:00', '--job-id', '232', '--raw', '--subdir', 'DAGS_FOLDER/data_pipeline.py', '--cfg-path', '/tmp/tmpafghhp0m']
[2025-08-18T10:21:01.428+0000] {standard_task_runner.py:85} INFO - Job 232: Subtask process_with_spark
[2025-08-18T10:21:01.497+0000] {task_command.py:410} INFO - Running <TaskInstance: nitro_data_pipeline.process_with_spark scheduled__2025-08-18T10:18:00+00:00 [running]> on host 48ba1c28ee6c
[2025-08-18T10:21:01.622+0000] {taskinstance.py:1547} INFO - Exporting env vars: AIRFLOW_CTX_DAG_OWNER='airflow' AIRFLOW_CTX_DAG_ID='nitro_data_pipeline' AIRFLOW_CTX_TASK_ID='process_with_spark' AIRFLOW_CTX_EXECUTION_DATE='2025-08-18T10:18:00+00:00' AIRFLOW_CTX_TRY_NUMBER='1' AIRFLOW_CTX_DAG_RUN_ID='scheduled__2025-08-18T10:18:00+00:00'
[2025-08-18T10:21:01.623+0000] {logging_mixin.py:149} INFO - ===== INICIANDO PROCESO DE SPARK =====
[2025-08-18T10:21:09.386+0000] {logging_mixin.py:149} INFO - ===== LEYENDO JSON DESDE MINIO =====
[2025-08-18T10:22:12.473+0000] {logging_mixin.py:149} INFO - Registros leídos: 4727
[2025-08-18T10:22:12.481+0000] {logging_mixin.py:149} INFO - root
 |-- sensor_id: string (nullable = true)
 |-- timestamp: string (nullable = true)
 |-- value: double (nullable = true)
[2025-08-18T10:22:12.956+0000] {logging_mixin.py:149} INFO - +---------+--------------------+-----+
|sensor_id|           timestamp|value|
+---------+--------------------+-----+
| sensor_0|2025-08-16T21:31:...|25.44|
| sensor_3|2025-08-16T21:31:...|27.66|
| sensor_0|2025-08-16T21:31:...|24.79|
| sensor_0|2025-08-16T21:31:...|27.92|
| sensor_1|2025-08-16T21:31:...|23.75|
+---------+--------------------+-----+
only showing top 5 rows
[2025-08-18T10:22:13.007+0000] {logging_mixin.py:149} INFO - ===== CALCULANDO PROMEDIOS =====
[2025-08-18T10:22:21.194+0000] {logging_mixin.py:149} INFO - +---------+------------------+
|sensor_id|         avg_value|
+---------+------------------+
| sensor_0|25.005632563256338|
| sensor_1|25.022336655592458|
| sensor_4| 24.90436475409836|
| sensor_2|25.100140540540547|
| sensor_3|25.068323471400394|
+---------+------------------+
[2025-08-18T10:22:21.195+0000] {logging_mixin.py:149} INFO - ===== GUARDANDO RESULTADOS EN POSTGRES =====
[2025-08-18T10:22:26.288+0000] {logging_mixin.py:149} INFO - ===== PROCESO COMPLETADO CON ÉXITO =====
[2025-08-18T10:22:26.288+0000] {python.py:183} INFO - Done. Returned value was: None
[2025-08-18T10:22:26.306+0000] {taskinstance.py:1350} INFO - Marking task as SUCCESS. dag_id=nitro_data_pipeline, task_id=process_with_spark, execution_date=20250818T101800, start_date=20250818T102101, end_date=20250818T102226
[2025-08-18T10:22:26.339+0000] {local_task_job_runner.py:225} INFO - Task exited with return code 0
[2025-08-18T10:22:26.373+0000] {taskinstance.py:2651} INFO - 0 downstream tasks scheduled from follow-on schedule check
