[2025-08-18T20:03:01.509+0000] {taskinstance.py:1103} INFO - Dependencies all met for dep_context=non-requeueable deps ti=<TaskInstance: nitro_data_pipeline.process_with_spark scheduled__2025-08-18T20:00:00+00:00 [queued]>
[2025-08-18T20:03:01.519+0000] {taskinstance.py:1103} INFO - Dependencies all met for dep_context=requeueable deps ti=<TaskInstance: nitro_data_pipeline.process_with_spark scheduled__2025-08-18T20:00:00+00:00 [queued]>
[2025-08-18T20:03:01.520+0000] {taskinstance.py:1308} INFO - Starting attempt 1 of 1
[2025-08-18T20:03:01.535+0000] {taskinstance.py:1327} INFO - Executing <Task(PythonOperator): process_with_spark> on 2025-08-18 20:00:00+00:00
[2025-08-18T20:03:01.541+0000] {standard_task_runner.py:57} INFO - Started process 3050 to run task
[2025-08-18T20:03:01.545+0000] {standard_task_runner.py:84} INFO - Running: ['airflow', 'tasks', 'run', 'nitro_data_pipeline', 'process_with_spark', 'scheduled__2025-08-18T20:00:00+00:00', '--job-id', '131', '--raw', '--subdir', 'DAGS_FOLDER/data_pipeline.py', '--cfg-path', '/tmp/tmp5ejbqakw']
[2025-08-18T20:03:01.547+0000] {standard_task_runner.py:85} INFO - Job 131: Subtask process_with_spark
[2025-08-18T20:03:01.605+0000] {task_command.py:410} INFO - Running <TaskInstance: nitro_data_pipeline.process_with_spark scheduled__2025-08-18T20:00:00+00:00 [running]> on host 26c1c319ade5
[2025-08-18T20:03:01.726+0000] {taskinstance.py:1547} INFO - Exporting env vars: AIRFLOW_CTX_DAG_OWNER='airflow' AIRFLOW_CTX_DAG_ID='nitro_data_pipeline' AIRFLOW_CTX_TASK_ID='process_with_spark' AIRFLOW_CTX_EXECUTION_DATE='2025-08-18T20:00:00+00:00' AIRFLOW_CTX_TRY_NUMBER='1' AIRFLOW_CTX_DAG_RUN_ID='scheduled__2025-08-18T20:00:00+00:00'
[2025-08-18T20:03:01.727+0000] {logging_mixin.py:149} INFO - ===== INICIANDO PROCESO DE SPARK =====
[2025-08-18T20:03:07.830+0000] {logging_mixin.py:149} INFO - ===== LEYENDO JSON DESDE MINIO =====
[2025-08-18T20:04:21.462+0000] {logging_mixin.py:149} INFO - Registros leídos: 5745
[2025-08-18T20:04:21.481+0000] {logging_mixin.py:149} INFO - root
 |-- sensor_id: string (nullable = true)
 |-- timestamp: string (nullable = true)
 |-- value: double (nullable = true)
[2025-08-18T20:04:22.075+0000] {logging_mixin.py:149} INFO - +---------+--------------------+-----+
|sensor_id|           timestamp|value|
+---------+--------------------+-----+
| sensor_1|2025-08-18T18:51:...|20.56|
| sensor_4|2025-08-18T18:51:...|25.16|
| sensor_0|2025-08-18T18:51:...|28.27|
| sensor_3|2025-08-18T18:50:...|27.02|
| sensor_3|2025-08-18T18:50:...|27.84|
+---------+--------------------+-----+
only showing top 5 rows
[2025-08-18T20:04:22.138+0000] {logging_mixin.py:149} INFO - ===== CALCULANDO PROMEDIOS =====
[2025-08-18T20:04:30.847+0000] {logging_mixin.py:149} INFO - +---------+------------------+
|sensor_id|         avg_value|
+---------+------------------+
| sensor_0| 24.94280228758169|
| sensor_1| 24.91058876003568|
| sensor_4| 24.91427931960608|
| sensor_2|24.995754803293693|
| sensor_3|25.069109243697483|
+---------+------------------+
[2025-08-18T20:04:30.848+0000] {logging_mixin.py:149} INFO - ===== GUARDANDO RESULTADOS EN POSTGRES =====
[2025-08-18T20:04:40.882+0000] {logging_mixin.py:149} INFO - ===== PROCESO COMPLETADO CON ÉXITO =====
[2025-08-18T20:04:40.885+0000] {python.py:183} INFO - Done. Returned value was: None
[2025-08-18T20:04:40.918+0000] {taskinstance.py:1350} INFO - Marking task as SUCCESS. dag_id=nitro_data_pipeline, task_id=process_with_spark, execution_date=20250818T200000, start_date=20250818T200301, end_date=20250818T200440
[2025-08-18T20:04:41.041+0000] {local_task_job_runner.py:225} INFO - Task exited with return code 0
[2025-08-18T20:04:41.091+0000] {taskinstance.py:2651} INFO - 0 downstream tasks scheduled from follow-on schedule check
