[2025-08-18T11:30:04.772+0000] {taskinstance.py:1103} INFO - Dependencies all met for dep_context=non-requeueable deps ti=<TaskInstance: nitro_data_pipeline.process_with_spark scheduled__2025-08-18T11:27:00+00:00 [queued]>
[2025-08-18T11:30:04.814+0000] {taskinstance.py:1103} INFO - Dependencies all met for dep_context=requeueable deps ti=<TaskInstance: nitro_data_pipeline.process_with_spark scheduled__2025-08-18T11:27:00+00:00 [queued]>
[2025-08-18T11:30:04.814+0000] {taskinstance.py:1308} INFO - Starting attempt 1 of 1
[2025-08-18T11:30:04.908+0000] {taskinstance.py:1327} INFO - Executing <Task(PythonOperator): process_with_spark> on 2025-08-18 11:27:00+00:00
[2025-08-18T11:30:04.921+0000] {standard_task_runner.py:57} INFO - Started process 10786 to run task
[2025-08-18T11:30:04.942+0000] {standard_task_runner.py:84} INFO - Running: ['airflow', 'tasks', 'run', 'nitro_data_pipeline', 'process_with_spark', 'scheduled__2025-08-18T11:27:00+00:00', '--job-id', '299', '--raw', '--subdir', 'DAGS_FOLDER/data_pipeline.py', '--cfg-path', '/tmp/tmp4p8zkdv4']
[2025-08-18T11:30:04.960+0000] {standard_task_runner.py:85} INFO - Job 299: Subtask process_with_spark
[2025-08-18T11:30:05.193+0000] {task_command.py:410} INFO - Running <TaskInstance: nitro_data_pipeline.process_with_spark scheduled__2025-08-18T11:27:00+00:00 [running]> on host e3730e5f69d2
[2025-08-18T11:30:05.690+0000] {taskinstance.py:1547} INFO - Exporting env vars: AIRFLOW_CTX_DAG_OWNER='airflow' AIRFLOW_CTX_DAG_ID='nitro_data_pipeline' AIRFLOW_CTX_TASK_ID='process_with_spark' AIRFLOW_CTX_EXECUTION_DATE='2025-08-18T11:27:00+00:00' AIRFLOW_CTX_TRY_NUMBER='1' AIRFLOW_CTX_DAG_RUN_ID='scheduled__2025-08-18T11:27:00+00:00'
[2025-08-18T11:30:05.707+0000] {logging_mixin.py:149} INFO - ===== INICIANDO PROCESO DE SPARK =====
[2025-08-18T11:30:38.678+0000] {logging_mixin.py:149} INFO - ===== LEYENDO JSON DESDE MINIO =====
[2025-08-18T11:35:02.822+0000] {logging_mixin.py:149} INFO - Registros leídos: 6598
[2025-08-18T11:35:02.870+0000] {logging_mixin.py:149} INFO - root
 |-- sensor_id: string (nullable = true)
 |-- timestamp: string (nullable = true)
 |-- value: double (nullable = true)
[2025-08-18T11:35:05.165+0000] {logging_mixin.py:149} INFO - +---------+--------------------+-----+
|sensor_id|           timestamp|value|
+---------+--------------------+-----+
| sensor_0|2025-08-16T21:31:...|25.44|
| sensor_3|2025-08-16T21:31:...|27.66|
| sensor_0|2025-08-16T21:31:...|24.79|
| sensor_0|2025-08-16T21:31:...|27.92|
| sensor_1|2025-08-16T21:31:...|23.75|
+---------+--------------------+-----+
only showing top 5 rows
[2025-08-18T11:35:05.390+0000] {logging_mixin.py:149} INFO - ===== CALCULANDO PROMEDIOS =====
[2025-08-18T11:35:37.128+0000] {logging_mixin.py:149} INFO - +---------+------------------+
|sensor_id|         avg_value|
+---------+------------------+
| sensor_0| 24.99416139240507|
| sensor_1|24.931507692307683|
| sensor_4|24.957224736048264|
| sensor_2|25.091525948876846|
| sensor_3|25.083719124911784|
+---------+------------------+
[2025-08-18T11:35:37.129+0000] {logging_mixin.py:149} INFO - ===== GUARDANDO RESULTADOS EN POSTGRES =====
[2025-08-18T11:36:05.982+0000] {logging_mixin.py:149} INFO - ===== PROCESO COMPLETADO CON ÉXITO =====
[2025-08-18T11:36:05.983+0000] {python.py:183} INFO - Done. Returned value was: None
[2025-08-18T11:36:06.064+0000] {taskinstance.py:1350} INFO - Marking task as SUCCESS. dag_id=nitro_data_pipeline, task_id=process_with_spark, execution_date=20250818T112700, start_date=20250818T113004, end_date=20250818T113606
[2025-08-18T11:36:06.215+0000] {local_task_job_runner.py:225} INFO - Task exited with return code 0
[2025-08-18T11:36:06.326+0000] {taskinstance.py:2651} INFO - 0 downstream tasks scheduled from follow-on schedule check
