[2025-08-19T10:12:02.031+0000] {taskinstance.py:1103} INFO - Dependencies all met for dep_context=non-requeueable deps ti=<TaskInstance: nitro_data_pipeline.process_with_spark scheduled__2025-08-19T10:09:00+00:00 [queued]>
[2025-08-19T10:12:02.045+0000] {taskinstance.py:1103} INFO - Dependencies all met for dep_context=requeueable deps ti=<TaskInstance: nitro_data_pipeline.process_with_spark scheduled__2025-08-19T10:09:00+00:00 [queued]>
[2025-08-19T10:12:02.046+0000] {taskinstance.py:1308} INFO - Starting attempt 1 of 1
[2025-08-19T10:12:02.063+0000] {taskinstance.py:1327} INFO - Executing <Task(PythonOperator): process_with_spark> on 2025-08-19 10:09:00+00:00
[2025-08-19T10:12:02.069+0000] {standard_task_runner.py:57} INFO - Started process 2661 to run task
[2025-08-19T10:12:02.073+0000] {standard_task_runner.py:84} INFO - Running: ['airflow', 'tasks', 'run', 'nitro_data_pipeline', 'process_with_spark', 'scheduled__2025-08-19T10:09:00+00:00', '--job-id', '222', '--raw', '--subdir', 'DAGS_FOLDER/data_pipeline.py', '--cfg-path', '/tmp/tmplrn_mrln']
[2025-08-19T10:12:02.075+0000] {standard_task_runner.py:85} INFO - Job 222: Subtask process_with_spark
[2025-08-19T10:12:02.136+0000] {task_command.py:410} INFO - Running <TaskInstance: nitro_data_pipeline.process_with_spark scheduled__2025-08-19T10:09:00+00:00 [running]> on host 0582fa07e867
[2025-08-19T10:12:02.260+0000] {taskinstance.py:1547} INFO - Exporting env vars: AIRFLOW_CTX_DAG_OWNER='airflow' AIRFLOW_CTX_DAG_ID='nitro_data_pipeline' AIRFLOW_CTX_TASK_ID='process_with_spark' AIRFLOW_CTX_EXECUTION_DATE='2025-08-19T10:09:00+00:00' AIRFLOW_CTX_TRY_NUMBER='1' AIRFLOW_CTX_DAG_RUN_ID='scheduled__2025-08-19T10:09:00+00:00'
[2025-08-19T10:12:02.262+0000] {logging_mixin.py:149} INFO - ===== INICIANDO PROCESO DE SPARK =====
[2025-08-19T10:12:10.123+0000] {logging_mixin.py:149} INFO - ===== LEYENDO JSON DESDE MINIO =====
[2025-08-19T10:13:52.272+0000] {logging_mixin.py:149} INFO - Registros leídos: 9221
[2025-08-19T10:13:52.280+0000] {logging_mixin.py:149} INFO - root
 |-- sensor_id: string (nullable = true)
 |-- timestamp: string (nullable = true)
 |-- value: double (nullable = true)
[2025-08-19T10:13:52.762+0000] {logging_mixin.py:149} INFO - +---------+--------------------+-----+
|sensor_id|           timestamp|value|
+---------+--------------------+-----+
| sensor_1|2025-08-18T18:51:...|20.56|
| sensor_4|2025-08-18T18:51:...|25.16|
| sensor_0|2025-08-18T18:51:...|28.27|
| sensor_3|2025-08-18T18:50:...|27.02|
| sensor_3|2025-08-18T18:50:...|27.84|
+---------+--------------------+-----+
only showing top 5 rows
[2025-08-19T10:13:52.820+0000] {logging_mixin.py:149} INFO - ===== CALCULANDO PROMEDIOS =====
[2025-08-19T10:14:04.551+0000] {logging_mixin.py:149} INFO - +---------+------------------+
|sensor_id|         avg_value|
+---------+------------------+
| sensor_0|24.923039215686288|
| sensor_1| 24.99790710382515|
| sensor_4|24.921608430393785|
| sensor_2| 25.03596638655462|
| sensor_3|25.058128686327098|
+---------+------------------+
[2025-08-19T10:14:04.551+0000] {logging_mixin.py:149} INFO - ===== GUARDANDO RESULTADOS EN POSTGRES =====
[2025-08-19T10:14:17.021+0000] {logging_mixin.py:149} INFO - ===== PROCESO COMPLETADO CON ÉXITO =====
[2025-08-19T10:14:17.021+0000] {python.py:183} INFO - Done. Returned value was: None
[2025-08-19T10:14:17.061+0000] {taskinstance.py:1350} INFO - Marking task as SUCCESS. dag_id=nitro_data_pipeline, task_id=process_with_spark, execution_date=20250819T100900, start_date=20250819T101202, end_date=20250819T101417
[2025-08-19T10:14:17.129+0000] {local_task_job_runner.py:225} INFO - Task exited with return code 0
[2025-08-19T10:14:17.167+0000] {taskinstance.py:2651} INFO - 0 downstream tasks scheduled from follow-on schedule check
