[2025-08-18T20:30:01.498+0000] {taskinstance.py:1103} INFO - Dependencies all met for dep_context=non-requeueable deps ti=<TaskInstance: nitro_data_pipeline.process_with_spark scheduled__2025-08-18T20:27:00+00:00 [queued]>
[2025-08-18T20:30:01.514+0000] {taskinstance.py:1103} INFO - Dependencies all met for dep_context=requeueable deps ti=<TaskInstance: nitro_data_pipeline.process_with_spark scheduled__2025-08-18T20:27:00+00:00 [queued]>
[2025-08-18T20:30:01.514+0000] {taskinstance.py:1308} INFO - Starting attempt 1 of 1
[2025-08-18T20:30:01.538+0000] {taskinstance.py:1327} INFO - Executing <Task(PythonOperator): process_with_spark> on 2025-08-18 20:27:00+00:00
[2025-08-18T20:30:01.544+0000] {standard_task_runner.py:57} INFO - Started process 8314 to run task
[2025-08-18T20:30:01.549+0000] {standard_task_runner.py:84} INFO - Running: ['airflow', 'tasks', 'run', 'nitro_data_pipeline', 'process_with_spark', 'scheduled__2025-08-18T20:27:00+00:00', '--job-id', '149', '--raw', '--subdir', 'DAGS_FOLDER/data_pipeline.py', '--cfg-path', '/tmp/tmpab1n23lq']
[2025-08-18T20:30:01.551+0000] {standard_task_runner.py:85} INFO - Job 149: Subtask process_with_spark
[2025-08-18T20:30:01.618+0000] {task_command.py:410} INFO - Running <TaskInstance: nitro_data_pipeline.process_with_spark scheduled__2025-08-18T20:27:00+00:00 [running]> on host 26c1c319ade5
[2025-08-18T20:30:01.745+0000] {taskinstance.py:1547} INFO - Exporting env vars: AIRFLOW_CTX_DAG_OWNER='airflow' AIRFLOW_CTX_DAG_ID='nitro_data_pipeline' AIRFLOW_CTX_TASK_ID='process_with_spark' AIRFLOW_CTX_EXECUTION_DATE='2025-08-18T20:27:00+00:00' AIRFLOW_CTX_TRY_NUMBER='1' AIRFLOW_CTX_DAG_RUN_ID='scheduled__2025-08-18T20:27:00+00:00'
[2025-08-18T20:30:01.747+0000] {logging_mixin.py:149} INFO - ===== INICIANDO PROCESO DE SPARK =====
[2025-08-18T20:30:09.407+0000] {logging_mixin.py:149} INFO - ===== LEYENDO JSON DESDE MINIO =====
[2025-08-18T20:31:32.776+0000] {logging_mixin.py:149} INFO - Registros leídos: 6556
[2025-08-18T20:31:32.787+0000] {logging_mixin.py:149} INFO - root
 |-- sensor_id: string (nullable = true)
 |-- timestamp: string (nullable = true)
 |-- value: double (nullable = true)
[2025-08-18T20:31:33.391+0000] {logging_mixin.py:149} INFO - +---------+--------------------+-----+
|sensor_id|           timestamp|value|
+---------+--------------------+-----+
| sensor_1|2025-08-18T18:51:...|20.56|
| sensor_4|2025-08-18T18:51:...|25.16|
| sensor_0|2025-08-18T18:51:...|28.27|
| sensor_3|2025-08-18T18:50:...|27.02|
| sensor_3|2025-08-18T18:50:...|27.84|
+---------+--------------------+-----+
only showing top 5 rows
[2025-08-18T20:31:33.452+0000] {logging_mixin.py:149} INFO - ===== CALCULANDO PROMEDIOS =====
[2025-08-18T20:31:42.580+0000] {logging_mixin.py:149} INFO - +---------+------------------+
|sensor_id|         avg_value|
+---------+------------------+
| sensor_0| 24.93926406926407|
| sensor_1|24.973066871637197|
| sensor_4|24.899222309505102|
| sensor_2|24.977450357426527|
| sensor_3|25.060014958863125|
+---------+------------------+
[2025-08-18T20:31:42.581+0000] {logging_mixin.py:149} INFO - ===== GUARDANDO RESULTADOS EN POSTGRES =====
[2025-08-18T20:31:50.558+0000] {logging_mixin.py:149} INFO - ===== PROCESO COMPLETADO CON ÉXITO =====
[2025-08-18T20:31:50.559+0000] {python.py:183} INFO - Done. Returned value was: None
[2025-08-18T20:31:50.582+0000] {taskinstance.py:1350} INFO - Marking task as SUCCESS. dag_id=nitro_data_pipeline, task_id=process_with_spark, execution_date=20250818T202700, start_date=20250818T203001, end_date=20250818T203150
[2025-08-18T20:31:50.639+0000] {local_task_job_runner.py:225} INFO - Task exited with return code 0
[2025-08-18T20:31:50.677+0000] {taskinstance.py:2651} INFO - 0 downstream tasks scheduled from follow-on schedule check
