[2025-08-18T17:57:01.277+0000] {taskinstance.py:1103} INFO - Dependencies all met for dep_context=non-requeueable deps ti=<TaskInstance: nitro_data_pipeline.process_with_spark scheduled__2025-08-18T17:54:00+00:00 [queued]>
[2025-08-18T17:57:01.291+0000] {taskinstance.py:1103} INFO - Dependencies all met for dep_context=requeueable deps ti=<TaskInstance: nitro_data_pipeline.process_with_spark scheduled__2025-08-18T17:54:00+00:00 [queued]>
[2025-08-18T17:57:01.291+0000] {taskinstance.py:1308} INFO - Starting attempt 1 of 1
[2025-08-18T17:57:01.311+0000] {taskinstance.py:1327} INFO - Executing <Task(PythonOperator): process_with_spark> on 2025-08-18 17:54:00+00:00
[2025-08-18T17:57:01.318+0000] {standard_task_runner.py:57} INFO - Started process 11976 to run task
[2025-08-18T17:57:01.322+0000] {standard_task_runner.py:84} INFO - Running: ['airflow', 'tasks', 'run', 'nitro_data_pipeline', 'process_with_spark', 'scheduled__2025-08-18T17:54:00+00:00', '--job-id', '46', '--raw', '--subdir', 'DAGS_FOLDER/data_pipeline.py', '--cfg-path', '/tmp/tmpz16dzqhm']
[2025-08-18T17:57:01.325+0000] {standard_task_runner.py:85} INFO - Job 46: Subtask process_with_spark
[2025-08-18T17:57:01.399+0000] {task_command.py:410} INFO - Running <TaskInstance: nitro_data_pipeline.process_with_spark scheduled__2025-08-18T17:54:00+00:00 [running]> on host 8ed7b3a2822e
[2025-08-18T17:57:01.543+0000] {taskinstance.py:1547} INFO - Exporting env vars: AIRFLOW_CTX_DAG_OWNER='airflow' AIRFLOW_CTX_DAG_ID='nitro_data_pipeline' AIRFLOW_CTX_TASK_ID='process_with_spark' AIRFLOW_CTX_EXECUTION_DATE='2025-08-18T17:54:00+00:00' AIRFLOW_CTX_TRY_NUMBER='1' AIRFLOW_CTX_DAG_RUN_ID='scheduled__2025-08-18T17:54:00+00:00'
[2025-08-18T17:57:01.545+0000] {logging_mixin.py:149} INFO - ===== INICIANDO PROCESO DE SPARK =====
[2025-08-18T17:57:08.798+0000] {logging_mixin.py:149} INFO - ===== LEYENDO JSON DESDE MINIO =====
[2025-08-18T17:57:40.967+0000] {logging_mixin.py:149} INFO - Registros leídos: 2046
[2025-08-18T17:57:40.972+0000] {logging_mixin.py:149} INFO - root
 |-- sensor_id: string (nullable = true)
 |-- timestamp: string (nullable = true)
 |-- value: double (nullable = true)
[2025-08-18T17:57:41.279+0000] {logging_mixin.py:149} INFO - +---------+--------------------+-----+
|sensor_id|           timestamp|value|
+---------+--------------------+-----+
| sensor_1|2025-08-18T18:51:...|20.56|
| sensor_4|2025-08-18T18:51:...|25.16|
| sensor_0|2025-08-18T18:51:...|28.27|
| sensor_3|2025-08-18T18:50:...|27.02|
| sensor_3|2025-08-18T18:50:...|27.84|
+---------+--------------------+-----+
only showing top 5 rows
[2025-08-18T17:57:41.318+0000] {logging_mixin.py:149} INFO - ===== CALCULANDO PROMEDIOS =====
[2025-08-18T17:57:43.998+0000] {logging_mixin.py:149} INFO - +---------+------------------+
|sensor_id|         avg_value|
+---------+------------------+
| sensor_0|25.005896860986546|
| sensor_1|24.756099476439786|
| sensor_4| 24.97790155440415|
| sensor_2|25.127512953367873|
| sensor_3|25.065269058295964|
+---------+------------------+
[2025-08-18T17:57:43.998+0000] {logging_mixin.py:149} INFO - ===== GUARDANDO RESULTADOS EN POSTGRES =====
[2025-08-18T17:57:46.755+0000] {logging_mixin.py:149} INFO - ===== PROCESO COMPLETADO CON ÉXITO =====
[2025-08-18T17:57:46.755+0000] {python.py:183} INFO - Done. Returned value was: None
[2025-08-18T17:57:46.770+0000] {taskinstance.py:1350} INFO - Marking task as SUCCESS. dag_id=nitro_data_pipeline, task_id=process_with_spark, execution_date=20250818T175400, start_date=20250818T175701, end_date=20250818T175746
[2025-08-18T17:57:46.811+0000] {local_task_job_runner.py:225} INFO - Task exited with return code 0
[2025-08-18T17:57:46.835+0000] {taskinstance.py:2651} INFO - 0 downstream tasks scheduled from follow-on schedule check
