[2025-08-18T18:12:01.765+0000] {taskinstance.py:1103} INFO - Dependencies all met for dep_context=non-requeueable deps ti=<TaskInstance: nitro_data_pipeline.process_with_spark scheduled__2025-08-18T18:09:00+00:00 [queued]>
[2025-08-18T18:12:01.780+0000] {taskinstance.py:1103} INFO - Dependencies all met for dep_context=requeueable deps ti=<TaskInstance: nitro_data_pipeline.process_with_spark scheduled__2025-08-18T18:09:00+00:00 [queued]>
[2025-08-18T18:12:01.780+0000] {taskinstance.py:1308} INFO - Starting attempt 1 of 1
[2025-08-18T18:12:01.807+0000] {taskinstance.py:1327} INFO - Executing <Task(PythonOperator): process_with_spark> on 2025-08-18 18:09:00+00:00
[2025-08-18T18:12:01.814+0000] {standard_task_runner.py:57} INFO - Started process 14720 to run task
[2025-08-18T18:12:01.819+0000] {standard_task_runner.py:84} INFO - Running: ['airflow', 'tasks', 'run', 'nitro_data_pipeline', 'process_with_spark', 'scheduled__2025-08-18T18:09:00+00:00', '--job-id', '56', '--raw', '--subdir', 'DAGS_FOLDER/data_pipeline.py', '--cfg-path', '/tmp/tmpea6k56kg']
[2025-08-18T18:12:01.822+0000] {standard_task_runner.py:85} INFO - Job 56: Subtask process_with_spark
[2025-08-18T18:12:01.901+0000] {task_command.py:410} INFO - Running <TaskInstance: nitro_data_pipeline.process_with_spark scheduled__2025-08-18T18:09:00+00:00 [running]> on host 8ed7b3a2822e
[2025-08-18T18:12:02.071+0000] {taskinstance.py:1547} INFO - Exporting env vars: AIRFLOW_CTX_DAG_OWNER='airflow' AIRFLOW_CTX_DAG_ID='nitro_data_pipeline' AIRFLOW_CTX_TASK_ID='process_with_spark' AIRFLOW_CTX_EXECUTION_DATE='2025-08-18T18:09:00+00:00' AIRFLOW_CTX_TRY_NUMBER='1' AIRFLOW_CTX_DAG_RUN_ID='scheduled__2025-08-18T18:09:00+00:00'
[2025-08-18T18:12:02.076+0000] {logging_mixin.py:149} INFO - ===== INICIANDO PROCESO DE SPARK =====
[2025-08-18T18:12:10.819+0000] {logging_mixin.py:149} INFO - ===== LEYENDO JSON DESDE MINIO =====
[2025-08-18T18:12:49.717+0000] {logging_mixin.py:149} INFO - Registros leídos: 2506
[2025-08-18T18:12:49.724+0000] {logging_mixin.py:149} INFO - root
 |-- sensor_id: string (nullable = true)
 |-- timestamp: string (nullable = true)
 |-- value: double (nullable = true)
[2025-08-18T18:12:50.089+0000] {logging_mixin.py:149} INFO - +---------+--------------------+-----+
|sensor_id|           timestamp|value|
+---------+--------------------+-----+
| sensor_1|2025-08-18T18:51:...|20.56|
| sensor_4|2025-08-18T18:51:...|25.16|
| sensor_0|2025-08-18T18:51:...|28.27|
| sensor_3|2025-08-18T18:50:...|27.02|
| sensor_3|2025-08-18T18:50:...|27.84|
+---------+--------------------+-----+
only showing top 5 rows
[2025-08-18T18:12:50.143+0000] {logging_mixin.py:149} INFO - ===== CALCULANDO PROMEDIOS =====
[2025-08-18T18:12:55.612+0000] {logging_mixin.py:149} INFO - +---------+------------------+
|sensor_id|         avg_value|
+---------+------------------+
| sensor_0|24.899686346863465|
| sensor_1|24.765846153846148|
| sensor_4|25.045031578947366|
| sensor_2|25.079628865979377|
| sensor_3|25.000309653916215|
+---------+------------------+
[2025-08-18T18:12:55.612+0000] {logging_mixin.py:149} INFO - ===== GUARDANDO RESULTADOS EN POSTGRES =====
[2025-08-18T18:12:58.641+0000] {logging_mixin.py:149} INFO - ===== PROCESO COMPLETADO CON ÉXITO =====
[2025-08-18T18:12:58.641+0000] {python.py:183} INFO - Done. Returned value was: None
[2025-08-18T18:12:58.655+0000] {taskinstance.py:1350} INFO - Marking task as SUCCESS. dag_id=nitro_data_pipeline, task_id=process_with_spark, execution_date=20250818T180900, start_date=20250818T181201, end_date=20250818T181258
[2025-08-18T18:12:58.696+0000] {local_task_job_runner.py:225} INFO - Task exited with return code 0
[2025-08-18T18:12:58.733+0000] {taskinstance.py:2651} INFO - 0 downstream tasks scheduled from follow-on schedule check
