[2025-08-19T11:24:00.972+0000] {taskinstance.py:1103} INFO - Dependencies all met for dep_context=non-requeueable deps ti=<TaskInstance: nitro_data_pipeline.process_with_spark scheduled__2025-08-19T11:21:00+00:00 [queued]>
[2025-08-19T11:24:00.985+0000] {taskinstance.py:1103} INFO - Dependencies all met for dep_context=requeueable deps ti=<TaskInstance: nitro_data_pipeline.process_with_spark scheduled__2025-08-19T11:21:00+00:00 [queued]>
[2025-08-19T11:24:00.985+0000] {taskinstance.py:1308} INFO - Starting attempt 1 of 1
[2025-08-19T11:24:01.005+0000] {taskinstance.py:1327} INFO - Executing <Task(PythonOperator): process_with_spark> on 2025-08-19 11:21:00+00:00
[2025-08-19T11:24:01.011+0000] {standard_task_runner.py:57} INFO - Started process 16822 to run task
[2025-08-19T11:24:01.019+0000] {standard_task_runner.py:84} INFO - Running: ['airflow', 'tasks', 'run', 'nitro_data_pipeline', 'process_with_spark', 'scheduled__2025-08-19T11:21:00+00:00', '--job-id', '270', '--raw', '--subdir', 'DAGS_FOLDER/data_pipeline.py', '--cfg-path', '/tmp/tmp6d9e0v_s']
[2025-08-19T11:24:01.022+0000] {standard_task_runner.py:85} INFO - Job 270: Subtask process_with_spark
[2025-08-19T11:24:01.109+0000] {task_command.py:410} INFO - Running <TaskInstance: nitro_data_pipeline.process_with_spark scheduled__2025-08-19T11:21:00+00:00 [running]> on host 0582fa07e867
[2025-08-19T11:24:01.258+0000] {taskinstance.py:1547} INFO - Exporting env vars: AIRFLOW_CTX_DAG_OWNER='airflow' AIRFLOW_CTX_DAG_ID='nitro_data_pipeline' AIRFLOW_CTX_TASK_ID='process_with_spark' AIRFLOW_CTX_EXECUTION_DATE='2025-08-19T11:21:00+00:00' AIRFLOW_CTX_TRY_NUMBER='1' AIRFLOW_CTX_DAG_RUN_ID='scheduled__2025-08-19T11:21:00+00:00'
[2025-08-19T11:24:01.260+0000] {logging_mixin.py:149} INFO - ===== INICIANDO PROCESO DE SPARK =====
[2025-08-19T11:24:09.627+0000] {logging_mixin.py:149} INFO - ===== LEYENDO JSON DESDE MINIO =====
[2025-08-19T11:26:05.389+0000] {logging_mixin.py:149} INFO - Registros leídos: 11377
[2025-08-19T11:26:05.409+0000] {logging_mixin.py:149} INFO - root
 |-- sensor_id: string (nullable = true)
 |-- timestamp: string (nullable = true)
 |-- value: double (nullable = true)
[2025-08-19T11:26:06.050+0000] {logging_mixin.py:149} INFO - +---------+--------------------+-----+
|sensor_id|           timestamp|value|
+---------+--------------------+-----+
| sensor_1|2025-08-18T18:51:...|20.56|
| sensor_4|2025-08-18T18:51:...|25.16|
| sensor_0|2025-08-18T18:51:...|28.27|
| sensor_3|2025-08-18T18:50:...|27.02|
| sensor_3|2025-08-18T18:50:...|27.84|
+---------+--------------------+-----+
only showing top 5 rows
[2025-08-19T11:26:06.124+0000] {logging_mixin.py:149} INFO - ===== CALCULANDO PROMEDIOS =====
[2025-08-19T11:26:26.319+0000] {logging_mixin.py:149} INFO - +---------+------------------+
|sensor_id|         avg_value|
+---------+------------------+
| sensor_0|24.942958801498133|
| sensor_1|24.984463652482273|
| sensor_4|24.917048138056312|
| sensor_2| 25.03070812528369|
| sensor_3| 25.04111975789019|
+---------+------------------+
[2025-08-19T11:26:26.320+0000] {logging_mixin.py:149} INFO - ===== GUARDANDO RESULTADOS EN POSTGRES =====
[2025-08-19T11:26:45.374+0000] {logging_mixin.py:149} INFO - ===== PROCESO COMPLETADO CON ÉXITO =====
[2025-08-19T11:26:45.375+0000] {python.py:183} INFO - Done. Returned value was: None
[2025-08-19T11:26:45.403+0000] {taskinstance.py:1350} INFO - Marking task as SUCCESS. dag_id=nitro_data_pipeline, task_id=process_with_spark, execution_date=20250819T112100, start_date=20250819T112400, end_date=20250819T112645
[2025-08-19T11:26:45.459+0000] {local_task_job_runner.py:225} INFO - Task exited with return code 0
[2025-08-19T11:26:45.505+0000] {taskinstance.py:2651} INFO - 0 downstream tasks scheduled from follow-on schedule check
