[2025-08-18T20:27:01.611+0000] {taskinstance.py:1103} INFO - Dependencies all met for dep_context=non-requeueable deps ti=<TaskInstance: nitro_data_pipeline.process_with_spark scheduled__2025-08-18T20:24:00+00:00 [queued]>
[2025-08-18T20:27:01.630+0000] {taskinstance.py:1103} INFO - Dependencies all met for dep_context=requeueable deps ti=<TaskInstance: nitro_data_pipeline.process_with_spark scheduled__2025-08-18T20:24:00+00:00 [queued]>
[2025-08-18T20:27:01.631+0000] {taskinstance.py:1308} INFO - Starting attempt 1 of 1
[2025-08-18T20:27:01.663+0000] {taskinstance.py:1327} INFO - Executing <Task(PythonOperator): process_with_spark> on 2025-08-18 20:24:00+00:00
[2025-08-18T20:27:01.675+0000] {standard_task_runner.py:57} INFO - Started process 7716 to run task
[2025-08-18T20:27:01.680+0000] {standard_task_runner.py:84} INFO - Running: ['airflow', 'tasks', 'run', 'nitro_data_pipeline', 'process_with_spark', 'scheduled__2025-08-18T20:24:00+00:00', '--job-id', '147', '--raw', '--subdir', 'DAGS_FOLDER/data_pipeline.py', '--cfg-path', '/tmp/tmpw7jf613a']
[2025-08-18T20:27:01.683+0000] {standard_task_runner.py:85} INFO - Job 147: Subtask process_with_spark
[2025-08-18T20:27:01.792+0000] {task_command.py:410} INFO - Running <TaskInstance: nitro_data_pipeline.process_with_spark scheduled__2025-08-18T20:24:00+00:00 [running]> on host 26c1c319ade5
[2025-08-18T20:27:01.958+0000] {taskinstance.py:1547} INFO - Exporting env vars: AIRFLOW_CTX_DAG_OWNER='airflow' AIRFLOW_CTX_DAG_ID='nitro_data_pipeline' AIRFLOW_CTX_TASK_ID='process_with_spark' AIRFLOW_CTX_EXECUTION_DATE='2025-08-18T20:24:00+00:00' AIRFLOW_CTX_TRY_NUMBER='1' AIRFLOW_CTX_DAG_RUN_ID='scheduled__2025-08-18T20:24:00+00:00'
[2025-08-18T20:27:01.960+0000] {logging_mixin.py:149} INFO - ===== INICIANDO PROCESO DE SPARK =====
[2025-08-18T20:27:09.994+0000] {logging_mixin.py:149} INFO - ===== LEYENDO JSON DESDE MINIO =====
[2025-08-18T20:28:43.483+0000] {logging_mixin.py:149} INFO - Registros leídos: 6466
[2025-08-18T20:28:43.491+0000] {logging_mixin.py:149} INFO - root
 |-- sensor_id: string (nullable = true)
 |-- timestamp: string (nullable = true)
 |-- value: double (nullable = true)
[2025-08-18T20:28:43.989+0000] {logging_mixin.py:149} INFO - +---------+--------------------+-----+
|sensor_id|           timestamp|value|
+---------+--------------------+-----+
| sensor_1|2025-08-18T18:51:...|20.56|
| sensor_4|2025-08-18T18:51:...|25.16|
| sensor_0|2025-08-18T18:51:...|28.27|
| sensor_3|2025-08-18T18:50:...|27.02|
| sensor_3|2025-08-18T18:50:...|27.84|
+---------+--------------------+-----+
only showing top 5 rows
[2025-08-18T20:28:44.063+0000] {logging_mixin.py:149} INFO - ===== CALCULANDO PROMEDIOS =====
[2025-08-18T20:28:54.624+0000] {logging_mixin.py:149} INFO - +---------+------------------+
|sensor_id|         avg_value|
+---------+------------------+
| sensor_0|24.941792245793703|
| sensor_1| 24.98265832681782|
| sensor_4|24.900572792362766|
| sensor_2| 24.98109863672815|
| sensor_3|  25.0602811550152|
+---------+------------------+
[2025-08-18T20:28:54.624+0000] {logging_mixin.py:149} INFO - ===== GUARDANDO RESULTADOS EN POSTGRES =====
[2025-08-18T20:29:05.902+0000] {logging_mixin.py:149} INFO - ===== PROCESO COMPLETADO CON ÉXITO =====
[2025-08-18T20:29:05.902+0000] {python.py:183} INFO - Done. Returned value was: None
[2025-08-18T20:29:05.938+0000] {taskinstance.py:1350} INFO - Marking task as SUCCESS. dag_id=nitro_data_pipeline, task_id=process_with_spark, execution_date=20250818T202400, start_date=20250818T202701, end_date=20250818T202905
[2025-08-18T20:29:05.985+0000] {local_task_job_runner.py:225} INFO - Task exited with return code 0
[2025-08-18T20:29:06.034+0000] {taskinstance.py:2651} INFO - 0 downstream tasks scheduled from follow-on schedule check
