[2025-08-19T10:24:01.397+0000] {taskinstance.py:1103} INFO - Dependencies all met for dep_context=non-requeueable deps ti=<TaskInstance: nitro_data_pipeline.process_with_spark scheduled__2025-08-19T10:21:00+00:00 [queued]>
[2025-08-19T10:24:01.409+0000] {taskinstance.py:1103} INFO - Dependencies all met for dep_context=requeueable deps ti=<TaskInstance: nitro_data_pipeline.process_with_spark scheduled__2025-08-19T10:21:00+00:00 [queued]>
[2025-08-19T10:24:01.409+0000] {taskinstance.py:1308} INFO - Starting attempt 1 of 1
[2025-08-19T10:24:01.428+0000] {taskinstance.py:1327} INFO - Executing <Task(PythonOperator): process_with_spark> on 2025-08-19 10:21:00+00:00
[2025-08-19T10:24:01.433+0000] {standard_task_runner.py:57} INFO - Started process 5060 to run task
[2025-08-19T10:24:01.437+0000] {standard_task_runner.py:84} INFO - Running: ['airflow', 'tasks', 'run', 'nitro_data_pipeline', 'process_with_spark', 'scheduled__2025-08-19T10:21:00+00:00', '--job-id', '230', '--raw', '--subdir', 'DAGS_FOLDER/data_pipeline.py', '--cfg-path', '/tmp/tmp9rvs24b7']
[2025-08-19T10:24:01.439+0000] {standard_task_runner.py:85} INFO - Job 230: Subtask process_with_spark
[2025-08-19T10:24:01.508+0000] {task_command.py:410} INFO - Running <TaskInstance: nitro_data_pipeline.process_with_spark scheduled__2025-08-19T10:21:00+00:00 [running]> on host 0582fa07e867
[2025-08-19T10:24:01.647+0000] {taskinstance.py:1547} INFO - Exporting env vars: AIRFLOW_CTX_DAG_OWNER='airflow' AIRFLOW_CTX_DAG_ID='nitro_data_pipeline' AIRFLOW_CTX_TASK_ID='process_with_spark' AIRFLOW_CTX_EXECUTION_DATE='2025-08-19T10:21:00+00:00' AIRFLOW_CTX_TRY_NUMBER='1' AIRFLOW_CTX_DAG_RUN_ID='scheduled__2025-08-19T10:21:00+00:00'
[2025-08-19T10:24:01.648+0000] {logging_mixin.py:149} INFO - ===== INICIANDO PROCESO DE SPARK =====
[2025-08-19T10:24:08.150+0000] {logging_mixin.py:149} INFO - ===== LEYENDO JSON DESDE MINIO =====
[2025-08-19T10:25:50.795+0000] {logging_mixin.py:149} INFO - Registros leídos: 9579
[2025-08-19T10:25:50.805+0000] {logging_mixin.py:149} INFO - root
 |-- sensor_id: string (nullable = true)
 |-- timestamp: string (nullable = true)
 |-- value: double (nullable = true)
[2025-08-19T10:25:51.333+0000] {logging_mixin.py:149} INFO - +---------+--------------------+-----+
|sensor_id|           timestamp|value|
+---------+--------------------+-----+
| sensor_1|2025-08-18T18:51:...|20.56|
| sensor_4|2025-08-18T18:51:...|25.16|
| sensor_0|2025-08-18T18:51:...|28.27|
| sensor_3|2025-08-18T18:50:...|27.02|
| sensor_3|2025-08-18T18:50:...|27.84|
+---------+--------------------+-----+
only showing top 5 rows
[2025-08-19T10:25:51.389+0000] {logging_mixin.py:149} INFO - ===== CALCULANDO PROMEDIOS =====
[2025-08-19T10:26:05.188+0000] {logging_mixin.py:149} INFO - +---------+------------------+
|sensor_id|         avg_value|
+---------+------------------+
| sensor_0|  24.9162909632572|
| sensor_1| 25.00071878279119|
| sensor_4|24.922149382052663|
| sensor_2|25.040987055016178|
| sensor_3|25.070756172839527|
+---------+------------------+
[2025-08-19T10:26:05.189+0000] {logging_mixin.py:149} INFO - ===== GUARDANDO RESULTADOS EN POSTGRES =====
[2025-08-19T10:26:17.079+0000] {logging_mixin.py:149} INFO - ===== PROCESO COMPLETADO CON ÉXITO =====
[2025-08-19T10:26:17.080+0000] {python.py:183} INFO - Done. Returned value was: None
[2025-08-19T10:26:17.098+0000] {taskinstance.py:1350} INFO - Marking task as SUCCESS. dag_id=nitro_data_pipeline, task_id=process_with_spark, execution_date=20250819T102100, start_date=20250819T102401, end_date=20250819T102617
[2025-08-19T10:26:17.134+0000] {local_task_job_runner.py:225} INFO - Task exited with return code 0
[2025-08-19T10:26:17.168+0000] {taskinstance.py:2651} INFO - 0 downstream tasks scheduled from follow-on schedule check
