[2025-08-18T21:36:00.952+0000] {taskinstance.py:1103} INFO - Dependencies all met for dep_context=non-requeueable deps ti=<TaskInstance: nitro_data_pipeline.process_with_spark scheduled__2025-08-18T21:33:00+00:00 [queued]>
[2025-08-18T21:36:00.963+0000] {taskinstance.py:1103} INFO - Dependencies all met for dep_context=requeueable deps ti=<TaskInstance: nitro_data_pipeline.process_with_spark scheduled__2025-08-18T21:33:00+00:00 [queued]>
[2025-08-18T21:36:00.964+0000] {taskinstance.py:1308} INFO - Starting attempt 1 of 1
[2025-08-18T21:36:00.979+0000] {taskinstance.py:1327} INFO - Executing <Task(PythonOperator): process_with_spark> on 2025-08-18 21:33:00+00:00
[2025-08-18T21:36:00.984+0000] {standard_task_runner.py:57} INFO - Started process 5658 to run task
[2025-08-18T21:36:00.988+0000] {standard_task_runner.py:84} INFO - Running: ['airflow', 'tasks', 'run', 'nitro_data_pipeline', 'process_with_spark', 'scheduled__2025-08-18T21:33:00+00:00', '--job-id', '187', '--raw', '--subdir', 'DAGS_FOLDER/data_pipeline.py', '--cfg-path', '/tmp/tmp93bgd9bi']
[2025-08-18T21:36:00.990+0000] {standard_task_runner.py:85} INFO - Job 187: Subtask process_with_spark
[2025-08-18T21:36:01.055+0000] {task_command.py:410} INFO - Running <TaskInstance: nitro_data_pipeline.process_with_spark scheduled__2025-08-18T21:33:00+00:00 [running]> on host bd42b234d545
[2025-08-18T21:36:01.169+0000] {taskinstance.py:1547} INFO - Exporting env vars: AIRFLOW_CTX_DAG_OWNER='airflow' AIRFLOW_CTX_DAG_ID='nitro_data_pipeline' AIRFLOW_CTX_TASK_ID='process_with_spark' AIRFLOW_CTX_EXECUTION_DATE='2025-08-18T21:33:00+00:00' AIRFLOW_CTX_TRY_NUMBER='1' AIRFLOW_CTX_DAG_RUN_ID='scheduled__2025-08-18T21:33:00+00:00'
[2025-08-18T21:36:01.171+0000] {logging_mixin.py:149} INFO - ===== INICIANDO PROCESO DE SPARK =====
[2025-08-18T21:36:07.504+0000] {logging_mixin.py:149} INFO - ===== LEYENDO JSON DESDE MINIO =====
[2025-08-18T21:37:19.277+0000] {logging_mixin.py:149} INFO - Registros leídos: 8036
[2025-08-18T21:37:19.284+0000] {logging_mixin.py:149} INFO - root
 |-- sensor_id: string (nullable = true)
 |-- timestamp: string (nullable = true)
 |-- value: double (nullable = true)
[2025-08-18T21:37:19.779+0000] {logging_mixin.py:149} INFO - +---------+--------------------+-----+
|sensor_id|           timestamp|value|
+---------+--------------------+-----+
| sensor_1|2025-08-18T18:51:...|20.56|
| sensor_4|2025-08-18T18:51:...|25.16|
| sensor_0|2025-08-18T18:51:...|28.27|
| sensor_3|2025-08-18T18:50:...|27.02|
| sensor_3|2025-08-18T18:50:...|27.84|
+---------+--------------------+-----+
only showing top 5 rows
[2025-08-18T21:37:19.831+0000] {logging_mixin.py:149} INFO - ===== CALCULANDO PROMEDIOS =====
[2025-08-18T21:37:29.992+0000] {logging_mixin.py:149} INFO - +---------+------------------+
|sensor_id|         avg_value|
+---------+------------------+
| sensor_0|24.920023626698168|
| sensor_1| 24.97585883822611|
| sensor_4|24.883964308476735|
| sensor_2| 24.98285899094437|
| sensor_3|25.047566072526127|
+---------+------------------+
[2025-08-18T21:37:29.992+0000] {logging_mixin.py:149} INFO - ===== GUARDANDO RESULTADOS EN POSTGRES =====
[2025-08-18T21:37:38.285+0000] {logging_mixin.py:149} INFO - ===== PROCESO COMPLETADO CON ÉXITO =====
[2025-08-18T21:37:38.286+0000] {python.py:183} INFO - Done. Returned value was: None
[2025-08-18T21:37:38.307+0000] {taskinstance.py:1350} INFO - Marking task as SUCCESS. dag_id=nitro_data_pipeline, task_id=process_with_spark, execution_date=20250818T213300, start_date=20250818T213600, end_date=20250818T213738
[2025-08-18T21:37:38.371+0000] {local_task_job_runner.py:225} INFO - Task exited with return code 0
[2025-08-18T21:37:38.410+0000] {taskinstance.py:2651} INFO - 0 downstream tasks scheduled from follow-on schedule check
