[2025-08-18T11:06:05.953+0000] {taskinstance.py:1103} INFO - Dependencies all met for dep_context=non-requeueable deps ti=<TaskInstance: nitro_data_pipeline.process_with_spark scheduled__2025-08-18T11:03:00+00:00 [queued]>
[2025-08-18T11:06:06.026+0000] {taskinstance.py:1103} INFO - Dependencies all met for dep_context=requeueable deps ti=<TaskInstance: nitro_data_pipeline.process_with_spark scheduled__2025-08-18T11:03:00+00:00 [queued]>
[2025-08-18T11:06:06.027+0000] {taskinstance.py:1308} INFO - Starting attempt 1 of 1
[2025-08-18T11:06:06.254+0000] {taskinstance.py:1327} INFO - Executing <Task(PythonOperator): process_with_spark> on 2025-08-18 11:03:00+00:00
[2025-08-18T11:06:06.275+0000] {standard_task_runner.py:57} INFO - Started process 3950 to run task
[2025-08-18T11:06:06.284+0000] {standard_task_runner.py:84} INFO - Running: ['airflow', 'tasks', 'run', 'nitro_data_pipeline', 'process_with_spark', 'scheduled__2025-08-18T11:03:00+00:00', '--job-id', '277', '--raw', '--subdir', 'DAGS_FOLDER/data_pipeline.py', '--cfg-path', '/tmp/tmp9cjzf1k7']
[2025-08-18T11:06:06.293+0000] {standard_task_runner.py:85} INFO - Job 277: Subtask process_with_spark
[2025-08-18T11:06:06.792+0000] {task_command.py:410} INFO - Running <TaskInstance: nitro_data_pipeline.process_with_spark scheduled__2025-08-18T11:03:00+00:00 [running]> on host e3730e5f69d2
[2025-08-18T11:06:07.393+0000] {taskinstance.py:1547} INFO - Exporting env vars: AIRFLOW_CTX_DAG_OWNER='airflow' AIRFLOW_CTX_DAG_ID='nitro_data_pipeline' AIRFLOW_CTX_TASK_ID='process_with_spark' AIRFLOW_CTX_EXECUTION_DATE='2025-08-18T11:03:00+00:00' AIRFLOW_CTX_TRY_NUMBER='1' AIRFLOW_CTX_DAG_RUN_ID='scheduled__2025-08-18T11:03:00+00:00'
[2025-08-18T11:06:07.405+0000] {logging_mixin.py:149} INFO - ===== INICIANDO PROCESO DE SPARK =====
[2025-08-18T11:06:34.262+0000] {logging_mixin.py:149} INFO - ===== LEYENDO JSON DESDE MINIO =====
[2025-08-18T11:08:12.757+0000] {logging_mixin.py:149} INFO - Registros leídos: 5857
[2025-08-18T11:08:12.768+0000] {logging_mixin.py:149} INFO - root
 |-- sensor_id: string (nullable = true)
 |-- timestamp: string (nullable = true)
 |-- value: double (nullable = true)
[2025-08-18T11:08:13.443+0000] {logging_mixin.py:149} INFO - +---------+--------------------+-----+
|sensor_id|           timestamp|value|
+---------+--------------------+-----+
| sensor_0|2025-08-16T21:31:...|25.44|
| sensor_3|2025-08-16T21:31:...|27.66|
| sensor_0|2025-08-16T21:31:...|24.79|
| sensor_0|2025-08-16T21:31:...|27.92|
| sensor_1|2025-08-16T21:31:...|23.75|
+---------+--------------------+-----+
only showing top 5 rows
[2025-08-18T11:08:13.506+0000] {logging_mixin.py:149} INFO - ===== CALCULANDO PROMEDIOS =====
[2025-08-18T11:08:26.164+0000] {logging_mixin.py:149} INFO - +---------+------------------+
|sensor_id|         avg_value|
+---------+------------------+
| sensor_0| 24.99611453744495|
| sensor_1|25.008287971905172|
| sensor_4|24.948249581239537|
| sensor_2|25.094061403508775|
| sensor_3|25.103242594075265|
+---------+------------------+
[2025-08-18T11:08:26.165+0000] {logging_mixin.py:149} INFO - ===== GUARDANDO RESULTADOS EN POSTGRES =====
[2025-08-18T11:08:38.606+0000] {logging_mixin.py:149} INFO - ===== PROCESO COMPLETADO CON ÉXITO =====
[2025-08-18T11:08:38.607+0000] {python.py:183} INFO - Done. Returned value was: None
[2025-08-18T11:08:38.627+0000] {taskinstance.py:1350} INFO - Marking task as SUCCESS. dag_id=nitro_data_pipeline, task_id=process_with_spark, execution_date=20250818T110300, start_date=20250818T110605, end_date=20250818T110838
[2025-08-18T11:08:38.682+0000] {local_task_job_runner.py:225} INFO - Task exited with return code 0
[2025-08-18T11:08:38.722+0000] {taskinstance.py:2651} INFO - 0 downstream tasks scheduled from follow-on schedule check
