[2025-08-19T10:57:01.353+0000] {taskinstance.py:1103} INFO - Dependencies all met for dep_context=non-requeueable deps ti=<TaskInstance: nitro_data_pipeline.process_with_spark scheduled__2025-08-19T10:54:00+00:00 [queued]>
[2025-08-19T10:57:01.363+0000] {taskinstance.py:1103} INFO - Dependencies all met for dep_context=requeueable deps ti=<TaskInstance: nitro_data_pipeline.process_with_spark scheduled__2025-08-19T10:54:00+00:00 [queued]>
[2025-08-19T10:57:01.364+0000] {taskinstance.py:1308} INFO - Starting attempt 1 of 1
[2025-08-19T10:57:01.388+0000] {taskinstance.py:1327} INFO - Executing <Task(PythonOperator): process_with_spark> on 2025-08-19 10:54:00+00:00
[2025-08-19T10:57:01.393+0000] {standard_task_runner.py:57} INFO - Started process 11572 to run task
[2025-08-19T10:57:01.397+0000] {standard_task_runner.py:84} INFO - Running: ['airflow', 'tasks', 'run', 'nitro_data_pipeline', 'process_with_spark', 'scheduled__2025-08-19T10:54:00+00:00', '--job-id', '252', '--raw', '--subdir', 'DAGS_FOLDER/data_pipeline.py', '--cfg-path', '/tmp/tmpp5posqkl']
[2025-08-19T10:57:01.399+0000] {standard_task_runner.py:85} INFO - Job 252: Subtask process_with_spark
[2025-08-19T10:57:01.464+0000] {task_command.py:410} INFO - Running <TaskInstance: nitro_data_pipeline.process_with_spark scheduled__2025-08-19T10:54:00+00:00 [running]> on host 0582fa07e867
[2025-08-19T10:57:01.601+0000] {taskinstance.py:1547} INFO - Exporting env vars: AIRFLOW_CTX_DAG_OWNER='airflow' AIRFLOW_CTX_DAG_ID='nitro_data_pipeline' AIRFLOW_CTX_TASK_ID='process_with_spark' AIRFLOW_CTX_EXECUTION_DATE='2025-08-19T10:54:00+00:00' AIRFLOW_CTX_TRY_NUMBER='1' AIRFLOW_CTX_DAG_RUN_ID='scheduled__2025-08-19T10:54:00+00:00'
[2025-08-19T10:57:01.603+0000] {logging_mixin.py:149} INFO - ===== INICIANDO PROCESO DE SPARK =====
[2025-08-19T10:57:09.104+0000] {logging_mixin.py:149} INFO - ===== LEYENDO JSON DESDE MINIO =====
[2025-08-19T10:58:48.876+0000] {logging_mixin.py:149} INFO - Registros leídos: 10568
[2025-08-19T10:58:48.883+0000] {logging_mixin.py:149} INFO - root
 |-- sensor_id: string (nullable = true)
 |-- timestamp: string (nullable = true)
 |-- value: double (nullable = true)
[2025-08-19T10:58:49.415+0000] {logging_mixin.py:149} INFO - +---------+--------------------+-----+
|sensor_id|           timestamp|value|
+---------+--------------------+-----+
| sensor_1|2025-08-18T18:51:...|20.56|
| sensor_4|2025-08-18T18:51:...|25.16|
| sensor_0|2025-08-18T18:51:...|28.27|
| sensor_3|2025-08-18T18:50:...|27.02|
| sensor_3|2025-08-18T18:50:...|27.84|
+---------+--------------------+-----+
only showing top 5 rows
[2025-08-19T10:58:49.466+0000] {logging_mixin.py:149} INFO - ===== CALCULANDO PROMEDIOS =====
[2025-08-19T10:59:09.756+0000] {logging_mixin.py:149} INFO - +---------+------------------+
|sensor_id|         avg_value|
+---------+------------------+
| sensor_0|24.929462268413918|
| sensor_1| 24.97043374642517|
| sensor_4|  24.9304052734375|
| sensor_2|25.019057795046137|
| sensor_3| 25.04501860465119|
+---------+------------------+
[2025-08-19T10:59:09.757+0000] {logging_mixin.py:149} INFO - ===== GUARDANDO RESULTADOS EN POSTGRES =====
[2025-08-19T10:59:29.268+0000] {logging_mixin.py:149} INFO - ===== PROCESO COMPLETADO CON ÉXITO =====
[2025-08-19T10:59:29.268+0000] {python.py:183} INFO - Done. Returned value was: None
[2025-08-19T10:59:29.307+0000] {taskinstance.py:1350} INFO - Marking task as SUCCESS. dag_id=nitro_data_pipeline, task_id=process_with_spark, execution_date=20250819T105400, start_date=20250819T105701, end_date=20250819T105929
[2025-08-19T10:59:29.389+0000] {local_task_job_runner.py:225} INFO - Task exited with return code 0
[2025-08-19T10:59:29.433+0000] {taskinstance.py:2651} INFO - 0 downstream tasks scheduled from follow-on schedule check
