[2025-08-18T18:39:01.658+0000] {taskinstance.py:1103} INFO - Dependencies all met for dep_context=non-requeueable deps ti=<TaskInstance: nitro_data_pipeline.process_with_spark scheduled__2025-08-18T18:36:00+00:00 [queued]>
[2025-08-18T18:39:01.670+0000] {taskinstance.py:1103} INFO - Dependencies all met for dep_context=requeueable deps ti=<TaskInstance: nitro_data_pipeline.process_with_spark scheduled__2025-08-18T18:36:00+00:00 [queued]>
[2025-08-18T18:39:01.670+0000] {taskinstance.py:1308} INFO - Starting attempt 1 of 1
[2025-08-18T18:39:01.687+0000] {taskinstance.py:1327} INFO - Executing <Task(PythonOperator): process_with_spark> on 2025-08-18 18:36:00+00:00
[2025-08-18T18:39:01.694+0000] {standard_task_runner.py:57} INFO - Started process 19698 to run task
[2025-08-18T18:39:01.700+0000] {standard_task_runner.py:84} INFO - Running: ['airflow', 'tasks', 'run', 'nitro_data_pipeline', 'process_with_spark', 'scheduled__2025-08-18T18:36:00+00:00', '--job-id', '74', '--raw', '--subdir', 'DAGS_FOLDER/data_pipeline.py', '--cfg-path', '/tmp/tmp2_9oqxtn']
[2025-08-18T18:39:01.702+0000] {standard_task_runner.py:85} INFO - Job 74: Subtask process_with_spark
[2025-08-18T18:39:01.774+0000] {task_command.py:410} INFO - Running <TaskInstance: nitro_data_pipeline.process_with_spark scheduled__2025-08-18T18:36:00+00:00 [running]> on host 8ed7b3a2822e
[2025-08-18T18:39:01.909+0000] {taskinstance.py:1547} INFO - Exporting env vars: AIRFLOW_CTX_DAG_OWNER='airflow' AIRFLOW_CTX_DAG_ID='nitro_data_pipeline' AIRFLOW_CTX_TASK_ID='process_with_spark' AIRFLOW_CTX_EXECUTION_DATE='2025-08-18T18:36:00+00:00' AIRFLOW_CTX_TRY_NUMBER='1' AIRFLOW_CTX_DAG_RUN_ID='scheduled__2025-08-18T18:36:00+00:00'
[2025-08-18T18:39:01.911+0000] {logging_mixin.py:149} INFO - ===== INICIANDO PROCESO DE SPARK =====
[2025-08-18T18:39:07.912+0000] {logging_mixin.py:149} INFO - ===== LEYENDO JSON DESDE MINIO =====
[2025-08-18T18:39:47.100+0000] {logging_mixin.py:149} INFO - Registros leídos: 3329
[2025-08-18T18:39:47.106+0000] {logging_mixin.py:149} INFO - root
 |-- sensor_id: string (nullable = true)
 |-- timestamp: string (nullable = true)
 |-- value: double (nullable = true)
[2025-08-18T18:39:47.547+0000] {logging_mixin.py:149} INFO - +---------+--------------------+-----+
|sensor_id|           timestamp|value|
+---------+--------------------+-----+
| sensor_1|2025-08-18T18:51:...|20.56|
| sensor_4|2025-08-18T18:51:...|25.16|
| sensor_0|2025-08-18T18:51:...|28.27|
| sensor_3|2025-08-18T18:50:...|27.02|
| sensor_3|2025-08-18T18:50:...|27.84|
+---------+--------------------+-----+
only showing top 5 rows
[2025-08-18T18:39:47.613+0000] {logging_mixin.py:149} INFO - ===== CALCULANDO PROMEDIOS =====
[2025-08-18T18:39:53.337+0000] {logging_mixin.py:149} INFO - +---------+------------------+
|sensor_id|         avg_value|
+---------+------------------+
| sensor_0| 24.89323943661972|
| sensor_1|24.836003184713366|
| sensor_4|24.927389240506326|
| sensor_2| 25.07263322884012|
| sensor_3|24.987323162274613|
+---------+------------------+
[2025-08-18T18:39:53.338+0000] {logging_mixin.py:149} INFO - ===== GUARDANDO RESULTADOS EN POSTGRES =====
[2025-08-18T18:39:58.458+0000] {logging_mixin.py:149} INFO - ===== PROCESO COMPLETADO CON ÉXITO =====
[2025-08-18T18:39:58.459+0000] {python.py:183} INFO - Done. Returned value was: None
[2025-08-18T18:39:58.475+0000] {taskinstance.py:1350} INFO - Marking task as SUCCESS. dag_id=nitro_data_pipeline, task_id=process_with_spark, execution_date=20250818T183600, start_date=20250818T183901, end_date=20250818T183958
[2025-08-18T18:39:58.503+0000] {local_task_job_runner.py:225} INFO - Task exited with return code 0
[2025-08-18T18:39:58.532+0000] {taskinstance.py:2651} INFO - 0 downstream tasks scheduled from follow-on schedule check
