[2025-08-18T20:06:01.368+0000] {taskinstance.py:1103} INFO - Dependencies all met for dep_context=non-requeueable deps ti=<TaskInstance: nitro_data_pipeline.process_with_spark scheduled__2025-08-18T20:03:00+00:00 [queued]>
[2025-08-18T20:06:01.381+0000] {taskinstance.py:1103} INFO - Dependencies all met for dep_context=requeueable deps ti=<TaskInstance: nitro_data_pipeline.process_with_spark scheduled__2025-08-18T20:03:00+00:00 [queued]>
[2025-08-18T20:06:01.381+0000] {taskinstance.py:1308} INFO - Starting attempt 1 of 1
[2025-08-18T20:06:01.403+0000] {taskinstance.py:1327} INFO - Executing <Task(PythonOperator): process_with_spark> on 2025-08-18 20:03:00+00:00
[2025-08-18T20:06:01.413+0000] {standard_task_runner.py:57} INFO - Started process 3613 to run task
[2025-08-18T20:06:01.419+0000] {standard_task_runner.py:84} INFO - Running: ['airflow', 'tasks', 'run', 'nitro_data_pipeline', 'process_with_spark', 'scheduled__2025-08-18T20:03:00+00:00', '--job-id', '133', '--raw', '--subdir', 'DAGS_FOLDER/data_pipeline.py', '--cfg-path', '/tmp/tmp7iwqamhi']
[2025-08-18T20:06:01.422+0000] {standard_task_runner.py:85} INFO - Job 133: Subtask process_with_spark
[2025-08-18T20:06:01.495+0000] {task_command.py:410} INFO - Running <TaskInstance: nitro_data_pipeline.process_with_spark scheduled__2025-08-18T20:03:00+00:00 [running]> on host 26c1c319ade5
[2025-08-18T20:06:01.663+0000] {taskinstance.py:1547} INFO - Exporting env vars: AIRFLOW_CTX_DAG_OWNER='airflow' AIRFLOW_CTX_DAG_ID='nitro_data_pipeline' AIRFLOW_CTX_TASK_ID='process_with_spark' AIRFLOW_CTX_EXECUTION_DATE='2025-08-18T20:03:00+00:00' AIRFLOW_CTX_TRY_NUMBER='1' AIRFLOW_CTX_DAG_RUN_ID='scheduled__2025-08-18T20:03:00+00:00'
[2025-08-18T20:06:01.665+0000] {logging_mixin.py:149} INFO - ===== INICIANDO PROCESO DE SPARK =====
[2025-08-18T20:06:09.587+0000] {logging_mixin.py:149} INFO - ===== LEYENDO JSON DESDE MINIO =====
[2025-08-18T20:07:25.917+0000] {logging_mixin.py:149} INFO - Registros leídos: 5837
[2025-08-18T20:07:25.939+0000] {logging_mixin.py:149} INFO - root
 |-- sensor_id: string (nullable = true)
 |-- timestamp: string (nullable = true)
 |-- value: double (nullable = true)
[2025-08-18T20:07:26.519+0000] {logging_mixin.py:149} INFO - +---------+--------------------+-----+
|sensor_id|           timestamp|value|
+---------+--------------------+-----+
| sensor_1|2025-08-18T18:51:...|20.56|
| sensor_4|2025-08-18T18:51:...|25.16|
| sensor_0|2025-08-18T18:51:...|28.27|
| sensor_3|2025-08-18T18:50:...|27.02|
| sensor_3|2025-08-18T18:50:...|27.84|
+---------+--------------------+-----+
only showing top 5 rows
[2025-08-18T20:07:26.573+0000] {logging_mixin.py:149} INFO - ===== CALCULANDO PROMEDIOS =====
[2025-08-18T20:07:38.414+0000] {logging_mixin.py:149} INFO - +---------+------------------+
|sensor_id|         avg_value|
+---------+------------------+
| sensor_0|24.945016103059576|
| sensor_1| 24.90637237762238|
| sensor_4| 24.90669014084507|
| sensor_2|24.982016129032257|
| sensor_3|25.070717264386996|
+---------+------------------+
[2025-08-18T20:07:38.415+0000] {logging_mixin.py:149} INFO - ===== GUARDANDO RESULTADOS EN POSTGRES =====
[2025-08-18T20:07:45.984+0000] {logging_mixin.py:149} INFO - ===== PROCESO COMPLETADO CON ÉXITO =====
[2025-08-18T20:07:45.985+0000] {python.py:183} INFO - Done. Returned value was: None
[2025-08-18T20:07:46.002+0000] {taskinstance.py:1350} INFO - Marking task as SUCCESS. dag_id=nitro_data_pipeline, task_id=process_with_spark, execution_date=20250818T200300, start_date=20250818T200601, end_date=20250818T200746
[2025-08-18T20:07:46.057+0000] {local_task_job_runner.py:225} INFO - Task exited with return code 0
[2025-08-18T20:07:46.085+0000] {taskinstance.py:2651} INFO - 0 downstream tasks scheduled from follow-on schedule check
