[2025-08-18T15:54:09.961+0000] {taskinstance.py:1103} INFO - Dependencies all met for dep_context=non-requeueable deps ti=<TaskInstance: nitro_data_pipeline.process_with_spark scheduled__2025-08-18T15:51:00+00:00 [queued]>
[2025-08-18T15:54:10.067+0000] {taskinstance.py:1103} INFO - Dependencies all met for dep_context=requeueable deps ti=<TaskInstance: nitro_data_pipeline.process_with_spark scheduled__2025-08-18T15:51:00+00:00 [queued]>
[2025-08-18T15:54:10.068+0000] {taskinstance.py:1308} INFO - Starting attempt 1 of 1
[2025-08-18T15:54:10.185+0000] {taskinstance.py:1327} INFO - Executing <Task(PythonOperator): process_with_spark> on 2025-08-18 15:51:00+00:00
[2025-08-18T15:54:10.283+0000] {standard_task_runner.py:57} INFO - Started process 5201 to run task
[2025-08-18T15:54:10.396+0000] {standard_task_runner.py:84} INFO - Running: ['airflow', 'tasks', 'run', 'nitro_data_pipeline', 'process_with_spark', 'scheduled__2025-08-18T15:51:00+00:00', '--job-id', '468', '--raw', '--subdir', 'DAGS_FOLDER/data_pipeline.py', '--cfg-path', '/tmp/tmpd7j10x97']
[2025-08-18T15:54:10.498+0000] {standard_task_runner.py:85} INFO - Job 468: Subtask process_with_spark
[2025-08-18T15:54:10.897+0000] {task_command.py:410} INFO - Running <TaskInstance: nitro_data_pipeline.process_with_spark scheduled__2025-08-18T15:51:00+00:00 [running]> on host 82ba84950a6e
[2025-08-18T15:54:11.419+0000] {taskinstance.py:1547} INFO - Exporting env vars: AIRFLOW_CTX_DAG_OWNER='airflow' AIRFLOW_CTX_DAG_ID='nitro_data_pipeline' AIRFLOW_CTX_TASK_ID='process_with_spark' AIRFLOW_CTX_EXECUTION_DATE='2025-08-18T15:51:00+00:00' AIRFLOW_CTX_TRY_NUMBER='1' AIRFLOW_CTX_DAG_RUN_ID='scheduled__2025-08-18T15:51:00+00:00'
[2025-08-18T15:54:11.423+0000] {logging_mixin.py:149} INFO - ===== INICIANDO PROCESO DE SPARK =====
[2025-08-18T15:54:51.401+0000] {logging_mixin.py:149} INFO - ===== LEYENDO JSON DESDE MINIO =====
[2025-08-18T16:00:03.516+0000] {logging_mixin.py:149} INFO - Registros leídos: 10679
[2025-08-18T16:00:03.533+0000] {logging_mixin.py:149} INFO - root
 |-- sensor_id: string (nullable = true)
 |-- timestamp: string (nullable = true)
 |-- value: double (nullable = true)
[2025-08-18T16:00:05.786+0000] {logging_mixin.py:149} INFO - +---------+--------------------+-----+
|sensor_id|           timestamp|value|
+---------+--------------------+-----+
| sensor_0|2025-08-16T21:31:...|25.44|
| sensor_3|2025-08-16T21:31:...|27.66|
| sensor_0|2025-08-16T21:31:...|24.79|
| sensor_0|2025-08-16T21:31:...|27.92|
| sensor_1|2025-08-16T21:31:...|23.75|
+---------+--------------------+-----+
only showing top 5 rows
[2025-08-18T16:00:06.019+0000] {logging_mixin.py:149} INFO - ===== CALCULANDO PROMEDIOS =====
[2025-08-18T16:00:51.529+0000] {logging_mixin.py:149} INFO - +---------+------------------+
|sensor_id|         avg_value|
+---------+------------------+
| sensor_0|25.054046379555142|
| sensor_1| 24.90436947417403|
| sensor_4|24.996936251189346|
| sensor_2|25.046232580490138|
| sensor_3|25.105322291853177|
+---------+------------------+
[2025-08-18T16:00:51.531+0000] {logging_mixin.py:149} INFO - ===== GUARDANDO RESULTADOS EN POSTGRES =====
[2025-08-18T16:01:44.808+0000] {logging_mixin.py:149} INFO - ===== PROCESO COMPLETADO CON ÉXITO =====
[2025-08-18T16:01:44.810+0000] {python.py:183} INFO - Done. Returned value was: None
[2025-08-18T16:01:44.871+0000] {taskinstance.py:1350} INFO - Marking task as SUCCESS. dag_id=nitro_data_pipeline, task_id=process_with_spark, execution_date=20250818T155100, start_date=20250818T155409, end_date=20250818T160144
[2025-08-18T16:01:44.982+0000] {local_task_job_runner.py:225} INFO - Task exited with return code 0
[2025-08-18T16:01:45.067+0000] {taskinstance.py:2651} INFO - 0 downstream tasks scheduled from follow-on schedule check
