[2025-08-19T10:00:54.448+0000] {taskinstance.py:1103} INFO - Dependencies all met for dep_context=non-requeueable deps ti=<TaskInstance: nitro_data_pipeline.process_with_spark scheduled__2025-08-19T09:57:00+00:00 [queued]>
[2025-08-19T10:00:54.469+0000] {taskinstance.py:1103} INFO - Dependencies all met for dep_context=requeueable deps ti=<TaskInstance: nitro_data_pipeline.process_with_spark scheduled__2025-08-19T09:57:00+00:00 [queued]>
[2025-08-19T10:00:54.469+0000] {taskinstance.py:1308} INFO - Starting attempt 1 of 1
[2025-08-19T10:00:54.500+0000] {taskinstance.py:1327} INFO - Executing <Task(PythonOperator): process_with_spark> on 2025-08-19 09:57:00+00:00
[2025-08-19T10:00:54.511+0000] {standard_task_runner.py:57} INFO - Started process 235 to run task
[2025-08-19T10:00:54.525+0000] {standard_task_runner.py:84} INFO - Running: ['airflow', 'tasks', 'run', 'nitro_data_pipeline', 'process_with_spark', 'scheduled__2025-08-19T09:57:00+00:00', '--job-id', '211', '--raw', '--subdir', 'DAGS_FOLDER/data_pipeline.py', '--cfg-path', '/tmp/tmpkixtt6dj']
[2025-08-19T10:00:54.531+0000] {standard_task_runner.py:85} INFO - Job 211: Subtask process_with_spark
[2025-08-19T10:00:54.706+0000] {task_command.py:410} INFO - Running <TaskInstance: nitro_data_pipeline.process_with_spark scheduled__2025-08-19T09:57:00+00:00 [running]> on host 0582fa07e867
[2025-08-19T10:00:55.098+0000] {taskinstance.py:1547} INFO - Exporting env vars: AIRFLOW_CTX_DAG_OWNER='airflow' AIRFLOW_CTX_DAG_ID='nitro_data_pipeline' AIRFLOW_CTX_TASK_ID='process_with_spark' AIRFLOW_CTX_EXECUTION_DATE='2025-08-19T09:57:00+00:00' AIRFLOW_CTX_TRY_NUMBER='1' AIRFLOW_CTX_DAG_RUN_ID='scheduled__2025-08-19T09:57:00+00:00'
[2025-08-19T10:00:55.101+0000] {logging_mixin.py:149} INFO - ===== INICIANDO PROCESO DE SPARK =====
[2025-08-19T10:01:19.894+0000] {logging_mixin.py:149} INFO - ===== LEYENDO JSON DESDE MINIO =====
[2025-08-19T10:03:14.509+0000] {logging_mixin.py:149} INFO - Registros leídos: 8896
[2025-08-19T10:03:14.521+0000] {logging_mixin.py:149} INFO - root
 |-- sensor_id: string (nullable = true)
 |-- timestamp: string (nullable = true)
 |-- value: double (nullable = true)
[2025-08-19T10:03:15.520+0000] {logging_mixin.py:149} INFO - +---------+--------------------+-----+
|sensor_id|           timestamp|value|
+---------+--------------------+-----+
| sensor_1|2025-08-18T18:51:...|20.56|
| sensor_4|2025-08-18T18:51:...|25.16|
| sensor_0|2025-08-18T18:51:...|28.27|
| sensor_3|2025-08-18T18:50:...|27.02|
| sensor_3|2025-08-18T18:50:...|27.84|
+---------+--------------------+-----+
only showing top 5 rows
[2025-08-19T10:03:15.579+0000] {logging_mixin.py:149} INFO - ===== CALCULANDO PROMEDIOS =====
[2025-08-19T10:03:38.952+0000] {logging_mixin.py:149} INFO - +---------+------------------+
|sensor_id|         avg_value|
+---------+------------------+
| sensor_0|24.927606382978723|
| sensor_1| 24.98409556313993|
| sensor_4| 24.91216637781629|
| sensor_2|25.031973224679852|
| sensor_3|25.055268103924845|
+---------+------------------+
[2025-08-19T10:03:38.952+0000] {logging_mixin.py:149} INFO - ===== GUARDANDO RESULTADOS EN POSTGRES =====
[2025-08-19T10:04:07.126+0000] {logging_mixin.py:149} INFO - ===== PROCESO COMPLETADO CON ÉXITO =====
[2025-08-19T10:04:07.127+0000] {python.py:183} INFO - Done. Returned value was: None
[2025-08-19T10:04:07.156+0000] {taskinstance.py:1350} INFO - Marking task as SUCCESS. dag_id=nitro_data_pipeline, task_id=process_with_spark, execution_date=20250819T095700, start_date=20250819T100054, end_date=20250819T100407
[2025-08-19T10:04:07.226+0000] {local_task_job_runner.py:225} INFO - Task exited with return code 0
[2025-08-19T10:04:07.261+0000] {taskinstance.py:2651} INFO - 0 downstream tasks scheduled from follow-on schedule check
