[2025-08-18T11:21:04.566+0000] {taskinstance.py:1103} INFO - Dependencies all met for dep_context=non-requeueable deps ti=<TaskInstance: nitro_data_pipeline.process_with_spark scheduled__2025-08-18T11:18:00+00:00 [queued]>
[2025-08-18T11:21:04.589+0000] {taskinstance.py:1103} INFO - Dependencies all met for dep_context=requeueable deps ti=<TaskInstance: nitro_data_pipeline.process_with_spark scheduled__2025-08-18T11:18:00+00:00 [queued]>
[2025-08-18T11:21:04.589+0000] {taskinstance.py:1308} INFO - Starting attempt 1 of 1
[2025-08-18T11:21:04.624+0000] {taskinstance.py:1327} INFO - Executing <Task(PythonOperator): process_with_spark> on 2025-08-18 11:18:00+00:00
[2025-08-18T11:21:04.641+0000] {standard_task_runner.py:57} INFO - Started process 8227 to run task
[2025-08-18T11:21:04.669+0000] {standard_task_runner.py:84} INFO - Running: ['airflow', 'tasks', 'run', 'nitro_data_pipeline', 'process_with_spark', 'scheduled__2025-08-18T11:18:00+00:00', '--job-id', '291', '--raw', '--subdir', 'DAGS_FOLDER/data_pipeline.py', '--cfg-path', '/tmp/tmp2o5x1_cm']
[2025-08-18T11:21:04.680+0000] {standard_task_runner.py:85} INFO - Job 291: Subtask process_with_spark
[2025-08-18T11:21:04.848+0000] {task_command.py:410} INFO - Running <TaskInstance: nitro_data_pipeline.process_with_spark scheduled__2025-08-18T11:18:00+00:00 [running]> on host e3730e5f69d2
[2025-08-18T11:21:04.386+0000] {taskinstance.py:1547} INFO - Exporting env vars: AIRFLOW_CTX_DAG_OWNER='airflow' AIRFLOW_CTX_DAG_ID='nitro_data_pipeline' AIRFLOW_CTX_TASK_ID='process_with_spark' AIRFLOW_CTX_EXECUTION_DATE='2025-08-18T11:18:00+00:00' AIRFLOW_CTX_TRY_NUMBER='1' AIRFLOW_CTX_DAG_RUN_ID='scheduled__2025-08-18T11:18:00+00:00'
[2025-08-18T11:21:04.390+0000] {logging_mixin.py:149} INFO - ===== INICIANDO PROCESO DE SPARK =====
[2025-08-18T11:21:34.194+0000] {logging_mixin.py:149} INFO - ===== LEYENDO JSON DESDE MINIO =====
[2025-08-18T11:24:06.411+0000] {logging_mixin.py:149} INFO - Registros leídos: 6316
[2025-08-18T11:24:06.498+0000] {logging_mixin.py:149} INFO - root
 |-- sensor_id: string (nullable = true)
 |-- timestamp: string (nullable = true)
 |-- value: double (nullable = true)
[2025-08-18T11:24:08.808+0000] {logging_mixin.py:149} INFO - +---------+--------------------+-----+
|sensor_id|           timestamp|value|
+---------+--------------------+-----+
| sensor_0|2025-08-16T21:31:...|25.44|
| sensor_3|2025-08-16T21:31:...|27.66|
| sensor_0|2025-08-16T21:31:...|24.79|
| sensor_0|2025-08-16T21:31:...|27.92|
| sensor_1|2025-08-16T21:31:...|23.75|
+---------+--------------------+-----+
only showing top 5 rows
[2025-08-18T11:24:08.937+0000] {logging_mixin.py:149} INFO - ===== CALCULANDO PROMEDIOS =====
[2025-08-18T11:24:35.756+0000] {logging_mixin.py:149} INFO - +---------+------------------+
|sensor_id|         avg_value|
+---------+------------------+
| sensor_0|24.996415562913914|
| sensor_1| 24.96393403057119|
| sensor_4| 24.94954474097331|
| sensor_2| 25.09554207119742|
| sensor_3|  25.0789963099631|
+---------+------------------+
[2025-08-18T11:24:35.760+0000] {logging_mixin.py:149} INFO - ===== GUARDANDO RESULTADOS EN POSTGRES =====
[2025-08-18T11:24:56.170+0000] {logging_mixin.py:149} INFO - ===== PROCESO COMPLETADO CON ÉXITO =====
[2025-08-18T11:24:56.177+0000] {python.py:183} INFO - Done. Returned value was: None
[2025-08-18T11:24:56.233+0000] {taskinstance.py:1350} INFO - Marking task as SUCCESS. dag_id=nitro_data_pipeline, task_id=process_with_spark, execution_date=20250818T111800, start_date=20250818T112104, end_date=20250818T112456
[2025-08-18T11:24:56.560+0000] {local_task_job_runner.py:225} INFO - Task exited with return code 0
[2025-08-18T11:24:56.729+0000] {taskinstance.py:2651} INFO - 0 downstream tasks scheduled from follow-on schedule check
