[2025-08-18T10:24:01.754+0000] {taskinstance.py:1103} INFO - Dependencies all met for dep_context=non-requeueable deps ti=<TaskInstance: nitro_data_pipeline.process_with_spark scheduled__2025-08-18T10:21:00+00:00 [queued]>
[2025-08-18T10:24:01.780+0000] {taskinstance.py:1103} INFO - Dependencies all met for dep_context=requeueable deps ti=<TaskInstance: nitro_data_pipeline.process_with_spark scheduled__2025-08-18T10:21:00+00:00 [queued]>
[2025-08-18T10:24:01.781+0000] {taskinstance.py:1308} INFO - Starting attempt 1 of 1
[2025-08-18T10:24:01.819+0000] {taskinstance.py:1327} INFO - Executing <Task(PythonOperator): process_with_spark> on 2025-08-18 10:21:00+00:00
[2025-08-18T10:24:01.838+0000] {standard_task_runner.py:57} INFO - Started process 3177 to run task
[2025-08-18T10:24:01.848+0000] {standard_task_runner.py:84} INFO - Running: ['airflow', 'tasks', 'run', 'nitro_data_pipeline', 'process_with_spark', 'scheduled__2025-08-18T10:21:00+00:00', '--job-id', '235', '--raw', '--subdir', 'DAGS_FOLDER/data_pipeline.py', '--cfg-path', '/tmp/tmp7k1bcf1x']
[2025-08-18T10:24:01.853+0000] {standard_task_runner.py:85} INFO - Job 235: Subtask process_with_spark
[2025-08-18T10:24:01.984+0000] {task_command.py:410} INFO - Running <TaskInstance: nitro_data_pipeline.process_with_spark scheduled__2025-08-18T10:21:00+00:00 [running]> on host 48ba1c28ee6c
[2025-08-18T10:24:02.299+0000] {taskinstance.py:1547} INFO - Exporting env vars: AIRFLOW_CTX_DAG_OWNER='airflow' AIRFLOW_CTX_DAG_ID='nitro_data_pipeline' AIRFLOW_CTX_TASK_ID='process_with_spark' AIRFLOW_CTX_EXECUTION_DATE='2025-08-18T10:21:00+00:00' AIRFLOW_CTX_TRY_NUMBER='1' AIRFLOW_CTX_DAG_RUN_ID='scheduled__2025-08-18T10:21:00+00:00'
[2025-08-18T10:24:02.305+0000] {logging_mixin.py:149} INFO - ===== INICIANDO PROCESO DE SPARK =====
[2025-08-18T10:24:18.404+0000] {logging_mixin.py:149} INFO - ===== LEYENDO JSON DESDE MINIO =====
[2025-08-18T10:25:54.799+0000] {logging_mixin.py:149} INFO - Registros leídos: 4824
[2025-08-18T10:25:54.806+0000] {logging_mixin.py:149} INFO - root
 |-- sensor_id: string (nullable = true)
 |-- timestamp: string (nullable = true)
 |-- value: double (nullable = true)
[2025-08-18T10:25:55.256+0000] {logging_mixin.py:149} INFO - +---------+--------------------+-----+
|sensor_id|           timestamp|value|
+---------+--------------------+-----+
| sensor_0|2025-08-16T21:31:...|25.44|
| sensor_3|2025-08-16T21:31:...|27.66|
| sensor_0|2025-08-16T21:31:...|24.79|
| sensor_0|2025-08-16T21:31:...|27.92|
| sensor_1|2025-08-16T21:31:...|23.75|
+---------+--------------------+-----+
only showing top 5 rows
[2025-08-18T10:25:55.302+0000] {logging_mixin.py:149} INFO - ===== CALCULANDO PROMEDIOS =====
[2025-08-18T10:26:05.185+0000] {logging_mixin.py:149} INFO - +---------+------------------+
|sensor_id|         avg_value|
+---------+------------------+
| sensor_0|  24.9889020452099|
| sensor_1|25.001059459459448|
| sensor_4| 24.89803015075377|
| sensor_2|25.105286016949155|
| sensor_3|25.053123181377302|
+---------+------------------+
[2025-08-18T10:26:05.186+0000] {logging_mixin.py:149} INFO - ===== GUARDANDO RESULTADOS EN POSTGRES =====
[2025-08-18T10:26:10.701+0000] {logging_mixin.py:149} INFO - ===== PROCESO COMPLETADO CON ÉXITO =====
[2025-08-18T10:26:10.702+0000] {python.py:183} INFO - Done. Returned value was: None
[2025-08-18T10:26:10.715+0000] {taskinstance.py:1350} INFO - Marking task as SUCCESS. dag_id=nitro_data_pipeline, task_id=process_with_spark, execution_date=20250818T102100, start_date=20250818T102401, end_date=20250818T102610
[2025-08-18T10:26:10.773+0000] {local_task_job_runner.py:225} INFO - Task exited with return code 0
[2025-08-18T10:26:10.795+0000] {taskinstance.py:2651} INFO - 0 downstream tasks scheduled from follow-on schedule check
