[2025-08-17T10:06:01.234+0000] {taskinstance.py:1103} INFO - Dependencies all met for dep_context=non-requeueable deps ti=<TaskInstance: nitro_data_pipeline.process_with_spark scheduled__2025-08-17T10:03:00+00:00 [queued]>
[2025-08-17T10:06:01.247+0000] {taskinstance.py:1103} INFO - Dependencies all met for dep_context=requeueable deps ti=<TaskInstance: nitro_data_pipeline.process_with_spark scheduled__2025-08-17T10:03:00+00:00 [queued]>
[2025-08-17T10:06:01.247+0000] {taskinstance.py:1308} INFO - Starting attempt 1 of 1
[2025-08-17T10:06:01.266+0000] {taskinstance.py:1327} INFO - Executing <Task(PythonOperator): process_with_spark> on 2025-08-17 10:03:00+00:00
[2025-08-17T10:06:01.271+0000] {standard_task_runner.py:57} INFO - Started process 4610 to run task
[2025-08-17T10:06:01.277+0000] {standard_task_runner.py:84} INFO - Running: ['airflow', 'tasks', 'run', 'nitro_data_pipeline', 'process_with_spark', 'scheduled__2025-08-17T10:03:00+00:00', '--job-id', '131', '--raw', '--subdir', 'DAGS_FOLDER/data_pipeline.py', '--cfg-path', '/tmp/tmpqkv2t5aa']
[2025-08-17T10:06:01.280+0000] {standard_task_runner.py:85} INFO - Job 131: Subtask process_with_spark
[2025-08-17T10:06:01.347+0000] {task_command.py:410} INFO - Running <TaskInstance: nitro_data_pipeline.process_with_spark scheduled__2025-08-17T10:03:00+00:00 [running]> on host 81dcc9af3f6d
[2025-08-17T10:06:01.477+0000] {taskinstance.py:1547} INFO - Exporting env vars: AIRFLOW_CTX_DAG_OWNER='airflow' AIRFLOW_CTX_DAG_ID='nitro_data_pipeline' AIRFLOW_CTX_TASK_ID='process_with_spark' AIRFLOW_CTX_EXECUTION_DATE='2025-08-17T10:03:00+00:00' AIRFLOW_CTX_TRY_NUMBER='1' AIRFLOW_CTX_DAG_RUN_ID='scheduled__2025-08-17T10:03:00+00:00'
[2025-08-17T10:06:01.479+0000] {logging_mixin.py:149} INFO - ===== INICIANDO PROCESO DE SPARK =====
[2025-08-17T10:06:07.891+0000] {logging_mixin.py:149} INFO - ===== LEYENDO JSON DESDE MINIO =====
[2025-08-17T10:06:39.021+0000] {logging_mixin.py:149} INFO - Registros leídos: 1560
[2025-08-17T10:06:39.029+0000] {logging_mixin.py:149} INFO - root
 |-- sensor_id: string (nullable = true)
 |-- timestamp: string (nullable = true)
 |-- value: double (nullable = true)
[2025-08-17T10:06:39.315+0000] {logging_mixin.py:149} INFO - +---------+--------------------+-----+
|sensor_id|           timestamp|value|
+---------+--------------------+-----+
| sensor_0|2025-08-16T21:31:...|25.44|
| sensor_3|2025-08-16T21:31:...|27.66|
| sensor_0|2025-08-16T21:31:...|24.79|
| sensor_0|2025-08-16T21:31:...|27.92|
| sensor_1|2025-08-16T21:31:...|23.75|
+---------+--------------------+-----+
only showing top 5 rows
[2025-08-17T10:06:39.357+0000] {logging_mixin.py:149} INFO - ===== CALCULANDO PROMEDIOS =====
[2025-08-17T10:06:42.219+0000] {logging_mixin.py:149} INFO - +---------+------------------+
|sensor_id|         avg_value|
+---------+------------------+
| sensor_0|25.126931034482766|
| sensor_1|25.030915032679726|
| sensor_4| 25.16404320987654|
| sensor_2|25.271482649842273|
| sensor_3|24.960804953560373|
+---------+------------------+
[2025-08-17T10:06:42.219+0000] {logging_mixin.py:149} INFO - ===== GUARDANDO RESULTADOS EN POSTGRES =====
[2025-08-17T10:06:44.724+0000] {logging_mixin.py:149} INFO - ===== PROCESO COMPLETADO CON ÉXITO =====
[2025-08-17T10:06:44.724+0000] {python.py:183} INFO - Done. Returned value was: None
[2025-08-17T10:06:44.743+0000] {taskinstance.py:1350} INFO - Marking task as SUCCESS. dag_id=nitro_data_pipeline, task_id=process_with_spark, execution_date=20250817T100300, start_date=20250817T100601, end_date=20250817T100644
[2025-08-17T10:06:44.767+0000] {local_task_job_runner.py:225} INFO - Task exited with return code 0
[2025-08-17T10:06:44.788+0000] {taskinstance.py:2651} INFO - 0 downstream tasks scheduled from follow-on schedule check
