[2025-08-19T14:24:04.352+0000] {taskinstance.py:1103} INFO - Dependencies all met for dep_context=non-requeueable deps ti=<TaskInstance: nitro_data_pipeline.process_with_spark scheduled__2025-08-19T14:21:00+00:00 [queued]>
[2025-08-19T14:24:04.383+0000] {taskinstance.py:1103} INFO - Dependencies all met for dep_context=requeueable deps ti=<TaskInstance: nitro_data_pipeline.process_with_spark scheduled__2025-08-19T14:21:00+00:00 [queued]>
[2025-08-19T14:24:04.384+0000] {taskinstance.py:1308} INFO - Starting attempt 1 of 1
[2025-08-19T14:24:04.419+0000] {taskinstance.py:1327} INFO - Executing <Task(PythonOperator): process_with_spark> on 2025-08-19 14:21:00+00:00
[2025-08-19T14:24:04.431+0000] {standard_task_runner.py:57} INFO - Started process 1429 to run task
[2025-08-19T14:24:04.441+0000] {standard_task_runner.py:84} INFO - Running: ['airflow', 'tasks', 'run', 'nitro_data_pipeline', 'process_with_spark', 'scheduled__2025-08-19T14:21:00+00:00', '--job-id', '305', '--raw', '--subdir', 'DAGS_FOLDER/data_pipeline.py', '--cfg-path', '/tmp/tmpi6fp7td_']
[2025-08-19T14:24:04.445+0000] {standard_task_runner.py:85} INFO - Job 305: Subtask process_with_spark
[2025-08-19T14:24:04.678+0000] {task_command.py:410} INFO - Running <TaskInstance: nitro_data_pipeline.process_with_spark scheduled__2025-08-19T14:21:00+00:00 [running]> on host f0de8863e727
[2025-08-19T14:24:04.964+0000] {taskinstance.py:1547} INFO - Exporting env vars: AIRFLOW_CTX_DAG_OWNER='airflow' AIRFLOW_CTX_DAG_ID='nitro_data_pipeline' AIRFLOW_CTX_TASK_ID='process_with_spark' AIRFLOW_CTX_EXECUTION_DATE='2025-08-19T14:21:00+00:00' AIRFLOW_CTX_TRY_NUMBER='1' AIRFLOW_CTX_DAG_RUN_ID='scheduled__2025-08-19T14:21:00+00:00'
[2025-08-19T14:24:04.966+0000] {logging_mixin.py:149} INFO - ===== INICIANDO PROCESO DE SPARK =====
[2025-08-19T14:24:21.129+0000] {logging_mixin.py:149} INFO - ===== LEYENDO JSON DESDE MINIO =====
[2025-08-19T14:29:18.541+0000] {logging_mixin.py:149} INFO - Registros leídos: 18326
[2025-08-19T14:29:18.557+0000] {logging_mixin.py:149} INFO - root
 |-- sensor_id: string (nullable = true)
 |-- timestamp: string (nullable = true)
 |-- value: double (nullable = true)
[2025-08-19T14:29:20.140+0000] {logging_mixin.py:149} INFO - +---------+--------------------+-----+
|sensor_id|           timestamp|value|
+---------+--------------------+-----+
| sensor_1|2025-08-18T18:51:...|20.56|
| sensor_4|2025-08-18T18:51:...|25.16|
| sensor_0|2025-08-18T18:51:...|28.27|
| sensor_3|2025-08-18T18:50:...|27.02|
| sensor_3|2025-08-18T18:50:...|27.84|
+---------+--------------------+-----+
only showing top 5 rows
[2025-08-19T14:29:20.238+0000] {logging_mixin.py:149} INFO - ===== CALCULANDO PROMEDIOS =====
[2025-08-19T14:30:06.121+0000] {logging_mixin.py:149} INFO - +---------+------------------+
|sensor_id|         avg_value|
+---------+------------------+
| sensor_0| 24.91560698227981|
| sensor_1|24.986075430445478|
| sensor_4|24.951494511680284|
| sensor_2|25.012108467072466|
| sensor_3| 24.99510083355741|
+---------+------------------+
[2025-08-19T14:30:06.123+0000] {logging_mixin.py:149} INFO - ===== GUARDANDO RESULTADOS EN POSTGRES =====
[2025-08-19T14:31:02.367+0000] {logging_mixin.py:149} INFO - ===== PROCESO COMPLETADO CON ÉXITO =====
[2025-08-19T14:31:02.367+0000] {python.py:183} INFO - Done. Returned value was: None
[2025-08-19T14:31:02.461+0000] {taskinstance.py:1350} INFO - Marking task as SUCCESS. dag_id=nitro_data_pipeline, task_id=process_with_spark, execution_date=20250819T142100, start_date=20250819T142404, end_date=20250819T143102
[2025-08-19T14:31:02.722+0000] {local_task_job_runner.py:225} INFO - Task exited with return code 0
[2025-08-19T14:31:02.791+0000] {taskinstance.py:2651} INFO - 0 downstream tasks scheduled from follow-on schedule check
