[2025-08-18T12:21:04.123+0000] {taskinstance.py:1103} INFO - Dependencies all met for dep_context=non-requeueable deps ti=<TaskInstance: nitro_data_pipeline.process_with_spark scheduled__2025-08-18T12:18:00+00:00 [queued]>
[2025-08-18T12:21:04.148+0000] {taskinstance.py:1103} INFO - Dependencies all met for dep_context=requeueable deps ti=<TaskInstance: nitro_data_pipeline.process_with_spark scheduled__2025-08-18T12:18:00+00:00 [queued]>
[2025-08-18T12:21:04.148+0000] {taskinstance.py:1308} INFO - Starting attempt 1 of 1
[2025-08-18T12:21:04.448+0000] {taskinstance.py:1327} INFO - Executing <Task(PythonOperator): process_with_spark> on 2025-08-18 12:18:00+00:00
[2025-08-18T12:21:04.499+0000] {standard_task_runner.py:57} INFO - Started process 25338 to run task
[2025-08-18T12:21:04.508+0000] {standard_task_runner.py:84} INFO - Running: ['airflow', 'tasks', 'run', 'nitro_data_pipeline', 'process_with_spark', 'scheduled__2025-08-18T12:18:00+00:00', '--job-id', '343', '--raw', '--subdir', 'DAGS_FOLDER/data_pipeline.py', '--cfg-path', '/tmp/tmpywcyuf_m']
[2025-08-18T12:21:04.519+0000] {standard_task_runner.py:85} INFO - Job 343: Subtask process_with_spark
[2025-08-18T12:21:04.695+0000] {task_command.py:410} INFO - Running <TaskInstance: nitro_data_pipeline.process_with_spark scheduled__2025-08-18T12:18:00+00:00 [running]> on host e3730e5f69d2
[2025-08-18T12:21:05.114+0000] {taskinstance.py:1547} INFO - Exporting env vars: AIRFLOW_CTX_DAG_OWNER='airflow' AIRFLOW_CTX_DAG_ID='nitro_data_pipeline' AIRFLOW_CTX_TASK_ID='process_with_spark' AIRFLOW_CTX_EXECUTION_DATE='2025-08-18T12:18:00+00:00' AIRFLOW_CTX_TRY_NUMBER='1' AIRFLOW_CTX_DAG_RUN_ID='scheduled__2025-08-18T12:18:00+00:00'
[2025-08-18T12:21:05.125+0000] {logging_mixin.py:149} INFO - ===== INICIANDO PROCESO DE SPARK =====
[2025-08-18T12:21:35.738+0000] {logging_mixin.py:149} INFO - ===== LEYENDO JSON DESDE MINIO =====
[2025-08-18T12:24:52.201+0000] {logging_mixin.py:149} INFO - Registros leídos: 8149
[2025-08-18T12:24:52.302+0000] {logging_mixin.py:149} INFO - root
 |-- sensor_id: string (nullable = true)
 |-- timestamp: string (nullable = true)
 |-- value: double (nullable = true)
[2025-08-18T12:24:55.088+0000] {logging_mixin.py:149} INFO - +---------+--------------------+-----+
|sensor_id|           timestamp|value|
+---------+--------------------+-----+
| sensor_0|2025-08-16T21:31:...|25.44|
| sensor_3|2025-08-16T21:31:...|27.66|
| sensor_0|2025-08-16T21:31:...|24.79|
| sensor_0|2025-08-16T21:31:...|27.92|
| sensor_1|2025-08-16T21:31:...|23.75|
+---------+--------------------+-----+
only showing top 5 rows
[2025-08-18T12:24:55.376+0000] {logging_mixin.py:149} INFO - ===== CALCULANDO PROMEDIOS =====
[2025-08-18T12:25:26.019+0000] {logging_mixin.py:149} INFO - +---------+------------------+
|sensor_id|         avg_value|
+---------+------------------+
| sensor_0| 25.04349563046192|
| sensor_1| 24.96794762484775|
| sensor_4|  24.9806982543641|
| sensor_2|25.109290690310317|
| sensor_3|25.100267131242735|
+---------+------------------+
[2025-08-18T12:25:26.020+0000] {logging_mixin.py:149} INFO - ===== GUARDANDO RESULTADOS EN POSTGRES =====
[2025-08-18T12:25:57.663+0000] {logging_mixin.py:149} INFO - ===== PROCESO COMPLETADO CON ÉXITO =====
[2025-08-18T12:25:57.675+0000] {python.py:183} INFO - Done. Returned value was: None
[2025-08-18T12:25:57.817+0000] {taskinstance.py:1350} INFO - Marking task as SUCCESS. dag_id=nitro_data_pipeline, task_id=process_with_spark, execution_date=20250818T121800, start_date=20250818T122104, end_date=20250818T122557
[2025-08-18T12:25:57.957+0000] {local_task_job_runner.py:225} INFO - Task exited with return code 0
[2025-08-18T12:25:58.028+0000] {taskinstance.py:2651} INFO - 0 downstream tasks scheduled from follow-on schedule check
