[2025-08-19T10:18:00.985+0000] {taskinstance.py:1103} INFO - Dependencies all met for dep_context=non-requeueable deps ti=<TaskInstance: nitro_data_pipeline.process_with_spark scheduled__2025-08-19T10:15:00+00:00 [queued]>
[2025-08-19T10:18:00.997+0000] {taskinstance.py:1103} INFO - Dependencies all met for dep_context=requeueable deps ti=<TaskInstance: nitro_data_pipeline.process_with_spark scheduled__2025-08-19T10:15:00+00:00 [queued]>
[2025-08-19T10:18:00.997+0000] {taskinstance.py:1308} INFO - Starting attempt 1 of 1
[2025-08-19T10:18:01.021+0000] {taskinstance.py:1327} INFO - Executing <Task(PythonOperator): process_with_spark> on 2025-08-19 10:15:00+00:00
[2025-08-19T10:18:01.027+0000] {standard_task_runner.py:57} INFO - Started process 3828 to run task
[2025-08-19T10:18:01.032+0000] {standard_task_runner.py:84} INFO - Running: ['airflow', 'tasks', 'run', 'nitro_data_pipeline', 'process_with_spark', 'scheduled__2025-08-19T10:15:00+00:00', '--job-id', '226', '--raw', '--subdir', 'DAGS_FOLDER/data_pipeline.py', '--cfg-path', '/tmp/tmpgtcy5hbm']
[2025-08-19T10:18:01.036+0000] {standard_task_runner.py:85} INFO - Job 226: Subtask process_with_spark
[2025-08-19T10:18:01.114+0000] {task_command.py:410} INFO - Running <TaskInstance: nitro_data_pipeline.process_with_spark scheduled__2025-08-19T10:15:00+00:00 [running]> on host 0582fa07e867
[2025-08-19T10:18:01.262+0000] {taskinstance.py:1547} INFO - Exporting env vars: AIRFLOW_CTX_DAG_OWNER='airflow' AIRFLOW_CTX_DAG_ID='nitro_data_pipeline' AIRFLOW_CTX_TASK_ID='process_with_spark' AIRFLOW_CTX_EXECUTION_DATE='2025-08-19T10:15:00+00:00' AIRFLOW_CTX_TRY_NUMBER='1' AIRFLOW_CTX_DAG_RUN_ID='scheduled__2025-08-19T10:15:00+00:00'
[2025-08-19T10:18:01.264+0000] {logging_mixin.py:149} INFO - ===== INICIANDO PROCESO DE SPARK =====
[2025-08-19T10:18:07.987+0000] {logging_mixin.py:149} INFO - ===== LEYENDO JSON DESDE MINIO =====
[2025-08-19T10:19:45.023+0000] {logging_mixin.py:149} INFO - Registros leídos: 9399
[2025-08-19T10:19:45.034+0000] {logging_mixin.py:149} INFO - root
 |-- sensor_id: string (nullable = true)
 |-- timestamp: string (nullable = true)
 |-- value: double (nullable = true)
[2025-08-19T10:19:46.069+0000] {logging_mixin.py:149} INFO - +---------+--------------------+-----+
|sensor_id|           timestamp|value|
+---------+--------------------+-----+
| sensor_1|2025-08-18T18:51:...|20.56|
| sensor_4|2025-08-18T18:51:...|25.16|
| sensor_0|2025-08-18T18:51:...|28.27|
| sensor_3|2025-08-18T18:50:...|27.02|
| sensor_3|2025-08-18T18:50:...|27.84|
+---------+--------------------+-----+
only showing top 5 rows
[2025-08-19T10:19:46.150+0000] {logging_mixin.py:149} INFO - ===== CALCULANDO PROMEDIOS =====
[2025-08-19T10:20:04.212+0000] {logging_mixin.py:149} INFO - +---------+------------------+
|sensor_id|         avg_value|
+---------+------------------+
| sensor_0|24.913936008125955|
| sensor_1|25.000423819742494|
| sensor_4|           24.9188|
| sensor_2|25.038539387308525|
| sensor_3| 25.06726607422898|
+---------+------------------+
[2025-08-19T10:20:04.212+0000] {logging_mixin.py:149} INFO - ===== GUARDANDO RESULTADOS EN POSTGRES =====
[2025-08-19T10:20:17.589+0000] {logging_mixin.py:149} INFO - ===== PROCESO COMPLETADO CON ÉXITO =====
[2025-08-19T10:20:17.589+0000] {python.py:183} INFO - Done. Returned value was: None
[2025-08-19T10:20:17.613+0000] {taskinstance.py:1350} INFO - Marking task as SUCCESS. dag_id=nitro_data_pipeline, task_id=process_with_spark, execution_date=20250819T101500, start_date=20250819T101800, end_date=20250819T102017
[2025-08-19T10:20:17.666+0000] {local_task_job_runner.py:225} INFO - Task exited with return code 0
[2025-08-19T10:20:17.708+0000] {taskinstance.py:2651} INFO - 0 downstream tasks scheduled from follow-on schedule check
