[2025-08-18T12:04:32.236+0000] {taskinstance.py:1103} INFO - Dependencies all met for dep_context=non-requeueable deps ti=<TaskInstance: nitro_data_pipeline.process_with_spark manual__2025-08-18T12:04:29+00:00 [queued]>
[2025-08-18T12:04:32.248+0000] {taskinstance.py:1103} INFO - Dependencies all met for dep_context=requeueable deps ti=<TaskInstance: nitro_data_pipeline.process_with_spark manual__2025-08-18T12:04:29+00:00 [queued]>
[2025-08-18T12:04:32.248+0000] {taskinstance.py:1308} INFO - Starting attempt 1 of 1
[2025-08-18T12:04:32.270+0000] {taskinstance.py:1327} INFO - Executing <Task(PythonOperator): process_with_spark> on 2025-08-18 12:04:29+00:00
[2025-08-18T12:04:32.277+0000] {standard_task_runner.py:57} INFO - Started process 20591 to run task
[2025-08-18T12:04:32.281+0000] {standard_task_runner.py:84} INFO - Running: ['airflow', 'tasks', 'run', 'nitro_data_pipeline', 'process_with_spark', 'manual__2025-08-18T12:04:29+00:00', '--job-id', '329', '--raw', '--subdir', 'DAGS_FOLDER/data_pipeline.py', '--cfg-path', '/tmp/tmpfnimhgx5']
[2025-08-18T12:04:32.283+0000] {standard_task_runner.py:85} INFO - Job 329: Subtask process_with_spark
[2025-08-18T12:04:32.360+0000] {task_command.py:410} INFO - Running <TaskInstance: nitro_data_pipeline.process_with_spark manual__2025-08-18T12:04:29+00:00 [running]> on host e3730e5f69d2
[2025-08-18T12:04:32.532+0000] {taskinstance.py:1547} INFO - Exporting env vars: AIRFLOW_CTX_DAG_OWNER='airflow' AIRFLOW_CTX_DAG_ID='nitro_data_pipeline' AIRFLOW_CTX_TASK_ID='process_with_spark' AIRFLOW_CTX_EXECUTION_DATE='2025-08-18T12:04:29+00:00' AIRFLOW_CTX_TRY_NUMBER='1' AIRFLOW_CTX_DAG_RUN_ID='manual__2025-08-18T12:04:29+00:00'
[2025-08-18T12:04:32.534+0000] {logging_mixin.py:149} INFO - ===== INICIANDO PROCESO DE SPARK =====
[2025-08-18T12:04:47.984+0000] {logging_mixin.py:149} INFO - ===== LEYENDO JSON DESDE MINIO =====
[2025-08-18T12:07:13.591+0000] {logging_mixin.py:149} INFO - Registros leídos: 7634
[2025-08-18T12:07:13.619+0000] {logging_mixin.py:149} INFO - root
 |-- sensor_id: string (nullable = true)
 |-- timestamp: string (nullable = true)
 |-- value: double (nullable = true)
[2025-08-18T12:07:15.399+0000] {logging_mixin.py:149} INFO - +---------+--------------------+-----+
|sensor_id|           timestamp|value|
+---------+--------------------+-----+
| sensor_0|2025-08-16T21:31:...|25.44|
| sensor_3|2025-08-16T21:31:...|27.66|
| sensor_0|2025-08-16T21:31:...|24.79|
| sensor_0|2025-08-16T21:31:...|27.92|
| sensor_1|2025-08-16T21:31:...|23.75|
+---------+--------------------+-----+
only showing top 5 rows
[2025-08-18T12:07:15.576+0000] {logging_mixin.py:149} INFO - ===== CALCULANDO PROMEDIOS =====
[2025-08-18T12:07:39.251+0000] {logging_mixin.py:149} INFO - +---------+------------------+
|sensor_id|         avg_value|
+---------+------------------+
| sensor_0|25.024033557046987|
| sensor_1| 24.93444297956493|
| sensor_4|  25.0028959575878|
| sensor_2|25.092242424242432|
| sensor_3|25.095174525413352|
+---------+------------------+
[2025-08-18T12:07:39.252+0000] {logging_mixin.py:149} INFO - ===== GUARDANDO RESULTADOS EN POSTGRES =====
[2025-08-18T12:07:57.506+0000] {logging_mixin.py:149} INFO - ===== PROCESO COMPLETADO CON ÉXITO =====
[2025-08-18T12:07:57.507+0000] {python.py:183} INFO - Done. Returned value was: None
[2025-08-18T12:07:57.546+0000] {taskinstance.py:1350} INFO - Marking task as SUCCESS. dag_id=nitro_data_pipeline, task_id=process_with_spark, execution_date=20250818T120429, start_date=20250818T120432, end_date=20250818T120757
[2025-08-18T12:07:57.631+0000] {local_task_job_runner.py:225} INFO - Task exited with return code 0
[2025-08-18T12:07:57.675+0000] {taskinstance.py:2651} INFO - 0 downstream tasks scheduled from follow-on schedule check
