[2025-08-18T10:18:36.156+0000] {taskinstance.py:1103} INFO - Dependencies all met for dep_context=non-requeueable deps ti=<TaskInstance: nitro_data_pipeline.process_with_spark manual__2025-08-18T10:18:33+00:00 [queued]>
[2025-08-18T10:18:36.198+0000] {taskinstance.py:1103} INFO - Dependencies all met for dep_context=requeueable deps ti=<TaskInstance: nitro_data_pipeline.process_with_spark manual__2025-08-18T10:18:33+00:00 [queued]>
[2025-08-18T10:18:36.199+0000] {taskinstance.py:1308} INFO - Starting attempt 1 of 1
[2025-08-18T10:18:36.249+0000] {taskinstance.py:1327} INFO - Executing <Task(PythonOperator): process_with_spark> on 2025-08-18 10:18:33+00:00
[2025-08-18T10:18:36.259+0000] {standard_task_runner.py:57} INFO - Started process 1617 to run task
[2025-08-18T10:18:36.290+0000] {standard_task_runner.py:84} INFO - Running: ['airflow', 'tasks', 'run', 'nitro_data_pipeline', 'process_with_spark', 'manual__2025-08-18T10:18:33+00:00', '--job-id', '231', '--raw', '--subdir', 'DAGS_FOLDER/data_pipeline.py', '--cfg-path', '/tmp/tmpcvaiubbt']
[2025-08-18T10:18:36.298+0000] {standard_task_runner.py:85} INFO - Job 231: Subtask process_with_spark
[2025-08-18T10:18:36.451+0000] {task_command.py:410} INFO - Running <TaskInstance: nitro_data_pipeline.process_with_spark manual__2025-08-18T10:18:33+00:00 [running]> on host 48ba1c28ee6c
[2025-08-18T10:18:36.816+0000] {taskinstance.py:1547} INFO - Exporting env vars: AIRFLOW_CTX_DAG_OWNER='airflow' AIRFLOW_CTX_DAG_ID='nitro_data_pipeline' AIRFLOW_CTX_TASK_ID='process_with_spark' AIRFLOW_CTX_EXECUTION_DATE='2025-08-18T10:18:33+00:00' AIRFLOW_CTX_TRY_NUMBER='1' AIRFLOW_CTX_DAG_RUN_ID='manual__2025-08-18T10:18:33+00:00'
[2025-08-18T10:18:36.818+0000] {logging_mixin.py:149} INFO - ===== INICIANDO PROCESO DE SPARK =====
[2025-08-18T10:18:49.853+0000] {logging_mixin.py:149} INFO - ===== LEYENDO JSON DESDE MINIO =====
[2025-08-18T10:20:08.188+0000] {logging_mixin.py:149} INFO - Registros leídos: 4658
[2025-08-18T10:20:08.196+0000] {logging_mixin.py:149} INFO - root
 |-- sensor_id: string (nullable = true)
 |-- timestamp: string (nullable = true)
 |-- value: double (nullable = true)
[2025-08-18T10:20:08.717+0000] {logging_mixin.py:149} INFO - +---------+--------------------+-----+
|sensor_id|           timestamp|value|
+---------+--------------------+-----+
| sensor_0|2025-08-16T21:31:...|25.44|
| sensor_3|2025-08-16T21:31:...|27.66|
| sensor_0|2025-08-16T21:31:...|24.79|
| sensor_0|2025-08-16T21:31:...|27.92|
| sensor_1|2025-08-16T21:31:...|23.75|
+---------+--------------------+-----+
only showing top 5 rows
[2025-08-18T10:20:08.784+0000] {logging_mixin.py:149} INFO - ===== CALCULANDO PROMEDIOS =====
[2025-08-18T10:20:16.451+0000] {logging_mixin.py:149} INFO - +---------+------------------+
|sensor_id|         avg_value|
+---------+------------------+
| sensor_0|25.025289532293993|
| sensor_1|25.022047244094484|
| sensor_4|24.909357512953367|
| sensor_2|25.104582417582424|
| sensor_3|25.058574297188752|
+---------+------------------+
[2025-08-18T10:20:16.452+0000] {logging_mixin.py:149} INFO - ===== GUARDANDO RESULTADOS EN POSTGRES =====
[2025-08-18T10:20:23.105+0000] {logging_mixin.py:149} INFO - ===== PROCESO COMPLETADO CON ÉXITO =====
[2025-08-18T10:20:23.105+0000] {python.py:183} INFO - Done. Returned value was: None
[2025-08-18T10:20:23.122+0000] {taskinstance.py:1350} INFO - Marking task as SUCCESS. dag_id=nitro_data_pipeline, task_id=process_with_spark, execution_date=20250818T101833, start_date=20250818T101836, end_date=20250818T102023
[2025-08-18T10:20:23.168+0000] {local_task_job_runner.py:225} INFO - Task exited with return code 0
[2025-08-18T10:20:23.242+0000] {taskinstance.py:2651} INFO - 0 downstream tasks scheduled from follow-on schedule check
