[2025-08-18T13:09:13.327+0000] {taskinstance.py:1103} INFO - Dependencies all met for dep_context=non-requeueable deps ti=<TaskInstance: nitro_data_pipeline.process_with_spark scheduled__2025-08-18T13:06:00+00:00 [queued]>
[2025-08-18T13:09:13.353+0000] {taskinstance.py:1103} INFO - Dependencies all met for dep_context=requeueable deps ti=<TaskInstance: nitro_data_pipeline.process_with_spark scheduled__2025-08-18T13:06:00+00:00 [queued]>
[2025-08-18T13:09:13.354+0000] {taskinstance.py:1308} INFO - Starting attempt 1 of 1
[2025-08-18T13:09:13.478+0000] {taskinstance.py:1327} INFO - Executing <Task(PythonOperator): process_with_spark> on 2025-08-18 13:06:00+00:00
[2025-08-18T13:09:13.536+0000] {standard_task_runner.py:57} INFO - Started process 37364 to run task
[2025-08-18T13:09:13.555+0000] {standard_task_runner.py:84} INFO - Running: ['airflow', 'tasks', 'run', 'nitro_data_pipeline', 'process_with_spark', 'scheduled__2025-08-18T13:06:00+00:00', '--job-id', '382', '--raw', '--subdir', 'DAGS_FOLDER/data_pipeline.py', '--cfg-path', '/tmp/tmp6rlfos2v']
[2025-08-18T13:09:13.561+0000] {standard_task_runner.py:85} INFO - Job 382: Subtask process_with_spark
[2025-08-18T13:09:13.854+0000] {task_command.py:410} INFO - Running <TaskInstance: nitro_data_pipeline.process_with_spark scheduled__2025-08-18T13:06:00+00:00 [running]> on host e3730e5f69d2
[2025-08-18T13:09:14.342+0000] {taskinstance.py:1547} INFO - Exporting env vars: AIRFLOW_CTX_DAG_OWNER='airflow' AIRFLOW_CTX_DAG_ID='nitro_data_pipeline' AIRFLOW_CTX_TASK_ID='process_with_spark' AIRFLOW_CTX_EXECUTION_DATE='2025-08-18T13:06:00+00:00' AIRFLOW_CTX_TRY_NUMBER='1' AIRFLOW_CTX_DAG_RUN_ID='scheduled__2025-08-18T13:06:00+00:00'
[2025-08-18T13:09:14.344+0000] {logging_mixin.py:149} INFO - ===== INICIANDO PROCESO DE SPARK =====
[2025-08-18T13:10:17.336+0000] {logging_mixin.py:149} INFO - ===== LEYENDO JSON DESDE MINIO =====
[2025-08-18T13:18:12.941+0000] {logging_mixin.py:149} INFO - Registros leídos: 9617
[2025-08-18T13:18:13.137+0000] {logging_mixin.py:149} INFO - root
 |-- sensor_id: string (nullable = true)
 |-- timestamp: string (nullable = true)
 |-- value: double (nullable = true)
[2025-08-18T13:18:16.935+0000] {logging_mixin.py:149} INFO - +---------+--------------------+-----+
|sensor_id|           timestamp|value|
+---------+--------------------+-----+
| sensor_0|2025-08-16T21:31:...|25.44|
| sensor_3|2025-08-16T21:31:...|27.66|
| sensor_0|2025-08-16T21:31:...|24.79|
| sensor_0|2025-08-16T21:31:...|27.92|
| sensor_1|2025-08-16T21:31:...|23.75|
+---------+--------------------+-----+
only showing top 5 rows
[2025-08-18T13:18:17.170+0000] {logging_mixin.py:149} INFO - ===== CALCULANDO PROMEDIOS =====
[2025-08-18T13:19:14.158+0000] {logging_mixin.py:149} INFO - +---------+------------------+
|sensor_id|         avg_value|
+---------+------------------+
| sensor_0| 25.05788613600422|
| sensor_1| 24.91517116182572|
| sensor_4|25.017051687763715|
| sensor_2|25.065088282504018|
| sensor_3|25.130616674888984|
+---------+------------------+
[2025-08-18T13:19:14.170+0000] {logging_mixin.py:149} INFO - ===== GUARDANDO RESULTADOS EN POSTGRES =====
[2025-08-18T13:20:25.947+0000] {logging_mixin.py:149} INFO - ===== PROCESO COMPLETADO CON ÉXITO =====
[2025-08-18T13:20:25.973+0000] {python.py:183} INFO - Done. Returned value was: None
[2025-08-18T13:20:31.016+0000] {taskinstance.py:1350} INFO - Marking task as SUCCESS. dag_id=nitro_data_pipeline, task_id=process_with_spark, execution_date=20250818T130600, start_date=20250818T130913, end_date=20250818T132030
[2025-08-18T13:20:32.346+0000] {local_task_job_runner.py:225} INFO - Task exited with return code 0
[2025-08-18T13:20:34.639+0000] {taskinstance.py:2651} INFO - 0 downstream tasks scheduled from follow-on schedule check
