[2025-08-18T11:27:05.879+0000] {taskinstance.py:1103} INFO - Dependencies all met for dep_context=non-requeueable deps ti=<TaskInstance: nitro_data_pipeline.process_with_spark scheduled__2025-08-18T11:24:00+00:00 [queued]>
[2025-08-18T11:27:05.979+0000] {taskinstance.py:1103} INFO - Dependencies all met for dep_context=requeueable deps ti=<TaskInstance: nitro_data_pipeline.process_with_spark scheduled__2025-08-18T11:24:00+00:00 [queued]>
[2025-08-18T11:27:05.981+0000] {taskinstance.py:1308} INFO - Starting attempt 1 of 1
[2025-08-18T11:27:06.154+0000] {taskinstance.py:1327} INFO - Executing <Task(PythonOperator): process_with_spark> on 2025-08-18 11:24:00+00:00
[2025-08-18T11:27:06.184+0000] {standard_task_runner.py:57} INFO - Started process 9859 to run task
[2025-08-18T11:27:06.192+0000] {standard_task_runner.py:84} INFO - Running: ['airflow', 'tasks', 'run', 'nitro_data_pipeline', 'process_with_spark', 'scheduled__2025-08-18T11:24:00+00:00', '--job-id', '296', '--raw', '--subdir', 'DAGS_FOLDER/data_pipeline.py', '--cfg-path', '/tmp/tmpx1gnam7b']
[2025-08-18T11:27:06.218+0000] {standard_task_runner.py:85} INFO - Job 296: Subtask process_with_spark
[2025-08-18T11:27:06.417+0000] {task_command.py:410} INFO - Running <TaskInstance: nitro_data_pipeline.process_with_spark scheduled__2025-08-18T11:24:00+00:00 [running]> on host e3730e5f69d2
[2025-08-18T11:27:07.109+0000] {taskinstance.py:1547} INFO - Exporting env vars: AIRFLOW_CTX_DAG_OWNER='airflow' AIRFLOW_CTX_DAG_ID='nitro_data_pipeline' AIRFLOW_CTX_TASK_ID='process_with_spark' AIRFLOW_CTX_EXECUTION_DATE='2025-08-18T11:24:00+00:00' AIRFLOW_CTX_TRY_NUMBER='1' AIRFLOW_CTX_DAG_RUN_ID='scheduled__2025-08-18T11:24:00+00:00'
[2025-08-18T11:27:07.113+0000] {logging_mixin.py:149} INFO - ===== INICIANDO PROCESO DE SPARK =====
[2025-08-18T11:27:44.367+0000] {logging_mixin.py:149} INFO - ===== LEYENDO JSON DESDE MINIO =====
[2025-08-18T11:31:31.718+0000] {logging_mixin.py:149} INFO - Registros leídos: 6507
[2025-08-18T11:31:31.822+0000] {logging_mixin.py:149} INFO - root
 |-- sensor_id: string (nullable = true)
 |-- timestamp: string (nullable = true)
 |-- value: double (nullable = true)
[2025-08-18T11:31:34.876+0000] {logging_mixin.py:149} INFO - +---------+--------------------+-----+
|sensor_id|           timestamp|value|
+---------+--------------------+-----+
| sensor_0|2025-08-16T21:31:...|25.44|
| sensor_3|2025-08-16T21:31:...|27.66|
| sensor_0|2025-08-16T21:31:...|24.79|
| sensor_0|2025-08-16T21:31:...|27.92|
| sensor_1|2025-08-16T21:31:...|23.75|
+---------+--------------------+-----+
only showing top 5 rows
[2025-08-18T11:31:35.344+0000] {logging_mixin.py:149} INFO - ===== CALCULANDO PROMEDIOS =====
[2025-08-18T11:32:12.761+0000] {logging_mixin.py:149} INFO - +---------+------------------+
|sensor_id|         avg_value|
+---------+------------------+
| sensor_0|24.985250000000004|
| sensor_1| 24.95334633385335|
| sensor_4|  24.9573313115997|
| sensor_2|25.096408839779006|
| sensor_3|25.070879199428166|
+---------+------------------+
[2025-08-18T11:32:12.764+0000] {logging_mixin.py:149} INFO - ===== GUARDANDO RESULTADOS EN POSTGRES =====
[2025-08-18T11:32:46.718+0000] {logging_mixin.py:149} INFO - ===== PROCESO COMPLETADO CON ÉXITO =====
[2025-08-18T11:32:46.719+0000] {python.py:183} INFO - Done. Returned value was: None
[2025-08-18T11:32:46.755+0000] {taskinstance.py:1350} INFO - Marking task as SUCCESS. dag_id=nitro_data_pipeline, task_id=process_with_spark, execution_date=20250818T112400, start_date=20250818T112705, end_date=20250818T113246
[2025-08-18T11:32:46.870+0000] {local_task_job_runner.py:225} INFO - Task exited with return code 0
[2025-08-18T11:32:46.946+0000] {taskinstance.py:2651} INFO - 0 downstream tasks scheduled from follow-on schedule check
