[2025-08-18T21:27:01.883+0000] {taskinstance.py:1103} INFO - Dependencies all met for dep_context=non-requeueable deps ti=<TaskInstance: nitro_data_pipeline.process_with_spark scheduled__2025-08-18T21:24:00+00:00 [queued]>
[2025-08-18T21:27:01.893+0000] {taskinstance.py:1103} INFO - Dependencies all met for dep_context=requeueable deps ti=<TaskInstance: nitro_data_pipeline.process_with_spark scheduled__2025-08-18T21:24:00+00:00 [queued]>
[2025-08-18T21:27:01.894+0000] {taskinstance.py:1308} INFO - Starting attempt 1 of 1
[2025-08-18T21:27:01.909+0000] {taskinstance.py:1327} INFO - Executing <Task(PythonOperator): process_with_spark> on 2025-08-18 21:24:00+00:00
[2025-08-18T21:27:01.915+0000] {standard_task_runner.py:57} INFO - Started process 3970 to run task
[2025-08-18T21:27:01.920+0000] {standard_task_runner.py:84} INFO - Running: ['airflow', 'tasks', 'run', 'nitro_data_pipeline', 'process_with_spark', 'scheduled__2025-08-18T21:24:00+00:00', '--job-id', '181', '--raw', '--subdir', 'DAGS_FOLDER/data_pipeline.py', '--cfg-path', '/tmp/tmpcn8dozjo']
[2025-08-18T21:27:01.923+0000] {standard_task_runner.py:85} INFO - Job 181: Subtask process_with_spark
[2025-08-18T21:27:01.994+0000] {task_command.py:410} INFO - Running <TaskInstance: nitro_data_pipeline.process_with_spark scheduled__2025-08-18T21:24:00+00:00 [running]> on host bd42b234d545
[2025-08-18T21:27:02.126+0000] {taskinstance.py:1547} INFO - Exporting env vars: AIRFLOW_CTX_DAG_OWNER='airflow' AIRFLOW_CTX_DAG_ID='nitro_data_pipeline' AIRFLOW_CTX_TASK_ID='process_with_spark' AIRFLOW_CTX_EXECUTION_DATE='2025-08-18T21:24:00+00:00' AIRFLOW_CTX_TRY_NUMBER='1' AIRFLOW_CTX_DAG_RUN_ID='scheduled__2025-08-18T21:24:00+00:00'
[2025-08-18T21:27:02.128+0000] {logging_mixin.py:149} INFO - ===== INICIANDO PROCESO DE SPARK =====
[2025-08-18T21:27:08.424+0000] {logging_mixin.py:149} INFO - ===== LEYENDO JSON DESDE MINIO =====
[2025-08-18T21:28:20.560+0000] {logging_mixin.py:149} INFO - Registros leídos: 7767
[2025-08-18T21:28:20.567+0000] {logging_mixin.py:149} INFO - root
 |-- sensor_id: string (nullable = true)
 |-- timestamp: string (nullable = true)
 |-- value: double (nullable = true)
[2025-08-18T21:28:21.124+0000] {logging_mixin.py:149} INFO - +---------+--------------------+-----+
|sensor_id|           timestamp|value|
+---------+--------------------+-----+
| sensor_1|2025-08-18T18:51:...|20.56|
| sensor_4|2025-08-18T18:51:...|25.16|
| sensor_0|2025-08-18T18:51:...|28.27|
| sensor_3|2025-08-18T18:50:...|27.02|
| sensor_3|2025-08-18T18:50:...|27.84|
+---------+--------------------+-----+
only showing top 5 rows
[2025-08-18T21:28:21.176+0000] {logging_mixin.py:149} INFO - ===== CALCULANDO PROMEDIOS =====
[2025-08-18T21:28:30.385+0000] {logging_mixin.py:149} INFO - +---------+------------------+
|sensor_id|         avg_value|
+---------+------------------+
| sensor_0| 24.91177121771218|
| sensor_1|24.981415701415703|
| sensor_4|24.922331125827807|
| sensor_2|24.983008672448292|
| sensor_3|25.044347275031694|
+---------+------------------+
[2025-08-18T21:28:30.385+0000] {logging_mixin.py:149} INFO - ===== GUARDANDO RESULTADOS EN POSTGRES =====
[2025-08-18T21:28:39.222+0000] {logging_mixin.py:149} INFO - ===== PROCESO COMPLETADO CON ÉXITO =====
[2025-08-18T21:28:39.223+0000] {python.py:183} INFO - Done. Returned value was: None
[2025-08-18T21:28:39.240+0000] {taskinstance.py:1350} INFO - Marking task as SUCCESS. dag_id=nitro_data_pipeline, task_id=process_with_spark, execution_date=20250818T212400, start_date=20250818T212701, end_date=20250818T212839
[2025-08-18T21:28:39.294+0000] {local_task_job_runner.py:225} INFO - Task exited with return code 0
[2025-08-18T21:28:39.325+0000] {taskinstance.py:2651} INFO - 0 downstream tasks scheduled from follow-on schedule check
