[2025-08-18T13:00:05.718+0000] {taskinstance.py:1103} INFO - Dependencies all met for dep_context=non-requeueable deps ti=<TaskInstance: nitro_data_pipeline.process_with_spark scheduled__2025-08-18T12:57:00+00:00 [queued]>
[2025-08-18T13:00:05.744+0000] {taskinstance.py:1103} INFO - Dependencies all met for dep_context=requeueable deps ti=<TaskInstance: nitro_data_pipeline.process_with_spark scheduled__2025-08-18T12:57:00+00:00 [queued]>
[2025-08-18T13:00:05.745+0000] {taskinstance.py:1308} INFO - Starting attempt 1 of 1
[2025-08-18T13:00:05.784+0000] {taskinstance.py:1327} INFO - Executing <Task(PythonOperator): process_with_spark> on 2025-08-18 12:57:00+00:00
[2025-08-18T13:00:05.813+0000] {standard_task_runner.py:57} INFO - Started process 34973 to run task
[2025-08-18T13:00:05.839+0000] {standard_task_runner.py:84} INFO - Running: ['airflow', 'tasks', 'run', 'nitro_data_pipeline', 'process_with_spark', 'scheduled__2025-08-18T12:57:00+00:00', '--job-id', '374', '--raw', '--subdir', 'DAGS_FOLDER/data_pipeline.py', '--cfg-path', '/tmp/tmpdm1at6zh']
[2025-08-18T13:00:05.853+0000] {standard_task_runner.py:85} INFO - Job 374: Subtask process_with_spark
[2025-08-18T13:00:06.102+0000] {task_command.py:410} INFO - Running <TaskInstance: nitro_data_pipeline.process_with_spark scheduled__2025-08-18T12:57:00+00:00 [running]> on host e3730e5f69d2
[2025-08-18T13:00:06.404+0000] {taskinstance.py:1547} INFO - Exporting env vars: AIRFLOW_CTX_DAG_OWNER='airflow' AIRFLOW_CTX_DAG_ID='nitro_data_pipeline' AIRFLOW_CTX_TASK_ID='process_with_spark' AIRFLOW_CTX_EXECUTION_DATE='2025-08-18T12:57:00+00:00' AIRFLOW_CTX_TRY_NUMBER='1' AIRFLOW_CTX_DAG_RUN_ID='scheduled__2025-08-18T12:57:00+00:00'
[2025-08-18T13:00:06.408+0000] {logging_mixin.py:149} INFO - ===== INICIANDO PROCESO DE SPARK =====
[2025-08-18T13:00:35.650+0000] {logging_mixin.py:149} INFO - ===== LEYENDO JSON DESDE MINIO =====
[2025-08-18T13:06:18.103+0000] {logging_mixin.py:149} INFO - Registros leídos: 9313
[2025-08-18T13:06:18.141+0000] {logging_mixin.py:149} INFO - root
 |-- sensor_id: string (nullable = true)
 |-- timestamp: string (nullable = true)
 |-- value: double (nullable = true)
[2025-08-18T13:06:20.249+0000] {logging_mixin.py:149} INFO - +---------+--------------------+-----+
|sensor_id|           timestamp|value|
+---------+--------------------+-----+
| sensor_0|2025-08-16T21:31:...|25.44|
| sensor_3|2025-08-16T21:31:...|27.66|
| sensor_0|2025-08-16T21:31:...|24.79|
| sensor_0|2025-08-16T21:31:...|27.92|
| sensor_1|2025-08-16T21:31:...|23.75|
+---------+--------------------+-----+
only showing top 5 rows
[2025-08-18T13:06:20.379+0000] {logging_mixin.py:149} INFO - ===== CALCULANDO PROMEDIOS =====
[2025-08-18T13:07:13.298+0000] {logging_mixin.py:149} INFO - +---------+------------------+
|sensor_id|         avg_value|
+---------+------------------+
| sensor_0|25.049727668845318|
| sensor_1|24.905598930481283|
| sensor_4|24.991291028446398|
| sensor_2| 25.07368304803976|
| sensor_3|25.126758130081303|
+---------+------------------+
[2025-08-18T13:07:13.313+0000] {logging_mixin.py:149} INFO - ===== GUARDANDO RESULTADOS EN POSTGRES =====
[2025-08-18T13:08:08.003+0000] {logging_mixin.py:149} INFO - ===== PROCESO COMPLETADO CON ÉXITO =====
[2025-08-18T13:08:08.006+0000] {python.py:183} INFO - Done. Returned value was: None
[2025-08-18T13:08:08.048+0000] {taskinstance.py:1350} INFO - Marking task as SUCCESS. dag_id=nitro_data_pipeline, task_id=process_with_spark, execution_date=20250818T125700, start_date=20250818T130005, end_date=20250818T130808
[2025-08-18T13:08:08.119+0000] {local_task_job_runner.py:225} INFO - Task exited with return code 0
[2025-08-18T13:08:08.185+0000] {taskinstance.py:2651} INFO - 0 downstream tasks scheduled from follow-on schedule check
