[2025-08-17T15:51:48.051+0000] {taskinstance.py:1103} INFO - Dependencies all met for dep_context=non-requeueable deps ti=<TaskInstance: nitro_data_pipeline.process_with_spark manual__2025-08-17T15:51:45+00:00 [queued]>
[2025-08-17T15:51:48.069+0000] {taskinstance.py:1103} INFO - Dependencies all met for dep_context=requeueable deps ti=<TaskInstance: nitro_data_pipeline.process_with_spark manual__2025-08-17T15:51:45+00:00 [queued]>
[2025-08-17T15:51:48.069+0000] {taskinstance.py:1308} INFO - Starting attempt 1 of 1
[2025-08-17T15:51:48.091+0000] {taskinstance.py:1327} INFO - Executing <Task(PythonOperator): process_with_spark> on 2025-08-17 15:51:45+00:00
[2025-08-17T15:51:48.099+0000] {standard_task_runner.py:57} INFO - Started process 4890 to run task
[2025-08-17T15:51:48.105+0000] {standard_task_runner.py:84} INFO - Running: ['airflow', 'tasks', 'run', 'nitro_data_pipeline', 'process_with_spark', 'manual__2025-08-17T15:51:45+00:00', '--job-id', '155', '--raw', '--subdir', 'DAGS_FOLDER/data_pipeline.py', '--cfg-path', '/tmp/tmp8hpjhx_3']
[2025-08-17T15:51:48.108+0000] {standard_task_runner.py:85} INFO - Job 155: Subtask process_with_spark
[2025-08-17T15:51:48.243+0000] {task_command.py:410} INFO - Running <TaskInstance: nitro_data_pipeline.process_with_spark manual__2025-08-17T15:51:45+00:00 [running]> on host 4860d8807aa2
[2025-08-17T15:51:48.370+0000] {taskinstance.py:1547} INFO - Exporting env vars: AIRFLOW_CTX_DAG_OWNER='airflow' AIRFLOW_CTX_DAG_ID='nitro_data_pipeline' AIRFLOW_CTX_TASK_ID='process_with_spark' AIRFLOW_CTX_EXECUTION_DATE='2025-08-17T15:51:45+00:00' AIRFLOW_CTX_TRY_NUMBER='1' AIRFLOW_CTX_DAG_RUN_ID='manual__2025-08-17T15:51:45+00:00'
[2025-08-17T15:51:48.371+0000] {logging_mixin.py:149} INFO - ===== INICIANDO PROCESO DE SPARK =====
[2025-08-17T15:51:57.753+0000] {logging_mixin.py:149} INFO - ===== LEYENDO JSON DESDE MINIO =====
[2025-08-17T15:52:31.080+0000] {logging_mixin.py:149} INFO - Registros leídos: 2178
[2025-08-17T15:52:31.092+0000] {logging_mixin.py:149} INFO - root
 |-- sensor_id: string (nullable = true)
 |-- timestamp: string (nullable = true)
 |-- value: double (nullable = true)
[2025-08-17T15:52:31.540+0000] {logging_mixin.py:149} INFO - +---------+--------------------+-----+
|sensor_id|           timestamp|value|
+---------+--------------------+-----+
| sensor_0|2025-08-16T21:31:...|25.44|
| sensor_3|2025-08-16T21:31:...|27.66|
| sensor_0|2025-08-16T21:31:...|24.79|
| sensor_0|2025-08-16T21:31:...|27.92|
| sensor_1|2025-08-16T21:31:...|23.75|
+---------+--------------------+-----+
only showing top 5 rows
[2025-08-17T15:52:31.617+0000] {logging_mixin.py:149} INFO - ===== CALCULANDO PROMEDIOS =====
[2025-08-17T15:52:35.621+0000] {logging_mixin.py:149} INFO - +---------+------------------+
|sensor_id|         avg_value|
+---------+------------------+
| sensor_0| 25.00426799007445|
| sensor_1| 25.06004705882352|
| sensor_4|25.033378684807246|
| sensor_2| 25.20453333333333|
| sensor_3| 24.92132897603486|
+---------+------------------+
[2025-08-17T15:52:35.622+0000] {logging_mixin.py:149} INFO - ===== GUARDANDO RESULTADOS EN POSTGRES =====
[2025-08-17T15:52:39.100+0000] {logging_mixin.py:149} INFO - ===== PROCESO COMPLETADO CON ÉXITO =====
[2025-08-17T15:52:39.101+0000] {python.py:183} INFO - Done. Returned value was: None
[2025-08-17T15:52:39.133+0000] {taskinstance.py:1350} INFO - Marking task as SUCCESS. dag_id=nitro_data_pipeline, task_id=process_with_spark, execution_date=20250817T155145, start_date=20250817T155148, end_date=20250817T155239
[2025-08-17T15:52:39.184+0000] {local_task_job_runner.py:225} INFO - Task exited with return code 0
[2025-08-17T15:52:39.212+0000] {taskinstance.py:2651} INFO - 0 downstream tasks scheduled from follow-on schedule check
