[2025-08-18T17:18:01.638+0000] {taskinstance.py:1103} INFO - Dependencies all met for dep_context=non-requeueable deps ti=<TaskInstance: nitro_data_pipeline.process_with_spark scheduled__2025-08-18T17:15:00+00:00 [queued]>
[2025-08-18T17:18:01.653+0000] {taskinstance.py:1103} INFO - Dependencies all met for dep_context=requeueable deps ti=<TaskInstance: nitro_data_pipeline.process_with_spark scheduled__2025-08-18T17:15:00+00:00 [queued]>
[2025-08-18T17:18:01.654+0000] {taskinstance.py:1308} INFO - Starting attempt 1 of 1
[2025-08-18T17:18:01.675+0000] {taskinstance.py:1327} INFO - Executing <Task(PythonOperator): process_with_spark> on 2025-08-18 17:15:00+00:00
[2025-08-18T17:18:01.682+0000] {standard_task_runner.py:57} INFO - Started process 4831 to run task
[2025-08-18T17:18:01.687+0000] {standard_task_runner.py:84} INFO - Running: ['airflow', 'tasks', 'run', 'nitro_data_pipeline', 'process_with_spark', 'scheduled__2025-08-18T17:15:00+00:00', '--job-id', '20', '--raw', '--subdir', 'DAGS_FOLDER/data_pipeline.py', '--cfg-path', '/tmp/tmp1i3zdm2p']
[2025-08-18T17:18:01.690+0000] {standard_task_runner.py:85} INFO - Job 20: Subtask process_with_spark
[2025-08-18T17:18:01.760+0000] {task_command.py:410} INFO - Running <TaskInstance: nitro_data_pipeline.process_with_spark scheduled__2025-08-18T17:15:00+00:00 [running]> on host 8ed7b3a2822e
[2025-08-18T17:18:01.898+0000] {taskinstance.py:1547} INFO - Exporting env vars: AIRFLOW_CTX_DAG_OWNER='airflow' AIRFLOW_CTX_DAG_ID='nitro_data_pipeline' AIRFLOW_CTX_TASK_ID='process_with_spark' AIRFLOW_CTX_EXECUTION_DATE='2025-08-18T17:15:00+00:00' AIRFLOW_CTX_TRY_NUMBER='1' AIRFLOW_CTX_DAG_RUN_ID='scheduled__2025-08-18T17:15:00+00:00'
[2025-08-18T17:18:01.899+0000] {logging_mixin.py:149} INFO - ===== INICIANDO PROCESO DE SPARK =====
[2025-08-18T17:18:09.409+0000] {logging_mixin.py:149} INFO - ===== LEYENDO JSON DESDE MINIO =====
[2025-08-18T17:18:30.278+0000] {logging_mixin.py:149} INFO - Registros leídos: 855
[2025-08-18T17:18:30.285+0000] {logging_mixin.py:149} INFO - root
 |-- sensor_id: string (nullable = true)
 |-- timestamp: string (nullable = true)
 |-- value: double (nullable = true)
[2025-08-18T17:18:30.616+0000] {logging_mixin.py:149} INFO - +---------+--------------------+-----+
|sensor_id|           timestamp|value|
+---------+--------------------+-----+
| sensor_1|2025-08-18T18:51:...|20.56|
| sensor_4|2025-08-18T18:51:...|25.16|
| sensor_0|2025-08-18T18:51:...|28.27|
| sensor_3|2025-08-18T18:50:...|27.02|
| sensor_3|2025-08-18T18:50:...|27.84|
+---------+--------------------+-----+
only showing top 5 rows
[2025-08-18T17:18:30.680+0000] {logging_mixin.py:149} INFO - ===== CALCULANDO PROMEDIOS =====
[2025-08-18T17:18:33.095+0000] {logging_mixin.py:149} INFO - +---------+------------------+
|sensor_id|         avg_value|
+---------+------------------+
| sensor_0| 24.86588541666667|
| sensor_1|24.660689655172416|
| sensor_4|25.048479532163746|
| sensor_2| 25.23993710691824|
| sensor_3| 25.12106382978724|
+---------+------------------+
[2025-08-18T17:18:33.095+0000] {logging_mixin.py:149} INFO - ===== GUARDANDO RESULTADOS EN POSTGRES =====
[2025-08-18T17:18:35.366+0000] {logging_mixin.py:149} INFO - ===== PROCESO COMPLETADO CON ÉXITO =====
[2025-08-18T17:18:35.367+0000] {python.py:183} INFO - Done. Returned value was: None
[2025-08-18T17:18:35.385+0000] {taskinstance.py:1350} INFO - Marking task as SUCCESS. dag_id=nitro_data_pipeline, task_id=process_with_spark, execution_date=20250818T171500, start_date=20250818T171801, end_date=20250818T171835
[2025-08-18T17:18:35.452+0000] {local_task_job_runner.py:225} INFO - Task exited with return code 0
[2025-08-18T17:18:35.498+0000] {taskinstance.py:2651} INFO - 0 downstream tasks scheduled from follow-on schedule check
