[2025-08-17T16:12:39.692+0000] {taskinstance.py:1103} INFO - Dependencies all met for dep_context=non-requeueable deps ti=<TaskInstance: nitro_data_pipeline.process_with_spark manual__2025-08-17T16:12:34+00:00 [queued]>
[2025-08-17T16:12:39.762+0000] {taskinstance.py:1103} INFO - Dependencies all met for dep_context=requeueable deps ti=<TaskInstance: nitro_data_pipeline.process_with_spark manual__2025-08-17T16:12:34+00:00 [queued]>
[2025-08-17T16:12:39.763+0000] {taskinstance.py:1308} INFO - Starting attempt 1 of 1
[2025-08-17T16:12:39.861+0000] {taskinstance.py:1327} INFO - Executing <Task(PythonOperator): process_with_spark> on 2025-08-17 16:12:34+00:00
[2025-08-17T16:12:39.887+0000] {standard_task_runner.py:57} INFO - Started process 10019 to run task
[2025-08-17T16:12:39.904+0000] {standard_task_runner.py:84} INFO - Running: ['airflow', 'tasks', 'run', 'nitro_data_pipeline', 'process_with_spark', 'manual__2025-08-17T16:12:34+00:00', '--job-id', '167', '--raw', '--subdir', 'DAGS_FOLDER/data_pipeline.py', '--cfg-path', '/tmp/tmp6diayyji']
[2025-08-17T16:12:39.908+0000] {standard_task_runner.py:85} INFO - Job 167: Subtask process_with_spark
[2025-08-17T16:12:40.166+0000] {task_command.py:410} INFO - Running <TaskInstance: nitro_data_pipeline.process_with_spark manual__2025-08-17T16:12:34+00:00 [running]> on host 4860d8807aa2
[2025-08-17T16:12:40.695+0000] {taskinstance.py:1547} INFO - Exporting env vars: AIRFLOW_CTX_DAG_OWNER='airflow' AIRFLOW_CTX_DAG_ID='nitro_data_pipeline' AIRFLOW_CTX_TASK_ID='process_with_spark' AIRFLOW_CTX_EXECUTION_DATE='2025-08-17T16:12:34+00:00' AIRFLOW_CTX_TRY_NUMBER='1' AIRFLOW_CTX_DAG_RUN_ID='manual__2025-08-17T16:12:34+00:00'
[2025-08-17T16:12:40.701+0000] {logging_mixin.py:149} INFO - ===== INICIANDO PROCESO DE SPARK =====
[2025-08-17T16:13:14.870+0000] {logging_mixin.py:149} INFO - ===== LEYENDO JSON DESDE MINIO =====
[2025-08-17T16:14:44.960+0000] {logging_mixin.py:149} INFO - Registros leídos: 2817
[2025-08-17T16:14:44.969+0000] {logging_mixin.py:149} INFO - root
 |-- sensor_id: string (nullable = true)
 |-- timestamp: string (nullable = true)
 |-- value: double (nullable = true)
[2025-08-17T16:14:45.382+0000] {logging_mixin.py:149} INFO - +---------+--------------------+-----+
|sensor_id|           timestamp|value|
+---------+--------------------+-----+
| sensor_0|2025-08-16T21:31:...|25.44|
| sensor_3|2025-08-16T21:31:...|27.66|
| sensor_0|2025-08-16T21:31:...|24.79|
| sensor_0|2025-08-16T21:31:...|27.92|
| sensor_1|2025-08-16T21:31:...|23.75|
+---------+--------------------+-----+
only showing top 5 rows
[2025-08-17T16:14:45.441+0000] {logging_mixin.py:149} INFO - ===== CALCULANDO PROMEDIOS =====
[2025-08-17T16:14:52.102+0000] {logging_mixin.py:149} INFO - +---------+------------------+
|sensor_id|         avg_value|
+---------+------------------+
| sensor_0|24.984953271028044|
| sensor_1| 25.07225274725274|
| sensor_4| 24.90110535405871|
| sensor_2|25.113101604278082|
| sensor_3|24.967600671140946|
+---------+------------------+
[2025-08-17T16:14:52.103+0000] {logging_mixin.py:149} INFO - ===== GUARDANDO RESULTADOS EN POSTGRES =====
[2025-08-17T16:14:56.453+0000] {logging_mixin.py:149} INFO - ===== PROCESO COMPLETADO CON ÉXITO =====
[2025-08-17T16:14:56.453+0000] {python.py:183} INFO - Done. Returned value was: None
[2025-08-17T16:14:56.488+0000] {taskinstance.py:1350} INFO - Marking task as SUCCESS. dag_id=nitro_data_pipeline, task_id=process_with_spark, execution_date=20250817T161234, start_date=20250817T161239, end_date=20250817T161456
[2025-08-17T16:14:56.546+0000] {local_task_job_runner.py:225} INFO - Task exited with return code 0
[2025-08-17T16:14:56.584+0000] {taskinstance.py:2651} INFO - 0 downstream tasks scheduled from follow-on schedule check
