[2025-08-19T09:39:01.899+0000] {taskinstance.py:1103} INFO - Dependencies all met for dep_context=non-requeueable deps ti=<TaskInstance: nitro_data_pipeline.process_with_spark scheduled__2025-08-19T09:36:00+00:00 [queued]>
[2025-08-19T09:39:01.910+0000] {taskinstance.py:1103} INFO - Dependencies all met for dep_context=requeueable deps ti=<TaskInstance: nitro_data_pipeline.process_with_spark scheduled__2025-08-19T09:36:00+00:00 [queued]>
[2025-08-19T09:39:01.911+0000] {taskinstance.py:1308} INFO - Starting attempt 1 of 1
[2025-08-19T09:39:01.927+0000] {taskinstance.py:1327} INFO - Executing <Task(PythonOperator): process_with_spark> on 2025-08-19 09:36:00+00:00
[2025-08-19T09:39:01.932+0000] {standard_task_runner.py:57} INFO - Started process 2456 to run task
[2025-08-19T09:39:01.937+0000] {standard_task_runner.py:84} INFO - Running: ['airflow', 'tasks', 'run', 'nitro_data_pipeline', 'process_with_spark', 'scheduled__2025-08-19T09:36:00+00:00', '--job-id', '206', '--raw', '--subdir', 'DAGS_FOLDER/data_pipeline.py', '--cfg-path', '/tmp/tmpz_tggwl0']
[2025-08-19T09:39:01.940+0000] {standard_task_runner.py:85} INFO - Job 206: Subtask process_with_spark
[2025-08-19T09:39:01.998+0000] {task_command.py:410} INFO - Running <TaskInstance: nitro_data_pipeline.process_with_spark scheduled__2025-08-19T09:36:00+00:00 [running]> on host 83c8e0db1ac2
[2025-08-19T09:39:02.117+0000] {taskinstance.py:1547} INFO - Exporting env vars: AIRFLOW_CTX_DAG_OWNER='airflow' AIRFLOW_CTX_DAG_ID='nitro_data_pipeline' AIRFLOW_CTX_TASK_ID='process_with_spark' AIRFLOW_CTX_EXECUTION_DATE='2025-08-19T09:36:00+00:00' AIRFLOW_CTX_TRY_NUMBER='1' AIRFLOW_CTX_DAG_RUN_ID='scheduled__2025-08-19T09:36:00+00:00'
[2025-08-19T09:39:02.118+0000] {logging_mixin.py:149} INFO - ===== INICIANDO PROCESO DE SPARK =====
[2025-08-19T09:39:09.059+0000] {logging_mixin.py:149} INFO - ===== LEYENDO JSON DESDE MINIO =====
[2025-08-19T09:40:40.230+0000] {logging_mixin.py:149} INFO - Registros leídos: 8714
[2025-08-19T09:40:40.240+0000] {logging_mixin.py:149} INFO - root
 |-- sensor_id: string (nullable = true)
 |-- timestamp: string (nullable = true)
 |-- value: double (nullable = true)
[2025-08-19T09:40:40.835+0000] {logging_mixin.py:149} INFO - +---------+--------------------+-----+
|sensor_id|           timestamp|value|
+---------+--------------------+-----+
| sensor_1|2025-08-18T18:51:...|20.56|
| sensor_4|2025-08-18T18:51:...|25.16|
| sensor_0|2025-08-18T18:51:...|28.27|
| sensor_3|2025-08-18T18:50:...|27.02|
| sensor_3|2025-08-18T18:50:...|27.84|
+---------+--------------------+-----+
only showing top 5 rows
[2025-08-19T09:40:40.895+0000] {logging_mixin.py:149} INFO - ===== CALCULANDO PROMEDIOS =====
[2025-08-19T09:40:53.483+0000] {logging_mixin.py:149} INFO - +---------+------------------+
|sensor_id|         avg_value|
+---------+------------------+
| sensor_0|24.925731375747688|
| sensor_1|24.976937354988397|
| sensor_4| 24.89592920353983|
| sensor_2|25.035071090047392|
| sensor_3|25.057398190045273|
+---------+------------------+
[2025-08-19T09:40:53.484+0000] {logging_mixin.py:149} INFO - ===== GUARDANDO RESULTADOS EN POSTGRES =====
[2025-08-19T09:41:03.961+0000] {logging_mixin.py:149} INFO - ===== PROCESO COMPLETADO CON ÉXITO =====
[2025-08-19T09:41:03.961+0000] {python.py:183} INFO - Done. Returned value was: None
[2025-08-19T09:41:03.981+0000] {taskinstance.py:1350} INFO - Marking task as SUCCESS. dag_id=nitro_data_pipeline, task_id=process_with_spark, execution_date=20250819T093600, start_date=20250819T093901, end_date=20250819T094103
[2025-08-19T09:41:04.042+0000] {local_task_job_runner.py:225} INFO - Task exited with return code 0
[2025-08-19T09:41:04.076+0000] {taskinstance.py:2651} INFO - 0 downstream tasks scheduled from follow-on schedule check
