[2025-08-18T18:21:01.513+0000] {taskinstance.py:1103} INFO - Dependencies all met for dep_context=non-requeueable deps ti=<TaskInstance: nitro_data_pipeline.process_with_spark scheduled__2025-08-18T18:18:00+00:00 [queued]>
[2025-08-18T18:21:01.528+0000] {taskinstance.py:1103} INFO - Dependencies all met for dep_context=requeueable deps ti=<TaskInstance: nitro_data_pipeline.process_with_spark scheduled__2025-08-18T18:18:00+00:00 [queued]>
[2025-08-18T18:21:01.528+0000] {taskinstance.py:1308} INFO - Starting attempt 1 of 1
[2025-08-18T18:21:01.549+0000] {taskinstance.py:1327} INFO - Executing <Task(PythonOperator): process_with_spark> on 2025-08-18 18:18:00+00:00
[2025-08-18T18:21:01.559+0000] {standard_task_runner.py:57} INFO - Started process 16389 to run task
[2025-08-18T18:21:01.565+0000] {standard_task_runner.py:84} INFO - Running: ['airflow', 'tasks', 'run', 'nitro_data_pipeline', 'process_with_spark', 'scheduled__2025-08-18T18:18:00+00:00', '--job-id', '62', '--raw', '--subdir', 'DAGS_FOLDER/data_pipeline.py', '--cfg-path', '/tmp/tmpct95tmhk']
[2025-08-18T18:21:01.569+0000] {standard_task_runner.py:85} INFO - Job 62: Subtask process_with_spark
[2025-08-18T18:21:01.659+0000] {task_command.py:410} INFO - Running <TaskInstance: nitro_data_pipeline.process_with_spark scheduled__2025-08-18T18:18:00+00:00 [running]> on host 8ed7b3a2822e
[2025-08-18T18:21:01.796+0000] {taskinstance.py:1547} INFO - Exporting env vars: AIRFLOW_CTX_DAG_OWNER='airflow' AIRFLOW_CTX_DAG_ID='nitro_data_pipeline' AIRFLOW_CTX_TASK_ID='process_with_spark' AIRFLOW_CTX_EXECUTION_DATE='2025-08-18T18:18:00+00:00' AIRFLOW_CTX_TRY_NUMBER='1' AIRFLOW_CTX_DAG_RUN_ID='scheduled__2025-08-18T18:18:00+00:00'
[2025-08-18T18:21:01.798+0000] {logging_mixin.py:149} INFO - ===== INICIANDO PROCESO DE SPARK =====
[2025-08-18T18:21:12.003+0000] {logging_mixin.py:149} INFO - ===== LEYENDO JSON DESDE MINIO =====
[2025-08-18T18:22:02.219+0000] {logging_mixin.py:149} INFO - Registros leídos: 2782
[2025-08-18T18:22:02.229+0000] {logging_mixin.py:149} INFO - root
 |-- sensor_id: string (nullable = true)
 |-- timestamp: string (nullable = true)
 |-- value: double (nullable = true)
[2025-08-18T18:22:03.080+0000] {logging_mixin.py:149} INFO - +---------+--------------------+-----+
|sensor_id|           timestamp|value|
+---------+--------------------+-----+
| sensor_1|2025-08-18T18:51:...|20.56|
| sensor_4|2025-08-18T18:51:...|25.16|
| sensor_0|2025-08-18T18:51:...|28.27|
| sensor_3|2025-08-18T18:50:...|27.02|
| sensor_3|2025-08-18T18:50:...|27.84|
+---------+--------------------+-----+
only showing top 5 rows
[2025-08-18T18:22:03.238+0000] {logging_mixin.py:149} INFO - ===== CALCULANDO PROMEDIOS =====
[2025-08-18T18:22:10.527+0000] {logging_mixin.py:149} INFO - +---------+------------------+
|sensor_id|         avg_value|
+---------+------------------+
| sensor_0|  24.9213322368421|
| sensor_1| 24.77862549800796|
| sensor_4|25.006143667296783|
| sensor_2|25.050600375234517|
| sensor_3| 25.03132786885246|
+---------+------------------+
[2025-08-18T18:22:10.528+0000] {logging_mixin.py:149} INFO - ===== GUARDANDO RESULTADOS EN POSTGRES =====
[2025-08-18T18:22:16.432+0000] {logging_mixin.py:149} INFO - ===== PROCESO COMPLETADO CON ÉXITO =====
[2025-08-18T18:22:16.433+0000] {python.py:183} INFO - Done. Returned value was: None
[2025-08-18T18:22:16.457+0000] {taskinstance.py:1350} INFO - Marking task as SUCCESS. dag_id=nitro_data_pipeline, task_id=process_with_spark, execution_date=20250818T181800, start_date=20250818T182101, end_date=20250818T182216
[2025-08-18T18:22:16.507+0000] {local_task_job_runner.py:225} INFO - Task exited with return code 0
[2025-08-18T18:22:16.534+0000] {taskinstance.py:2651} INFO - 0 downstream tasks scheduled from follow-on schedule check
