[2025-08-19T10:27:02.250+0000] {taskinstance.py:1103} INFO - Dependencies all met for dep_context=non-requeueable deps ti=<TaskInstance: nitro_data_pipeline.process_with_spark scheduled__2025-08-19T10:24:00+00:00 [queued]>
[2025-08-19T10:27:02.269+0000] {taskinstance.py:1103} INFO - Dependencies all met for dep_context=requeueable deps ti=<TaskInstance: nitro_data_pipeline.process_with_spark scheduled__2025-08-19T10:24:00+00:00 [queued]>
[2025-08-19T10:27:02.269+0000] {taskinstance.py:1308} INFO - Starting attempt 1 of 1
[2025-08-19T10:27:02.298+0000] {taskinstance.py:1327} INFO - Executing <Task(PythonOperator): process_with_spark> on 2025-08-19 10:24:00+00:00
[2025-08-19T10:27:02.305+0000] {standard_task_runner.py:57} INFO - Started process 5652 to run task
[2025-08-19T10:27:02.310+0000] {standard_task_runner.py:84} INFO - Running: ['airflow', 'tasks', 'run', 'nitro_data_pipeline', 'process_with_spark', 'scheduled__2025-08-19T10:24:00+00:00', '--job-id', '232', '--raw', '--subdir', 'DAGS_FOLDER/data_pipeline.py', '--cfg-path', '/tmp/tmppgwwc_ms']
[2025-08-19T10:27:02.314+0000] {standard_task_runner.py:85} INFO - Job 232: Subtask process_with_spark
[2025-08-19T10:27:02.397+0000] {task_command.py:410} INFO - Running <TaskInstance: nitro_data_pipeline.process_with_spark scheduled__2025-08-19T10:24:00+00:00 [running]> on host 0582fa07e867
[2025-08-19T10:27:02.552+0000] {taskinstance.py:1547} INFO - Exporting env vars: AIRFLOW_CTX_DAG_OWNER='airflow' AIRFLOW_CTX_DAG_ID='nitro_data_pipeline' AIRFLOW_CTX_TASK_ID='process_with_spark' AIRFLOW_CTX_EXECUTION_DATE='2025-08-19T10:24:00+00:00' AIRFLOW_CTX_TRY_NUMBER='1' AIRFLOW_CTX_DAG_RUN_ID='scheduled__2025-08-19T10:24:00+00:00'
[2025-08-19T10:27:02.554+0000] {logging_mixin.py:149} INFO - ===== INICIANDO PROCESO DE SPARK =====
[2025-08-19T10:27:09.601+0000] {logging_mixin.py:149} INFO - ===== LEYENDO JSON DESDE MINIO =====
[2025-08-19T10:28:52.132+0000] {logging_mixin.py:149} INFO - Registros leídos: 9669
[2025-08-19T10:28:52.156+0000] {logging_mixin.py:149} INFO - root
 |-- sensor_id: string (nullable = true)
 |-- timestamp: string (nullable = true)
 |-- value: double (nullable = true)
[2025-08-19T10:28:53.128+0000] {logging_mixin.py:149} INFO - +---------+--------------------+-----+
|sensor_id|           timestamp|value|
+---------+--------------------+-----+
| sensor_1|2025-08-18T18:51:...|20.56|
| sensor_4|2025-08-18T18:51:...|25.16|
| sensor_0|2025-08-18T18:51:...|28.27|
| sensor_3|2025-08-18T18:50:...|27.02|
| sensor_3|2025-08-18T18:50:...|27.84|
+---------+--------------------+-----+
only showing top 5 rows
[2025-08-19T10:28:53.219+0000] {logging_mixin.py:149} INFO - ===== CALCULANDO PROMEDIOS =====
[2025-08-19T10:29:09.397+0000] {logging_mixin.py:149} INFO - +---------+------------------+
|sensor_id|         avg_value|
+---------+------------------+
| sensor_0| 24.92097933070866|
| sensor_1|25.002750910036397|
| sensor_4| 24.92536247334753|
| sensor_2|25.041359275053296|
| sensor_3| 25.07066258919472|
+---------+------------------+
[2025-08-19T10:29:09.397+0000] {logging_mixin.py:149} INFO - ===== GUARDANDO RESULTADOS EN POSTGRES =====
[2025-08-19T10:29:22.720+0000] {logging_mixin.py:149} INFO - ===== PROCESO COMPLETADO CON ÉXITO =====
[2025-08-19T10:29:22.721+0000] {python.py:183} INFO - Done. Returned value was: None
[2025-08-19T10:29:22.737+0000] {taskinstance.py:1350} INFO - Marking task as SUCCESS. dag_id=nitro_data_pipeline, task_id=process_with_spark, execution_date=20250819T102400, start_date=20250819T102702, end_date=20250819T102922
[2025-08-19T10:29:22.776+0000] {local_task_job_runner.py:225} INFO - Task exited with return code 0
[2025-08-19T10:29:22.817+0000] {taskinstance.py:2651} INFO - 0 downstream tasks scheduled from follow-on schedule check
