[2025-08-18T12:33:07.452+0000] {taskinstance.py:1103} INFO - Dependencies all met for dep_context=non-requeueable deps ti=<TaskInstance: nitro_data_pipeline.process_with_spark scheduled__2025-08-18T12:30:00+00:00 [queued]>
[2025-08-18T12:33:07.576+0000] {taskinstance.py:1103} INFO - Dependencies all met for dep_context=requeueable deps ti=<TaskInstance: nitro_data_pipeline.process_with_spark scheduled__2025-08-18T12:30:00+00:00 [queued]>
[2025-08-18T12:33:07.592+0000] {taskinstance.py:1308} INFO - Starting attempt 1 of 1
[2025-08-18T12:33:07.681+0000] {taskinstance.py:1327} INFO - Executing <Task(PythonOperator): process_with_spark> on 2025-08-18 12:30:00+00:00
[2025-08-18T12:33:07.715+0000] {standard_task_runner.py:57} INFO - Started process 28364 to run task
[2025-08-18T12:33:07.758+0000] {standard_task_runner.py:84} INFO - Running: ['airflow', 'tasks', 'run', 'nitro_data_pipeline', 'process_with_spark', 'scheduled__2025-08-18T12:30:00+00:00', '--job-id', '353', '--raw', '--subdir', 'DAGS_FOLDER/data_pipeline.py', '--cfg-path', '/tmp/tmp69ne5gdf']
[2025-08-18T12:33:07.766+0000] {standard_task_runner.py:85} INFO - Job 353: Subtask process_with_spark
[2025-08-18T12:33:08.368+0000] {task_command.py:410} INFO - Running <TaskInstance: nitro_data_pipeline.process_with_spark scheduled__2025-08-18T12:30:00+00:00 [running]> on host e3730e5f69d2
[2025-08-18T12:33:09.598+0000] {taskinstance.py:1547} INFO - Exporting env vars: AIRFLOW_CTX_DAG_OWNER='airflow' AIRFLOW_CTX_DAG_ID='nitro_data_pipeline' AIRFLOW_CTX_TASK_ID='process_with_spark' AIRFLOW_CTX_EXECUTION_DATE='2025-08-18T12:30:00+00:00' AIRFLOW_CTX_TRY_NUMBER='1' AIRFLOW_CTX_DAG_RUN_ID='scheduled__2025-08-18T12:30:00+00:00'
[2025-08-18T12:33:09.606+0000] {logging_mixin.py:149} INFO - ===== INICIANDO PROCESO DE SPARK =====
[2025-08-18T12:34:22.483+0000] {logging_mixin.py:149} INFO - ===== LEYENDO JSON DESDE MINIO =====
[2025-08-18T12:42:01.718+0000] {logging_mixin.py:149} INFO - Registros leídos: 8548
[2025-08-18T12:42:01.811+0000] {logging_mixin.py:149} INFO - root
 |-- sensor_id: string (nullable = true)
 |-- timestamp: string (nullable = true)
 |-- value: double (nullable = true)
[2025-08-18T12:42:06.252+0000] {logging_mixin.py:149} INFO - +---------+--------------------+-----+
|sensor_id|           timestamp|value|
+---------+--------------------+-----+
| sensor_0|2025-08-16T21:31:...|25.44|
| sensor_3|2025-08-16T21:31:...|27.66|
| sensor_0|2025-08-16T21:31:...|24.79|
| sensor_0|2025-08-16T21:31:...|27.92|
| sensor_1|2025-08-16T21:31:...|23.75|
+---------+--------------------+-----+
only showing top 5 rows
[2025-08-18T12:42:06.634+0000] {logging_mixin.py:149} INFO - ===== CALCULANDO PROMEDIOS =====
[2025-08-18T12:43:05.324+0000] {logging_mixin.py:149} INFO - +---------+------------------+
|sensor_id|         avg_value|
+---------+------------------+
| sensor_0|25.039339285714288|
| sensor_1| 24.94851722124926|
| sensor_4|24.997624407582936|
| sensor_2| 25.07775362318841|
| sensor_3| 25.08292655991165|
+---------+------------------+
[2025-08-18T12:43:05.344+0000] {logging_mixin.py:149} INFO - ===== GUARDANDO RESULTADOS EN POSTGRES =====
[2025-08-18T12:45:13.955+0000] {job.py:216} ERROR - Job heartbeat got an exception
Traceback (most recent call last):
  File "/home/airflow/.local/lib/python3.7/site-packages/sqlalchemy/engine/base.py", line 3366, in _wrap_pool_connect
    return fn()
  File "/home/airflow/.local/lib/python3.7/site-packages/sqlalchemy/pool/base.py", line 327, in connect
    return _ConnectionFairy._checkout(self)
  File "/home/airflow/.local/lib/python3.7/site-packages/sqlalchemy/pool/base.py", line 894, in _checkout
    fairy = _ConnectionRecord.checkout(pool)
  File "/home/airflow/.local/lib/python3.7/site-packages/sqlalchemy/pool/base.py", line 493, in checkout
    rec = pool._do_get()
  File "/home/airflow/.local/lib/python3.7/site-packages/sqlalchemy/pool/impl.py", line 256, in _do_get
    return self._create_connection()
  File "/home/airflow/.local/lib/python3.7/site-packages/sqlalchemy/pool/base.py", line 273, in _create_connection
    return _ConnectionRecord(self)
  File "/home/airflow/.local/lib/python3.7/site-packages/sqlalchemy/pool/base.py", line 388, in __init__
    self.__connect()
  File "/home/airflow/.local/lib/python3.7/site-packages/sqlalchemy/pool/base.py", line 691, in __connect
    pool.logger.debug("Error on connect(): %s", e)
  File "/home/airflow/.local/lib/python3.7/site-packages/sqlalchemy/util/langhelpers.py", line 72, in __exit__
    with_traceback=exc_tb,
  File "/home/airflow/.local/lib/python3.7/site-packages/sqlalchemy/util/compat.py", line 211, in raise_
    raise exception
  File "/home/airflow/.local/lib/python3.7/site-packages/sqlalchemy/pool/base.py", line 686, in __connect
    self.dbapi_connection = connection = pool._invoke_creator(self)
  File "/home/airflow/.local/lib/python3.7/site-packages/sqlalchemy/engine/create.py", line 574, in connect
    return dialect.connect(*cargs, **cparams)
  File "/home/airflow/.local/lib/python3.7/site-packages/sqlalchemy/engine/default.py", line 598, in connect
    return self.dbapi.connect(*cargs, **cparams)
  File "/home/airflow/.local/lib/python3.7/site-packages/psycopg2/__init__.py", line 122, in connect
    conn = _connect(dsn, connection_factory=connection_factory, **kwasync)
psycopg2.OperationalError: could not translate host name "postgres" to address: Temporary failure in name resolution


The above exception was the direct cause of the following exception:

Traceback (most recent call last):
  File "/home/airflow/.local/lib/python3.7/site-packages/airflow/jobs/job.py", line 187, in heartbeat
    session.merge(self)
  File "/home/airflow/.local/lib/python3.7/site-packages/sqlalchemy/orm/session.py", line 3062, in merge
    _resolve_conflict_map=_resolve_conflict_map,
  File "/home/airflow/.local/lib/python3.7/site-packages/sqlalchemy/orm/session.py", line 3140, in _merge
    options=options,
  File "/home/airflow/.local/lib/python3.7/site-packages/sqlalchemy/orm/session.py", line 2861, in get
    execution_options=execution_options,
  File "/home/airflow/.local/lib/python3.7/site-packages/sqlalchemy/orm/session.py", line 2979, in _get_impl
    load_options=load_options,
  File "/home/airflow/.local/lib/python3.7/site-packages/sqlalchemy/orm/loading.py", line 534, in load_on_pk_identity
    bind_arguments=bind_arguments,
  File "/home/airflow/.local/lib/python3.7/site-packages/sqlalchemy/orm/session.py", line 1716, in execute
    conn = self._connection_for_bind(bind)
  File "/home/airflow/.local/lib/python3.7/site-packages/sqlalchemy/orm/session.py", line 1556, in _connection_for_bind
    engine, execution_options
  File "/home/airflow/.local/lib/python3.7/site-packages/sqlalchemy/orm/session.py", line 750, in _connection_for_bind
    conn = bind.connect()
  File "/home/airflow/.local/lib/python3.7/site-packages/sqlalchemy/engine/base.py", line 3320, in connect
    return self._connection_cls(self, close_with_result=close_with_result)
  File "/home/airflow/.local/lib/python3.7/site-packages/sqlalchemy/engine/base.py", line 96, in __init__
    else engine.raw_connection()
  File "/home/airflow/.local/lib/python3.7/site-packages/sqlalchemy/engine/base.py", line 3399, in raw_connection
    return self._wrap_pool_connect(self.pool.connect, _connection)
  File "/home/airflow/.local/lib/python3.7/site-packages/sqlalchemy/engine/base.py", line 3370, in _wrap_pool_connect
    e, dialect, self
  File "/home/airflow/.local/lib/python3.7/site-packages/sqlalchemy/engine/base.py", line 2204, in _handle_dbapi_exception_noconnection
    sqlalchemy_exception, with_traceback=exc_info[2], from_=e
  File "/home/airflow/.local/lib/python3.7/site-packages/sqlalchemy/util/compat.py", line 211, in raise_
    raise exception
  File "/home/airflow/.local/lib/python3.7/site-packages/sqlalchemy/engine/base.py", line 3366, in _wrap_pool_connect
    return fn()
  File "/home/airflow/.local/lib/python3.7/site-packages/sqlalchemy/pool/base.py", line 327, in connect
    return _ConnectionFairy._checkout(self)
  File "/home/airflow/.local/lib/python3.7/site-packages/sqlalchemy/pool/base.py", line 894, in _checkout
    fairy = _ConnectionRecord.checkout(pool)
  File "/home/airflow/.local/lib/python3.7/site-packages/sqlalchemy/pool/base.py", line 493, in checkout
    rec = pool._do_get()
  File "/home/airflow/.local/lib/python3.7/site-packages/sqlalchemy/pool/impl.py", line 256, in _do_get
    return self._create_connection()
  File "/home/airflow/.local/lib/python3.7/site-packages/sqlalchemy/pool/base.py", line 273, in _create_connection
    return _ConnectionRecord(self)
  File "/home/airflow/.local/lib/python3.7/site-packages/sqlalchemy/pool/base.py", line 388, in __init__
    self.__connect()
  File "/home/airflow/.local/lib/python3.7/site-packages/sqlalchemy/pool/base.py", line 691, in __connect
    pool.logger.debug("Error on connect(): %s", e)
  File "/home/airflow/.local/lib/python3.7/site-packages/sqlalchemy/util/langhelpers.py", line 72, in __exit__
    with_traceback=exc_tb,
  File "/home/airflow/.local/lib/python3.7/site-packages/sqlalchemy/util/compat.py", line 211, in raise_
    raise exception
  File "/home/airflow/.local/lib/python3.7/site-packages/sqlalchemy/pool/base.py", line 686, in __connect
    self.dbapi_connection = connection = pool._invoke_creator(self)
  File "/home/airflow/.local/lib/python3.7/site-packages/sqlalchemy/engine/create.py", line 574, in connect
    return dialect.connect(*cargs, **cparams)
  File "/home/airflow/.local/lib/python3.7/site-packages/sqlalchemy/engine/default.py", line 598, in connect
    return self.dbapi.connect(*cargs, **cparams)
  File "/home/airflow/.local/lib/python3.7/site-packages/psycopg2/__init__.py", line 122, in connect
    conn = _connect(dsn, connection_factory=connection_factory, **kwasync)
sqlalchemy.exc.OperationalError: (psycopg2.OperationalError) could not translate host name "postgres" to address: Temporary failure in name resolution

(Background on this error at: https://sqlalche.me/e/14/e3q8)
[2025-08-18T12:45:46.570+0000] {taskinstance.py:1824} ERROR - Task failed with exception
Traceback (most recent call last):
  File "/home/airflow/.local/lib/python3.7/site-packages/airflow/operators/python.py", line 181, in execute
    return_value = self.execute_callable()
  File "/home/airflow/.local/lib/python3.7/site-packages/airflow/operators/python.py", line 198, in execute_callable
    return self.python_callable(*self.op_args, **self.op_kwargs)
  File "/opt/airflow/dags/data_pipeline.py", line 47, in process_with_spark
    .mode("overwrite") \
  File "/home/airflow/.local/lib/python3.7/site-packages/pyspark/sql/readwriter.py", line 966, in save
    self._jwrite.save()
  File "/home/airflow/.local/lib/python3.7/site-packages/py4j/java_gateway.py", line 1322, in __call__
    answer, self.gateway_client, self.target_id, self.name)
  File "/home/airflow/.local/lib/python3.7/site-packages/pyspark/sql/utils.py", line 190, in deco
    return f(*a, **kw)
  File "/home/airflow/.local/lib/python3.7/site-packages/py4j/protocol.py", line 328, in get_return_value
    format(target_id, ".", name), value)
py4j.protocol.Py4JJavaError: An error occurred while calling o44.save.
: org.apache.spark.SparkException: Job aborted due to stage failure: Task 171 in stage 10.0 failed 1 times, most recent failure: Lost task 171.0 in stage 10.0 (TID 18074) (e3730e5f69d2 executor driver): org.apache.spark.sql.execution.QueryExecutionException: Encountered error while reading file s3a://raw-data/sensor_20250818_111320_932972.json. Details: 
	at org.apache.spark.sql.errors.QueryExecutionErrors$.cannotReadFilesError(QueryExecutionErrors.scala:731)
	at org.apache.spark.sql.execution.datasources.FileScanRDD$$anon$1.nextIterator(FileScanRDD.scala:283)
	at org.apache.spark.sql.execution.datasources.FileScanRDD$$anon$1.hasNext(FileScanRDD.scala:116)
	at scala.collection.Iterator$$anon$10.hasNext(Iterator.scala:460)
	at org.apache.spark.sql.catalyst.expressions.GeneratedClass$GeneratedIteratorForCodegenStage1.hashAgg_doAggregateWithKeys_0$(Unknown Source)
	at org.apache.spark.sql.catalyst.expressions.GeneratedClass$GeneratedIteratorForCodegenStage1.processNext(Unknown Source)
	at org.apache.spark.sql.execution.BufferedRowIterator.hasNext(BufferedRowIterator.java:43)
	at org.apache.spark.sql.execution.WholeStageCodegenExec$$anon$1.hasNext(WholeStageCodegenExec.scala:760)
	at scala.collection.Iterator$$anon$10.hasNext(Iterator.scala:460)
	at org.apache.spark.shuffle.sort.BypassMergeSortShuffleWriter.write(BypassMergeSortShuffleWriter.java:140)
	at org.apache.spark.shuffle.ShuffleWriteProcessor.write(ShuffleWriteProcessor.scala:59)
	at org.apache.spark.scheduler.ShuffleMapTask.runTask(ShuffleMapTask.scala:99)
	at org.apache.spark.scheduler.ShuffleMapTask.runTask(ShuffleMapTask.scala:52)
	at org.apache.spark.scheduler.Task.run(Task.scala:136)
	at org.apache.spark.executor.Executor$TaskRunner.$anonfun$run$3(Executor.scala:548)
	at org.apache.spark.util.Utils$.tryWithSafeFinally(Utils.scala:1504)
	at org.apache.spark.executor.Executor$TaskRunner.run(Executor.scala:551)
	at java.base/java.util.concurrent.ThreadPoolExecutor.runWorker(ThreadPoolExecutor.java:1128)
	at java.base/java.util.concurrent.ThreadPoolExecutor$Worker.run(ThreadPoolExecutor.java:628)
	at java.base/java.lang.Thread.run(Thread.java:829)
Caused by: org.apache.hadoop.fs.s3a.AWSBadRequestException: open s3a://raw-data/sensor_20250818_111320_932972.json at 0 on s3a://raw-data/sensor_20250818_111320_932972.json: com.amazonaws.services.s3.model.AmazonS3Exception: You did not provide the number of bytes specified by the Content-Length HTTP header. (Service: Amazon S3; Status Code: 400; Error Code: IncompleteBody; Request ID: 185CDD19C43F192B; S3 Extended Request ID: dd9025bab4ad464b049177c95eb6ebf374d3b3fd1af9251148b658df7ac2e3e8; Proxy: null), S3 Extended Request ID: dd9025bab4ad464b049177c95eb6ebf374d3b3fd1af9251148b658df7ac2e3e8:IncompleteBody: You did not provide the number of bytes specified by the Content-Length HTTP header. (Service: Amazon S3; Status Code: 400; Error Code: IncompleteBody; Request ID: 185CDD19C43F192B; S3 Extended Request ID: dd9025bab4ad464b049177c95eb6ebf374d3b3fd1af9251148b658df7ac2e3e8; Proxy: null)
	at org.apache.hadoop.fs.s3a.S3AUtils.translateException(S3AUtils.java:243)
	at org.apache.hadoop.fs.s3a.Invoker.once(Invoker.java:117)
	at org.apache.hadoop.fs.s3a.S3AInputStream.reopen(S3AInputStream.java:226)
	at org.apache.hadoop.fs.s3a.S3AInputStream.lambda$lazySeek$1(S3AInputStream.java:392)
	at org.apache.hadoop.fs.s3a.Invoker.lambda$maybeRetry$3(Invoker.java:228)
	at org.apache.hadoop.fs.s3a.Invoker.once(Invoker.java:115)
	at org.apache.hadoop.fs.s3a.Invoker.lambda$maybeRetry$5(Invoker.java:352)
	at org.apache.hadoop.fs.s3a.Invoker.retryUntranslated(Invoker.java:412)
	at org.apache.hadoop.fs.s3a.Invoker.maybeRetry(Invoker.java:348)
	at org.apache.hadoop.fs.s3a.Invoker.maybeRetry(Invoker.java:226)
	at org.apache.hadoop.fs.s3a.Invoker.maybeRetry(Invoker.java:270)
	at org.apache.hadoop.fs.s3a.S3AInputStream.lazySeek(S3AInputStream.java:384)
	at org.apache.hadoop.fs.s3a.S3AInputStream.read(S3AInputStream.java:503)
	at java.base/java.io.DataInputStream.read(DataInputStream.java:149)
	at org.apache.hadoop.mapreduce.lib.input.UncompressedSplitLineReader.fillBuffer(UncompressedSplitLineReader.java:62)
	at org.apache.hadoop.util.LineReader.readDefaultLine(LineReader.java:227)
	at org.apache.hadoop.util.LineReader.readLine(LineReader.java:185)
	at org.apache.hadoop.mapreduce.lib.input.UncompressedSplitLineReader.readLine(UncompressedSplitLineReader.java:94)
	at org.apache.hadoop.mapreduce.lib.input.LineRecordReader.skipUtfByteOrderMark(LineRecordReader.java:158)
	at org.apache.hadoop.mapreduce.lib.input.LineRecordReader.nextKeyValue(LineRecordReader.java:198)
	at org.apache.spark.sql.execution.datasources.RecordReaderIterator.hasNext(RecordReaderIterator.scala:39)
	at org.apache.spark.sql.execution.datasources.HadoopFileLinesReader.hasNext(HadoopFileLinesReader.scala:69)
	at scala.collection.Iterator$$anon$11.hasNext(Iterator.scala:491)
	at scala.collection.Iterator$$anon$10.hasNext(Iterator.scala:460)
	at org.apache.spark.sql.execution.datasources.FileScanRDD$$anon$1.hasNext(FileScanRDD.scala:116)
	at org.apache.spark.sql.execution.datasources.FileScanRDD$$anon$1.nextIterator(FileScanRDD.scala:274)
	... 18 more
Caused by: com.amazonaws.services.s3.model.AmazonS3Exception: You did not provide the number of bytes specified by the Content-Length HTTP header. (Service: Amazon S3; Status Code: 400; Error Code: IncompleteBody; Request ID: 185CDD19C43F192B; S3 Extended Request ID: dd9025bab4ad464b049177c95eb6ebf374d3b3fd1af9251148b658df7ac2e3e8; Proxy: null), S3 Extended Request ID: dd9025bab4ad464b049177c95eb6ebf374d3b3fd1af9251148b658df7ac2e3e8
	at com.amazonaws.http.AmazonHttpClient$RequestExecutor.handleErrorResponse(AmazonHttpClient.java:1828)
	at com.amazonaws.http.AmazonHttpClient$RequestExecutor.handleServiceErrorResponse(AmazonHttpClient.java:1412)
	at com.amazonaws.http.AmazonHttpClient$RequestExecutor.executeOneRequest(AmazonHttpClient.java:1374)
	at com.amazonaws.http.AmazonHttpClient$RequestExecutor.executeHelper(AmazonHttpClient.java:1145)
	at com.amazonaws.http.AmazonHttpClient$RequestExecutor.doExecute(AmazonHttpClient.java:802)
	at com.amazonaws.http.AmazonHttpClient$RequestExecutor.executeWithTimer(AmazonHttpClient.java:770)
	at com.amazonaws.http.AmazonHttpClient$RequestExecutor.execute(AmazonHttpClient.java:744)
	at com.amazonaws.http.AmazonHttpClient$RequestExecutor.access$500(AmazonHttpClient.java:704)
	at com.amazonaws.http.AmazonHttpClient$RequestExecutionBuilderImpl.execute(AmazonHttpClient.java:686)
	at com.amazonaws.http.AmazonHttpClient.execute(AmazonHttpClient.java:550)
	at com.amazonaws.http.AmazonHttpClient.execute(AmazonHttpClient.java:530)
	at com.amazonaws.services.s3.AmazonS3Client.invoke(AmazonS3Client.java:5227)
	at com.amazonaws.services.s3.AmazonS3Client.invoke(AmazonS3Client.java:5173)
	at com.amazonaws.services.s3.AmazonS3Client.getObject(AmazonS3Client.java:1512)
	at org.apache.hadoop.fs.s3a.S3AInputStream.lambda$reopen$0(S3AInputStream.java:227)
	at org.apache.hadoop.fs.s3a.Invoker.once(Invoker.java:115)
	... 42 more

Driver stacktrace:
	at org.apache.spark.scheduler.DAGScheduler.failJobAndIndependentStages(DAGScheduler.scala:2672)
	at org.apache.spark.scheduler.DAGScheduler.$anonfun$abortStage$2(DAGScheduler.scala:2608)
	at org.apache.spark.scheduler.DAGScheduler.$anonfun$abortStage$2$adapted(DAGScheduler.scala:2607)
	at scala.collection.mutable.ResizableArray.foreach(ResizableArray.scala:62)
	at scala.collection.mutable.ResizableArray.foreach$(ResizableArray.scala:55)
	at scala.collection.mutable.ArrayBuffer.foreach(ArrayBuffer.scala:49)
	at org.apache.spark.scheduler.DAGScheduler.abortStage(DAGScheduler.scala:2607)
	at org.apache.spark.scheduler.DAGScheduler.$anonfun$handleTaskSetFailed$1(DAGScheduler.scala:1182)
	at org.apache.spark.scheduler.DAGScheduler.$anonfun$handleTaskSetFailed$1$adapted(DAGScheduler.scala:1182)
	at scala.Option.foreach(Option.scala:407)
	at org.apache.spark.scheduler.DAGScheduler.handleTaskSetFailed(DAGScheduler.scala:1182)
	at org.apache.spark.scheduler.DAGSchedulerEventProcessLoop.doOnReceive(DAGScheduler.scala:2860)
	at org.apache.spark.scheduler.DAGSchedulerEventProcessLoop.onReceive(DAGScheduler.scala:2802)
	at org.apache.spark.scheduler.DAGSchedulerEventProcessLoop.onReceive(DAGScheduler.scala:2791)
	at org.apache.spark.util.EventLoop$$anon$1.run(EventLoop.scala:49)
Caused by: org.apache.spark.sql.execution.QueryExecutionException: Encountered error while reading file s3a://raw-data/sensor_20250818_111320_932972.json. Details: 
	at org.apache.spark.sql.errors.QueryExecutionErrors$.cannotReadFilesError(QueryExecutionErrors.scala:731)
	at org.apache.spark.sql.execution.datasources.FileScanRDD$$anon$1.nextIterator(FileScanRDD.scala:283)
	at org.apache.spark.sql.execution.datasources.FileScanRDD$$anon$1.hasNext(FileScanRDD.scala:116)
	at scala.collection.Iterator$$anon$10.hasNext(Iterator.scala:460)
	at org.apache.spark.sql.catalyst.expressions.GeneratedClass$GeneratedIteratorForCodegenStage1.hashAgg_doAggregateWithKeys_0$(Unknown Source)
	at org.apache.spark.sql.catalyst.expressions.GeneratedClass$GeneratedIteratorForCodegenStage1.processNext(Unknown Source)
	at org.apache.spark.sql.execution.BufferedRowIterator.hasNext(BufferedRowIterator.java:43)
	at org.apache.spark.sql.execution.WholeStageCodegenExec$$anon$1.hasNext(WholeStageCodegenExec.scala:760)
	at scala.collection.Iterator$$anon$10.hasNext(Iterator.scala:460)
	at org.apache.spark.shuffle.sort.BypassMergeSortShuffleWriter.write(BypassMergeSortShuffleWriter.java:140)
	at org.apache.spark.shuffle.ShuffleWriteProcessor.write(ShuffleWriteProcessor.scala:59)
	at org.apache.spark.scheduler.ShuffleMapTask.runTask(ShuffleMapTask.scala:99)
	at org.apache.spark.scheduler.ShuffleMapTask.runTask(ShuffleMapTask.scala:52)
	at org.apache.spark.scheduler.Task.run(Task.scala:136)
	at org.apache.spark.executor.Executor$TaskRunner.$anonfun$run$3(Executor.scala:548)
	at org.apache.spark.util.Utils$.tryWithSafeFinally(Utils.scala:1504)
	at org.apache.spark.executor.Executor$TaskRunner.run(Executor.scala:551)
	at java.base/java.util.concurrent.ThreadPoolExecutor.runWorker(ThreadPoolExecutor.java:1128)
	at java.base/java.util.concurrent.ThreadPoolExecutor$Worker.run(ThreadPoolExecutor.java:628)
	at java.base/java.lang.Thread.run(Thread.java:829)
Caused by: org.apache.hadoop.fs.s3a.AWSBadRequestException: open s3a://raw-data/sensor_20250818_111320_932972.json at 0 on s3a://raw-data/sensor_20250818_111320_932972.json: com.amazonaws.services.s3.model.AmazonS3Exception: You did not provide the number of bytes specified by the Content-Length HTTP header. (Service: Amazon S3; Status Code: 400; Error Code: IncompleteBody; Request ID: 185CDD19C43F192B; S3 Extended Request ID: dd9025bab4ad464b049177c95eb6ebf374d3b3fd1af9251148b658df7ac2e3e8; Proxy: null), S3 Extended Request ID: dd9025bab4ad464b049177c95eb6ebf374d3b3fd1af9251148b658df7ac2e3e8:IncompleteBody: You did not provide the number of bytes specified by the Content-Length HTTP header. (Service: Amazon S3; Status Code: 400; Error Code: IncompleteBody; Request ID: 185CDD19C43F192B; S3 Extended Request ID: dd9025bab4ad464b049177c95eb6ebf374d3b3fd1af9251148b658df7ac2e3e8; Proxy: null)
	at org.apache.hadoop.fs.s3a.S3AUtils.translateException(S3AUtils.java:243)
	at org.apache.hadoop.fs.s3a.Invoker.once(Invoker.java:117)
	at org.apache.hadoop.fs.s3a.S3AInputStream.reopen(S3AInputStream.java:226)
	at org.apache.hadoop.fs.s3a.S3AInputStream.lambda$lazySeek$1(S3AInputStream.java:392)
	at org.apache.hadoop.fs.s3a.Invoker.lambda$maybeRetry$3(Invoker.java:228)
	at org.apache.hadoop.fs.s3a.Invoker.once(Invoker.java:115)
	at org.apache.hadoop.fs.s3a.Invoker.lambda$maybeRetry$5(Invoker.java:352)
	at org.apache.hadoop.fs.s3a.Invoker.retryUntranslated(Invoker.java:412)
	at org.apache.hadoop.fs.s3a.Invoker.maybeRetry(Invoker.java:348)
	at org.apache.hadoop.fs.s3a.Invoker.maybeRetry(Invoker.java:226)
	at org.apache.hadoop.fs.s3a.Invoker.maybeRetry(Invoker.java:270)
	at org.apache.hadoop.fs.s3a.S3AInputStream.lazySeek(S3AInputStream.java:384)
	at org.apache.hadoop.fs.s3a.S3AInputStream.read(S3AInputStream.java:503)
	at java.base/java.io.DataInputStream.read(DataInputStream.java:149)
	at org.apache.hadoop.mapreduce.lib.input.UncompressedSplitLineReader.fillBuffer(UncompressedSplitLineReader.java:62)
	at org.apache.hadoop.util.LineReader.readDefaultLine(LineReader.java:227)
	at org.apache.hadoop.util.LineReader.readLine(LineReader.java:185)
	at org.apache.hadoop.mapreduce.lib.input.UncompressedSplitLineReader.readLine(UncompressedSplitLineReader.java:94)
	at org.apache.hadoop.mapreduce.lib.input.LineRecordReader.skipUtfByteOrderMark(LineRecordReader.java:158)
	at org.apache.hadoop.mapreduce.lib.input.LineRecordReader.nextKeyValue(LineRecordReader.java:198)
	at org.apache.spark.sql.execution.datasources.RecordReaderIterator.hasNext(RecordReaderIterator.scala:39)
	at org.apache.spark.sql.execution.datasources.HadoopFileLinesReader.hasNext(HadoopFileLinesReader.scala:69)
	at scala.collection.Iterator$$anon$11.hasNext(Iterator.scala:491)
	at scala.collection.Iterator$$anon$10.hasNext(Iterator.scala:460)
	at org.apache.spark.sql.execution.datasources.FileScanRDD$$anon$1.hasNext(FileScanRDD.scala:116)
	at org.apache.spark.sql.execution.datasources.FileScanRDD$$anon$1.nextIterator(FileScanRDD.scala:274)
	... 18 more
Caused by: com.amazonaws.services.s3.model.AmazonS3Exception: You did not provide the number of bytes specified by the Content-Length HTTP header. (Service: Amazon S3; Status Code: 400; Error Code: IncompleteBody; Request ID: 185CDD19C43F192B; S3 Extended Request ID: dd9025bab4ad464b049177c95eb6ebf374d3b3fd1af9251148b658df7ac2e3e8; Proxy: null), S3 Extended Request ID: dd9025bab4ad464b049177c95eb6ebf374d3b3fd1af9251148b658df7ac2e3e8
	at com.amazonaws.http.AmazonHttpClient$RequestExecutor.handleErrorResponse(AmazonHttpClient.java:1828)
	at com.amazonaws.http.AmazonHttpClient$RequestExecutor.handleServiceErrorResponse(AmazonHttpClient.java:1412)
	at com.amazonaws.http.AmazonHttpClient$RequestExecutor.executeOneRequest(AmazonHttpClient.java:1374)
	at com.amazonaws.http.AmazonHttpClient$RequestExecutor.executeHelper(AmazonHttpClient.java:1145)
	at com.amazonaws.http.AmazonHttpClient$RequestExecutor.doExecute(AmazonHttpClient.java:802)
	at com.amazonaws.http.AmazonHttpClient$RequestExecutor.executeWithTimer(AmazonHttpClient.java:770)
	at com.amazonaws.http.AmazonHttpClient$RequestExecutor.execute(AmazonHttpClient.java:744)
	at com.amazonaws.http.AmazonHttpClient$RequestExecutor.access$500(AmazonHttpClient.java:704)
	at com.amazonaws.http.AmazonHttpClient$RequestExecutionBuilderImpl.execute(AmazonHttpClient.java:686)
	at com.amazonaws.http.AmazonHttpClient.execute(AmazonHttpClient.java:550)
	at com.amazonaws.http.AmazonHttpClient.execute(AmazonHttpClient.java:530)
	at com.amazonaws.services.s3.AmazonS3Client.invoke(AmazonS3Client.java:5227)
	at com.amazonaws.services.s3.AmazonS3Client.invoke(AmazonS3Client.java:5173)
	at com.amazonaws.services.s3.AmazonS3Client.getObject(AmazonS3Client.java:1512)
	at org.apache.hadoop.fs.s3a.S3AInputStream.lambda$reopen$0(S3AInputStream.java:227)
	at org.apache.hadoop.fs.s3a.Invoker.once(Invoker.java:115)
	... 42 more

[2025-08-18T12:45:47.347+0000] {taskinstance.py:1350} INFO - Marking task as FAILED. dag_id=nitro_data_pipeline, task_id=process_with_spark, execution_date=20250818T123000, start_date=20250818T123307, end_date=20250818T124547
[2025-08-18T12:45:47.422+0000] {standard_task_runner.py:109} ERROR - Failed to execute job 353 for task process_with_spark (An error occurred while calling o44.save.
: org.apache.spark.SparkException: Job aborted due to stage failure: Task 171 in stage 10.0 failed 1 times, most recent failure: Lost task 171.0 in stage 10.0 (TID 18074) (e3730e5f69d2 executor driver): org.apache.spark.sql.execution.QueryExecutionException: Encountered error while reading file s3a://raw-data/sensor_20250818_111320_932972.json. Details: 
	at org.apache.spark.sql.errors.QueryExecutionErrors$.cannotReadFilesError(QueryExecutionErrors.scala:731)
	at org.apache.spark.sql.execution.datasources.FileScanRDD$$anon$1.nextIterator(FileScanRDD.scala:283)
	at org.apache.spark.sql.execution.datasources.FileScanRDD$$anon$1.hasNext(FileScanRDD.scala:116)
	at scala.collection.Iterator$$anon$10.hasNext(Iterator.scala:460)
	at org.apache.spark.sql.catalyst.expressions.GeneratedClass$GeneratedIteratorForCodegenStage1.hashAgg_doAggregateWithKeys_0$(Unknown Source)
	at org.apache.spark.sql.catalyst.expressions.GeneratedClass$GeneratedIteratorForCodegenStage1.processNext(Unknown Source)
	at org.apache.spark.sql.execution.BufferedRowIterator.hasNext(BufferedRowIterator.java:43)
	at org.apache.spark.sql.execution.WholeStageCodegenExec$$anon$1.hasNext(WholeStageCodegenExec.scala:760)
	at scala.collection.Iterator$$anon$10.hasNext(Iterator.scala:460)
	at org.apache.spark.shuffle.sort.BypassMergeSortShuffleWriter.write(BypassMergeSortShuffleWriter.java:140)
	at org.apache.spark.shuffle.ShuffleWriteProcessor.write(ShuffleWriteProcessor.scala:59)
	at org.apache.spark.scheduler.ShuffleMapTask.runTask(ShuffleMapTask.scala:99)
	at org.apache.spark.scheduler.ShuffleMapTask.runTask(ShuffleMapTask.scala:52)
	at org.apache.spark.scheduler.Task.run(Task.scala:136)
	at org.apache.spark.executor.Executor$TaskRunner.$anonfun$run$3(Executor.scala:548)
	at org.apache.spark.util.Utils$.tryWithSafeFinally(Utils.scala:1504)
	at org.apache.spark.executor.Executor$TaskRunner.run(Executor.scala:551)
	at java.base/java.util.concurrent.ThreadPoolExecutor.runWorker(ThreadPoolExecutor.java:1128)
	at java.base/java.util.concurrent.ThreadPoolExecutor$Worker.run(ThreadPoolExecutor.java:628)
	at java.base/java.lang.Thread.run(Thread.java:829)
Caused by: org.apache.hadoop.fs.s3a.AWSBadRequestException: open s3a://raw-data/sensor_20250818_111320_932972.json at 0 on s3a://raw-data/sensor_20250818_111320_932972.json: com.amazonaws.services.s3.model.AmazonS3Exception: You did not provide the number of bytes specified by the Content-Length HTTP header. (Service: Amazon S3; Status Code: 400; Error Code: IncompleteBody; Request ID: 185CDD19C43F192B; S3 Extended Request ID: dd9025bab4ad464b049177c95eb6ebf374d3b3fd1af9251148b658df7ac2e3e8; Proxy: null), S3 Extended Request ID: dd9025bab4ad464b049177c95eb6ebf374d3b3fd1af9251148b658df7ac2e3e8:IncompleteBody: You did not provide the number of bytes specified by the Content-Length HTTP header. (Service: Amazon S3; Status Code: 400; Error Code: IncompleteBody; Request ID: 185CDD19C43F192B; S3 Extended Request ID: dd9025bab4ad464b049177c95eb6ebf374d3b3fd1af9251148b658df7ac2e3e8; Proxy: null)
	at org.apache.hadoop.fs.s3a.S3AUtils.translateException(S3AUtils.java:243)
	at org.apache.hadoop.fs.s3a.Invoker.once(Invoker.java:117)
	at org.apache.hadoop.fs.s3a.S3AInputStream.reopen(S3AInputStream.java:226)
	at org.apache.hadoop.fs.s3a.S3AInputStream.lambda$lazySeek$1(S3AInputStream.java:392)
	at org.apache.hadoop.fs.s3a.Invoker.lambda$maybeRetry$3(Invoker.java:228)
	at org.apache.hadoop.fs.s3a.Invoker.once(Invoker.java:115)
	at org.apache.hadoop.fs.s3a.Invoker.lambda$maybeRetry$5(Invoker.java:352)
	at org.apache.hadoop.fs.s3a.Invoker.retryUntranslated(Invoker.java:412)
	at org.apache.hadoop.fs.s3a.Invoker.maybeRetry(Invoker.java:348)
	at org.apache.hadoop.fs.s3a.Invoker.maybeRetry(Invoker.java:226)
	at org.apache.hadoop.fs.s3a.Invoker.maybeRetry(Invoker.java:270)
	at org.apache.hadoop.fs.s3a.S3AInputStream.lazySeek(S3AInputStream.java:384)
	at org.apache.hadoop.fs.s3a.S3AInputStream.read(S3AInputStream.java:503)
	at java.base/java.io.DataInputStream.read(DataInputStream.java:149)
	at org.apache.hadoop.mapreduce.lib.input.UncompressedSplitLineReader.fillBuffer(UncompressedSplitLineReader.java:62)
	at org.apache.hadoop.util.LineReader.readDefaultLine(LineReader.java:227)
	at org.apache.hadoop.util.LineReader.readLine(LineReader.java:185)
	at org.apache.hadoop.mapreduce.lib.input.UncompressedSplitLineReader.readLine(UncompressedSplitLineReader.java:94)
	at org.apache.hadoop.mapreduce.lib.input.LineRecordReader.skipUtfByteOrderMark(LineRecordReader.java:158)
	at org.apache.hadoop.mapreduce.lib.input.LineRecordReader.nextKeyValue(LineRecordReader.java:198)
	at org.apache.spark.sql.execution.datasources.RecordReaderIterator.hasNext(RecordReaderIterator.scala:39)
	at org.apache.spark.sql.execution.datasources.HadoopFileLinesReader.hasNext(HadoopFileLinesReader.scala:69)
	at scala.collection.Iterator$$anon$11.hasNext(Iterator.scala:491)
	at scala.collection.Iterator$$anon$10.hasNext(Iterator.scala:460)
	at org.apache.spark.sql.execution.datasources.FileScanRDD$$anon$1.hasNext(FileScanRDD.scala:116)
	at org.apache.spark.sql.execution.datasources.FileScanRDD$$anon$1.nextIterator(FileScanRDD.scala:274)
	... 18 more
Caused by: com.amazonaws.services.s3.model.AmazonS3Exception: You did not provide the number of bytes specified by the Content-Length HTTP header. (Service: Amazon S3; Status Code: 400; Error Code: IncompleteBody; Request ID: 185CDD19C43F192B; S3 Extended Request ID: dd9025bab4ad464b049177c95eb6ebf374d3b3fd1af9251148b658df7ac2e3e8; Proxy: null), S3 Extended Request ID: dd9025bab4ad464b049177c95eb6ebf374d3b3fd1af9251148b658df7ac2e3e8
	at com.amazonaws.http.AmazonHttpClient$RequestExecutor.handleErrorResponse(AmazonHttpClient.java:1828)
	at com.amazonaws.http.AmazonHttpClient$RequestExecutor.handleServiceErrorResponse(AmazonHttpClient.java:1412)
	at com.amazonaws.http.AmazonHttpClient$RequestExecutor.executeOneRequest(AmazonHttpClient.java:1374)
	at com.amazonaws.http.AmazonHttpClient$RequestExecutor.executeHelper(AmazonHttpClient.java:1145)
	at com.amazonaws.http.AmazonHttpClient$RequestExecutor.doExecute(AmazonHttpClient.java:802)
	at com.amazonaws.http.AmazonHttpClient$RequestExecutor.executeWithTimer(AmazonHttpClient.java:770)
	at com.amazonaws.http.AmazonHttpClient$RequestExecutor.execute(AmazonHttpClient.java:744)
	at com.amazonaws.http.AmazonHttpClient$RequestExecutor.access$500(AmazonHttpClient.java:704)
	at com.amazonaws.http.AmazonHttpClient$RequestExecutionBuilderImpl.execute(AmazonHttpClient.java:686)
	at com.amazonaws.http.AmazonHttpClient.execute(AmazonHttpClient.java:550)
	at com.amazonaws.http.AmazonHttpClient.execute(AmazonHttpClient.java:530)
	at com.amazonaws.services.s3.AmazonS3Client.invoke(AmazonS3Client.java:5227)
	at com.amazonaws.services.s3.AmazonS3Client.invoke(AmazonS3Client.java:5173)
	at com.amazonaws.services.s3.AmazonS3Client.getObject(AmazonS3Client.java:1512)
	at org.apache.hadoop.fs.s3a.S3AInputStream.lambda$reopen$0(S3AInputStream.java:227)
	at org.apache.hadoop.fs.s3a.Invoker.once(Invoker.java:115)
	... 42 more

Driver stacktrace:
	at org.apache.spark.scheduler.DAGScheduler.failJobAndIndependentStages(DAGScheduler.scala:2672)
	at org.apache.spark.scheduler.DAGScheduler.$anonfun$abortStage$2(DAGScheduler.scala:2608)
	at org.apache.spark.scheduler.DAGScheduler.$anonfun$abortStage$2$adapted(DAGScheduler.scala:2607)
	at scala.collection.mutable.ResizableArray.foreach(ResizableArray.scala:62)
	at scala.collection.mutable.ResizableArray.foreach$(ResizableArray.scala:55)
	at scala.collection.mutable.ArrayBuffer.foreach(ArrayBuffer.scala:49)
	at org.apache.spark.scheduler.DAGScheduler.abortStage(DAGScheduler.scala:2607)
	at org.apache.spark.scheduler.DAGScheduler.$anonfun$handleTaskSetFailed$1(DAGScheduler.scala:1182)
	at org.apache.spark.scheduler.DAGScheduler.$anonfun$handleTaskSetFailed$1$adapted(DAGScheduler.scala:1182)
	at scala.Option.foreach(Option.scala:407)
	at org.apache.spark.scheduler.DAGScheduler.handleTaskSetFailed(DAGScheduler.scala:1182)
	at org.apache.spark.scheduler.DAGSchedulerEventProcessLoop.doOnReceive(DAGScheduler.scala:2860)
	at org.apache.spark.scheduler.DAGSchedulerEventProcessLoop.onReceive(DAGScheduler.scala:2802)
	at org.apache.spark.scheduler.DAGSchedulerEventProcessLoop.onReceive(DAGScheduler.scala:2791)
	at org.apache.spark.util.EventLoop$$anon$1.run(EventLoop.scala:49)
Caused by: org.apache.spark.sql.execution.QueryExecutionException: Encountered error while reading file s3a://raw-data/sensor_20250818_111320_932972.json. Details: 
	at org.apache.spark.sql.errors.QueryExecutionErrors$.cannotReadFilesError(QueryExecutionErrors.scala:731)
	at org.apache.spark.sql.execution.datasources.FileScanRDD$$anon$1.nextIterator(FileScanRDD.scala:283)
	at org.apache.spark.sql.execution.datasources.FileScanRDD$$anon$1.hasNext(FileScanRDD.scala:116)
	at scala.collection.Iterator$$anon$10.hasNext(Iterator.scala:460)
	at org.apache.spark.sql.catalyst.expressions.GeneratedClass$GeneratedIteratorForCodegenStage1.hashAgg_doAggregateWithKeys_0$(Unknown Source)
	at org.apache.spark.sql.catalyst.expressions.GeneratedClass$GeneratedIteratorForCodegenStage1.processNext(Unknown Source)
	at org.apache.spark.sql.execution.BufferedRowIterator.hasNext(BufferedRowIterator.java:43)
	at org.apache.spark.sql.execution.WholeStageCodegenExec$$anon$1.hasNext(WholeStageCodegenExec.scala:760)
	at scala.collection.Iterator$$anon$10.hasNext(Iterator.scala:460)
	at org.apache.spark.shuffle.sort.BypassMergeSortShuffleWriter.write(BypassMergeSortShuffleWriter.java:140)
	at org.apache.spark.shuffle.ShuffleWriteProcessor.write(ShuffleWriteProcessor.scala:59)
	at org.apache.spark.scheduler.ShuffleMapTask.runTask(ShuffleMapTask.scala:99)
	at org.apache.spark.scheduler.ShuffleMapTask.runTask(ShuffleMapTask.scala:52)
	at org.apache.spark.scheduler.Task.run(Task.scala:136)
	at org.apache.spark.executor.Executor$TaskRunner.$anonfun$run$3(Executor.scala:548)
	at org.apache.spark.util.Utils$.tryWithSafeFinally(Utils.scala:1504)
	at org.apache.spark.executor.Executor$TaskRunner.run(Executor.scala:551)
	at java.base/java.util.concurrent.ThreadPoolExecutor.runWorker(ThreadPoolExecutor.java:1128)
	at java.base/java.util.concurrent.ThreadPoolExecutor$Worker.run(ThreadPoolExecutor.java:628)
	at java.base/java.lang.Thread.run(Thread.java:829)
Caused by: org.apache.hadoop.fs.s3a.AWSBadRequestException: open s3a://raw-data/sensor_20250818_111320_932972.json at 0 on s3a://raw-data/sensor_20250818_111320_932972.json: com.amazonaws.services.s3.model.AmazonS3Exception: You did not provide the number of bytes specified by the Content-Length HTTP header. (Service: Amazon S3; Status Code: 400; Error Code: IncompleteBody; Request ID: 185CDD19C43F192B; S3 Extended Request ID: dd9025bab4ad464b049177c95eb6ebf374d3b3fd1af9251148b658df7ac2e3e8; Proxy: null), S3 Extended Request ID: dd9025bab4ad464b049177c95eb6ebf374d3b3fd1af9251148b658df7ac2e3e8:IncompleteBody: You did not provide the number of bytes specified by the Content-Length HTTP header. (Service: Amazon S3; Status Code: 400; Error Code: IncompleteBody; Request ID: 185CDD19C43F192B; S3 Extended Request ID: dd9025bab4ad464b049177c95eb6ebf374d3b3fd1af9251148b658df7ac2e3e8; Proxy: null)
	at org.apache.hadoop.fs.s3a.S3AUtils.translateException(S3AUtils.java:243)
	at org.apache.hadoop.fs.s3a.Invoker.once(Invoker.java:117)
	at org.apache.hadoop.fs.s3a.S3AInputStream.reopen(S3AInputStream.java:226)
	at org.apache.hadoop.fs.s3a.S3AInputStream.lambda$lazySeek$1(S3AInputStream.java:392)
	at org.apache.hadoop.fs.s3a.Invoker.lambda$maybeRetry$3(Invoker.java:228)
	at org.apache.hadoop.fs.s3a.Invoker.once(Invoker.java:115)
	at org.apache.hadoop.fs.s3a.Invoker.lambda$maybeRetry$5(Invoker.java:352)
	at org.apache.hadoop.fs.s3a.Invoker.retryUntranslated(Invoker.java:412)
	at org.apache.hadoop.fs.s3a.Invoker.maybeRetry(Invoker.java:348)
	at org.apache.hadoop.fs.s3a.Invoker.maybeRetry(Invoker.java:226)
	at org.apache.hadoop.fs.s3a.Invoker.maybeRetry(Invoker.java:270)
	at org.apache.hadoop.fs.s3a.S3AInputStream.lazySeek(S3AInputStream.java:384)
	at org.apache.hadoop.fs.s3a.S3AInputStream.read(S3AInputStream.java:503)
	at java.base/java.io.DataInputStream.read(DataInputStream.java:149)
	at org.apache.hadoop.mapreduce.lib.input.UncompressedSplitLineReader.fillBuffer(UncompressedSplitLineReader.java:62)
	at org.apache.hadoop.util.LineReader.readDefaultLine(LineReader.java:227)
	at org.apache.hadoop.util.LineReader.readLine(LineReader.java:185)
	at org.apache.hadoop.mapreduce.lib.input.UncompressedSplitLineReader.readLine(UncompressedSplitLineReader.java:94)
	at org.apache.hadoop.mapreduce.lib.input.LineRecordReader.skipUtfByteOrderMark(LineRecordReader.java:158)
	at org.apache.hadoop.mapreduce.lib.input.LineRecordReader.nextKeyValue(LineRecordReader.java:198)
	at org.apache.spark.sql.execution.datasources.RecordReaderIterator.hasNext(RecordReaderIterator.scala:39)
	at org.apache.spark.sql.execution.datasources.HadoopFileLinesReader.hasNext(HadoopFileLinesReader.scala:69)
	at scala.collection.Iterator$$anon$11.hasNext(Iterator.scala:491)
	at scala.collection.Iterator$$anon$10.hasNext(Iterator.scala:460)
	at org.apache.spark.sql.execution.datasources.FileScanRDD$$anon$1.hasNext(FileScanRDD.scala:116)
	at org.apache.spark.sql.execution.datasources.FileScanRDD$$anon$1.nextIterator(FileScanRDD.scala:274)
	... 18 more
Caused by: com.amazonaws.services.s3.model.AmazonS3Exception: You did not provide the number of bytes specified by the Content-Length HTTP header. (Service: Amazon S3; Status Code: 400; Error Code: IncompleteBody; Request ID: 185CDD19C43F192B; S3 Extended Request ID: dd9025bab4ad464b049177c95eb6ebf374d3b3fd1af9251148b658df7ac2e3e8; Proxy: null), S3 Extended Request ID: dd9025bab4ad464b049177c95eb6ebf374d3b3fd1af9251148b658df7ac2e3e8
	at com.amazonaws.http.AmazonHttpClient$RequestExecutor.handleErrorResponse(AmazonHttpClient.java:1828)
	at com.amazonaws.http.AmazonHttpClient$RequestExecutor.handleServiceErrorResponse(AmazonHttpClient.java:1412)
	at com.amazonaws.http.AmazonHttpClient$RequestExecutor.executeOneRequest(AmazonHttpClient.java:1374)
	at com.amazonaws.http.AmazonHttpClient$RequestExecutor.executeHelper(AmazonHttpClient.java:1145)
	at com.amazonaws.http.AmazonHttpClient$RequestExecutor.doExecute(AmazonHttpClient.java:802)
	at com.amazonaws.http.AmazonHttpClient$RequestExecutor.executeWithTimer(AmazonHttpClient.java:770)
	at com.amazonaws.http.AmazonHttpClient$RequestExecutor.execute(AmazonHttpClient.java:744)
	at com.amazonaws.http.AmazonHttpClient$RequestExecutor.access$500(AmazonHttpClient.java:704)
	at com.amazonaws.http.AmazonHttpClient$RequestExecutionBuilderImpl.execute(AmazonHttpClient.java:686)
	at com.amazonaws.http.AmazonHttpClient.execute(AmazonHttpClient.java:550)
	at com.amazonaws.http.AmazonHttpClient.execute(AmazonHttpClient.java:530)
	at com.amazonaws.services.s3.AmazonS3Client.invoke(AmazonS3Client.java:5227)
	at com.amazonaws.services.s3.AmazonS3Client.invoke(AmazonS3Client.java:5173)
	at com.amazonaws.services.s3.AmazonS3Client.getObject(AmazonS3Client.java:1512)
	at org.apache.hadoop.fs.s3a.S3AInputStream.lambda$reopen$0(S3AInputStream.java:227)
	at org.apache.hadoop.fs.s3a.Invoker.once(Invoker.java:115)
	... 42 more
; 28364)
[2025-08-18T12:45:47.510+0000] {local_task_job_runner.py:225} INFO - Task exited with return code 1
[2025-08-18T12:45:48.025+0000] {taskinstance.py:2651} INFO - 0 downstream tasks scheduled from follow-on schedule check
