[2025-08-18T10:36:01.256+0000] {taskinstance.py:1103} INFO - Dependencies all met for dep_context=non-requeueable deps ti=<TaskInstance: nitro_data_pipeline.process_with_spark scheduled__2025-08-18T10:33:00+00:00 [queued]>
[2025-08-18T10:36:01.276+0000] {taskinstance.py:1103} INFO - Dependencies all met for dep_context=requeueable deps ti=<TaskInstance: nitro_data_pipeline.process_with_spark scheduled__2025-08-18T10:33:00+00:00 [queued]>
[2025-08-18T10:36:01.276+0000] {taskinstance.py:1308} INFO - Starting attempt 1 of 1
[2025-08-18T10:36:01.306+0000] {taskinstance.py:1327} INFO - Executing <Task(PythonOperator): process_with_spark> on 2025-08-18 10:33:00+00:00
[2025-08-18T10:36:01.314+0000] {standard_task_runner.py:57} INFO - Started process 771 to run task
[2025-08-18T10:36:01.319+0000] {standard_task_runner.py:84} INFO - Running: ['airflow', 'tasks', 'run', 'nitro_data_pipeline', 'process_with_spark', 'scheduled__2025-08-18T10:33:00+00:00', '--job-id', '247', '--raw', '--subdir', 'DAGS_FOLDER/data_pipeline.py', '--cfg-path', '/tmp/tmp3ffmq1aa']
[2025-08-18T10:36:01.323+0000] {standard_task_runner.py:85} INFO - Job 247: Subtask process_with_spark
[2025-08-18T10:36:01.433+0000] {task_command.py:410} INFO - Running <TaskInstance: nitro_data_pipeline.process_with_spark scheduled__2025-08-18T10:33:00+00:00 [running]> on host 2007c3378d65
[2025-08-18T10:36:01.639+0000] {taskinstance.py:1547} INFO - Exporting env vars: AIRFLOW_CTX_DAG_OWNER='airflow' AIRFLOW_CTX_DAG_ID='nitro_data_pipeline' AIRFLOW_CTX_TASK_ID='process_with_spark' AIRFLOW_CTX_EXECUTION_DATE='2025-08-18T10:33:00+00:00' AIRFLOW_CTX_TRY_NUMBER='1' AIRFLOW_CTX_DAG_RUN_ID='scheduled__2025-08-18T10:33:00+00:00'
[2025-08-18T10:36:01.641+0000] {logging_mixin.py:149} INFO - ===== INICIANDO PROCESO DE SPARK =====
[2025-08-18T10:36:10.948+0000] {logging_mixin.py:149} INFO - ===== LEYENDO JSON DESDE MINIO =====
[2025-08-18T10:37:28.081+0000] {logging_mixin.py:149} INFO - Registros leídos: 5121
[2025-08-18T10:37:28.091+0000] {logging_mixin.py:149} INFO - root
 |-- sensor_id: string (nullable = true)
 |-- timestamp: string (nullable = true)
 |-- value: double (nullable = true)
[2025-08-18T10:37:28.707+0000] {logging_mixin.py:149} INFO - +---------+--------------------+-----+
|sensor_id|           timestamp|value|
+---------+--------------------+-----+
| sensor_0|2025-08-16T21:31:...|25.44|
| sensor_3|2025-08-16T21:31:...|27.66|
| sensor_0|2025-08-16T21:31:...|24.79|
| sensor_0|2025-08-16T21:31:...|27.92|
| sensor_1|2025-08-16T21:31:...|23.75|
+---------+--------------------+-----+
only showing top 5 rows
[2025-08-18T10:37:28.790+0000] {logging_mixin.py:149} INFO - ===== CALCULANDO PROMEDIOS =====
[2025-08-18T10:37:39.260+0000] {logging_mixin.py:149} INFO - +---------+------------------+
|sensor_id|         avg_value|
+---------+------------------+
| sensor_0|24.969258883248735|
| sensor_1| 25.00292510121457|
| sensor_4|24.926657142857138|
| sensor_2|25.109410000000004|
| sensor_3|25.050947176684886|
+---------+------------------+
[2025-08-18T10:37:39.261+0000] {logging_mixin.py:149} INFO - ===== GUARDANDO RESULTADOS EN POSTGRES =====
[2025-08-18T10:37:48.748+0000] {logging_mixin.py:149} INFO - ===== PROCESO COMPLETADO CON ÉXITO =====
[2025-08-18T10:37:48.748+0000] {python.py:183} INFO - Done. Returned value was: None
[2025-08-18T10:37:48.780+0000] {taskinstance.py:1350} INFO - Marking task as SUCCESS. dag_id=nitro_data_pipeline, task_id=process_with_spark, execution_date=20250818T103300, start_date=20250818T103601, end_date=20250818T103748
[2025-08-18T10:37:48.841+0000] {local_task_job_runner.py:225} INFO - Task exited with return code 0
[2025-08-18T10:37:48.868+0000] {taskinstance.py:2651} INFO - 0 downstream tasks scheduled from follow-on schedule check
