[2025-08-18T14:48:02.374+0000] {taskinstance.py:1103} INFO - Dependencies all met for dep_context=non-requeueable deps ti=<TaskInstance: nitro_data_pipeline.process_with_spark scheduled__2025-08-18T14:45:00+00:00 [queued]>
[2025-08-18T14:48:02.392+0000] {taskinstance.py:1103} INFO - Dependencies all met for dep_context=requeueable deps ti=<TaskInstance: nitro_data_pipeline.process_with_spark scheduled__2025-08-18T14:45:00+00:00 [queued]>
[2025-08-18T14:48:02.393+0000] {taskinstance.py:1308} INFO - Starting attempt 1 of 1
[2025-08-18T14:48:02.424+0000] {taskinstance.py:1327} INFO - Executing <Task(PythonOperator): process_with_spark> on 2025-08-18 14:45:00+00:00
[2025-08-18T14:48:02.432+0000] {standard_task_runner.py:57} INFO - Started process 11339 to run task
[2025-08-18T14:48:02.437+0000] {standard_task_runner.py:84} INFO - Running: ['airflow', 'tasks', 'run', 'nitro_data_pipeline', 'process_with_spark', 'scheduled__2025-08-18T14:45:00+00:00', '--job-id', '444', '--raw', '--subdir', 'DAGS_FOLDER/data_pipeline.py', '--cfg-path', '/tmp/tmpz64aaoyx']
[2025-08-18T14:48:02.439+0000] {standard_task_runner.py:85} INFO - Job 444: Subtask process_with_spark
[2025-08-18T14:48:02.538+0000] {task_command.py:410} INFO - Running <TaskInstance: nitro_data_pipeline.process_with_spark scheduled__2025-08-18T14:45:00+00:00 [running]> on host 1810b2cc18fb
[2025-08-18T14:48:02.718+0000] {taskinstance.py:1547} INFO - Exporting env vars: AIRFLOW_CTX_DAG_OWNER='airflow' AIRFLOW_CTX_DAG_ID='nitro_data_pipeline' AIRFLOW_CTX_TASK_ID='process_with_spark' AIRFLOW_CTX_EXECUTION_DATE='2025-08-18T14:45:00+00:00' AIRFLOW_CTX_TRY_NUMBER='1' AIRFLOW_CTX_DAG_RUN_ID='scheduled__2025-08-18T14:45:00+00:00'
[2025-08-18T14:48:02.721+0000] {logging_mixin.py:149} INFO - ===== INICIANDO PROCESO DE SPARK =====
[2025-08-18T14:48:13.803+0000] {logging_mixin.py:149} INFO - ===== LEYENDO JSON DESDE MINIO =====
[2025-08-18T14:50:15.846+0000] {logging_mixin.py:149} INFO - Registros leídos: 10077
[2025-08-18T14:50:15.855+0000] {logging_mixin.py:149} INFO - root
 |-- sensor_id: string (nullable = true)
 |-- timestamp: string (nullable = true)
 |-- value: double (nullable = true)
[2025-08-18T14:50:16.455+0000] {logging_mixin.py:149} INFO - +---------+--------------------+-----+
|sensor_id|           timestamp|value|
+---------+--------------------+-----+
| sensor_0|2025-08-16T21:31:...|25.44|
| sensor_3|2025-08-16T21:31:...|27.66|
| sensor_0|2025-08-16T21:31:...|24.79|
| sensor_0|2025-08-16T21:31:...|27.92|
| sensor_1|2025-08-16T21:31:...|23.75|
+---------+--------------------+-----+
only showing top 5 rows
[2025-08-18T14:50:16.515+0000] {logging_mixin.py:149} INFO - ===== CALCULANDO PROMEDIOS =====
[2025-08-18T14:50:34.636+0000] {logging_mixin.py:149} INFO - +---------+------------------+
|sensor_id|         avg_value|
+---------+------------------+
| sensor_0|25.058560644187214|
| sensor_1| 24.91382947264662|
| sensor_4|25.016848209783166|
| sensor_2|  25.0525012761613|
| sensor_3| 25.11267579046721|
+---------+------------------+
[2025-08-18T14:50:34.636+0000] {logging_mixin.py:149} INFO - ===== GUARDANDO RESULTADOS EN POSTGRES =====
