[2025-08-17T08:21:01.228+0000] {taskinstance.py:1103} INFO - Dependencies all met for dep_context=non-requeueable deps ti=<TaskInstance: nitro_data_pipeline.process_with_spark scheduled__2025-08-17T08:18:00+00:00 [queued]>
[2025-08-17T08:21:01.241+0000] {taskinstance.py:1103} INFO - Dependencies all met for dep_context=requeueable deps ti=<TaskInstance: nitro_data_pipeline.process_with_spark scheduled__2025-08-17T08:18:00+00:00 [queued]>
[2025-08-17T08:21:01.241+0000] {taskinstance.py:1308} INFO - Starting attempt 1 of 1
[2025-08-17T08:21:01.258+0000] {taskinstance.py:1327} INFO - Executing <Task(PythonOperator): process_with_spark> on 2025-08-17 08:18:00+00:00
[2025-08-17T08:21:01.264+0000] {standard_task_runner.py:57} INFO - Started process 1744 to run task
[2025-08-17T08:21:01.269+0000] {standard_task_runner.py:84} INFO - Running: ['airflow', 'tasks', 'run', 'nitro_data_pipeline', 'process_with_spark', 'scheduled__2025-08-17T08:18:00+00:00', '--job-id', '90', '--raw', '--subdir', 'DAGS_FOLDER/data_pipeline.py', '--cfg-path', '/tmp/tmpk71rtvrp']
[2025-08-17T08:21:01.272+0000] {standard_task_runner.py:85} INFO - Job 90: Subtask process_with_spark
[2025-08-17T08:21:01.346+0000] {task_command.py:410} INFO - Running <TaskInstance: nitro_data_pipeline.process_with_spark scheduled__2025-08-17T08:18:00+00:00 [running]> on host 23a13dfea4f4
[2025-08-17T08:21:01.471+0000] {taskinstance.py:1547} INFO - Exporting env vars: AIRFLOW_CTX_DAG_OWNER='airflow' AIRFLOW_CTX_DAG_ID='nitro_data_pipeline' AIRFLOW_CTX_TASK_ID='process_with_spark' AIRFLOW_CTX_EXECUTION_DATE='2025-08-17T08:18:00+00:00' AIRFLOW_CTX_TRY_NUMBER='1' AIRFLOW_CTX_DAG_RUN_ID='scheduled__2025-08-17T08:18:00+00:00'
[2025-08-17T08:21:01.472+0000] {logging_mixin.py:149} INFO - ===== INICIANDO PROCESO DE SPARK =====
[2025-08-17T08:21:07.342+0000] {logging_mixin.py:149} INFO - ===== LEYENDO JSON DESDE MINIO =====
[2025-08-17T08:21:22.289+0000] {logging_mixin.py:149} INFO - Registros leídos: 528
[2025-08-17T08:21:22.297+0000] {logging_mixin.py:149} INFO - root
 |-- sensor_id: string (nullable = true)
 |-- timestamp: string (nullable = true)
 |-- value: double (nullable = true)
[2025-08-17T08:21:22.685+0000] {logging_mixin.py:149} INFO - +---------+--------------------+-----+
|sensor_id|           timestamp|value|
+---------+--------------------+-----+
| sensor_0|2025-08-16T21:31:...|25.44|
| sensor_3|2025-08-16T21:31:...|27.66|
| sensor_0|2025-08-16T21:31:...|24.79|
| sensor_0|2025-08-16T21:31:...|27.92|
| sensor_1|2025-08-16T21:31:...|23.75|
+---------+--------------------+-----+
only showing top 5 rows
[2025-08-17T08:21:22.756+0000] {logging_mixin.py:149} INFO - ===== CALCULANDO PROMEDIOS =====
