[2025-08-17T10:09:00.875+0000] {taskinstance.py:1103} INFO - Dependencies all met for dep_context=non-requeueable deps ti=<TaskInstance: nitro_data_pipeline.process_with_spark scheduled__2025-08-17T10:06:00+00:00 [queued]>
[2025-08-17T10:09:00.884+0000] {taskinstance.py:1103} INFO - Dependencies all met for dep_context=requeueable deps ti=<TaskInstance: nitro_data_pipeline.process_with_spark scheduled__2025-08-17T10:06:00+00:00 [queued]>
[2025-08-17T10:09:00.884+0000] {taskinstance.py:1308} INFO - Starting attempt 1 of 1
[2025-08-17T10:09:00.900+0000] {taskinstance.py:1327} INFO - Executing <Task(PythonOperator): process_with_spark> on 2025-08-17 10:06:00+00:00
[2025-08-17T10:09:00.905+0000] {standard_task_runner.py:57} INFO - Started process 5440 to run task
[2025-08-17T10:09:00.909+0000] {standard_task_runner.py:84} INFO - Running: ['airflow', 'tasks', 'run', 'nitro_data_pipeline', 'process_with_spark', 'scheduled__2025-08-17T10:06:00+00:00', '--job-id', '133', '--raw', '--subdir', 'DAGS_FOLDER/data_pipeline.py', '--cfg-path', '/tmp/tmp8nxdkfww']
[2025-08-17T10:09:00.912+0000] {standard_task_runner.py:85} INFO - Job 133: Subtask process_with_spark
[2025-08-17T10:09:00.977+0000] {task_command.py:410} INFO - Running <TaskInstance: nitro_data_pipeline.process_with_spark scheduled__2025-08-17T10:06:00+00:00 [running]> on host 81dcc9af3f6d
[2025-08-17T10:09:01.092+0000] {taskinstance.py:1547} INFO - Exporting env vars: AIRFLOW_CTX_DAG_OWNER='airflow' AIRFLOW_CTX_DAG_ID='nitro_data_pipeline' AIRFLOW_CTX_TASK_ID='process_with_spark' AIRFLOW_CTX_EXECUTION_DATE='2025-08-17T10:06:00+00:00' AIRFLOW_CTX_TRY_NUMBER='1' AIRFLOW_CTX_DAG_RUN_ID='scheduled__2025-08-17T10:06:00+00:00'
[2025-08-17T10:09:01.094+0000] {logging_mixin.py:149} INFO - ===== INICIANDO PROCESO DE SPARK =====
[2025-08-17T10:09:06.639+0000] {logging_mixin.py:149} INFO - ===== LEYENDO JSON DESDE MINIO =====
[2025-08-17T10:09:28.876+0000] {logging_mixin.py:149} INFO - Registros leídos: 1560
[2025-08-17T10:09:28.883+0000] {logging_mixin.py:149} INFO - root
 |-- sensor_id: string (nullable = true)
 |-- timestamp: string (nullable = true)
 |-- value: double (nullable = true)
[2025-08-17T10:09:29.137+0000] {logging_mixin.py:149} INFO - +---------+--------------------+-----+
|sensor_id|           timestamp|value|
+---------+--------------------+-----+
| sensor_0|2025-08-16T21:31:...|25.44|
| sensor_3|2025-08-16T21:31:...|27.66|
| sensor_0|2025-08-16T21:31:...|24.79|
| sensor_0|2025-08-16T21:31:...|27.92|
| sensor_1|2025-08-16T21:31:...|23.75|
+---------+--------------------+-----+
only showing top 5 rows
[2025-08-17T10:09:29.176+0000] {logging_mixin.py:149} INFO - ===== CALCULANDO PROMEDIOS =====
[2025-08-17T10:09:31.810+0000] {logging_mixin.py:149} INFO - +---------+------------------+
|sensor_id|         avg_value|
+---------+------------------+
| sensor_0|25.126931034482766|
| sensor_1|25.030915032679726|
| sensor_4| 25.16404320987654|
| sensor_2|25.271482649842273|
| sensor_3|24.960804953560373|
+---------+------------------+
[2025-08-17T10:09:31.811+0000] {logging_mixin.py:149} INFO - ===== GUARDANDO RESULTADOS EN POSTGRES =====
[2025-08-17T10:09:34.123+0000] {logging_mixin.py:149} INFO - ===== PROCESO COMPLETADO CON ÉXITO =====
[2025-08-17T10:09:34.123+0000] {python.py:183} INFO - Done. Returned value was: None
[2025-08-17T10:09:34.140+0000] {taskinstance.py:1350} INFO - Marking task as SUCCESS. dag_id=nitro_data_pipeline, task_id=process_with_spark, execution_date=20250817T100600, start_date=20250817T100900, end_date=20250817T100934
[2025-08-17T10:09:34.193+0000] {local_task_job_runner.py:225} INFO - Task exited with return code 0
[2025-08-17T10:09:34.217+0000] {taskinstance.py:2651} INFO - 0 downstream tasks scheduled from follow-on schedule check
