[2025-08-17T09:48:00.749+0000] {taskinstance.py:1103} INFO - Dependencies all met for dep_context=non-requeueable deps ti=<TaskInstance: nitro_data_pipeline.process_with_spark scheduled__2025-08-17T09:45:00+00:00 [queued]>
[2025-08-17T09:48:00.758+0000] {taskinstance.py:1103} INFO - Dependencies all met for dep_context=requeueable deps ti=<TaskInstance: nitro_data_pipeline.process_with_spark scheduled__2025-08-17T09:45:00+00:00 [queued]>
[2025-08-17T09:48:00.758+0000] {taskinstance.py:1308} INFO - Starting attempt 1 of 1
[2025-08-17T09:48:00.774+0000] {taskinstance.py:1327} INFO - Executing <Task(PythonOperator): process_with_spark> on 2025-08-17 09:45:00+00:00
[2025-08-17T09:48:00.779+0000] {standard_task_runner.py:57} INFO - Started process 701 to run task
[2025-08-17T09:48:00.782+0000] {standard_task_runner.py:84} INFO - Running: ['airflow', 'tasks', 'run', 'nitro_data_pipeline', 'process_with_spark', 'scheduled__2025-08-17T09:45:00+00:00', '--job-id', '122', '--raw', '--subdir', 'DAGS_FOLDER/data_pipeline.py', '--cfg-path', '/tmp/tmpwvpybem5']
[2025-08-17T09:48:00.784+0000] {standard_task_runner.py:85} INFO - Job 122: Subtask process_with_spark
[2025-08-17T09:48:00.838+0000] {task_command.py:410} INFO - Running <TaskInstance: nitro_data_pipeline.process_with_spark scheduled__2025-08-17T09:45:00+00:00 [running]> on host 81dcc9af3f6d
[2025-08-17T09:48:00.946+0000] {taskinstance.py:1547} INFO - Exporting env vars: AIRFLOW_CTX_DAG_OWNER='airflow' AIRFLOW_CTX_DAG_ID='nitro_data_pipeline' AIRFLOW_CTX_TASK_ID='process_with_spark' AIRFLOW_CTX_EXECUTION_DATE='2025-08-17T09:45:00+00:00' AIRFLOW_CTX_TRY_NUMBER='1' AIRFLOW_CTX_DAG_RUN_ID='scheduled__2025-08-17T09:45:00+00:00'
[2025-08-17T09:48:00.949+0000] {logging_mixin.py:149} INFO - ===== INICIANDO PROCESO DE SPARK =====
[2025-08-17T09:48:07.196+0000] {logging_mixin.py:149} INFO - ===== LEYENDO JSON DESDE MINIO =====
[2025-08-17T09:48:32.464+0000] {logging_mixin.py:149} INFO - Registros leídos: 1150
[2025-08-17T09:48:32.477+0000] {logging_mixin.py:149} INFO - root
 |-- sensor_id: string (nullable = true)
 |-- timestamp: string (nullable = true)
 |-- value: double (nullable = true)
[2025-08-17T09:48:32.763+0000] {logging_mixin.py:149} INFO - +---------+--------------------+-----+
|sensor_id|           timestamp|value|
+---------+--------------------+-----+
| sensor_0|2025-08-16T21:31:...|25.44|
| sensor_3|2025-08-16T21:31:...|27.66|
| sensor_0|2025-08-16T21:31:...|24.79|
| sensor_0|2025-08-16T21:31:...|27.92|
| sensor_1|2025-08-16T21:31:...|23.75|
+---------+--------------------+-----+
only showing top 5 rows
[2025-08-17T09:48:32.814+0000] {logging_mixin.py:149} INFO - ===== CALCULANDO PROMEDIOS =====
[2025-08-17T09:48:35.786+0000] {logging_mixin.py:149} INFO - +---------+------------------+
|sensor_id|         avg_value|
+---------+------------------+
| sensor_0|25.185741626794265|
| sensor_1|25.013648648648644|
| sensor_4| 25.05904958677685|
| sensor_2|25.120928270042196|
| sensor_3| 25.03595833333333|
+---------+------------------+
[2025-08-17T09:48:35.786+0000] {logging_mixin.py:149} INFO - ===== GUARDANDO RESULTADOS EN POSTGRES =====
[2025-08-17T09:48:38.089+0000] {logging_mixin.py:149} INFO - ===== PROCESO COMPLETADO CON ÉXITO =====
[2025-08-17T09:48:38.089+0000] {python.py:183} INFO - Done. Returned value was: None
[2025-08-17T09:48:38.108+0000] {taskinstance.py:1350} INFO - Marking task as SUCCESS. dag_id=nitro_data_pipeline, task_id=process_with_spark, execution_date=20250817T094500, start_date=20250817T094800, end_date=20250817T094838
[2025-08-17T09:48:38.145+0000] {local_task_job_runner.py:225} INFO - Task exited with return code 0
[2025-08-17T09:48:38.177+0000] {taskinstance.py:2651} INFO - 0 downstream tasks scheduled from follow-on schedule check
