[2025-08-18T11:08:48.591+0000] {taskinstance.py:1103} INFO - Dependencies all met for dep_context=non-requeueable deps ti=<TaskInstance: nitro_data_pipeline.process_with_spark manual__2025-08-18T11:08:46+00:00 [queued]>
[2025-08-18T11:08:48.608+0000] {taskinstance.py:1103} INFO - Dependencies all met for dep_context=requeueable deps ti=<TaskInstance: nitro_data_pipeline.process_with_spark manual__2025-08-18T11:08:46+00:00 [queued]>
[2025-08-18T11:08:48.609+0000] {taskinstance.py:1308} INFO - Starting attempt 1 of 1
[2025-08-18T11:08:48.631+0000] {taskinstance.py:1327} INFO - Executing <Task(PythonOperator): process_with_spark> on 2025-08-18 11:08:46+00:00
[2025-08-18T11:08:48.637+0000] {standard_task_runner.py:57} INFO - Started process 4612 to run task
[2025-08-18T11:08:48.643+0000] {standard_task_runner.py:84} INFO - Running: ['airflow', 'tasks', 'run', 'nitro_data_pipeline', 'process_with_spark', 'manual__2025-08-18T11:08:46+00:00', '--job-id', '279', '--raw', '--subdir', 'DAGS_FOLDER/data_pipeline.py', '--cfg-path', '/tmp/tmppo4bgebp']
[2025-08-18T11:08:48.647+0000] {standard_task_runner.py:85} INFO - Job 279: Subtask process_with_spark
[2025-08-18T11:08:48.719+0000] {task_command.py:410} INFO - Running <TaskInstance: nitro_data_pipeline.process_with_spark manual__2025-08-18T11:08:46+00:00 [running]> on host e3730e5f69d2
[2025-08-18T11:08:48.896+0000] {taskinstance.py:1547} INFO - Exporting env vars: AIRFLOW_CTX_DAG_OWNER='airflow' AIRFLOW_CTX_DAG_ID='nitro_data_pipeline' AIRFLOW_CTX_TASK_ID='process_with_spark' AIRFLOW_CTX_EXECUTION_DATE='2025-08-18T11:08:46+00:00' AIRFLOW_CTX_TRY_NUMBER='1' AIRFLOW_CTX_DAG_RUN_ID='manual__2025-08-18T11:08:46+00:00'
[2025-08-18T11:08:48.898+0000] {logging_mixin.py:149} INFO - ===== INICIANDO PROCESO DE SPARK =====
[2025-08-18T11:08:58.595+0000] {logging_mixin.py:149} INFO - ===== LEYENDO JSON DESDE MINIO =====
[2025-08-18T11:11:05.930+0000] {logging_mixin.py:149} INFO - Registros leídos: 5928
[2025-08-18T11:11:05.941+0000] {logging_mixin.py:149} INFO - root
 |-- sensor_id: string (nullable = true)
 |-- timestamp: string (nullable = true)
 |-- value: double (nullable = true)
[2025-08-18T11:11:06.714+0000] {logging_mixin.py:149} INFO - +---------+--------------------+-----+
|sensor_id|           timestamp|value|
+---------+--------------------+-----+
| sensor_0|2025-08-16T21:31:...|25.44|
| sensor_3|2025-08-16T21:31:...|27.66|
| sensor_0|2025-08-16T21:31:...|24.79|
| sensor_0|2025-08-16T21:31:...|27.92|
| sensor_1|2025-08-16T21:31:...|23.75|
+---------+--------------------+-----+
only showing top 5 rows
[2025-08-18T11:11:06.799+0000] {logging_mixin.py:149} INFO - ===== CALCULANDO PROMEDIOS =====
[2025-08-18T11:11:24.795+0000] {logging_mixin.py:149} INFO - +---------+-----------------+
|sensor_id|        avg_value|
+---------+-----------------+
| sensor_0|25.01161149825785|
| sensor_1|24.98594805194804|
| sensor_4|24.94739022369512|
| sensor_2|25.09409169550173|
| sensor_3|25.09697305863709|
+---------+-----------------+
[2025-08-18T11:11:24.796+0000] {logging_mixin.py:149} INFO - ===== GUARDANDO RESULTADOS EN POSTGRES =====
[2025-08-18T11:11:40.118+0000] {logging_mixin.py:149} INFO - ===== PROCESO COMPLETADO CON ÉXITO =====
[2025-08-18T11:11:40.118+0000] {python.py:183} INFO - Done. Returned value was: None
[2025-08-18T11:11:40.159+0000] {taskinstance.py:1350} INFO - Marking task as SUCCESS. dag_id=nitro_data_pipeline, task_id=process_with_spark, execution_date=20250818T110846, start_date=20250818T110848, end_date=20250818T111140
[2025-08-18T11:11:40.213+0000] {local_task_job_runner.py:225} INFO - Task exited with return code 0
[2025-08-18T11:11:40.252+0000] {taskinstance.py:2651} INFO - 0 downstream tasks scheduled from follow-on schedule check
